['45', '53', '484', '250', '18', '156', '122', '285', '137', '253', '123', '487', '342', '448', '469', '51', '350', '319', '101', '52', '386', '238', '410', '41', '391', '4', '54', '276', '451', '55', '439', '185', '88', '135', '74', '418', '416', '142', '225', '66', '36', '124', '153', '471', '100', '71', '417', '468', '349', '332']
['157', '42', '433', '409', '316', '62', '58', '241', '3', '249', '167', '295', '0', '23', '393', '79', '207', '181', '480', '158', '183', '458', '199', '210', '280', '300', '68', '240', '401', '266', '95', '331', '347', '150', '422', '344', '102', '348', '115', '455', '252', '411', '22', '149', '353', '160', '72', '273', '400', '182']
['177', '434', '389', '6', '202', '379', '437', '85', '78', '436', '267', '328', '35', '151', '172', '258', '139', '432', '86', '269', '464', '232', '346', '84', '377', '450', '32', '305', '211', '24', '82', '140', '373', '444', '443', '327', '357', '16', '317', '326', '109', '165', '476', '470', '485', '188', '412', '105', '128', '406']
['152', '457', '466', '19', '366', '154', '303', '166', '118', '430', '116', '76', '298', '43', '365', '49', '364', '398', '314', '226', '83', '306', '200', '460', '161', '340', '363', '456', '387', '132', '376', '367', '117', '8', '248', '191', '179', '362', '47', '322', '223', '338', '286', '141', '360', '463', '38', '39', '180', '438']
['119', '242', '12', '263', '13', '244', '243', '337', '217', '196', '127', '216', '27', '120', '278', '67', '486', '382', '204', '384', '351', '155', '75', '251', '26', '230', '474', '475', '69', '421', '320', '431', '77', '462', '472', '121', '108', '59', '194', '399', '214', '330', '213', '91', '372', '97', '402', '48', '261', '356']
['113', '236', '334', '171', '371', '296', '311', '7', '112', '234', '81', '426', '336', '29', '111', '96', '170', '192', '103', '106', '313', '219', '428', '283', '107', '104', '308', '193', '184', '375', '388', '143', '145', '133', '445', '20', '246', '297', '159', '394', '482', '73', '293', '452', '284', '294', '227', '404', '275', '80']
['30', '461', '90', '453', '302', '61', '190', '175']
['479', '478', '477', '343', '310', '126', '5', '60', '17', '378', '259', '325', '270', '424', '205', '354', '352', '147', '229', '255', '395', '403', '271', '467', '292', '25', '473', '279', '390', '201', '383', '385', '277', '425', '189', '9', '289', '414', '381', '215', '203', '208', '131', '209', '99', '408', '224', '98', '15', '2']
['370']
['288']
['245', '21', '333', '324']
['138', '136', '56', '304', '130', '197']
['134', '407', '254', '94', '178', '93', '70', '57', '206', '89', '87', '488', '40', '50', '237', '146', '92', '212', '31', '359', '148', '397']
['28']
['14', '169', '262', '264', '228', '392', '368', '423', '114', '272', '274', '231']
['465']
['446', '198']
['413', '221']
['405']
['380']
['341', '144']
['309', '396', '222', '358', '427', '429']
['287', '281']
['257']
['247', '361', '442', '440', '449', '44', '415', '441']
['239']
['233', '323', '187']
['218']
['176', '335']
['174', '173', '265', '33', '329', '355', '321', '489', '268', '339', '481', '369', '459', '260', '282', '483', '256', '34', '312']
['129', '419', '1', '163', '164']
['125']
['110', '195']
['10']
['435']
['345']
['315']
['301']
['235']
['220', '318', '291', '299', '290']
['186']
['168']
['162', '46', '37']
['64', '65', '63']
['11']
['454']
['447']
['420']
['374']
['307']
