['159', '48', '254', '5', '183', '144', '267', '325', '330', '303', '193', '28', '121', '328', '256', '173', '137', '73', '239', '280', '212', '185', '118', '333', '184', '320', '107', '47', '54', '214', '253', '34', '203', '224', '196', '189', '116', '248', '217', '126', '65', '294', '308', '219', '221', '277', '176', '157', '223', '198', '210', '80', '83', '271', '242']
['201', '235', '279', '53', '35', '332', '25', '282', '77', '98', '92', '33', '295', '336', '302', '188', '76', '55', '355', '331', '168', '363', '264', '59', '300', '191', '220', '307', '26', '129', '50', '136', '251', '4', '311', '344', '348', '177', '314', '343', '27', '108', '309', '319', '166', '257', '142', '292', '250', '182', '179', '101', '268', '204', '19']
['112', '236', '315', '46', '91', '317', '17', '57', '218', '186', '258', '30', '15', '195', '21', '104', '326', '340', '209', '276', '20', '261', '171', '148', '69', '274', '16', '233', '110', '263', '338', '213', '81', '100', '123', '299', '156', '140', '323', '106', '352', '334', '359', '66', '62', '9', '228', '86', '206', '291', '164', '301', '97', '52', '259']
['172', '115', '85', '150', '298', '175', '90', '154', '361', '200', '341', '347', '262', '2', '231', '119', '345', '346', '197', '143', '125', '255', '362', '139', '354', '37', '275', '87', '208', '321', '289', '72', '70', '353', '51', '180', '285', '29', '134', '174', '78', '111', '93', '215', '0', '260', '96', '141', '7', '23', '225', '211', '245', '24', '43']
['337', '68', '117', '3', '230', '61', '240', '278', '160', '327', '67', '190', '358', '244', '162', '167', '238', '247', '75', '165', '199', '283']
['269', '133', '63', '216', '322', '153', '205', '306', '339', '109', '249', '103', '178', '335', '237', '94', '227', '1', '202']
['145', '287', '84', '127', '155', '14', '41', '36', '122', '6', '207', '95', '290', '329', '39', '64', '45', '297', '13', '265', '102', '357', '286', '351', '284', '31', '349', '318', '170', '105', '252', '241', '161', '169', '114', '89', '222', '360', '128', '163', '32', '40', '146', '152', '356', '22', '147', '113', '74', '313', '192', '270', '324', '246', '149']
['232', '296', '79', '135']
['288', '132']
['350']
['194']
['304', '138', '56', '38', '18', '342', '11', '151', '71']
['273']
['316', '8', '229', '130']
['88']
['124', '10']
['310', '120']
['293']
['42', '266']
['312']
['44', '226', '272', '281']
['82']
['305', '243', '60', '49']
['181', '12', '234', '58', '131', '99', '158', '187']
