['acj', 'aqc', 'amg', 'aqv', 'ajw', 'abz', 'aac', 'aba', 'aja', 'aad', 'ajl', 'arh', 'amt', 'aqp', 'asp', 'adj', 'akj', 'aeg', 'alk', 'aqk', 'ahd', 'asv', 'amv', 'adz', 'akf', 'agb', 'abn', 'ack', 'ahv', 'aew', 'aca', 'apq', 'aov', 'amu', 'adq', 'acl', 'aqg', 'anf']
['aku', 'ass', 'ajy', 'alo', 'aqr', 'agy', 'acc', 'afh', 'ask', 'apf', 'als', 'apr', 'agc', 'adt', 'abu', 'aey', 'abi', 'asr', 'aod', 'ail', 'amm', 'akv', 'alv', 'aoq', 'alj', 'aki', 'aqu', 'apb', 'age', 'aqb', 'afn', 'aaf', 'aos', 'adg', 'ahj', 'ahp', 'asu', 'aox']
['aoy', 'afd', 'amn', 'anb', 'aji', 'abq', 'aes', 'agk', 'apy', 'abm', 'alf', 'agg', 'abj', 'abo', 'abf', 'acr', 'asb', 'alb', 'ata', 'agd', 'acf', 'ady', 'arx', 'anz', 'ale', 'aru', 'agt', 'aav', 'afx', 'akz', 'afg', 'aor', 'aeh', 'aeq', 'and', 'aqn', 'acy', 'ahr']
['asx', 'abs', 'aau', 'agq', 'aen', 'ami', 'afb', 'aow', 'afz', 'ams', 'akn', 'alu', 'amp', 'aob', 'aky', 'atb', 'abv', 'aoz', 'abl', 'acv', 'alr', 'aph', 'acq', 'apl', 'apa', 'aiw', 'agv', 'aka', 'aom', 'aer', 'akm', 'arp', 'afq', 'alz', 'afm', 'abp', 'ari', 'adf']
['ahh', 'aoo', 'aip', 'akp', 'apz', 'amq', 'ama', 'ala', 'aly', 'adv', 'aej', 'ada', 'aii', 'aqs', 'afl', 'asg', 'amc', 'acm', 'afe', 'aez', 'apd', 'agw', 'aff', 'aqe', 'aha', 'ace', 'aro', 'ajf', 'aqx', 'aok', 'ane', 'ahl', 'atf', 'adw', 'ahx', 'adk', 'agl', 'afr']
['akt', 'asz', 'aju', 'aqy', 'aoa', 'ape', 'aax', 'afi', 'alp', 'asf', 'adh', 'aga', 'anv', 'anm', 'alx', 'asm', 'apn', 'aif', 'ajq', 'aep', 'ani', 'acd', 'abg', 'are', 'ary', 'alq', 'ado', 'ajv', 'aiz', 'aps', 'asd', 'anj', 'adm', 'ahk', 'aaz', 'asw', 'adu', 'ajt']
['afu', 'ahm', 'aan', 'aij', 'afj', 'all', 'aht', 'anq', 'atd', 'apm', 'akl', 'acb', 'ach', 'arq', 'agi', 'arj', 'ajr', 'aml', 'aqa', 'arw', 'aci', 'aih', 'aiy', 'akb', 'aea', 'aib', 'ajm', 'ahs', 'akw', 'aqh', 'aoc', 'ast', 'anl', 'anr', 'apj', 'aed', 'aaq', 'adx']
['ano', 'aet', 'aop', 'ajs', 'asi', 'amk', 'asj', 'ajx', 'apg', 'aol', 'adr', 'aks', 'aoe', 'amh', 'afv', 'akg', 'abb', 'akk', 'aid', 'asc', 'aon', 'arl', 'acg', 'abx', 'aqi', 'arv', 'aqq', 'acp', 'arf', 'ajh', 'aic', 'ags', 'air', 'akc', 'adn', 'amx', 'ank', 'aat']
['ard', 'acw', 'acs', 'adi', 'aje', 'arb', 'amf', 'asq', 'ate', 'aot', 'alw', 'akd', 'art', 'ahc', 'agu', 'aek', 'aah', 'aak', 'adl', 'aco', 'acx', 'acu', 'arr', 'abh', 'ahe', 'aiq', 'ase', 'asy', 'ark', 'alt', 'afw', 'ant', 'agz', 'ako', 'aei', 'ajb', 'aog', 'akr']
['ajk', 'agr', 'ahi', 'ash', 'aem', 'aiu', 'asl', 'aag', 'aft', 'ahn', 'agx', 'ahz', 'alg', 'aia', 'amy', 'aqm', 'alh', 'acz', 'act', 'aao', 'amb', 'aeu', 'aqo', 'ahy', 'aai', 'aee', 'aay', 'apt', 'aex', 'agh', 'amj', 'apc', 'anh', 'aab', 'aie', 'abe', 'ahu', 'aof']
['ael', 'ajc', 'amr', 'app', 'arc', 'agn', 'ald']
['apw']
['aso']
['arn', 'aho', 'ame', 'ang', 'akh', 'acn', 'afa', 'afo', 'aiv', 'arg', 'aaj', 'ars', 'aal', 'ajg', 'aig', 'afy', 'abk', 'ahq', 'apo', 'anu', 'abw', 'ahb', 'aln', 'adc', 'aqz', 'anc', 'ali', 'aec', 'aeb', 'aby', 'ajn', 'atc', 'aio', 'anx', 'ajj', 'abt', 'arm', 'aae']
['akx']
['aqd']
['apx']
['ajp', 'aam', 'agj', 'asa', 'ads', 'ara', 'api', 'ade', 'aev', 'aou', 'apu', 'abc', 'ait', 'agf', 'ais', 'add', 'aef', 'apv', 'aqt', 'ans', 'ajz', 'aqj', 'afp', 'apk', 'aar', 'ahg', 'ana', 'afc', 'amd', 'amw', 'amz', 'afs', 'aim', 'ahw', 'aaw', 'akq', 'asn', 'aqf']
['ajd']
['adb']
['aql']
['ain']
['aoj']
['ann']
['aix']
['agp']
['aoh']
['afk']
['aap']
['arz']
['ahf']
['abr']
['ajo']
['aoi']
['amo']
['aik']
['agm']
['aeo']
['aqw']
['anw']
['ake']
['adp']
['aas']
['aaa']
['alc']
['anp']
['alm']
['any']
['ago']
['abd']
