['68', '209', '207', '48', '4', '140', '13', '15', '35', '160']
['169', '107', '134', '31', '225', '151', '148', '77', '45', '110']
['269', '262', '149', '49', '235', '131', '98', '184', '224', '252']
['251', '3', '122', '147']
['188', '90', '216', '112', '197', '50', '108', '72', '69', '2']
['186', '232', '156', '172', '171', '178', '53', '136', '118', '5']
['174', '103', '218', '195', '93', '266', '21', '18', '170', '253']
['142', '58', '61', '137', '192', '245', '119', '189', '139', '34']
['104', '155', '14', '105', '10', '256', '202', '83', '265', '183']
['84']
['71', '26', '233', '24', '238', '29', '121', '73', '116', '161']
['47', '0', '179', '12', '37', '30', '101', '74', '99', '219']
['46', '138', '240', '173', '86', '32', '268', '75', '109', '181']
['36', '102', '214', '226', '198']
['23']
['254', '79', '244', '126', '92', '257', '115', '166', '44', '236']
['248', '55', '56']
['246', '144', '220', '177', '6', '230', '80', '95', '76', '8']
['221']
['215', '231', '16', '82', '164', '146', '153', '158', '60', '129']
['210', '234', '100', '229']
['187', '141']
['157']
['152']
['143', '19']
['130', '33']
['117', '43', '199', '127', '1', '258', '175', '180', '264', '165']
['87']
['64', '40', '94']
['52']
['41']
['38']
['17', '78', '150', '182']
['260', '128']
['212', '162', '208', '51', '113', '120', '249', '154']
['211', '145']
['206']
['205', '255']
['204', '176']
['196']
['135', '250', '59']
['132', '22', '167', '223']
['123', '133']
['114']
['89']
['85']
['67']
['66', '259', '97', '247', '267', '194']
['63']
['42', '91']
['39']
['28', '200', '62']
['27']
['25']
['11']
['7']
['263', '54', '20']
['261', '57']
['243', '239']
['242']
['241']
['237']
['228']
['227']
['222']
['217', '111']
['213', '88']
['203']
['201', '65']
['193']
['191', '106', '9']
['190']
['185']
['168']
['163']
['159']
['125']
['124']
['96']
['81']
['70']
