['130', '61', '186', '83', '134', '192', '344', '111', '20', '290', '147', '139', '347', '365', '281', '376', '48', '322', '284', '383']
['298', '210', '42', '336', '215', '302', '168', '80', '324', '195', '246', '245', '40', '26', '166', '87', '74', '262', '223', '7']
['389', '115', '89', '4', '174', '348', '71', '203', '124', '9', '395', '112', '275', '268', '189', '72', '153', '265', '328', '392']
['218', '313', '63']
['109', '373']
['105', '127', '382', '235', '366', '6', '64', '318', '238', '291', '188', '391', '33', '156', '118', '179', '330', '300', '103', '304']
['359', '367', '341', '76', '293', '258', '41', '23', '148', '259', '388', '390', '1', '267', '70', '239', '279', '303', '289', '252']
['232', '37', '394', '44', '237', '208', '333', '22', '380', '250', '29', '65', '53', '241', '305', '81', '27', '311', '157', '116']
['220', '86', '158', '399', '47', '236', '327', '361', '181', '270', '381', '321', '167', '120', '214', '345', '8', '224', '125', '378']
['117', '113']
['85', '50', '255', '335', '212']
['46', '73']
['15', '229', '161', '320', '209', '310', '18', '132', '131', '17', '59']
['308', '352', '274', '342', '343', '254', '95', '309', '180', '5', '11', '140', '194', '78', '97', '155', '14', '271', '79', '31']
['198']
['162']
['136']
['108']
['101']
['66', '160', '338', '159', '233', '107', '204', '257', '182', '126', '39', '60', '121', '205', '242', '256', '200', '123', '138', '163']
['332']
['329', '150', '36']
['292', '316']
['287']
['283']
['282']
['269']
['266']
['226']
['152']
['151', '176', '247']
['133', '68']
['100']
['92']
['396']
['368']
['354']
['251']
['187']
['171', '374']
['141']
['104', '90']
['96']
['62', '3']
['45']
['38']
['30']
['24']
['393']
['387']
['377']
['364']
['356']
['351']
['349']
['346']
['286']
['253']
['228']
['190']
['184', '21']
['172']
['137']
['119']
['82']
['75']
['51']
['363']
['355']
['350']
['340']
['323']
['314']
['297']
['277']
['276']
['273']
['244']
['213']
['196']
['193']
['177']
['173']
['164']
['154']
['135']
['129']
['110']
['106']
['94']
['58']
['56']
['25']
['16']
['12']
['2']
['0']
['397']
['372']
['369']
['357']
['337']
['326']
['315']
['295']
['264']
['261']
['249']
['243']
['227']
['219']
['207']
['199']
['191']
['178']
['169']
['146']
['145']
['144']
['143']
['99']
['93']
['88']
['77']
['55']
['54']
['52']
['34']
['28']
['19']
['10']
['386']
['384']
['379']
['375']
['371']
['370']
['362']
['360']
['339']
['334']
['325']
['319']
['312']
['307']
['306']
['301']
['299']
['296']
['280']
['272']
['248']
['240']
['234']
['225']
['221']
['217']
['206']
['183']
['170']
['165']
['149']
['142']
['128']
['122']
['114']
['102']
['98']
['91']
['84']
['69']
['67']
['57']
['49']
['43']
['35']
['32']
['13']
['398']
['385']
['358']
['353']
['331']
['317']
['294']
['288']
['285']
['278']
['263']
['260']
['231']
['230']
['222']
['216']
['211']
['202']
['201']
['197']
['185']
['175']
