['343', '464', '19', '42', '21', '369', '383', '140', '194', '282', '49', '294', '65', '404', '159', '231', '438', '475', '336', '52']
['347', '186', '86', '3', '98', '281', '172', '85', '4', '13', '9', '122', '451', '283', '268', '158', '198', '473', '396', '215']
['96', '417', '368', '481', '332', '319', '15', '353', '486', '60', '351', '484', '450', '271', '330', '478', '75', '109', '22', '179']
['316', '463', '107', '93', '162', '237', '14', '455', '326', '205', '219', '61', '221', '173', '139', '307', '244', '255', '342', '324']
['384', '103', '372', '44', '402', '325', '298', '138', '419', '58', '57', '397', '349', '128', '286', '494', '132', '385', '92', '358']
['406', '182', '306', '254', '82', '25', '300', '234', '131', '466', '443', '175', '382', '31', '247', '448', '414', '277', '39', '241']
['318', '81', '413', '113', '69', '43', '79', '366', '111', '137', '230', '41', '134', '16', '393', '390', '348', '184', '245', '309']
['439', '487', '218', '95', '257', '211', '185', '70', '116', '467', '334', '144', '47', '295', '266']
['188', '157', '12', '278', '87', '279', '80', '178', '204', '71', '416', '209', '375', '432', '220', '345', '106', '99', '273', '142']
['249', '422']
['425', '124', '308', '480', '156', '189', '445', '248', '360', '474']
['433', '377', '177', '430', '284', '203', '7', '431', '441', '258', '304', '125', '329', '50', '415', '493', '6']
['403']
['276', '333', '108']
['202', '143', '118', '239', '426', '391', '440', '26', '120', '100', '226', '381', '112']
['317', '210', '427', '287']
['68']
['40', '88', '27']
['290', '1', '418', '428', '135', '469', '20']
['11']
['183', '365', '74', '303', '362', '212', '297', '232', '409', '171', '373', '114', '405']
['89']
['344', '5', '489', '447']
['497', '217']
['45', '176', '56']
['168', '24']
['30', '496', '228', '225', '462', '133', '180', '400', '233', '305', '410', '224', '399', '127', '62', '170', '288']
['270', '174', '446', '8', '240', '293', '395', '55', '350', '187']
['337', '149', '154']
['328', '434', '485', '453', '163', '374', '346', '492', '190', '229', '66', '160', '77', '436', '18', '63', '38', '370', '73', '389']
['102', '28']
['267', '206', '339']
['468', '104']
['141']
['398']
['458']
['59']
['256']
['452', '499', '64', '444', '169', '67', '34', '213', '216', '117', '2', '312', '10', '252', '392', '76', '145', '371', '456']
['151']
['429', '121']
['472', '449']
['322']
['222']
['442']
['251', '200', '424', '465']
['46']
['386']
['146', '338', '91', '323', '461', '357', '476', '153', '196', '262', '32', '243', '491', '274']
['33', '72']
['435']
['275']
['126']
['259']
['364']
['94']
['208']
['495']
['500']
['412', '470', '155']
['83']
['265', '223', '296', '192', '136']
['388', '242', '355', '152', '285', '201', '359', '460', '490']
['260']
['123']
['29']
['35']
['340']
['227']
['105']
['321']
['361', '459', '236', '376']
['320', '199', '207', '471', '115', '164', '482', '380', '53', '291', '148', '327', '238', '166', '378', '292', '498', '387', '479', '119']
['454']
['401']
['78', '264', '379']
['181', '331']
['407']
['193', '437', '101', '311', '356', '84', '363', '167', '411', '195', '315', '197', '161', '250', '483', '261', '36', '354', '314', '313']
['423', '394', '420']
['457']
['272']
['17']
['253', '110', '269']
['165']
['335']
['280']
['97', '191', '477', '302', '48', '367', '310', '352', '299', '150', '54']
['147']
['246']
['23']
['488']
['341']
['129']
['90']
['421', '214', '130']
['235', '37']
['289', '51']
['263']
['301', '408']
