['WLo', 'oUs', 'Hi0', 'pf5', 'I2i', 'W8n', 'JfN', 'etm', 'aTI', 'dvU', 'KGR', 'SiL']
['v6U', 'NyP', 'fFE', 'xLA', 'YEe', 'JWV', 'XlR', 'DoC', 'VPb', 'xpw', 'Ihb', '1RB']
['j3s', 'WB2', 'LiP', 'dlb', 'Epk', 'Pas', 'xxJ', 'PJa', 'PQT', '4Nd', 'mGb', 'xqY']
['bLd', '0oy', 'N08', 'fQ3', 'AcJ', '1uW', 'Fws', 'PPi', 'e8d', 'nQv', 'klv', 'vca']
['lsG', 'VVW', 'euj', 'H9O', 'Hbr', 'uQL', 'YUZ', 'VZ7', 'gWT', '0RD', 'U0Z', 'VAV']
['rYU', '70K', 'XMr', 'a4K', 'sfk', 'G2k', '4KN', 'rXN', 'emD', 'xRH', 'QDa', 'cFa']
['gkI', 'W4L', 'zfK', 'h6l', 'cEk', 'CU9', 'jWX', 'PqY', 'rGT', 'qPq', 'Bfu', 'dNX']
['nRH', 'uZt', 'jFu', 's1n', 'aZv', 'SFn', 'HWv', '5zB', 'Swe', 'zgJ', 'ZVF', 'uii']
['gVV', 'mIe', 'yLV', 'BV4', '9F9', 'rz4', 'FzE', 'ZFU', 'AKr', '0ID', 'ZxX', 'SmS']
['qDy', 'Jla', 'FbA', '5jv', 'XHa', '6sH', 'ewc', 'QhQ', 'dSZ', 'sKX', 'NGB', '19T']
['OCL', '5n5', 'BDE', 'GRw', 'qmj', 'kiK', 'kte', 'Qtt', 'bAf', 's3z', 'h3r', 'gEU']
['c3v', 'WXJ', '8uu', 's6M', '4LY', '5i6', 'iiE', 'cmd', 'mcI', 'USE', 'x8V', 'Xim']
['9ug', 'F9o', 'Qti', 'JVP', 'gE4', 'uVg', 'mUL', 'zEh', 'ux2', 'i4H', 'f9z', '4p5']
['8nm', 'Gu6', 'tFU', 'VoJ', 'hiF', 'P8b', 'i9C', 'Wmv', 'IJ1', '0gI', 'oSh', 'SMj']
['E2A', 'U4K', 'rMd', 'Ns3', 'b7z', 'hQH', 'PiG', 'UmG', 'wqW', 'lKO', 'H68', 'Hyj']
['JYa', 'nc0', 'tK7', '2UA', 'NXP', 'IZQ', 'uH4', '4fp', 'a55', 'z1H', 'KZy', 'wwD']
['slQ', 'u9Q', 'MrD', '1QY', 'oSw', 'stN', 'HkK', 'VCH', 'psG', 'AJT', 'nf5', 'rC8']
['hHB', 'W2Z', 'd60', 'e6S', 'wgA', 'JyM', '3kn', 'iFt', 'Kn8', 'YBr', '1aX', '2mv']
['96X', 'btz', 'ttO', '8VG', 'ptf', 'TUB', 'ZQL', '28R', 'Afe', 'I2S', 'PlJ', 'vyM']
['czy', 'jEj', 'Mvm', 'tpP', 'JLF', '6ro', '6Hl', 'Itn', '8uz', 'X9s', 'iba', '81k']
['8j5', '27J', 'hYw', 'pTi', 'Eou', '6Ip', 'MNb', '5U2', 'UPL', 'ZNv', 'fKV', 'blA']
['txp', '1xS', 'Qa3', '17Q', 'nkl', 'oZQ', 'n99', 'FEQ', 'FkC', 'vJC', 'WLk', 'X5a']
['qkE', '00m', 'jGk', 'B99', 'tm4', 'qLD', 'PoH', 'Zc5', '69w', '6na', 'dLc', 'mRG']
['mLF', 'GUX', 'nQj', 'kYz', 'BPL', 'Ot9', 'iTo', 'mLL', 'Twl', 'AK4', 'uGP', 'u1N']
['Qyh', 'J8r', '2vJ', 'EJD', 'e8H', 'kZ0', 'AHs', '0Qs', 'JcP', '4gy', 'eGG', 'U0P']
['iS6', 'YNK', 'GpL', 'wGp', '3QX', '5qS', 'gTC', 'b99', 'KRy', 'x86', 'ziA', 'zfD']
['nqI', 'LTB', 'UDc', 'YMC', 'cDc', 'KS2', 'Hxo', '5Li', 'ISX', 'kT2', '1gc', 'Z7b']
['IU6', 'upV', '6pB', 'g08', 'EoI', 'mFO', 'hdp', 'CwC', 'Tn8', 'Jgp', 'Y2z', 'oPH']
['bDO', 'ZY3', 'NiX', 'rgC', 'b9f', 'O2z', 'Ql9', 'bA6', 'Fmb', 'xz4', 'tKI', 'rmu']
['yAp', 'Ke0', 'YFC', 'fFJ', 'tEu', 'gEp', 'oak', '4nb', 'SV9', 'tfQ', 'NqO', 'X5J']
['EJa', 'gfv', 'iW8', '9NA', 'D40', 'HvR', 'CYA', 'aLB', 'hct', 'MQT', 'QEF', 'L1u']
['zTH', 'D5B']
['m5j', 'iGU']
['xx7']
['ULj']
