['245', '10', '278', '162', '70', '239', '87', '43', '247', '203', '133', '240', '54', '51', '187']
['158', '1', '224', '298', '109', '234', '29', '248', '214', '59', '6', '88', '135', '84', '12']
['35', '249', '99', '166', '149', '31', '287', '34', '65', '23', '145', '169', '296', '91', '104']
['250', '273', '204', '185', '48', '192', '21', '18', '78', '95', '144', '216', '266', '77', '76']
['271', '103', '117', '177', '73', '105', '129', '72', '62', '267', '36', '118', '183', '107', '40']
['253', '121', '233', '243', '96', '101', '281', '64', '115', '251', '74', '264', '288', '226', '289']
['131', '277', '263', '295', '221', '94', '170', '42', '150', '210', '260', '178', '4', '292', '193']
['15', '172', '19', '142', '57', '219', '67', '246', '151', '165', '220', '124', '181', '269', '134']
['275', '5', '268', '259', '279', '211', '299', '199', '198', '61', '113', '294', '265', '180', '215']
['254', '114', '213', '257', '86', '108', '68', '32', '83', '102', '173', '97', '152', '241', '82']
['222', '98', '206', '81', '3', '89', '297', '26', '80', '212', '116', '195', '14', '41', '143']
['168', '146', '160', '282', '125', '217', '127', '30', '236', '229', '231', '171', '9', '38', '110']
['280', '16', '256', '201', '33', '230', '92', '223', '106', '274', '218', '197', '60', '25', '191']
['238', '284', '119', '283', '167', '208', '262', '17', '45', '53', '39', '182', '272', '49', '69']
['179', '291', '85', '174', '126', '24', '184', '93', '13', '138', '132', '63', '0', '189', '261']
['161']
['155', '27', '8', '111', '293', '66', '47']
['153', '164', '244', '196', '11', '140', '46', '252', '28', '188', '122', '285', '202', '79', '237']
['75', '56', '227', '163', '148', '147']
['290']
['176', '141']
['139', '120', '44', '130']
['71']
['22', '270', '205']
['276', '128', '255', '52', '286', '190', '235', '123', '175', '186', '156', '154', '55', '258', '37']
['207']
['200', '20']
['157']
['112', '228', '2', '225', '50', '209', '58', '7', '137', '242', '159', '194', '90', '136', '232']
['100']
