['Bren', 'Brandi', 'April', 'Babette', 'Blythe', 'Christel', 'Anthiathia', 'Andrea', 'Cariotta', 'Charleen']
['Aubine', 'Bridgette', 'Adelheid', 'Andriana', 'Cammy', 'Celie', 'Camel', 'Aurore', 'Angel', 'Alissa']
['Babara', 'Beverie', 'Barbabra', 'Christan', 'Cesya', 'Bill', 'Caril', 'Catharine', 'Christyna', 'Alys']
['Berna', 'Calida', 'Chiarra', 'Beatrice', 'Betti', 'Ashlie', 'Bunni', 'Amabel', 'Charmion', 'Penny']
['Aili', 'Ardra', 'Alanah', 'Cherye', 'Bryna', 'Carmine', 'Avis', 'Charin', 'Cele', 'Analiese']
['Calli', 'Belva', 'Cassondra', 'Cacilia', 'Alix', 'Candis', 'Carole', 'Aurelea', 'Antoinette', 'Barbaraanne']
['Arlina', 'Bamby', 'Andi', 'Allissa', 'Cal', 'Bernardine', 'Chelsy', 'Barbey', 'Abby', 'Annabela']
['Asia', 'Charlot', 'Annelise', 'Catie', 'Ali', 'Catherine', 'Audy', 'Carolina', 'Bobbee', 'Binni']
['Bunny', 'Chelsey', 'Blinnie', 'Allegra', 'Bernardina', 'Auroora', 'Carlee', 'Carina', 'Bess', 'Alicea']
['Bethany', 'Berta', 'Carena', 'Bobbye', 'Angelina', 'Carri', 'Brier', 'Caron', 'Brandie', 'Babs']
['Arlie', 'Anastassia', 'Bessy', 'Caroljean', 'Bert', 'Alvira', 'Abra', 'Chiquia', 'Annabel', 'Astrix']
['Aliza', 'Anallese', 'Aimil', 'Caren', 'David', 'Carlyn', 'Ambur', 'Alayne', 'Angie', 'Ardeen']
['Aile', 'Betty', 'Aveline', 'Bobby', 'Calla', 'Amargo', 'Agatha', 'Cami', 'Benetta', 'Annora']
['Agnola', 'Ada', 'Camella', 'Billie', 'Caralie', 'Cherrita', 'Carolyn', 'Casandra', 'Alice', 'Candra']
['Augusta', 'Chanda', 'Caryl', 'Anabal', 'Bertine', 'Bettine', 'Caryn', 'Bernete', 'Blanche', 'Anni']
['Adelice', 'Christal', 'Alie', 'Celestine', 'Brittaney', 'Amanda', 'Babbette', 'Brigida', 'Addi', 'Cheslie']
['Cody', 'Angela', 'Cassy', 'Catlee', 'Ashli', 'Bobette', 'Annadiane', 'Anne', 'Athene', 'Christabella']
['Brandise', 'Anjela', 'Callida', 'Catriona', 'Brandy', 'Brandea', 'Bobinette', 'Carlye', 'Charity', 'Caro']
['Carlynn', 'Annamaria', 'Alikee', 'Alverta', 'Anabelle', 'Billy', 'Cherise', 'Cammi', 'Christye', 'Berri']
['Billi', 'Ariela', 'Bobbie', 'Barbra', 'Annabelle', 'Bellanca', 'Ardene', 'Alejandra', 'Angil', 'Ardella']
['Anastasia', 'Charyl', 'Brigid', 'Anet', 'Babbie', 'Blancha', 'Aeriel', 'Ashlen', 'Cherilyn', 'Bonnee']
['Arliene', 'Berty', 'Berni', 'Celestyn', 'Aubrette', 'Anica', 'Andree', 'Agace', 'Arlene', 'Ara']
['Betteann', 'Bliss', 'Bibbie', 'Athena', 'Allix', 'Catlaina', 'Alisun', 'Belita', 'Carrissa', 'Carmel']
['Alexia', 'Cathrine', 'Alyda', 'Anatola', 'Ailene', 'Benita', 'Almeda', 'Casie', 'Alexandrina', 'Amy']
['Babita', 'Alysa', 'Austina', 'Adoree', 'Bernadine', 'Adorne', 'Carmelita', 'Aaren']
['Alexi', 'Bride']
