['250']
['246', '201', '240', '215', '230', '206', '210', '229', '204', '241', '245', '213', '209', '44', '238', '202', '233', '34', '39', '247', '227', '231', '228', '248', '221', '49', '242', '212', '28', '16', '173', '188', '9', '199', '22', '46', '15', '30', '5', '17', '7', '12', '18', '33', '4', '0', '23', '19', '43', '8']
['244']
['237']
['236']
['226']
['225']
['224']
['223']
['218']
['214']
['211']
['195', '196', '151', '169', '154', '172', '167', '179', '190', '150', '164', '157', '166', '162', '163', '171', '152', '165', '153']
['191']
['189']
['186']
['185']
['184']
['183']
['178']
['174']
['170']
['168']
['161']
['160']
['159']
['158']
['156']
['155']
['144', '127', '123', '103', '119', '137', '109', '141', '140', '146', '73', '131', '133', '139', '121', '106', '117', '148', '149', '97', '105', '101', '96', '134', '125', '108', '115', '147', '118', '116', '111', '122', '25', '100', '142', '120', '114', '145', '136', '107', '129', '71', '40', '36', '10', '2', '35', '3', '26', '24']
['143']
['138']
['135']
['132']
['130']
['128']
['126']
['124']
['113']
['112']
['110']
['104']
['102']
['99', '85', '74', '59', '80', '84', '67', '83', '82', '66', '65', '81', '76', '92', '50', '52', '54', '77', '93', '58', '98', '72', '57', '53', '64', '75', '91', '56', '94', '68', '51']
['95']
['90']
['89']
['88']
['87']
['86']
['79']
['78']
['70']
['69']
['63']
['62']
['61']
['60']
['55']
['48', '37', '47', '42', '45', '38']
['41']
['32']
['31']
['29']
['27']
['21']
['20']
['14']
['13']
['11']
['6']
['1']
['249']
['243']
['239']
['235']
['234']
['232']
['222']
['220']
['219']
['217']
['216']
['208']
['207']
['205']
['203']
['200']
['198']
['197']
['194']
['193']
['192']
['187']
['182']
['181']
['180']
['177']
['176']
['175']
