['40', '2', '302', '191', '11117', '421', '11127', '13', '1', '6', '109', '422', '332', '359', '295', '236', '237', '350', '200', '84', '296', '447', '318', '437', '0', '452', '153', '409', '288', '41']
['107', '56', '270', '275', '408', '425', '4', '3', '5', '11115', '135', '300', '325', '455', '11111', '265', '443', '225', '11110', '219', '319', '405', '1117', '93', '213', '144', '258', '292', '197', '28']
['167', '297', '57', '235', '208', '108', '222', '331', '284', '463', '312', '9', '310', '32', '11118', '253', '379', '451', '346', '305', '311', '72', '279', '77', '277', '134', '399', '278', '289', '430']
['202', '349', '229', '316', '314', '378', '358', '385', '364', '11120', '458', '59', '347', '341', '250', '281', '271', '26', '457', '402', '11126', '453', '181', '29', '308', '83', '43', '446', '42', '352']
['242', '11123', '176', '449', '323', '161', '11114', '240', '415', '291', '315', '17', '211', '338', '137', '60', '392', '31', '64', '1114', '164', '80', '127', '244', '243', '11112', '239', '238', '241', '37']
['274', '36', '39', '35', '465', '466', '460', '442', '11125', '445', '448', '431', '427', '426', '428', '420', '429', '11124', '418', '11128', '387', '388', '386', '391', '11122', '389', '380', '381', '382', '383']
['307', '334', '335', '333', '261', '263', '262', '182', '1119', '179', '184', '187', '186', '185', '180', '178', '175', '166', '1118', '162', '165', '154', '120', '123', '124', '121', '125', '114', '1116', '74']
['11129', '1111', '1112', '18', '16', '12', '14', '19', '75', '76', '73', '71', '70', '78', '34', '30', '33', '7', '11', '444', '424', '423', '368', '367', '371', '366', '370', '363', '361', '362']
['20', '360', '365', '343', '342', '344', '321', '320', '322', '313', '317', '301', '303', '304', '294', '285', '287', '11116', '282', '247', '246', '232', '234', '231', '233', '228', '226', '227', '230', '198']
['38', '201', '199', '194', '193', '195', '190', '192', '170', '173', '168', '169', '174', '163', '158', '145', '143', '141', '117', '113', '115', '118', '116', '106', '105', '110', '101', '100', '102', '104']
['48', '98', '103', '81', '58', '62', '61', '49', '55', '50', '52', '51', '53', '46', '45', '47', '1113', '11113', '27', '25', '24', '467', '462', '464', '459', '461', '454', '438', '439', '440']
['68', '432', '436', '435', '433', '413', '412', '398', '401', '400', '397', '396', '394', '395', '393', '374', '373', '369', '11121', '376', '337', '336', '340', '339', '11119', '330', '328', '298', '299', '280']
['95', '273', '272', '264', '267', '269', '266', '257', '255', '254', '252', '251', '245', '249', '248', '215', '214', '212', '177', '171', '189', '142', '151', '119', '122', '112', '111', '92', '91', '96']
['132', '128', '131', '126', '129', '94', '1115', '97', '99', '85', '79', '65', '67', '69', '66', '63', '54', '21', '23', '22', '15', '10', '456', '450', '441', '434', '414', '416', '417', '419']
['130', '410', '403', '406', '404', '384', '377', '375', '372', '355', '356', '354', '357', '353', '351', '345', '329', '326', '306', '293', '290', '283', '286', '276', '259', '260', '256', '224', '196', '172']
['139', '136', '133', '138', '149', '150', '152', '148', '147', '87', '86', '89', '90', '88', '82', '44', '8', '411', '407', '390', '348', '327', '324', '309', '268']
['146']
['140']
['157', '160', '156', '155', '159']
['183', '188']
['203', '207', '209', '204', '205', '206']
['210', '216']
['217', '218', '221', '220', '223']
