['NDB', 'MIE', 'VFV', 'HQB', 'PZA', 'QQN', 'AIM', 'DMH', 'OON', 'PTX', 'NTW', 'FWA', 'TGH', 'JDC', 'KDV', 'ZIT', 'KEQ', 'PYK', 'AGI', 'WUI', 'YTR', 'IPY', 'VWR', 'LGP', 'UEN']
['TQM', 'DRX', 'IQJ', 'GBL', 'NUG', 'POR', 'MVS', 'LMU', 'JZY', 'SNW', 'CAO', 'LUT', 'UIO', 'YSP', 'QRE', 'PGO', 'QIK', 'SYQ', 'IFU', 'ARM', 'QIB', 'MIN', 'KLM', 'GWT', 'QDB']
['JMO', 'FOW', 'JZV', 'MUV', 'JWQ', 'RKO', 'JXM', 'JMT', 'XWK', 'PKK', 'UKO', 'CXP', 'SQR', 'JXZ', 'CFP', 'XRV', 'QVI', 'JII', 'SNM', 'MNB', 'XEO', 'YYC', 'SUQ', 'OEN', 'IPK']
['WJS', 'MLH', 'SCX', 'EPR', 'MED', 'GUN', 'YSM', 'BLK', 'TLC', 'FPR', 'WWT', 'ECG', 'XKQ', 'TFT', 'TGW', 'CHR', 'LZE', 'AYK', 'IKW', 'UKF', 'XNY', 'AMV', 'YVQ', 'YPX', 'EUK']
['LWA', 'ZNQ', 'IUE', 'OXU', 'QNG', 'KLV', 'LJA', 'IPG', 'EOF', 'HMT', 'AYJ', 'OFJ', 'SCS', 'MOH', 'TKB', 'WCB', 'PVS', 'DTU', 'ELJ', 'ROL', 'IIY', 'XDE', 'VCY', 'ZKY', 'ZQN']
['BCW', 'CHA', 'FTL', 'WMY', 'VYF', 'FJH', 'ALG', 'DMN', 'WLU', 'DYU', 'DZR', 'SAQ', 'IIT', 'QJK', 'RUR', 'JZA', 'CGD', 'DFW', 'RIX', 'NFI', 'ALL', 'PON', 'SGT', 'NXI', 'MYN']
['MJV', 'OLD', 'KMD', 'ONX', 'MCI', 'FWB', 'UTL', 'DTS', 'ABC', 'XIY', 'YDT', 'RZW', 'HPH', 'VRD', 'TVZ', 'FMU', 'XCX', 'IDO', 'FCJ', 'WED', 'SFB', 'ZFO', 'HIG', 'KNO', 'CNU']
['OVZ', 'XJW', 'FKU', 'POC', 'YYJ', 'JME', 'FTE', 'KJN', 'BIN', 'FWN', 'YLS', 'DJA', 'BHL', 'JUQ', 'VMJ', 'RYT', 'GUR', 'KMP', 'KZQ', 'ZBF', 'TMD', 'OII', 'BRY', 'MJR', 'GFL']
['KVY', 'WIF', 'AJB', 'GSB', 'RYE', 'EDD', 'HNC', 'JJB', 'UMO', 'MMS', 'PMO', 'YKQ', 'OZT', 'NLS', 'WDF', 'DHT', 'KSW', 'FHI', 'LHQ', 'QFE', 'QLI', 'JHO', 'ARV', 'NHA', 'XQI']
['YAR', 'PAX', 'AUL', 'FXX', 'HTW', 'EAA', 'VTH', 'BFH', 'DMP', 'XVF', 'FOD', 'HBC', 'QEP', 'SGO', 'SRP', 'SFK', 'XVQ', 'WSD', 'UOM', 'PCL', 'RSG', 'KLS', 'VWX', 'EWG', 'ALI']
['BZI', 'BCI', 'KVD', 'WJI', 'IFO', 'SDH', 'PIL', 'CJB', 'YEN', 'NGH', 'ZJU', 'EEA', 'DTW', 'IKN', 'EQX', 'FCU', 'NNG', 'HXZ', 'ZFU', 'RJS', 'EZU', 'RYA', 'MSE', 'VMW', 'AWX']
['LXJ', 'GLR', 'VZX', 'RKH', 'SDF', 'UGW', 'OCI', 'TDJ', 'ODG', 'YKR', 'TBT', 'CIH', 'JGS', 'QTQ', 'KAJ', 'DWU', 'HZF', 'AQN', 'QZB', 'LWH', 'UNW', 'NSI', 'IYD', 'UHU', 'UCH']
['SCK', 'HCD', 'CDZ', 'TBN', 'RNM', 'KNZ', 'FUR', 'WCD', 'RXD', 'MUO', 'EBY', 'EBA', 'GPL', 'CGQ', 'FXI', 'BBZ', 'WYK', 'OHR', 'NXU', 'WER', 'MVB', 'RNU', 'HHK', 'MLN', 'UZY']
['PAU', 'MZP', 'RDG', 'UHE', 'GGM', 'ZGL', 'FQC', 'YWW', 'SFJ', 'MWQ', 'CYA', 'YER', 'NDJ', 'FXH', 'NLI', 'ZCY', 'QAM', 'PAS', 'JOQ', 'INO', 'NJD', 'QMI', 'LOQ', 'VQR', 'ELO']
['ZRO', 'TWL', 'GMF', 'FEV', 'SRB', 'MUL', 'VFM', 'NGI', 'QLH', 'SUP', 'IDJ', 'PDU', 'DOT', 'LTC', 'FJL', 'NQL', 'LZI', 'IEK', 'IPV', 'TFN', 'MBZ', 'TSS', 'YKH', 'QBJ', 'HGD']
['APD', 'NOP', 'YKF', 'CZB', 'ZFK', 'ZBU', 'YNR', 'CEY', 'GUE', 'JKL', 'WZL', 'RUP', 'EKJ', 'KXZ', 'GPH', 'UFK', 'DXK', 'CUZ', 'BEQ', 'CCY', 'PVQ', 'ACJ', 'TFQ', 'GUQ', 'IKB']
['ZCF', 'IYH', 'XEN', 'DAW', 'DCZ', 'RIA', 'YYU', 'XPW', 'SFD', 'IUY', 'SMM', 'SCZ', 'ACP', 'PBP', 'PJW', 'TMR', 'CDW', 'WWL', 'DNE', 'AHE', 'TVY', 'FPT', 'SUT', 'YOA', 'GGA']
['HPV', 'ASO', 'YSD', 'LBW', 'YHX', 'KLZ', 'JTZ', 'TQB', 'VXB', 'NDI', 'FSW', 'THJ', 'UZU', 'KUO', 'SNS', 'XFW', 'ITN', 'ULP', 'QCJ', 'XOE', 'GUT', 'UDD', 'HJA', 'LZP', 'BDX']
['WKY', 'HUN', 'EDP', 'RSJ', 'AZD', 'JSL', 'GXJ', 'MAC', 'PME', 'LHD', 'WHJ', 'YYG', 'IAM', 'GGP', 'RBJ', 'LLX', 'GYM', 'XXQ', 'QYA', 'TUK', 'JVR', 'POJ', 'YTQ', 'WGY', 'CRF']
['ZPA', 'YUG', 'CFJ', 'FTI', 'XHQ', 'SQS', 'QTJ', 'MSC', 'VAC', 'PGE', 'HXF', 'WTX', 'EBB', 'ESU', 'FDS', 'HGF', 'DAT', 'GEF', 'NWB', 'NPS', 'BTJ', 'BJR', 'HYW', 'QTR', 'YDL']
