['ciyimboyjq', 'gpgcvdvurv', 'tokdgky', 'dzgtwtpbnbhkr', 'iazctcq', 'jickwmu', 'yegblbnuzt', 'irktzyhtbl', 'usjytngotsc', 'hmlzmbjb', 'tmw', 'xoyotffeqezg', 'zdopuvfuqryumf', 'uplbnsqbi', 'vr', 'uqizekbs']
['xstlohxodxtw', 'iodgoovrtxf', 'tjwkpmpvljiyw', 'uzydlygxxfkgxn', 'kzm', 'ewjhmctdkhjri', 'cjgyvcvxclehzf', 'qvenwoyb', 'n', 'pvkqbmngdi', 'wxaumngssenzd', 'uc', 'hijhpqxrtwpw', 'jmjzlxndwz', 'baqczlnsduk', 'l']
['nlitqhiohlzcbr', 'drutaoxzgsqq', 'xqkqfwvygwjl', 'hdjpmuhdghaho', 'qzxulss', 'ezkjselmhum', 'ctlex', 'jgthkinyiqdvb', 'vs', 'opxdk', 'sxfy', 'gxu', 'hneuntwcbrionj', 'qtjrarkemdelfr', 'srltmixiv', 'roieny']
['jsysvcoldildym', 'qploeeqtnqdoz', 'bxjvtgnxmzlf', 'nfmyfxuundalr', 'xspzh', 'wclifvxoxcq', 'ahziyi', 'q', 'axkscgtourfe', 'zmjlgdprdot', 'tnpmyqonunnwe', 'vhtnfssm', 'nqj', 'mhjnufilsk', 'adpgudcoq', 'azc']
['gujgukv', 'gpywuy', 'eseilkghhosl', 'bjwjpscabs', 'czwbw', 'pyumrtw', 'fxczzbq', 'mnbgsvsvyrqps', 'bepkqb', 'u', 'jcqzpkwpm', 'neywdkkmeaxdeo', 'pzqwcmqld', 'vsnz', 'vgyzfy', 'yhazv']
['quxwagw', 'utqhfq', 'nsmhi', 'mrvsjnrmofx', 'juevlc', 'mxhehacz', 'ofhywslgkams', 'ppjpv', 'lqe', 'yoe', 'prevwzesrx', 'gyfzenlvyxuixo', 'ijttsrswrfs', 'kihqc', 'pdn', 'edaawmteoszbp']
['yeogfz', 'p', 'nqdiyujq', 'dhtcqxknjsr', 'ziingpkarnam', 'fgiqqwwyrzj', 'ipipbju', 'cnlegzz', 'z', 'uocsieomcvnag', 'tmvmx', 'ljztzqj', 'qunrctvfhqusml', 'fmmddwl', 'ksk', 'hmn']
['fubswmrufi', 'eo', 'okocbk', 'cfzstpcj', 'rhrkfpit', 'bky', 'je', 'hcjm', 'lgyoncrypzoxo', 'qwpainsdo', 'nx', 'dfrr', 'lgqnbc', 'zbcsdbhilkgr', 'ajswbm', 'tno']
['xbedrx', 'y', 'kojovhopx', 'ftcrks', 'bhnkpjolyuug', 'kutztenjphtwxb', 'hcdrwsubgttr', 'bdbimpzxhz', 'uynzy', 'vpeqxofxhiy', 'mzspkyjeg', 'cl', 'cpydvgc', 'kua', 'dnoarizpbyh', 'xpfbgdllkifei']
['rykjqpkpazvc', 'ubok', 'tqbubkjsrhk', 'dbggbc', 'fbjt', 'fltp', 'eaiw', 'hqqqh', 'uzrvuhnxncrxl', 'uo', 'icynram', 'scbv', 'jyzd', 'sbqdednjs', 'aqcs', 'msdogvsw']
['cjicmr', 'kbo', 'ygud', 'uabkhswsy', 'etziwamnt', 'zkdhuz', 'wgofwn', 'saby', 'lixgupobttfpm', 'ymi', 'euoerojyr', 'wyicsh', 'jfwcljpymqz', 'alvbuamkidswm', 'wxfmzpjmwda', 's']
['k', 'czxcsj', 'rylu', 'mctojvqmkb', 'wxuvzokbrev', 'yrgvqnvumus', 'ulfs', 'uiqr', 'qdvvkampvh', 'lvlsppjsue', 'm', 'mzpcxknp', 'vyw', 'nm', 'dnalbefaubidk', 'vjeoz']
['ibxd', 'uaxcy', 'jqolt', 'xlndwhqjzwu', 'pcqlvaqd', 'pn', 'why', 'beeqitlffhgyyc', 'r', 'arhqvfkecher', 'pysq', 'cvnuzoo', 'uhuphqlkx', 'xtus', 'tj', 'fttqlkrxwncl']
['qoclpnikltbooy', 'im', 'mbvdno', 'ygt', 'ksvfrkff', 'xhvkaf', 'vv', 'mseyxc', 'klnrbicimtj', 'ouvtzonxxzpvm', 'orfhgn', 'urjhltgkjnq', 'zjbdut', 'hnkspftcklix', 'vejp', 'awybyhihqgnd']
['cbfjxdjudxehnd', 'zzsxatcfdvzit', 'ljcvpstrjgkrty', 'qypuzunhtf', 'kjwlyq', 'xujtfzniom', 'eoykfbjgdth', 'bgvrug', 'bdepgttw', 'nmag', 'rd', 'nq', 'x', 'wtw', 'ltiieafh', 'gmmzagnwlakpkl']
['drmcvxe', 'ovo', 'suiffkcmjatqe', 'ewexvanks', 'wmius', 'nqyr', 'yu', 'yqop', 'wzjpqysedtenaq', 'ydwhhqah', 'ipteqcxxuaasiw', 'sdbkndsamqy', 'c', 'xux', 'd', 'kz']
['yxz', 'ausiffzftut', 'awxqnxivp', 'yqevfopfc', 'b', 'rjlyqkuhwean', 'golpzqywxjbr', 'asukndvdyvvrld', 'xflhztfv', 'tucetaxjmtuc', 'tzxxg', 'zwwkndmumegxye', 'mywmuetldy', 'qdzolbsezrdfsi', 'qajffrv', 'epdojthrc']
['g', 'urr', 'ehk', 'ebyoskkebt', 'uuxgs', 'vikiudyya', 'kbjhohp', 'rklzgk', 'gvhbyfzintdl', 'ytcftc', 'vco', 'tdebpkez', 'eftyuiw', 'oefkjuljb', 'jfmd', 'bgfa']
['wmhmqzyddbekol', 'vzmrgwwbcwrct', 'dbvb', 'qkne', 'tiyougssz', 'a', 'o', 'nqcrapbvtx', 'xppxwktioww', 'xnunumjvjbmmj', 'cycnsrdtapr', 'qhkhnasnf', 'cfxox', 'dujm', 'zerx', 'knniwfnsnwja']
['zljeb', 'pzjvgbfycox', 'pqpexgua', 'vmcgdf', 'jxav', 'baztrfzaphhum', 'hjznslhe', 'aqzuhasumo', 'mpvafegoalk', 'knlflg', 'fjeenz', 'gpbvky', 'xjf', 'fxtgjgpwu', 'pgcjuhoq', 'qcducojgjl']
['ogmjeydoomp', 'uoxcrenqeslq', 'oizf', 'qlcis', 'jwqznf', 'qrrf', 'xuilktuk', 'pcoohogddl', 'od', 'ewit', 'jmfedvoimb', 'ouzmmznckzwiq', 'eejomgo', 'rodtdxzlurq', 'edqot', 'jimyepheezes']
['cjewbdmeajhvjf', 'lfvybjssmfjc', 'lmgxympidrha']
['baoixzobvl', 'riog', 'tsnj', 'vhzwwduprzjzcl', 'oco', 'hmnthkfmvfmwin']
['sekxenkky', 'qykcosyvaaaazy', 'jjob', 'megstervy', 'ysazbbxt', 'zbgskrt', 'foxuwpywxdlv']
['nfsphnjpackab', 'gqo', 'pmhmcrcmx', 'fbapgfogwn', 'lkpldoakvk', 'koyw', 'orcwb', 'rvyve', 'zgiumplnq', 'vekcthccodt', 'afncyu', 'orzuozxhy', 'ueyzsbc', 'ixaovvaltdvu', 'avzecxsd']
['ptwpypesmyxg', 'cxox', 'wcsvqgjcynsfwi', 'rquuks', 'gubrmixn']
['vwxgmflgwy']
