['440', '459', '456', '37', '126', '8', '453', '32', '104', '13', '142', '306', '3', '41', '448', '43', '146', '36', '451', '334', '93', '297', '446', '274', '261', '152', '25', '447', '194', '52', '294', '137', '385', '245', '141', '275', '95', '121', '195', '30', '91', '15', '92']
['462', '483', '107', '482', '469', '479', '348', '236', '26', '288', '463', '269', '477', '468', '471', '205', '310', '475', '258', '472', '481', '478', '24', '149', '464', '115', '263', '371', '474', '466', '470', '295', '480', '473', '476', '405', '140', '465', '467', '420', '213', '88', '428']
['396', '410', '403', '58', '415', '165', '397', '412', '414', '94', '411', '102', '17', '409', '64', '302', '49', '399', '54', '253', '45', '63', '250', '407', '139', '442', '461', '416', '101', '99', '100', '254', '134', '406', '248', '457', '400', '145', '105', '291', '247', '128', '192']
['418', '439', '76', '73', '430', '429', '74', '273', '67', '438', '116', '85', '427', '70', '86', '79', '426', '108', '432', '300', '20', '77', '38', '11', '182', '120', '279', '97', '434', '81', '193', '422', '113', '284', '270', '181', '419', '267', '277', '7', '75', '293', '2']
['352', '357', '361', '360', '368', '353', '359', '365', '33', '460', '362', '356', '364', '358', '355', '68', '110', '89', '148', '84', '6', '398', '51', '55', '62', '46', '151', '82', '34', '369', '138', '367', '133', '87', '83', '153', '40', '372', '28', '150', '363', '23', '123']
['374', '379', '376', '388', '384', '393', '386', '387', '391', '380', '383', '395', '252', '392', '57', '271', '382', '10', '19', '272', '111', '119', '14', '9', '378', '4', '281', '390', '394', '280', '285', '12', '122', '59', '144', '377', '417', '0', '268', '381', '131', '282', '373']
['286']
['308', '323', '315', '314', '316', '445', '319', '458', '320', '318', '324', '327', '321', '313', '125', '424', '129', '48', '317', '65', '311', '44', '329', '450', '454', '452', '444', '441', '455', '449', '443', '130', '436', '56', '326', '425', '408', '435', '431', '118', '61', '423', '39']
['221', '220', '237', '238', '235', '226', '222', '229', '230', '239', '240', '262', '289', '231', '232', '228', '224', '223', '225', '5', '16', '96', '433', '18', '53', '227', '114', '117', '60', '21', '233', '42', '375', '234', '210', '389', '127', '147', '98', '413', '31', '35', '109']
['242', '255', '246', '259', '249', '243', '260', '437', '251', '257', '421', '256', '244']
['176', '190', '191', '185', '178', '197', '179', '183', '186', '187', '196', '27', '188', '189', '180', '184', '328', '241', '80', '1']
['330', '349', '347', '341', '350', '340', '342', '343', '335', '338', '78', '345', '283', '336', '339', '337', '351', '333', '90', '402', '354', '266', '344', '332', '370', '276', '71', '278', '106', '29', '346']
['155', '162', '157', '172', '175', '160', '154', '159', '163', '167', '156', '170', '166', '173', '161', '158', '174', '171', '169', '309', '164', '168', '50', '325']
['199', '217', '212', '207', '215', '200', '214', '209', '206', '202', '204', '218', '298', '301', '401', '219', '211', '305', '303', '124', '216', '296', '22', '287', '203', '201', '103', '290', '292', '208', '322', '66', '299', '143', '307', '135', '312', '404', '72', '112', '136', '304', '366']
['264']
['198']
['132']
['177']
['265']
['331']
['47']
['69']
