['298', '442', '266']
['177', '97']
['424']
['190']
['430', '245']
['297', '109', '357', '176']
['185', '149', '11', '452', '350', '195', '477', '92', '291', '466', '290', '456', '481', '404', '27', '497', '465', '3', '50', '84', '46', '158', '233', '377', '200', '343', '425', '61', '464', '196', '407', '474', '107', '181', '301', '454', '227', '411', '30', '221', '223', '432', '279', '58', '387', '293', '453', '6', '485', '1', '270', '283', '428', '378', '139', '7', '390', '140', '73', '132', '369', '412', '209', '443', '476', '389', '417', '85', '288', '251', '361', '160', '296', '445', '355', '256', '392', '21', '401', '202', '4', '462', '44', '367', '327', '494', '258', '309', '499', '277', '124', '483', '100', '423', '157', '254', '344', '128', '306', '395', '172', '319', '457', '33', '284', '469', '302', '316', '382', '467', '242', '479', '444', '303', '433', '35', '322', '487', '112', '289', '394', '110', '334', '48', '410', '336', '229', '234', '340', '123', '220', '36', '272', '226', '429', '49', '282', '23', '265', '418', '134', '346', '491', '285', '268', '310', '345', '41', '42', '403', '339', '113', '163', '86', '426', '375', '108', '171', '25', '437', '308', '238', '19', '331', '472', '435', '174', '62', '391', '478', '259', '363', '68', '370', '484', '381', '448', '55', '295', '24', '276', '422', '271', '335', '371', '416', '347', '219', '408', '218', '455', '104', '396', '74', '135', '446', '342', '420', '307', '91', '237', '214', '60', '144', '213', '388', '406', '38', '90', '53', '325', '151', '210', '427', '246', '376', '31', '230', '20', '12', '93', '354', '224', '460', '39', '188', '76', '232', '98', '184', '162', '9', '217', '463', '80', '300', '313', '468', '94', '167', '320', '383', '13', '122', '439', '87', '470', '145', '409', '263', '71', '384', '488', '281', '413', '29', '8', '16', '398', '436', '267', '419', '147', '143', '201', '5', '215', '45', '252', '338', '274', '368', '365', '111', '152', '257', '203', '489', '82', '189', '133', '353', '362', '34', '311', '400', '28', '482', '105', '235', '186', '317', '280', '304', '373', '397', '405', '161', '216', '66', '114', '187', '153', '69', '318', '440', '102', '17', '399', '386', '211', '173', '275', '450', '126', '178', '72', '96', '120', '278', '248', '88', '262', '359', '95', '64', '116', '40', '372', '341', '198', '247', '495', '328', '15', '366', '393', '22', '492', '121', '337', '253', '490', '305', '236', '241', '131', '480', '486', '119', '99', '294', '471', '447', '169', '199', '332', '57', '324', '142', '205', '125', '434', '168', '255', '56', '264', '415', '197', '2', '231', '225', '191', '206', '438', '385', '321', '287', '117', '299', '103', '348', '159', '138', '0', '146', '228', '129', '164', '194', '414', '458', '179', '315', '244']
['148']
['70']
['10']
['249']
['141']
['351']
['54']
['183']
['356']
['115']
['358']
['273']
['130']
['65']
['127']
['136']
['52']
['137']
['43']
['150']
['329']
['240']
['352']
['493']
['475']
['250']
['431']
['83']
['182']
['286']
['292']
['106']
['314']
['165']
['59']
['380']
['192']
['63']
['32']
['89']
['26']
['496']
['312']
['75']
['473']
['451']
['402']
['330']
['261']
['459']
['118']
['449']
['175']
['67']
['156']
['155']
['212']
['180']
['441']
['204']
['51']
['374']
['81']
['47']
['101']
['78']
['498']
['239']
['170']
['269']
['18']
['421']
['379']
['193']
['333']
['323']
['77']
['360']
['154']
['461']
['364']
['260']
['222']
['166']
['208']
['243']
['79']
['37']
['14']
['349']
['326']
['207']
