['499', '439', '121', '229', '279', '116', '182', '191', '139', '338', '232', '278', '126', '373', '419', '417', '15', '322', '22', '315', '14', '68', '242', '364', '42', '19', '194', '45', '365', '96']
['498', '346', '323', '137', '395', '328', '11', '389', '436', '222', '95', '34', '442', '52', '80', '141', '190', '53', '218', '282', '305', '411', '293', '143', '81', '138', '428', '3', '258', '396']
['495', '254', '398', '294', '302', '86', '452', '437', '360', '135', '224', '438', '118', '426', '247', '211', '74', '129', '478', '109', '17', '187', '93', '162', '49', '332', '85', '422', '193', '219']
['494', '114', '50', '295', '425', '12', '382', '420', '236', '333', '166', '385', '317', '256', '44', '29', '339', '443', '393', '281', '6', '310', '201', '150', '362', '267', '16', '186', '441', '429']
['489', '357', '290', '228', '352', '40', '446', '59', '257', '133', '234', '318', '391', '105', '20', '163', '179', '77', '445', '153', '343', '303', '66', '300', '378', '202', '168', '354', '381', '260']
['485', '13', '160', '2', '124', '72', '157', '280', '25', '7', '434', '98', '308', '421', '431', '405', '455', '298', '359', '435', '119', '108', '217', '112', '286', '418', '71', '289', '158', '370']
['482', '106', '94', '111', '58', '55', '263', '249', '131', '161', '107', '374', '372', '215', '37', '0', '369', '403', '356', '325', '321', '447', '355', '188', '82', '394', '210', '167', '159', '388']
['477', '376', '197', '313', '177', '413', '269', '246', '344', '380', '383', '148', '87', '432', '213', '69', '314', '155', '410', '304', '375', '223', '384', '291', '1', '65', '103', '379', '387', '409']
['473', '61', '209', '130', '28', '301', '60', '238', '156', '62', '33', '64', '199', '88', '306', '144', '329', '230', '151', '221', '350', '337', '392', '76', '251', '297', '99', '120', '83', '207']
['471', '367', '89', '90', '54', '147', '43', '142', '423', '122', '21', '206', '240', '274', '31', '430', '399', '368', '196', '406', '252', '225', '440', '404', '253', '334', '324', '320', '84', '327']
['466', '185', '18', '136', '275', '181', '244', '184', '276', '204', '146', '292', '175', '178', '312', '241', '165', '41', '127', '299', '342', '490', '475', '497', '483', '474', '476', '493', '464', '480']
['496', '270', '102', '75', '5', '79', '348', '10', '101', '449', '351', '132', '266', '335', '100', '265', '164', '73', '390', '9', '32', '198', '125', '459', '296', '353', '128', '70', '195', '235']
['492', '169', '361', '97', '259', '123', '134', '172', '170', '171', '272', '400', '453', '231', '67', '205', '268', '264', '347', '414', '451', '117', '226', '402', '23', '56', '104', '448', '208', '8']
['491', '243', '316', '78', '233', '180', '176', '326', '349', '46', '358', '271', '250', '183', '4', '307', '38', '386', '245', '408', '200', '284', '51', '189', '424', '24', '427', '149', '174', '412']
['487', '460', '469', '479', '461']
['486', '214', '456', '407', '283', '433', '311', '287', '48', '36', '216', '212', '152', '192', '377', '255', '401', '239', '248', '140', '285', '227', '57', '113', '63', '237', '39', '262', '91', '30']
['472', '319', '92', '481']
['470', '331', '277', '288', '345', '341', '340', '336', '454', '35', '273', '330', '47', '397', '27', '154', '110', '309', '450', '416', '415', '115', '444', '371', '203', '457', '458', '173', '366', '220']
['468', '261']
['467', '26', '363']
['465']
['463']
['462']
['488', '145']
['484']
