['496', '1', '449', '253', '302', '127', '99', '22', '204', '456', '43', '120', '358', '57', '393', '260', '316', '400', '169', '351', '435', '162', '267', '407', '414', '386', '463', '36', '0', '85', '106', '442', '197', '344', '183', '218', '239', '477', '64', '372', '309', '246', '232', '337', '211', '421', '190', '92', '50', '155', '8', '295', '148', '365', '78', '29', '15', '281', '134', '323', '141', '225', '113', '330', '379', '491', '71', '288', '470', '274', '428']
['494', '176', '484', '3', '416', '24', '283', '52', '241', '255', '332', '325', '451', '388', '353', '479', '304', '199', '395', '101', '73', '143', '213', '276', '220', '150', '297', '80', '38', '486', '437', '290', '339', '115', '493', '10', '17', '87', '192', '402', '360', '94', '178', '374', '185', '248', '318', '157', '171', '409', '458', '136', '31', '45', '311', '122', '66', '262', '269', '346', '430', '164', '444', '129', '234', '423', '108', '465', '472', '206', '381']
['492', '59', '227', '367', '5', '180', '12', '376', '362', '215', '166', '390', '439', '257', '341', '19', '285', '117', '460', '47', '313', '453', '82', '404', '425', '54', '68', '250', '432', '75', '348', '243', '411', '96', '103', '383', '110', '488', '418', '369', '320', '334', '495', '40', '299', '194', '264', '159', '474', '152', '355', '131', '467', '236', '327', '306', '61', '26', '446', '481', '271', '397', '229', '222', '208', '292', '187', '33', '89', '138', '201']
['489', '278', '173', '145', '124', '6', '2', '4', '7', '13', '11', '9', '14', '20', '16', '18', '21', '25', '27', '23', '28', '30', '32', '34', '35', '37', '39', '41', '42', '48', '44', '46', '49', '53', '55', '51', '56', '62', '58', '60', '63', '67', '69', '65', '70', '72', '76', '74', '77', '83', '81', '79', '84', '86', '90', '88', '91', '95', '93', '97', '98', '104', '102', '100', '105', '109', '111', '107', '112', '114', '118']
['487', '116', '119', '123', '121', '125', '126', '132', '128', '130', '133', '137', '139', '135', '140', '146', '144', '142', '147', '149', '151', '153', '154', '158', '156', '160', '161', '165', '167', '163', '168', '174', '172', '170', '175', '179', '177', '181', '182', '186', '188', '184', '189', '193', '195', '191', '196', '202', '198', '200', '203', '207', '205', '209', '210', '212', '214', '216', '217', '221', '223', '219', '224', '230', '228', '226', '231', '233', '237', '235', '238']
['485', '240', '242', '244', '245', '249', '251', '247', '252', '258', '256', '254', '259', '265', '263', '261', '266', '268', '272', '270', '273', '275', '279', '277', '280', '284', '286', '282', '287', '289', '293', '291', '294', '300', '296', '298', '301', '305', '303', '307', '308', '312', '310', '314', '315', '317', '321', '319', '483', '490']
['482', '476']
['480']
['478']
['475', '469']
['473']
['471']
['468', '462']
['466']
['464']
['461', '455']
['459']
['457']
['454', '448']
['452']
['450']
['447', '441']
['445']
['443']
['440', '434']
['438']
['436']
['433', '427']
['431']
['429']
['426', '420']
['424']
['422']
['419', '413']
['417']
['415']
['412', '406']
['410']
['408']
['405', '399']
['403']
['401']
['398', '392']
['396']
['394']
['391', '385']
['389']
['387']
['384', '378']
['382']
['380']
['377', '371']
['375']
['373']
['370', '364']
['368']
['366']
['363', '357']
['361']
['359']
['356', '350']
['354']
['352']
['349', '343']
['347']
['345']
['342', '336']
['340']
['338']
['335', '329']
['333']
['331']
['328', '322', '324']
['326']
