['216', '57', '256', '265', '31', '80', '190', '195', '377', '304']
['239', '146', '210', '191', '240', '100', '293', '130', '398', '68']
['339', '372', '226', '187', '132', '396', '179', '15', '140', '34']
['218', '308', '282', '357', '144', '306', '370', '376', '82', '355']
['199', '201', '277', '254', '323', '331', '133', '141', '305', '142']
['189', '236', '110', '88', '162', '245', '47', '154', '53', '70']
['165', '44', '49', '26', '383', '157', '342', '71', '333', '397']
['155', '172', '175', '12', '224', '359', '299', '32', '261', '79']
['126', '243', '345', '217', '95', '198', '378', '313', '223', '281']
['0', '211', '287', '7', '275', '171', '399', '64', '373', '66']
['322', '161', '358', '2', '177', '38', '365', '56', '14', '270']
['314', '292', '295', '115', '135', '348', '125', '279', '225', '102']
['307', '325', '24', '176', '215', '109', '209', '395', '316', '104']
['242', '335', '234', '347', '112', '203', '346', '105', '213', '222']
['207', '266', '381', '58', '389', '259', '87', '302', '43', '388']
['193', '274', '248', '42', '52', '329', '181', '200', '250', '150']
['138', '327', '253', '350', '221', '352', '244', '41', '85', '182']
['101', '268', '349', '122', '128', '93', '385', '74', '206', '46']
['61', '36', '159', '19', '233', '344', '310', '356', '252']
['51', '351', '294', '8', '390', '258', '30', '178', '273', '164']
['303', '25', '219', '297', '284', '119', '117', '317', '267', '296']
['298', '276', '17']
['286', '54', '149', '11', '48', '391']
['263', '208', '289', '173', '353', '35', '121', '145', '184', '65']
['247', '158', '147', '212', '78']
['197', '120', '116', '269', '1', '186', '18', '374', '4', '107']
['192', '16', '196', '202', '235', '10', '371', '332', '262', '257']
['148', '143', '392', '366', '367', '22', '134', '73', '232', '136']
['127', '3', '183', '106', '167', '55', '300']
['86']
['77', '290', '361', '379']
['69', '237', '111', '229', '124']
['33', '97', '6', '283', '23', '220']
['13', '60', '118', '131', '363', '94', '338', '21', '188', '92']
['394']
['386', '129']
['354', '321', '337', '393', '238', '228', '45', '103', '311', '9']
['330', '326', '27', '301', '168', '59']
['324']
['309']
['291', '113', '20', '139', '380', '231', '169', '246', '156', '123']
['251']
['230', '384', '62', '341', '214']
['194']
['185']
['174']
['163']
['160']
['108', '375']
['84']
['83']
['76', '29', '255']
['50']
['40']
['37', '260']
['5']
['387', '75']
['334']
['320']
['285']
['271']
['264']
['249', '90']
['241']
['227']
['166']
['152']
['151']
['96']
['89']
['72', '328']
['67']
['39']
['28']
['369']
['368']
['364']
['362']
['360']
['340']
['336', '343']
['319']
['318']
['315']
['312']
['288']
['280']
['278']
['272']
['205']
['204']
['170']
['153']
['137']
['114']
['99']
['98']
['91']
['81']
['63', '180', '382']
