['369', '229', '312', '271', '91', '270', '276', '166', '234', '266', '224', '449', '139', '54', '258', '347', '87', '300', '174', '386']
['220', '107', '293', '328', '106', '188', '288', '304', '365', '481', '233', '140', '358', '221', '236', '105', '391', '309', '73', '225']
['1', '82', '441', '175', '7', '196', '324', '21', '261', '65', '376', '466', '253', '240', '423', '147', '76', '184', '163', '19']
['429', '114', '40', '450', '380', '64', '384', '345', '248', '339', '483', '157', '298', '8', '127', '249', '439', '277', '447', '381']
['343', '268', '209', '203', '190', '360', '142', '425', '287', '371', '321', '390', '451', '444', '289', '133', '113', '152', '207', '198']
['296', '24', '206', '496', '213', '153', '400', '120', '110', '346', '187', '101', '242', '465', '10', '245', '313', '263', '322', '178']
['265', '446', '336', '217', '243', '260', '34', '62', '453', '432', '27', '362', '388', '35', '457', '355', '251', '146', '319', '96']
['238', '357', '23', '15', '259', '354', '468', '57', '20', '349', '58', '180', '291', '474', '458', '378', '84', '81', '128', '97']
['172', '72', '70', '476', '302', '401', '482', '111', '131', '143', '51', '14', '282', '269', '311', '478', '29', '404', '2', '219']
['33', '239', '189', '470', '237', '32', '497', '159', '218', '149', '116', '232', '93', '171', '214', '161', '183', '409', '148', '186']
['484', '442', '286', '307', '299', '59', '6', '102', '341', '156', '46', '150', '385', '325', '216', '5', '431', '129', '257', '130']
['452', '155', '250', '78', '222', '16', '47', '493', '119', '272', '162', '141', '48', '370']
['428', '267', '367', '28', '252', '264', '397', '25', '199', '255', '456', '332', '417', '303', '41', '124', '292', '17', '395', '335']
['389', '310', '316', '408', '194', '479', '383', '135', '489', '285', '134', '314', '211', '50', '407', '274', '63', '366', '373', '471']
['330', '411', '195', '228', '364', '416', '145', '487', '317', '256', '42', '495', '433', '181', '226', '262', '86', '410', '421', '205']
['318', '56', '327', '469', '26', '179', '278', '43', '154', '177', '151', '104', '359', '208', '472', '30', '126', '473', '75', '454']
['290', '443', '138', '112', '9', '74', '247', '372', '338', '488']
['280']
['244', '254', '18', '486', '361', '200', '434', '445', '398', '117', '0', '356', '475', '353', '275', '284', '498', '89', '403', '308']
['170', '83', '44', '176', '491', '88', '375', '492', '103', '329', '99', '90', '197', '165', '294', '494', '344', '368', '49', '406']
['85', '337', '315', '158', '342']
['80', '459']
['67']
['66', '13', '61', '121', '340', '424', '212', '95', '31', '231', '485', '464', '230', '202', '37', '392', '363', '463', '204', '109']
['53', '320', '136', '326', '12']
['22', '167']
['477', '144', '438', '122', '55', '39', '168', '430', '227']
['460', '323', '377', '306', '352', '201', '100', '418', '192', '440', '60', '295', '405', '382']
['436', '191', '394', '98']
['422', '455']
['413', '94']
['412']
['387']
['348', '71', '173', '235', '241', '125', '333', '215', '499', '462', '490', '182', '164', '160', '68', '223', '350', '193', '210', '123']
['331', '169', '374', '69', '399', '185', '283', '281']
['301', '132', '396', '273', '351', '334', '435']
['297']
['92', '414', '137']
['79', '36', '246']
['77']
['45', '115', '305']
['38', '393']
['11', '480']
['4', '118', '379']
['467']
['427']
['426', '279']
['420', '448', '3', '437', '108', '52', '461']
['419']
['415', '402']
