['228', '1', '86', '204', '238', '110', '212', '19', '220', '7', '237', '131', '278', '161', '208', '17', '23', '16', '144', '77', '44', '138', '57', '140', '45']
['206', '103', '125', '30', '21', '290', '211', '180', '187', '75', '193', '116', '91', '59', '26', '275', '93', '185', '235', '90', '24', '294', '41', '51', '22']
['200', '236', '12', '225', '215', '33', '60', '191', '101', '150', '115', '234', '276', '169', '14', '143', '223', '95', '207', '159', '123', '53', '287', '122', '195']
['149', '192', '71', '80', '76', '203', '127', '189', '245', '100', '213', '119', '201', '40', '202', '171', '147', '28', '253', '298', '172', '67', '224', '61', '133']
['145', '226', '286', '182', '151', '3', '69', '13', '280', '289', '42', '4', '175', '29', '139', '109', '230', '141', '156', '50', '27', '166', '243', '271', '94']
['104', '249', '168', '162', '148', '142', '137', '31', '9', '2', '118', '43', '291', '277', '222', '48', '221', '186', '240', '295', '181', '188', '70', '262', '164']
['65', '68', '157', '11', '63', '117', '300', '246', '18', '194', '233', '296', '178', '46', '124', '34', '270', '5', '121', '241', '92', '254', '216', '135', '152']
['64', '279', '134', '231', '179', '105', '56', '99', '84', '266', '96', '136', '120', '87', '197', '25', '155', '66', '174', '167', '160', '158', '62', '47', '256']
['58', '114', '8', '268', '265', '285', '102', '72', '252', '98', '261', '284', '269', '165', '85', '248', '229', '184', '250', '81', '209', '170', '146', '97', '112']
['52', '38', '55', '299', '78', '205', '74', '106', '218', '107', '108', '173', '82', '198']
['49']
['6']
['282', '79']
['273']
['272', '244', '239', '258', '113', '196', '260', '83', '242', '297', '288', '163', '210', '20', '153', '130', '32', '219', '111', '283', '227', '176', '15']
['264', '177', '217', '214', '36', '35', '293', '292', '88', '255', '10', '89', '232', '274', '183', '126', '39', '199', '281', '37', '73', '54', '257', '128', '129']
['263', '132', '190']
['259', '154']
['251', '267']
['247']
