['246']
['232']
['229']
['227']
['224']
['219']
['199']
['193']
['191']
['190']
['175']
['172']
['167']
['160']
['159']
['136']
['131']
['126']
['123']
['102']
['81']
['77']
['66']
['65']
['59']
['46']
['43']
['40']
['39']
['38']
['36']
['29']
['245', '173', '16']
['241', '92']
['240', '147', '222', '20']
['239', '105']
['237', '37', '113']
['236']
['231', '48']
['228']
['226']
['220']
['217']
['215']
['213', '84']
['212']
['207']
['204']
['202']
['198', '89']
['197']
['192', '181', '129', '122']
['186']
['177']
['176']
['169']
['165', '104']
['164']
['157']
['156', '85']
['154']
['145', '87']
['138']
['127']
['121', '74']
['120']
['119']
['118', '4', '12']
['117']
['114']
['112', '73', '14', '41', '90']
['109']
['103']
['101']
['99']
['96']
['95']
['91']
['86', '49', '155']
['82', '70']
['72', '108', '97', '94', '242']
['71']
['68']
['60']
['56']
['35']
['34']
['33']
['32']
['30']
['28']
['26']
['25']
['22']
['15']
['13', '218', '10', '42']
['8', '180']
['6']
['3']
['1']
['249']
['248', '243']
['238']
['235', '153', '69', '57', '27']
['233']
['230']
['221']
['214']
['211']
['210']
['209']
['208']
['205']
['201', '107', '111']
['200']
['196']
['195']
['194']
['188']
['185']
['184']
['182']
['179']
['178']
['174', '158']
['170']
['168']
['163']
['161']
['152']
['151', '216']
['148']
['146']
['144', '115', '17']
['143']
['141']
['140']
['135']
['133']
['132']
['125']
['116']
['110']
['106']
['100']
['98']
['93']
['88']
['83']
['80']
['79']
['78']
['76']
['75', '9']
['67']
['64']
['63']
['62']
['61']
['58']
['55']
['54']
['53']
['52']
['51']
['50']
['47']
['45']
['44']
['31']
['24']
['23']
['21']
['19', '149', '7']
['18']
['11']
['5']
['2']
['0']
['247']
['244']
['234']
['225']
['223']
['206']
['203']
['189']
['187']
['183']
['171']
['166']
['162']
['150']
['142']
['139']
['137']
['134']
['130']
['128']
['124']
