['292', '2', '256', '281', '229', '180', '166', '195', '197', '193', '119', '123', '210', '203', '127', '3', '189', '16']
['290', '76', '175', '59', '245', '239', '30', '188', '178', '110', '212', '283', '4', '137', '157', '213', '141', '72']
['144', '124', '35', '294', '12', '32', '80', '196', '273', '13', '70', '114', '289', '276', '143', '140', '20', '68']
['136', '50', '252', '214', '206', '247', '15', '260', '187', '236', '154', '242', '113', '108', '264', '243', '205', '165']
['40', '169', '37', '18', '167', '254', '221', '272', '220', '139', '43', '138', '278', '240', '168', '285', '91', '22']
['6', '27', '192', '96', '121', '250', '92', '225', '44', '237', '24', '177', '249', '217', '31', '63', '48', '279']
['313', '209', '274', '216', '202', '164', '266', '269', '173', '122', '128', '39', '78', '182', '160', '66', '106', '45']
['312', '10', '101', '54', '170', '55', '131', '28', '125', '176', '118', '89', '230', '81', '251', '204', '287', '199']
['311', '7', '105', '146', '282', '201', '111', '79', '219', '21', '62', '98', '233', '64', '207', '248', '41', '120']
['310', '67', '69', '174', '104', '145', '156', '102', '181', '293', '90', '223', '52', '228', '259', '270', '258', '235']
['309', '57', '265', '267', '179', '275', '215']
['308', '5', '171', '135', '117', '14', '286', '99', '246', '234', '82', '227']
['307', '23', '47', '257', '93', '284', '86', '241', '191', '29', '85', '71', '244', '51']
['306', '34', '184', '60', '261', '103', '194', '142', '83', '232', '208', '88', '134', '87']
['305', '49', '222', '291', '130', '112', '280', '149', '271', '97', '58', '155', '158', '65']
['304']
['303', '8', '288', '61', '172', '163', '33', '255', '262', '226', '148', '295', '231', '26']
['302', '56', '211', '100', '153', '94', '224', '186', '107', '116', '183', '150', '253', '115']
['301']
['300', '0', '73', '74', '161', '218', '133', '238', '84', '17', '77', '162', '129', '200']
['299']
['298', '9', '38', '95', '296', '277', '198', '151', '25', '126', '109', '53', '75', '42']
['297', '1', '190', '263', '11', '132', '185', '268', '36', '159', '147', '46', '19', '152']
