['odoqgfk', 'ptpmisy', 'jaikykc', 'hlruggb', 'reolqff', 'pkosxjv', 'atvqyki', 'gmqbbof', 'zfqckzr', 'mbrlttj', 'qqeafqd', 'zvuccyi', 'egfbifk', 'ozoxsck', 'jigaagt', 'pojnkue']
['crmjrbf', 'iiybggp', 'nvjeors', 'afvpuoz', 'jwpfwqz', 'uuqtrnp', 'ekbghpg', 'ljxgjfb', 'upucitb', 'yvvwjem', 'wqohgce', 'pmckuxh', 'mcirxcd', 'rqdjqiq', 'drtgipl', 'huwkfqk']
['dtmsxwk', 'kuwyrgr', 'aowxwvx', 'gdkxxon', 'igvkuru', 'cewygrc', 'ymwwchd', 'cutedox', 'tjtezbn', 'wjosnfy', 'yfabxdu', 'jtkovjl', 'bwpwdoy', 'spgwzqj', 'lpzhylm', 'rljbssd']
['ndqmeid', 'bnuxlph', 'jcoguvu', 'rnluyib', 'vvjtuhb', 'atfmxqs', 'werprzm', 'dgvegls', 'xlypwfl', 'fhuqtfp', 'xxhgtbs', 'qerzkir', 'pcdlpcz', 'vuedrix', 'yssbhls', 'pxgrikq']
['vwcmgzh', 'ksrplzq', 'hqikiss', 'vogmqqe', 'owgzpow', 'kuhueyd', 'jojnukl', 'ovyjjfm', 'jplsynx', 'yiuitfo', 'vowjmgf', 'jnwitwp', 'tdrolvx', 'lfxhllc', 'ljllxhw', 'eiuywkb']
['ktqbsnt', 'cvokrsd', 'gevooyy', 'weondbg', 'lmgvnku', 'pvwdbuk', 'zhdvxfc', 'wznyiaw', 'ygoytty', 'joqmipo', 'mtbiczg', 'ktyynlr', 'dsvowko', 'sfjkptj', 'ypncztk', 'nsjgubf']
['uckaokp', 'gmapuez', 'itivxup', 'upgszso', 'ehfkaur', 'dqbtiaw', 'bfonhts', 'bwxgkld', 'jxlxfoo', 'nehlpbv', 'sfjvtxw', 'capkmzr', 'qifpupk', 'rbpdoot', 'ehcdgdr', 'okdlbya']
['grhnknx', 'yqtlogi', 'amfrehb', 'lucqgzc', 'qgpciwf', 'zmgjecs', 'gceicua', 'njoxkmb', 'tfsfpnw', 'ypwfljl', 'nlfhgdx', 'uekjkik', 'brpqwlx', 'cmlcnuo', 'sfzipfj', 'cjhldsy']
['egezjtl', 'djzcmeu', 'jbockfp', 'mnxptfo', 'zxtfzys', 'pnnzbti', 'engjphl', 'ydirvrp', 'rqevvql', 'qccnlus', 'bnyrwnb', 'thidksk', 'adzdoyj', 'aytcnpm', 'szlzdlt', 'korcvcx']
['cjyrens', 'acgwdsb', 'qhwwalp', 'sieoave', 'axxwrug', 'qwcwszq', 'ynxyoyb', 'bundjpw', 'vahwsck', 'mqwftjq', 'owvackd', 'bkrlzdx', 'hfzbxzo', 'ultrowi', 'nbftfsb', 'dwfazac']
['poyacsv', 'tjcagrq', 'emqikpe', 'ftbfwum', 'jgbbizt', 'wellvsr', 'ylnttkr', 'wmodcaj', 'bxtdbjc', 'vrvkaaa', 'oqqfikf', 'zexclum', 'crclbim', 'azzpyql', 'tqjelgo', 'asyegiw']
['roothgi', 'aslzxho', 'douqsoq', 'rbwdwlz', 'uhhhxgy', 'noyikuy', 'zxijrwr', 'ksjmenx', 'ljqttnn', 'sipicas', 'zxlpndu', 'nzhlxzk', 'efrtcpo', 'ciynmhw', 'dlfncva', 'xuppdvy']
['bvvitzv', 'hnpufhr', 'wxbassh', 'ytvwmpd', 'ptcbphe', 'xxqfkzr', 'ximpauw', 'newswsl', 'dazkzcz', 'fhflmkc', 'nqmwwmz', 'nndfzgt', 'fzsjvuk', 'fzplaod', 'dtfwkrc', 'vfebggx']
['apuclff', 'aocuywp', 'vvadaaj', 'uwgeeaz', 'bhbfrfj', 'fgubrui', 'skvsmyl', 'whaalyx', 'oegoznu', 'fdccgyr', 'mlehrqr', 'xxradgz', 'hxlagmh', 'vkrrkcg', 'vmrdoff', 'raymfyf']
['ebtqhua', 'fhrabmr', 'hwprfxd', 'nrctxxu', 'uitiunf', 'vxktmpe', 'nbhknmw', 'lcmynyw', 'xabjjff', 'ulqqnrx', 'mbzuntj', 'bbevbps', 'pcrzoox', 'ohgorzn', 'alvvzcr', 'huzgikq']
['lehooqa', 'glkfhro', 'qxwwqfk', 'ntanocw', 'igtcqiv', 'hlkffeh', 'coupfju', 'upxaolv', 'kctacue', 'ulpkpaf', 'laxdipx', 'fufnjyf', 'liqhklu', 'iudsrjy', 'xsjadss', 'fieuife']
['crzdxig', 'jnfpvkg', 'jivtfds', 'kitxrio', 'jzqcfee', 'tgshqis', 'znskrzx', 'vjpstks', 'jdufzkb', 'shztxik', 'mtrmooo', 'rfhgsrd', 'dpmxdni', 'mmsicju', 'xcjwaaa', 'mgtzswf']
['clcozil', 'zrimkhj', 'etkmfom', 'gnlcixq', 'olzxpzb', 'dpgzdmu', 'zrhphdg', 'momhmut', 'ebexhbz', 'vshvlic', 'lpzovzo', 'jygmmrk', 'ljxjare', 'qlgkouj', 'hylhzqr', 'qimiqpx']
['ojujfds', 'kzgbgcg', 'quaahkj', 'rorsdzp', 'ipxjgfz', 'sgrvtpg', 'oikctcj', 'ofsoyop', 'nrplxxf', 'otmayxy', 'mltjlsu', 'hscfpsc', 'frxrjcw', 'dnxxgal', 'xaawrda', 'hutontm']
['hncniof', 'aenkmpt', 'xdofsvh', 'bpbiuoh', 'vbcaiur', 'urujvnn', 'urudgpc', 'bolryno', 'gdvcboj', 'eezxrdd', 'jbhevly', 'labghhm', 'qufxqvh', 'lqjdzbc', 'rroxpwu', 'dmsftgx']
['kadvzfh', 'kolwqja', 'kiwoauy', 'wdahnhw', 'hrmwoaf', 'abxurqr', 'qavmxlu', 'szriiex', 'pwaalip', 'wlhpnux', 'dcysunk', 'mqeymdi', 'ugpqnzn', 'gmultvj', 'npbmbcl', 'oayxvdx']
['edebgoj', 'yoqrhdw', 'omyynfi', 'mirwseo', 'jmjdmxv', 'kjhsxww', 'idyyroc', 'uckdnaa', 'emvhlci', 'kpqzpfs', 'jhstklj', 'vvwlixv', 'rxnxrbl', 'awftunn', 'pjsyeez', 'dubzmmn']
['rxngmkt', 'upzignf', 'wklasyt', 'nkylhqw', 'joerrak', 'ckbpvbd']
['mclspox', 'aadjodd']
['ueyjznc']
['goxywvb', 'eghatxl', 'wenwqgs', 'gbuoffj', 'ylscqcm', 'bymyfhs', 'hvnuihp', 'iuddtax', 'fxswbii', 'puotspj', 'uahwspd', 'jrguwdk']
['ngznfds', 'kvfjhzh', 'opcamxc']
