['Toni', 'Amber', 'Madeline', 'Clare', 'Mary', 'Danielle', 'Sara', 'Kimberly', 'Faith', 'Makayla']
['Arielle', 'Bailey', 'Mariah', 'Autumn', 'Marissa', 'Claire', 'Kelsey', 'Alexa', 'Leah', 'Gabriella']
['Melina', 'Amy', 'Katie', 'Cassidy', 'Jade', 'Mikayla', 'Caitlyn', 'Gabriela', 'Madelyn', 'Adriana']
['Breana', 'Arianna', 'Ana', 'Angelica', 'Hope', 'Britney', 'Lydia', 'Brittney', 'Daniela', 'Valerie']
['Madelynn', 'Kaitlin', 'Angelina', 'Peyton', 'Monica', 'Avery', 'Ashlyn', 'Brooklyn', 'Jordyn', 'Kendra']
['Cristal', 'Mckenna', 'Amaya', 'Kylee', 'Maggie', 'Delaney', 'Raven', 'Casey', 'Amelia', 'Jazmin']
['Tierra', 'Kristina', 'Christine', 'Patricia', 'Rachael', 'Katrina', 'Jazmine', 'Guadalupe', 'Joanna', 'Genesis']
['Luz', 'Nadia', 'Yesenia', 'Sandra', 'Tessa', 'Dominique', 'Carolina', 'Jaqueline', 'Kiana', 'Makenna']
['Shyanne', 'Alissa', 'Reagan', 'Lisa', 'Aliyah', 'Josephine', 'Hallie', 'Anne', 'Annie', 'Rosa']
['Adrienne', 'Carolyn', 'Nia', 'Destinee', 'Wendy', 'Logan', 'Josie', 'Kamryn', 'Denise', 'Cristina']
['Devin', 'Ashleigh', 'Helen', 'Tiana', 'Gina', 'Cassie', 'Virginia', 'Gloria', 'Linda', 'Kierra']
['Miracle', 'Kaitlynn', 'Gisselle', 'Talia', 'Tiara', 'Kasey', 'Ashlynn', 'Brandi', 'Litzy', 'Tatyana']
['Eden', 'Tia', 'Melody', 'Layla', 'Theresa', 'Krista', 'Yasmine', 'Tamara', 'Alayna', 'Bailee']
['Leilani', 'Maddison', 'Kali', 'Precious', 'Jayda', 'Felicity', 'Tyra', 'Joy', 'Taryn', 'Angelique']
['Kaley', 'Pamela', 'Sasha', 'Regan', 'Paulina', 'Mayra', 'Tianna', 'Aurora', 'Macie', 'Jayden']
['Barbara', 'Alanna', 'Sonia', 'Kenya', 'Genevieve', 'Julianne', 'Aileen', 'Lorena', 'Brooklynn', 'Chyna']
['Tayler', 'Athena', 'Eliana', 'Kelli', 'Gabrielle', 'Jordan', 'Brooke', 'Michelle', 'Sierra', 'Katelyn']
['Marlene', 'Erin', 'Courtney', 'Brittany', 'Vanessa', 'Jacqueline', 'Jenna', 'Shelby', 'Paige', 'Melissa']
['Macey', 'Kaylee', 'Christina', 'Trinity', 'Breanna', 'Angela', 'Zoe', 'Catherine', 'Jada', 'Briana']
['Amari', 'Leslie', 'Kathryn', 'Sabrina', 'Alexandria', 'Isabel', 'Mia', 'Cheyenne', 'Cassandra', 'Erica']
['Sylvia', 'Tiffany', 'Kylie', 'Lindsey', 'Ariana', 'Margaret', 'Kelly', 'Miranda', 'Maya', 'Melanie']
['Elaina', 'Angel', 'Jillian', 'Jocelyn', 'Alicia', 'Erika', 'Lily', 'Lillian', 'Kiara', 'Riley']
['Carrie', 'Crystal', 'Meghan', 'Mckenzie', 'Kennedy', 'Chelsea', 'Daisy', 'Kristen', 'Isabelle', 'Veronica']
['Kailee', 'Malia', 'Evelyn', 'Hayley', 'Shannon', 'Bethany', 'Michaela', 'Karen', 'Sophie', 'Karina']
['Nora', 'Sofia', 'Diamond', 'Cynthia', 'Payton', 'Bianca', 'Carly', 'Hanna', 'Brenda', 'Alejandra']
['Deborah', 'Rebekah', 'Lindsay', 'Ava', 'Alondra', 'Desiree', 'Camryn', 'Ariel', 'Julie', 'Holly']
['Nichole', 'Kara', 'Kendall', 'Jasmin', 'Selena', 'Claudia', 'Makenzie', 'Kyra', 'Cameron', 'Kathleen']
['Ann', 'Karla', 'Savanna', 'Serena', 'Aaliyah', 'Giselle', 'Mallory', 'April', 'Nina', 'Asia']
['Chasity', 'Valeria', 'Natalia', 'Aubrey', 'Lauryn', 'Cierra', 'Katelynn', 'Alison', 'Macy', 'Elena']
['Alma', 'Nancy', 'Tara', 'Gianna', 'Juliana', 'Fatima', 'Allyson', 'Gracie', 'Julianna', 'Skyler']
['Larissa', 'Alexus', 'Tatiana', 'Alana', 'Elise', 'Haylee', 'Ruby', 'Jayla', 'Tori', 'Sidney']
['Felicia', 'Cindy', 'Camille', 'Whitney', 'Carmen', 'Vivian', 'Priscilla', 'Bridget', 'Natasha', 'Madeleine']
['Emilie', 'Ciara', 'Miriam', 'Cecilia', 'Kassandra', 'Charlotte', 'Rylee', 'Shania', 'Kira', 'Meredith']
['Cora', 'Eva', 'Liliana', 'Rose', 'Kristin', 'Marisa', 'Kailey', 'Imani', 'Anastasia', 'Brenna']
['Brisa', 'Dana', 'Shayla', 'Ashlee', 'Kassidy', 'Tabitha', 'Paola', 'Addison', 'Callie', 'Lucy']
['Chelsey', 'Gillian', 'Katlyn', 'Esther', 'Mariana', 'Bryanna', 'Georgia', 'Emilee', 'Baylee', 'Heaven']
['Paris', 'Raquel', 'Monique', 'Teresa', 'Ruth', 'Kayleigh', 'Marina', 'Ivy', 'Heidi', 'Clara']
['Justine', 'Ashton', 'Ellie', 'Jacquelyn', 'Jenny', 'Renee', 'Lizbeth', 'Daniella', 'Julissa', 'Cheyanne']
['Madyson', 'Irene', 'Lacey', 'Haleigh', 'Marie', 'Eleanor', 'Kaylie', 'Mikaela', 'Eliza', 'Harley']
['Janelle', 'Madalyn', 'Jaden', 'Lesly', 'Elisabeth', 'Allie', 'Viviana', 'Cara', 'Marisol', 'Brandy']
['Alina', 'Jessie', 'Hunter', 'Alisha', 'Noelle', 'Carla', 'Carley', 'Zoey', 'Carissa', 'Janet']
['Emely', 'Iris', 'Kaleigh', 'Tatum', 'Susan', 'Sharon', 'Alice', 'Tamia', 'Yasmin', 'Lilly']
['Annabelle', 'Lesley', 'Ayanna', 'Mckayla', 'Serenity', 'Karissa', 'Kelsie', 'Lexi', 'Phoebe', 'Halle']
['Kaila', 'Tania', 'Kiera', 'Kiersten', 'Fiona', 'Charity', 'Janae', 'Johanna', 'Skye', 'Zaria']
['Alyson', 'Sage', 'Lucia', 'Angie', 'Carlie', 'Marilyn', 'Piper', 'Perla', 'Elisa', 'Esperanza']
['Colleen', 'Ellen', 'Regina', 'Sydnee', 'Eve', 'Andrea', 'Caroline', 'Caitlin', 'Laura', 'Molly']
['Madisyn', 'Kaylin', 'Diana', 'Audrey', 'Heather', 'Skylar', 'Summer', 'Jamie', 'Alexia', 'Mya']
['Rhiannon', 'Naomi', 'Esmeralda', 'Abby', 'Adrianna', 'Kate', 'Kyla', 'Sadie', 'Kirsten', 'Ella']
['Jaclyn', 'Celeste', 'Mercedes', 'Dakota', 'Deanna', 'Alaina', 'Clarissa', 'Deja', 'Krystal', 'Meagan']
['Kiley', 'Anahi', 'Martha', 'Hailee', 'India', 'Francesca', 'Tyler', 'Abbey', 'Jane', 'Annika']
