['365', '146', '196', '145', '326', '132', '147', '83', '95', '28', '276', '104', '27', '29', '397', '162', '43', '241', '44', '218', '42', '126', '234', '52', '306', '53', '51', '232', '107', '96']
['363', '81', '339', '143', '80', '82', '30', '391', '101', '41', '156', '100', '102', '385', '135', '115', '349', '300', '114', '70', '295', '116', '120', '119', '321', '121', '13', '346', '227', '123']
['356', '355', '384', '308', '124', '185', '122', '157', '155', '69', '285', '240', '354', '134', '312', '239', '23', '294', '258', '296', '373', '170', '315', '369', '237', '259', '318', '316', '314', '322']
['325', '105', '323', '36', '59', '367', '328', '219', '195', '366', '368', '159', '0', '92', '204', '138', '1', '399', '9', '8', '192', '372', '10', '33', '106', '11', '383', '289', '25', '24']
['292', '26', '153', '175', '31', '4', '32', '319', '34', '49', '309', '50', '48', '136', '46', '58', '97', '57', '305', '348', '364', '68', '202', '71', '76', '73', '343', '269', '74', '72']
['291', '86', '327', '85', '352', '87', '230', '93', '188', '313', '94', '118', '263', '117', '125', '127', '191', '128', '129', '6', '334', '137', '139', '142', '144', '151', '150', '152', '393', '2']
['287', '390', '220', '268', '267', '35', '236', '275', '286', '75', '223', '290', '288', '297', '210', '392', '164', '298', '299', '245', '251', '320', '347', '335', '282', '370', '274', '353', '133', '362']
['277', '361', '386', '231', '377', '371', '112', '78', '280', '379', '378', '284', '65', '79', '380', '387', '398', '111', '389', '165', '396', '226', '183', '395', '16', '3', '235', '5', '7', '37']
['271', '272', '273', '317', '14', '17', '15', '18', '21', '20', '22', '89', '38', '40', '310', '45', '341', '47', '54', '303', '56', '55', '382', '60', '394', '311', '66', '77', '131', '168']
['270', '233', '84', '88', '197', '166', '90', '91', '184', '19', '376', '99', '98', '171', '103', '178', '109', '108', '110', '113', '221', '149', '130', '140', '141', '278', '358', '148', '154', '158']
['264', '265', '160', '266', '161', '324', '216', '293', '163', '167', '203', '169', '172', '173', '174', '179', '211', '180', '336', '181', '182', '187', '186', '217', '189', '190', '194', '252', '302', '307']
['260', '261', '262', '279', '246', '381', '281', '283', '340', '301', '337', '338', '342', '357', '375', '374', '39', '67', '222', '193', '247']
['255', '256', '254', '257', '248', '253', '304']
['249', '250']
['243', '244']
['242']
['229', '228', '344', '201', '388', '345']
['214', '213', '212', '215']
['209', '208', '63', '238', '207', '206', '329', '330', '359', '331', '225', '332', '12', '176', '64', '62', '224', '205', '333', '360', '61', '177']
['200', '199', '198', '350', '351']
