['398', '7', '5', '4', '3', '11', '6']
['397', '15', '10', '8', '9', '14', '19']
['396', '12', '13', '16', '23', '17', '18']
['394', '22', '20', '27', '21', '25', '31']
['393', '24', '26', '35', '29', '30', '28']
['392', '33', '34', '39', '32', '37', '38']
['390', '43', '36', '40', '41', '47', '42']
['389', '44', '45', '46', '51', '49', '48']
['388', '55', '50', '52', '54', '53', '59']
['386', '63', '57', '56', '58', '62', '60']
['385', '67', '61', '66', '71', '64', '65']
['384', '70', '69', '68', '75', '74', '79']
['382', '73', '72', '76', '77', '83', '78']
['381', '87', '81', '80', '82', '85', '91']
['380', '84', '86', '88', '95', '90', '89']
['378', '94', '92', '99', '93', '97', '96']
['377', '103', '98', '107', '102', '100', '101']
['376', '105', '104', '106', '111', '110', '108']
['374', '109', '115', '113', '114', '119', '112']
['373', '116', '123', '118', '117', '127', '122']
['372', '120', '121', '125', '131', '126', '124']
['370', '130', '128', '129', '135', '133', '132']
['369', '134', '139', '143', '136', '138', '137']
['368', '142', '141', '140', '147', '145', '151']
['366', '146', '144', '148', '150', '155', '149']
['365', '159', '154', '152', '153', '158', '163']
['364', '156', '157', '160', '167', '162', '161']
['362', '164', '171', '166', '165', '168', '175']
['361', '169', '170', '174', '172', '179', '173']
['360', '178', '177', '183', '176', '187', '182']
['358', '181', '180', '186', '185', '191', '184']
['357', '195', '190', '188', '189', '192', '194']
['356', '193', '199', '203', '198', '197', '196']
['354', '200', '207', '202', '201', '206', '205']
['353', '204', '211', '208', '215', '210', '209']
['352', '212', '213', '214', '219', '223', '216']
['350', '217', '218', '222', '221', '220', '227']
['349', '231', '226', '224', '225', '235', '230']
['348', '229', '228', '232', '239', '234', '233']
['346', '237', '236', '238', '243', '241', '242']
['345', '240', '247', '246', '245', '251', '244']
['344', '255', '250', '248', '249', '254', '259']
['342', '252', '253', '258', '263', '257', '256']
['341', '262', '260', '261', '343', '347', '351']
['340', '355', '359', '363', '367', '371', '375']
['338', '339', '379', '383', '387', '391', '395']
['337', '399', '2', '1', '0']
['336']
['334', '335']
['333']
['332']
['330', '331']
['329']
['328']
['326', '327']
['325']
['324']
['322', '323']
['321']
['320']
['318', '319']
['317']
['316']
['314', '315']
['313']
['312']
['310', '311']
['309']
['308']
['306', '307']
['305']
['304']
['302', '303']
['301']
['300']
['298', '299']
['297']
['296']
['294', '295']
['293']
['292']
['290', '291']
['289']
['288']
['286', '287']
['285']
['284']
['282', '283']
['281']
['280']
['278', '279']
['277']
['276']
['274', '275']
['273']
['272']
['270', '271']
['269']
['268']
['266', '267', '264', '265']
