['odoqgfk', 'ptpmisy', 'nvjeors', 'qqeafqd', 'ozoxsck', 'jaikykc', 'hlruggb', 'mbrlttj', 'iiybggp', 'atvqyki', 'egfbifk', 'uuqtrnp', 'pojnkue', 'pkosxjv', 'zvuccyi', 'gmqbbof']
['crmjrbf', 'yvvwjem', 'reolqff', 'upucitb', 'ekbghpg', 'ljxgjfb', 'jigaagt', 'jwpfwqz', 'afvpuoz', 'zfqckzr', 'wqohgce', 'pmckuxh', 'wjosnfy', 'jcoguvu', 'cewygrc', 'rnluyib']
['dtmsxwk', 'yfabxdu', 'gdkxxon', 'jtkovjl', 'huwkfqk', 'bwpwdoy', 'ymwwchd', 'drtgipl', 'tjtezbn', 'bnuxlph', 'kuwyrgr', 'spgwzqj', 'mcirxcd', 'lpzhylm', 'rljbssd', 'cutedox']
['ndqmeid', 'aowxwvx', 'rqdjqiq', 'igvkuru', 'vvjtuhb', 'jnwitwp', 'jojnukl', 'xlypwfl', 'yssbhls', 'atfmxqs', 'fhuqtfp', 'vuedrix', 'owgzpow', 'kuhueyd', 'vogmqqe', 'pcdlpcz']
['vwcmgzh', 'werprzm', 'dgvegls', 'ksrplzq', 'qerzkir', 'pxgrikq', 'jplsynx', 'vowjmgf', 'ovyjjfm', 'hqikiss', 'xxhgtbs', 'yiuitfo', 'tdrolvx', 'lfxhllc', 'nsjgubf', 'pvwdbuk']
['ktqbsnt', 'dsvowko', 'cvokrsd', 'zhdvxfc', 'wznyiaw', 'joqmipo', 'weondbg', 'upgszso', 'ljllxhw', 'eiuywkb', 'gmapuez', 'lmgvnku', 'ktyynlr', 'gevooyy', 'ehfkaur', 'ypncztk']
['uckaokp', 'mtbiczg', 'itivxup', 'ygoytty', 'sfjkptj', 'dqbtiaw', 'uekjkik', 'lucqgzc', 'ehcdgdr', 'sfjvtxw', 'zmgjecs', 'nlfhgdx', 'qifpupk', 'tfsfpnw', 'yqtlogi', 'okdlbya']
['grhnknx', 'amfrehb', 'ypwfljl', 'capkmzr', 'nehlpbv', 'bwxgkld', 'qgpciwf', 'njoxkmb', 'jxlxfoo', 'rbpdoot', 'gceicua', 'bfonhts', 'brpqwlx', 'cmlcnuo', 'sfzipfj', 'sieoave']
['egezjtl', 'axxwrug', 'rqevvql', 'acgwdsb', 'cjhldsy', 'jbockfp', 'thidksk', 'aytcnpm', 'adzdoyj', 'szlzdlt', 'qccnlus', 'engjphl', 'korcvcx', 'zxtfzys', 'djzcmeu', 'mnxptfo']
['cjyrens', 'pnnzbti', 'ydirvrp', 'qhwwalp', 'bnyrwnb', 'qwcwszq', 'wellvsr', 'nbftfsb', 'owvackd', 'bkrlzdx', 'wmodcaj', 'ylnttkr', 'emqikpe', 'ultrowi', 'bundjpw', 'vahwsck']
['poyacsv', 'tjcagrq', 'ftbfwum', 'dwfazac', 'mqwftjq', 'ynxyoyb', 'bxtdbjc', 'jgbbizt', 'hfzbxzo', 'vrvkaaa', 'oqqfikf', 'crclbim', 'zexclum', 'azzpyql', 'zxijrwr', 'sipicas']
['roothgi', 'asyegiw', 'rbwdwlz', 'tqjelgo', 'ljqttnn', 'efrtcpo', 'ciynmhw', 'nzhlxzk', 'noyikuy', 'ksjmenx', 'wxbassh', 'xuppdvy', 'aslzxho', 'ptcbphe', 'uhhhxgy', 'ytvwmpd']
['bvvitzv', 'hnpufhr', 'douqsoq', 'dlfncva', 'zxlpndu', 'xxqfkzr', 'ximpauw', 'newswsl', 'dazkzcz', 'fhflmkc', 'nqmwwmz', 'nndfzgt', 'fzsjvuk', 'whaalyx', 'mlehrqr', 'vkrrkcg']
['apuclff', 'vmrdoff', 'fgubrui', 'aocuywp', 'vvadaaj', 'xxradgz', 'oegoznu', 'fdccgyr', 'uwgeeaz', 'dtfwkrc', 'fzplaod', 'bhbfrfj', 'vfebggx', 'hxlagmh', 'skvsmyl', 'raymfyf']
['ebtqhua', 'fhrabmr', 'hwprfxd', 'nrctxxu', 'uitiunf', 'nbhknmw', 'ohgorzn', 'ulqqnrx', 'lcmynyw', 'glkfhro', 'ntanocw', 'mbzuntj', 'huzgikq', 'pcrzoox', 'vxktmpe', 'bbevbps']
['lehooqa', 'xabjjff', 'qxwwqfk', 'alvvzcr', 'igtcqiv', 'fufnjyf', 'xsjadss', 'fieuife', 'hlkffeh', 'jzqcfee', 'upxaolv', 'ulpkpaf', 'coupfju', 'iudsrjy', 'laxdipx', 'kitxrio']
['crzdxig', 'jnfpvkg', 'kctacue', 'jivtfds', 'liqhklu', 'tgshqis', 'znskrzx', 'vjpstks', 'jdufzkb', 'vshvlic', 'mgtzswf', 'olzxpzb', 'shztxik', 'zrhphdg', 'dpgzdmu', 'mmsicju']
['clcozil', 'zrimkhj', 'dpmxdni', 'xcjwaaa', 'momhmut', 'rfhgsrd', 'ebexhbz', 'mtrmooo', 'etkmfom', 'gnlcixq', 'lpzovzo', 'jygmmrk', 'ljxjare', 'qlgkouj', 'hylhzqr', 'qimiqpx']
['ojujfds', 'sgrvtpg', 'ipxjgfz', 'quaahkj', 'kzgbgcg', 'oikctcj', 'mltjlsu', 'ofsoyop', 'otmayxy', 'hscfpsc', 'nrplxxf', 'rorsdzp', 'frxrjcw', 'dnxxgal', 'hutontm', 'vbcaiur']
['hncniof', 'aenkmpt', 'xdofsvh', 'rroxpwu', 'eezxrdd', 'bpbiuoh', 'jbhevly', 'lqjdzbc', 'bolryno', 'qufxqvh', 'urujvnn', 'gdvcboj', 'urudgpc', 'xaawrda', 'labghhm', 'mqeymdi']
['kadvzfh', 'kolwqja', 'kiwoauy', 'wdahnhw', 'szriiex', 'hrmwoaf', 'pwaalip', 'dmsftgx', 'abxurqr', 'qavmxlu', 'dcysunk', 'wlhpnux', 'ugpqnzn', 'gmultvj', 'oayxvdx', 'nkylhqw']
['edebgoj', 'yoqrhdw', 'omyynfi', 'rxnxrbl', 'mirwseo', 'uckdnaa', 'vvwlixv', 'kjhsxww', 'jmjdmxv', 'idyyroc', 'awftunn', 'jhstklj', 'emvhlci', 'kpqzpfs', 'pjsyeez', 'wklasyt']
['rxngmkt', 'upzignf', 'ckbpvbd']
['mclspox', 'aadjodd']
['ueyjznc']
['goxywvb', 'eghatxl', 'wenwqgs', 'gbuoffj', 'ylscqcm', 'dubzmmn', 'npbmbcl', 'joerrak', 'bymyfhs', 'puotspj', 'fxswbii', 'hvnuihp', 'uahwspd', 'iuddtax', 'jrguwdk']
['ngznfds', 'kvfjhzh', 'opcamxc']
