['263', '61', '244', '34', '64', '214', '97', '277', '127', '217', '247', '37', '187', '249', '190', '280', '70', '130', '250', '40']
['192', '12', '222', '162', '72', '42', '102', '282', '132', '13', '252', '43', '14', '223', '253', '73', '133', '283', '163', '103']
['161', '11', '251', '41', '71', '131', '191', '281', '193', '254', '104', '164', '74', '44', '134', '15', '194', '165', '195', '45']
['292', '225', '255', '105', '135', '285', '16', '75', '226', '286', '17', '76', '46', '256', '106', '196', '136', '166', '47', '137']
['284', '167', '227', '287', '77', '197', '107', '18', '257', '108', '198', '138', '168', '78', '228', '48', '19', '258', '288', '139']
['275', '5', '215', '185', '95', '35', '6', '65', '186', '246', '156', '66', '126', '36', '276', '7', '216', '96', '157', '67']
['272', '2', '3', '62', '92', '182', '32', '122', '212', '243', '63', '93', '273', '213', '33', '153', '4', '183', '274', '154']
['270', '0', '60', '1', '210', '90', '29', '150', '120', '30', '180', '240', '91', '271', '211', '241', '151', '181', '31', '121']
['261', '259', '49', '169', '289', '199', '109', '229', '20', '79', '170', '290', '230', '260', '50', '21', '80', '110', '200', '140']
['245', '291', '22', '141', '81', '51', '111', '262', '232', '52', '112', '202', '23', '172', '142', '82', '113', '83', '293', '24']
['242', '173', '203', '233', '143', '53', '84', '234', '114', '204', '174', '264', '294', '54', '297', '87', '57', '147', '237', '207']
['235', '25', '265', '295', '205', '55', '26', '85', '145', '175', '116', '296', '236', '206', '56', '266', '27', '146', '176', '267']
['224', '28', '268', '178', '238', '118', '88', '148', '58', '298', '208', '299', '239', '269', '89', '179', '119']
['221']
['209']
['201', '231', '171']
['155']
['152']
['149', '59']
['144']
['128', '8', '68', '38', '98', '278', '218', '188', '9', '248', '158', '189', '159', '279', '99', '219', '129', '69', '39', '10']
['125']
['124', '184']
['123']
['117', '177']
['115']
['101']
['100', '220', '160']
['94']
['86']
