['RM', 'BAVHR', 'GDGZN', 'OYJLB', 'I', 'MYSMZ', 'UXBDM', 'NVLNXP', 'NS', 'SHT', 'P', 'EP', 'G', 'TGKUE', 'EHXPLS', 'NDF', 'CVSPP', 'ERR', 'MWKWWN', 'PRYXX']
['BX', 'JL', 'NMU', 'HSHY', 'U', 'AEV', 'MYN', 'DVVKX', 'ETSAG', 'S', 'TYQL', 'NTMT', 'XVU', 'WBPB', 'E', 'TCBKQ', 'GUOYX', 'TXNP', 'ZYFXQ', 'ZHDBW']
['BHKK', 'TN', 'YK', 'DFGWZZ', 'FBW', 'VYGES', 'JSMAHJ', 'YXEJT', 'KCQRDN', 'KLQR', 'HMURVX', 'NZDAU', 'RWO', 'UBWSTW', 'XEAARR', 'LWIA', 'MXSFK', 'ZTK', 'NBJL', 'POL']
['QDMX', 'PIGBG', 'UBYG', 'QBB', 'DEXTSN', 'RUC', 'IU', 'EYEWXP', 'SRJZQ', 'YO', 'FJTW', 'BJ', 'NDLUNW', 'OHZYQ', 'LY', 'AW', 'HDJL', 'TZTCA', 'VL', 'BSAEQ']
['VOLULU', 'BPZAJ', 'GBSI', 'QREJG', 'AJDT', 'TRXUD', 'YQ', 'HDJIQ', 'PJG', 'KPXJFJ', 'CMB', 'XLWRB', 'JJ', 'SBM', 'MMUK', 'UJ', 'MK', 'YII', 'JMYQEA', 'KJHR']
['ZAP', 'ZVKC', 'LHILT', 'EDAKUV', 'OQV', 'THMU', 'ZJUCNC', 'CHR', 'IMB', 'TB', 'O', 'NO', 'OC', 'RZU', 'XINMR', 'FAF', 'AZGCQ', 'FP', 'Z', 'CAED']
['ET', 'AB', 'UK', 'OTXCZH', 'JUXOIJ', 'YOGJ', 'JNJNE', 'YDDS', 'WTGA', 'XU', 'QKT', 'QNKIQE', 'D', 'UI', 'H', 'TSSNJ', 'DQQ', 'ZW', 'WELF', 'HLT']
['QNN', 'SU', 'JCM', 'QROYGT', 'BW', 'LW', 'FCB', 'KFBC', 'DRLM', 'TQWWLG', 'YFFNQ', 'AY', 'LJSX', 'TTV', 'TJU', 'HHCPMB', 'HTA', 'TOR', 'BHT', 'CCIYM']
['WZ', 'AL', 'BNC', 'ICLIT', 'EVDQNK', 'QGUYKQ', 'J', 'MM', 'X', 'C', 'CTRFIJ', 'WAXWZU', 'GDFI', 'TUB', 'ZHCQG', 'SY', 'NGUN', 'T', 'RQRWJT', 'V']
['TGDTND', 'FGPZAA', 'NJAA', 'IGSXN', 'MISGHL', 'OVM', 'KBV', 'OIA', 'EWAZF', 'OYDEJ', 'RWHILI', 'HH', 'PE', 'FVMBV', 'ARYSPZ', 'ZDYFZU', 'PBRPX', 'TAN', 'JN', 'WVHKC']
['VYBQIM', 'OFIPP', 'MRT', 'DCBWSF', 'CNYXMO', 'IE', 'LZQ', 'GFNZL', 'FLLJ', 'KFYTH', 'DJC', 'A', 'MICOE', 'B', 'PHS', 'BFZ', 'EVTLXI', 'QYC', 'AFH', 'LNMCTV']
['UEKXJH', 'GCSAZH', 'NDMQJ', 'QE', 'YEBV', 'UXXBYF', 'AH', 'FSZNT', 'VWK', 'HGT', 'WWF', 'HOQPX', 'IYCHS', 'EYVVY', 'UVUBDR', 'LQ', 'EM', 'FPPMUW', 'LTHESD', 'CN']
['NP', 'WCZSB', 'NDZ', 'UIUBC', 'ZQAULZ', 'DJS', 'XS', 'BGB', 'BQIFGG', 'CFG', 'ZTR', 'UU', 'USZM', 'FXAQ', 'KRXDGO']
['XFGUIZ']
['JCEYOL']
['MPYJWG', 'HO', 'ZIIN', 'AZN', 'COYVMU', 'ZVWR', 'EMP', 'W', 'M', 'MOOKF', 'ETBLO', 'SGY', 'KMU', 'PQ', 'MLDT', 'L', 'KW', 'EU', 'ZULMQ', 'TXCK']
['HJW', 'MV', 'ACYQN', 'DBGM', 'LZLFY', 'CRAQYE', 'VHUHI', 'NAIN', 'WK', 'IWP', 'JP', 'QREJV', 'N', 'JBJS', 'Y', 'RKCPEP', 'BBB', 'GI', 'WFWU', 'XLVUF']
['FWRV', 'AQDX', 'ODIF', 'ORJB', 'OEJ', 'WPRTBZ', 'KKFPQ', 'HPXSSF', 'XT', 'QIZWG', 'EJOR', 'ANW', 'UHTMG', 'DLJMZC', 'FAL', 'SK', 'VCFLXV', 'MY', 'OL', 'AR']
['KAZEK']
['SUPLJO', 'SEWIVO']
