['5', '267', '100', '60', '194', '19', '235', '25', '111', '17', '251', '66', '13', '52', '85', '42', '174', '30', '213', '48', '271', '120', '173', '166', '73', '218', '205', '165', '88', '34', '21', '133', '222', '161', '10', '77', '107', '92', '35']
['254', '227', '266', '187', '101', '143', '245', '214', '61', '44', '255', '134', '150', '15', '59', '209', '239', '268', '244', '113', '200', '181', '160', '233', '22', '193', '93', '50', '272', '175', '98', '131', '170', '228', '257', '269', '47', '112', '242']
['1', '145', '41', '192', '80', '69', '159', '249', '238', '70', '139', '56', '158', '26', '33', '211', '217', '146', '184', '273', '20', '210', '87', '121', '168', '247', '79', '141', '14', '176', '201', '109', '186', '29', '237', '58', '256', '154', '260']
['226', '206', '191', '110', '292', '293', '296', '297', '298', '299', '162', '225', '189', '54', '72', '90', '153', '207', '45', '81', '108', '117', '261', '198']
['220', '294', '216']
['182', '291', '180']
['149', '144']
['68', '63']
['4', '0']
['265', '274', '116', '46', '57', '163', '3', '49', '12', '197', '137', '16', '67', '130', '89', '195', '275', '132', '196', '241', '105', '169', '37', '248', '204', '263', '65', '95', '125', '6', '276', '55', '40', '86', '39', '229', '119', '7', '78']
['259', '252']
['250', '243']
['240', '234']
['231', '295']
['177', '171']
['172']
['167', '270', '140', '76', '71', '157', '178', '253', '236', '264', '2', '96', '62', '185', '151', '122', '232', '32', '114', '75', '190', '258', '104', '142', '230', '43', '84', '199', '202', '215', '124', '183', '152', '246', '156', '94', '224', '223', '164']
['138', '135']
['136', '277', '147', '83', '179', '155', '74', '219', '221', '102', '208', '51', '278', '28', '82', '212', '31', '279', '53', '148', '280', '188', '123', '118', '281', '97', '282', '91', '283', '203', '284', '262', '285', '24', '286', '287', '288', '289', '290']
['129', '126']
['128']
['127']
['115']
['106', '99']
['103']
['64']
['38', '36']
['23', '18']
['11', '9']
['8', '27']
