['LangstonGalloway', 'TaureanWallerPrince']
['ReggieJackson', 'MikeMuscala']
['AveryBradley', 'ErsanIlyasova']
['LukeKennard', 'DewayneDedmon']
['ReggieBullock', 'MalcolmDelaney']
['AnthonyTolliver', 'MarcoBelinelli']
['StanleyJohnson', 'IsaiahTaylor']
['IshSmith', 'KentBazemore']
['AndreDrummond', 'DennisSchroder']
['JodieMeeks', 'JohnCollins']
['IanMahinmi', 'JaysonTatum']
['MikeScott', 'AronBaynes']
['JohnWall', 'MarcusMorris']
['TomasSatoransky', 'DanielTheis']
['MarkieffMorris', 'KyrieIrving']
['MarcinGortat', 'SemiOjeleye']
['KellyOubre', 'MarcusSmart']
['OttoPorter', 'JaylenBrown']
['BradleyBeal', 'TerryRozier']
['EkpeUdoh', 'AlHorford']
['AlecBurks', 'SpencerDinwiddie']
['RodneyHood', 'JarrettAllen']
['JonasJerebko', 'QuincyAcy']
['RoyceONeale', 'TylerZeller']
['RudyGobert', 'JoeHarris']
['DerrickFavors', 'RondaeHollisJefferson']
['RickyRubio', 'DeMarreCarroll']
['JoeIngles', 'DAngeloRussell']
['DonovanMitchell', 'CarisLeVert']
['CJMiles', 'AllenCrabbe']
['DelonWright', 'KembaWalker']
['OGAnunoby', 'MichaelKiddGilchrist']
['FredVanVleet', 'MalikMonk']
['JakobPoeltl', 'TreveonGraham']
['PascalSiakam', 'MichaelCarterWilliams']
['JonasValanciunas', 'MarvinWilliams']
['SergeIbaka', 'FrankKaminsky']
['KyleLowry', 'DwightHoward']
['DeMarDeRozan', 'NicolasBatum']
['DavisBertans', 'JeremyLamb']
['RudyGay', 'JustinHoliday']
['ManuGinobili', 'CristianoFelicio']
['BrynForbes', 'PaulZipser']
['DejounteMurray', 'DavidNwaba']
['DannyGreen', 'KrisDunn']
['PauGasol', 'BobbyPortis']
['KyleAnderson', 'RobinLopez']
['PattyMills', 'DenzelValentine']
['LaMarcusAldridge', 'JerianGrant']
['GeorgeHill', 'LauriMarkkanen']
['SkalLabissiere', 'LeBronJames']
['KostaKoufos', 'TristanThompson']
['JustinJackson', 'JaeCrowder']
['ZachRandolph', 'JoseCalderon']
['GarrettTemple', 'JeffGreen']
['BuddyHield', 'CediOsman']
['DeAaronFox', 'JRSmith']
['WillieCauleyStein', 'KyleKorver']
['BogdanBogdanovic', 'KevinLove']
['ZachCollins', 'DwyaneWade']
['MauriceHarkless', 'HarrisonBarnes']
['EdDavis', 'WesleyMatthews']
['PatConnaughton', 'DirkNowitzki']
['ShabazzNapier', 'DennisSmith']
['EvanTurner', 'YogiFerrell']
['AlFarouqAminu', 'SalahMejri']
['JusufNurkic', 'MaxiKleber']
['DamianLillard', 'DevinHarris']
['CJMcCollum', 'DwightPowell']
['JaredDudley', 'JJBarea']
['TysonChandler', 'WillBarton']
['AlexLen', 'PaulMillsap']
['MarqueseChriss', 'GaryHarris']
['TroyDaniels', 'EmmanuelMudiay']
['TylerUlis', 'MasonPlumlee']
['DevinBooker', 'TorreyCraig']
['JoshJackson', 'NikolaJokic']
['DraganBender', 'JamalMurray']
['TJWarren', 'TreyLyles']
['RichaunHolmes', 'WilsonChandler']
['TimotheLuwawuCabarrot', 'TobiasHarris']
['JerrydBayless', 'MontrezlHarrell']
['AmirJohnson', 'BlakeGriffin']
['TJMcConnell', 'SamDekker']
['JoelEmbiid', 'WesleyJohnson']
['JJRedick', 'LouWilliams']
['DarioSaric', 'DeAndreJordan']
['RobertCovington', 'AustinRivers']
['BenSimmons', 'MilosTeodosic']
['WesleyIwundu', 'SindariusThornwell']
['ElfridPayton', 'KlayThompson']
['ShelvinMack', 'PatrickMcCaw']
['BismackBiyombo', 'StephenCurry']
['MarioHezonja', 'KevinDurant']
['NikolaVucevic', 'ShaunLivingston']
['DJAugustin', 'ZazaPachulia']
['EvanFournier', 'NickYoung']
['AaronGordon', 'AndreIguodala']
['JonathonSimmons', 'DraymondGreen']
['JoshHuestis', 'DavidWest']
['AndreRoberson', 'JamesHarden']
['AlexAbrines', 'ClintCapela']
['PatrickPatterson', 'NeneHilario']
['RaymondFelton', 'LucMbahaMoute']
['JeramiGrant', 'PJTucker']
['StevenAdams', 'RyanAnderson']
['CarmeloAnthony', 'TrevorAriza']
['PaulGeorge', 'ChrisPaul']
['RussellWestbrook', 'EricGordon']
['DougMcDermott', 'GeraldGreen']
['LanceThomas', 'ThaddeusYoung']
['KyleOQuinn', 'JoeYoung']
['JarrettJack', 'AlJefferson']
['KristapsPorzingis', 'CoryJoseph']
['MichaelBeasley', 'LanceStephenson']
['FrankNtilikina', 'DarrenCollison']
['EnesKanter', 'DomantasSabonis']
['TimHardaway', 'MylesTurner']
['CourtneyLee', 'VictorOladipo']
['NikolaMirotic', 'BojanBogdanovic']
['JameerNelson', 'KentaviousCaldwellPope']
['DanteCunningham', 'LonzoBall']
['IanClark', 'LarryNance']
['RajonRondo', 'JordanClarkson']
['DeMarcusCousins', 'JoshHart']
['DariusMiller', 'BrookLopez']
['ETwaunMoore', 'BrandonIngram']
['AnthonyDavis', 'CoreyBrewer']
['JrueHoliday', 'KyleKuzma']
['ShabazzMuhammad', 'JuliusRandle']
['GorguiDieng', 'MarcGasol']
['NemanjaBjelica', 'JaMychalGreen']
['TyusJones', 'BenMcLemore']
['JamalCrawford', 'DillonBrooks']
['JimmyButler', 'TyrekeEvans']
['JeffTeague', 'JarellMartin']
['TajGibson', 'AndrewHarrison']
['KarlAnthonyTowns', 'JamesEnnis']
['AndrewWiggins', 'MarioChalmers']
['JabariParker', 'DeyontaDavis']
['SterlingBrown', 'JustiseWinslow']
['JasonTerry', 'TylerJohnson']
['ThonMaker', 'WayneEllington']
['MalcolmBrogdon', 'GoranDragic']
['JohnHenson', 'BamAdebayo']
['TonySnell', 'HassanWhiteside']
['EricBledsoe', 'JamesJohnson']
['GiannisAntetokounmpo', 'KellyOlynyk']
['KhrisMiddleton']
['DionWaiters', 'JoshRichardson']
