['HJ', 'JF', 'HB', 'HM', 'PK', 'QS', 'JV', 'QP', 'BO', 'HZ']
['RY', 'Y', 'MD', 'LE', 'CR', 'SH', 'FE', 'LK', 'CT', 'KQ']
['JC', 'RC', 'R', 'KA', 'IQ', 'OR', 'HX', 'LR', 'PT', 'DO']
['QU', 'CL', 'FM', 'RA', 'LB', 'KY', 'GT', 'CU', 'U', 'QL']
['W', 'FN', 'JS', 'NP', 'CB', 'GA', 'TA', 'IA', 'KE', 'JG']
['GO', 'FW', 'CZ', 'JB', 'SW', 'GM', 'NZ', 'RM', 'BI', 'DF']
['DT', 'ME', 'A', 'RH', 'SG', 'MJ', 'DX', 'BK', 'EO', 'GZ']
['SY', 'PU', 'GR', 'RT', 'JW', 'QQ', 'EJ', 'HG', 'RJ', 'OT']
['TD', 'NB', 'KP', 'DE', 'BQ', 'EX', 'MT', 'EL', 'JY', 'O']
['IC', 'GF', 'CA', 'P', 'HA', 'PR', 'QR', 'NE', 'CY', 'LV']
['IX', 'LW', 'LZ', 'RE', 'LA', 'BP', 'QE', 'QB', 'CD', 'BY']
['RR', 'CV', 'RO', 'ES', 'DK', 'LI', 'BE', 'OE', 'KU', 'L']
['KK', 'TB', 'OD', 'MI', 'DJ', 'FL', 'RN', 'FU', 'HH', 'JU']
['QM', 'SF', 'BB', 'SN', 'QJ', 'BT', 'JJ', 'X', 'MN', 'NN']
['NF', 'QK', 'GE', 'Q', 'LY', 'FQ', 'GW', 'IB', 'OQ', 'FF']
['HL', 'PS', 'BA', 'MW', 'KV', 'KL', 'PM', 'PA', 'OC', 'NL']
['DI', 'OO', 'EQ', 'KW', 'HR', 'OH', 'RD', 'OK', 'HF', 'JT']
['GB']
['BU', 'PN', 'EH', 'SM', 'FX', 'GG', 'ID', 'LQ', 'GH', 'IU']
['DH', 'SC', 'QV', 'K', 'NT', 'FD', 'BC', 'FT', 'IK', 'GS']
['JQ', 'SS', 'SZ']
['ED', 'QI', 'SV', 'IL', 'IO', 'CE', 'FV', 'GP', 'HY', 'DP']
['SE', 'JH', 'CO', 'EN', 'PP', 'MM', 'EV', 'F', 'QW', 'NA']
['MF', 'ST', 'KC', 'SU', 'DB']
['CX', 'CC', 'PQ', 'QA', 'CM', 'KJ', 'PE', 'MC', 'PB', 'MG']
['JE', 'EI']
['HQ', 'DM', 'NU', 'RP', 'LC', 'LU', 'OI', 'HK', 'BH', 'B']
['PD', 'CQ', 'IY', 'BJ', 'QT', 'ON', 'MO', 'PJ', 'BL', 'BM']
['BN', 'N', 'DC', 'KM', 'MZ', 'ET', 'DD', 'GX', 'LH', 'QG']
['OS', 'CP', 'ER', 'SP', 'V', 'KO', 'HV', 'SO', 'PL', 'RS']
['JI', 'BR', 'BZ', 'HO', 'EE', 'LL']
['MH', 'CH', 'CF', 'E', 'OF']
['HC']
['NC', 'MU', 'RV', 'OG', 'Z', 'II', 'IF', 'H', 'ML', 'BV']
['RW', 'PX', 'I', 'OA', 'PG', 'HW', 'KG', 'GV', 'BG', 'KB']
['NG']
['EF', 'KI']
['JK']
['TC', 'PW', 'NM', 'FH', 'PH', 'NO', 'NV', 'NY', 'TF', 'JO']
['KS', 'IG', 'RB', 'MX', 'KR', 'DG', 'EK', 'RK', 'QX', 'CS']
['M', 'PV', 'HP']
['GK', 'BS', 'SI', 'CI', 'JN', 'SQ', 'OJ', 'EY', 'JL', 'RF']
['KN', 'IV', 'DA', 'BX', 'PF', 'HD', 'LO', 'RL', 'D', 'FG']
['FB', 'GD']
['JP']
['CN', 'IP', 'OY', 'SK']
['NS', 'GY', 'IT', 'EA']
['QH']
['NK']
['LX', 'CW', 'EW', 'IE', 'DQ']
['MS', 'LG', 'FK', 'KT', 'BF', 'SX', 'HI', 'OL']
['EZ', 'JZ', 'QF']
['EP', 'EU', 'IN']
['G', 'LS', 'KH', 'HU', 'OP', 'FA', 'CG', 'HS', 'IZ', 'TE']
['SL', 'OX', 'EG', 'MB']
['GI', 'DS']
['SB', 'BD', 'NJ', 'OB', 'FO', 'CJ', 'KZ', 'IR', 'GJ', 'LN']
['PO', 'C', 'JA', 'CK', 'DR']
['DL', 'IJ']
['RX', 'HT']
['OM', 'OU', 'RQ', 'EB', 'LT', 'RU', 'HE', 'FS']
['OW']
['LF', 'DU', 'FY']
['MP', 'PI']
['OZ']
['QZ']
['SR']
['RI', 'IH', 'SD', 'GN', 'KF', 'KD', 'FI', 'IS', 'HN', 'OV']
['LM', 'EM', 'JX', 'RZ', 'FJ']
['FP']
['GQ', 'JD', 'DV', 'PC', 'MQ']
['QY']
['FC', 'QC', 'MA']
['T']
['JM']
['GC']
['MV']
['NH']
['NI', 'BW', 'LP']
['DY']
['GU', 'MY']
['RG']
['ND']
['SJ']
['KX']
['PY']
['DN', 'FZ', 'LD', 'NX']
['MR']
['IM']
['SA']
['QD']
['QO', 'S', 'PZ', 'NQ', 'JR', 'GL']
['IW']
['QN']
['DZ']
['DW']
['FR']
['LJ', 'J']
['NW', 'MK', 'NR']
['EC']
