['Vickie', 'Cynthia', 'Cathleen', 'Milton', 'Karen', 'Randy', 'Marge']
['Shawna', 'Stacy', 'Shelly', 'Anne', 'Robin', 'Thelma', 'Evan']
['Kenneth', 'Kristina', 'Emerson', 'Angel', 'Theresa', 'Alonzo', 'Patsy']
['Walter', 'Virginia', 'Steve', 'Brittany', 'Minnie', 'Albert', 'Ladonna']
['Bessie', 'Marla', 'Aron', 'Desiree', 'Irene', 'Colleen', 'Chester']
['Beverly', 'Elvera', 'Craig', 'Dan', 'Rocio', 'Mari', 'Lester']
['Tabatha', 'Fredrick', 'Stephen', 'Trenton', 'Lorena', 'Carl', 'Jason']
['Kay', 'Jane', 'Lauren', 'Shaun', 'Kim', 'Leigh', 'Gary']
['Mei', 'Jim', 'Dottie', 'Danielle', 'John', 'Kristine', 'Juan']
['Patricia', 'Alan', 'Ernest', 'Joe', 'Daniel', 'Carmen', 'Jonathon']
['Jayne', 'Johnny', 'Bernadette', 'Martin', 'Lidia', 'Carolyn', 'Cheri']
['Edwin', 'Sally', 'Roberta', 'Carla', 'Dena', 'Paul', 'Donna']
['Mildred', 'Jami', 'Tomas', 'Raquel', 'Louise', 'Rueben', 'Judith']
['Norma', 'Thomas', 'Russel', 'Harriet', 'Jessie', 'Ray', 'Rachel']
['Joyce', 'Samantha', 'Christine', 'Cedric', 'Dolores', 'Lillie', 'Casandra']
['Brandon', 'Megan', 'Charlotte', 'Arthur', 'Rick', 'Melissa', 'Myra']
['Emilee', 'Lela', 'Reggie', 'Nellie', 'Andrea', 'Raymond', 'Janet']
['Loretta', 'Molly', 'Tiara', 'Debra', 'Maria', 'Lori', 'Carina']
['Houston', 'Bernard', 'Arline', 'Phyllis', 'Victor', 'Jeff', 'Porfirio']
['Leo', 'Renee', 'Wade', 'Isabelle', 'Kelly', 'Esta', 'Stanley']
['Paula', 'Jacqueline', 'Austin', 'Scotty', 'Hugo', 'Ericka', 'Dewayne']
['Ricardo', 'Cara', 'Shirley', 'Linda', 'Edward', 'Carlton', 'Billie']
['Lawrence', 'Beatriz', 'Melvin', 'Annie', 'Barbra', 'Lakesha', 'Antonietta']
['Gene', 'Clyde', 'Esperanza', 'Dwayne', 'Kenny', 'Susan', 'Lorenzo']
['Maureen', 'Steven', 'Pauline', 'Weldon', 'Julie', 'Benjamin', 'Lisa']
['Luis', 'Ada', 'Pearl', 'Donald', 'Hildegard', 'Esther', 'Lucy']
['Gail', 'Lydia', 'Maxine', 'Olive', 'Crystal', 'Patrice', 'Katrina']
['Joshua', 'Robert', 'Timothy', 'Helen', 'Julius', 'Christiana', 'Martha']
['Grace', 'Nathaniel', 'Kyle', 'Richard', 'Alice', 'Lottie', 'Margaret']
['Joy', 'Lacey', 'Mario', 'Mark', 'Elizabeth', 'Wilfredo', 'Henry']
['Isaac', 'Bobby', 'Vicente', 'Bonita', 'Mae', 'Lucille', 'Dennis']
['Gloria', 'Mary', 'Jonathan', 'Phillip', 'Bernie', 'Bernice', 'Hilton']
['Eunice', 'Octavia', 'Derrick', 'Philip', 'Aileen', 'Brian', 'Rory']
['Iris', 'Maryann', 'Miriam', 'Shante', 'Ronald', 'Roy', 'Frank']
['Johnathan', 'Byron', 'Regina', 'Marybeth', 'Virgie', 'Zachary', 'Vance']
['Geraldine', 'Warren', 'Jasmine', 'Sam', 'Christian', 'Carroll', 'Blanche']
['Vera', 'Chris', 'Oscar', 'Wanda', 'Guadalupe', 'Pat', 'Jean']
['Krista', 'Jewell', 'Barry', 'Toni', 'Rena', 'Katherine', 'Kathryn']
['Cheryl', 'Carol', 'James', 'Alberta', 'Ralph', 'Evelyn', 'Catherine']
['Jeffery', 'Vicky', 'Jodi', 'Ivan', 'William', 'Tommy', 'David']
['Eva', 'Sheila', 'Laurie', 'Gerald', 'Marjorie', 'Hillary', 'Mavis']
['Stephanie', 'Deandre', 'Harry', 'Tanya', 'Felipe', 'Randall', 'Clifford']
['Deborah', 'Josie', 'Ted', 'Arturo', 'Jewel', 'Kristen', 'Abdul']
['Patrick', 'Michelle', 'Sulema', 'Gladys', 'Allen', 'Rafael', 'Ella']
['Corinne', 'Andre', 'Tonya', 'Antoinette', 'Laura', 'Jeanette', 'Kathleen']
['Tammy', 'Sharon', 'Keith', 'Fay', 'Marie', 'Adrian', 'Marion']
['Lorene', 'Larry', 'Nancy', 'Gordon', 'Matilda', 'Delia', 'Jeremy']
['Levi', 'Curtis', 'Devon', 'Matt', 'Jessica', 'Tommie', 'Matthew']
['Justine', 'Newton', 'Janice', 'Darrin', 'Gerard', 'Ruth', 'Cleo']
['Rhonda', 'Heather', 'Betty', 'Cindy', 'Hector', 'Mona', 'Katie']
['Louis', 'Peggy', 'Doris', 'Cyndy', 'Erica', 'Frances', 'Claudia']
['Kurt', 'Frida', 'Mamie', 'Gale', 'Sheldon', 'Leola', 'Barbara']
['Ruthie', 'Damian', 'Maybell', 'Argentina', 'Antonio', 'Todd', 'Justin']
['Claire', 'Marcus', 'Rebecca', 'Gilbert', 'Roberto', 'Emily', 'Noma']
['Charles', 'Clara', 'Lizzie', 'Lexie', 'Shawn', 'Heidi', 'Vanessa']
['Latonya']
['Jeffrey', 'Alex', 'Kelvin', 'Darryl', 'Horace', 'Harriett', 'Cesar']
['Christopher', 'Diane', 'Joseph', 'Sara', 'Kimberly']
['Brenda']
['Hazel', 'Debbie', 'Eric', 'Jennifer', 'Anna', 'Quentin', 'Peter']
['George']
['Tom']
['Tim', 'Jerry', 'Kelli', 'Pamela', 'Adam', 'Ethel', 'Shane']
['Anita']
['Alvin']
['Manuel']
['Beatrice']
['Jerome']
['Doretha']
['Gregory']
['Colin']
['Ashley']
['Kathryne']
['Chelsea']
['Rod']
['Daphne']
['Harold']
['Bruce']
['Cameron']
['Terry']
['Julia']
['Johnnie']
['Teresa']
['Melony']
['Joan']
['Josephine']
['Tracy']
['Nicholas']
['Victoria']
['Mireya']
['Sandra']
['Merle']
['Sarah']
['Dorothy']
['Dawn']
['Erik']
['Erma']
['Fletcher']
['Joel']
['Lucia']
['Brett']
['Marta']
['Melanie']
['Mitchell']
['Sheryl']
['Eduardo']
['Carlos']
['Samuel']
['Fred']
['Earl']
['Amanda']
['Salvatore']
['Brooks']
['Douglas']
['Monica']
['Roger']
['Jammie']
['Lena']
['Carole']
['Carrie']
['Michael']
['Lowell']
['Wilbur']
['Anthony']
