['240', '77', '314', '245', '122', '353', '83', '203', '109', '204', '320', '48', '248', '96', '46', '361']
['59', '162', '273', '94', '281', '103', '56', '344', '341', '198', '197', '235', '238', '144', '174', '292']
['262', '301', '367', '93', '158', '355', '218', '298', '359', '266', '13', '234', '18', '195', '252', '171']
['32', '259', '310', '105', '349', '95', '87', '19', '307', '156', '183', '312', '261', '352', '279', '219']
['146', '196', '86', '51', '366', '80', '274', '7', '215', '282', '270', '20', '265', '2', '82', '10']
['206', '293', '163', '243', '110', '61', '178', '306', '322', '280', '101', '275', '242', '272', '255', '263']
['294', '11', '325', '12', '92', '35', '127', '5', '71', '309', '9', '358', '182', '21', '264', '343']
['159', '296', '78', '225', '37', '179', '175', '277', '14', '330', '169', '167', '168', '356', '85', '120']
['26', '363', '53', '63', '155', '208', '251', '328', '321', '373', '73', '52', '29', '205', '39', '164']
['300', '100', '223', '118', '302', '123', '64', '102', '186', '244', '112', '201', '227', '141', '160', '233']
['89', '65', '57', '230', '216', '40', '176', '271', '121', '354', '217', '268', '132', '139', '129', '229']
['283', '336', '231', '70', '342', '199', '187', '126', '246', '228', '207', '68', '285', '30', '151', '375']
['241', '191', '130', '267', '74', '180', '84', '166', '136', '214', '224', '98', '138', '66', '220', '357']
['188', '36', '317', '193', '22', '145', '333', '295', '338', '97', '91', '157', '142', '250', '67', '27']
['202', '119', '106', '249', '99', '177', '115', '49', '345', '368', '254', '43', '253', '221', '60', '340']
['362', '75', '313', '31', '332', '335', '256', '113', '17', '257', '143', '374', '114', '192', '88', '128']
['1', '154', '351', '291', '131', '194', '286', '334', '111', '226', '108', '372', '42', '337', '211', '303']
['239', '305', '137', '299', '181', '170', '369', '148', '209', '24', '247', '6', '323', '237', '311', '370']
['81', '318', '33', '297', '258', '23', '316', '58', '90', '326', '327', '135', '260', '3', '173', '339']
['319', '72', '76', '116', '190', '44', '161', '232', '124', '133', '364', '134', '8', '107', '212', '236']
['62', '304', '147', '315', '47', '28', '41', '54', '149', '25', '371', '276', '55', '189', '104', '152']
['69', '140', '38', '324', '117', '153', '200', '15', '4', '331', '360', '287', '365']
['210', '150']
['288', '347', '350', '348', '34', '184', '165', '172', '346', '222', '308', '16', '289', '269', '278']
['329', '284']
['213']
['79']
['50']
['125']
['45']
['290']
['185']
