['242', '11', '12', '10', '5', '18', '14', '9', '20', '3']
['217', '36', '30', '34', '37', '43', '39', '28', '35', '45']
['192', '61', '64', '68', '62', '60', '55', '59', '53', '70']
['167', '86', '87', '78', '93', '95', '80', '85', '89', '84']
['142', '111', '105', '118', '103', '112', '109', '110', '120', '114']
['117', '21', '24', '22', '19', '23', '46', '48', '49', '47']
['92', '44', '71', '69', '73', '74', '72', '96', '94', '98']
['67', '99', '97', '121', '122', '119', '123', '124', '194', '197']
['42', '219', '2', '1', '0', '4', '27', '29', '26', '25']
['17', '15', '13', '16', '6', '40', '41', '38', '31', '52']
['248', '247', '244', '50', '51', '54', '63', '66', '65', '56']
['243', '236', '245', '239', '237', '230', '234', '228', '246', '249']
['241', '77', '75', '79', '76', '88', '91', '90', '81', '102']
['235', '104', '101', '100', '113', '116', '115', '106', '127', '129']
['231', '126', '125', '140', '141', '138', '131', '238', '240', '7']
['229', '227', '226', '8', '32', '33', '57', '58', '82', '83']
['225', '107', '108', '132', '133', '232', '233']
['223', '224']
['218', '211', '220', '209', '203', '212', '214', '205', '221', '222']
['216', '215']
['210', '207', '208']
['206', '213']
['204', '202', '201']
['200']
['198']
['193', '186', '184', '180', '187', '189', '178', '195', '196', '199']
['191', '190']
['185', '182', '183']
['181', '188']
['179', '177', '176']
['175']
['173', '172', '174']
['168', '161', '155', '162', '164', '153', '170', '159', '171', '169']
['166', '165']
['160', '157', '158']
['156', '163']
['154', '152', '151']
['150']
['148', '147', '149', '144']
['143', '136', '130', '135', '139', '137', '134', '128', '145', '146']
