['CE0D10', 'D65E29', '62BC31', '83ACF7', '5ABFA9', '9BAC71', '2D56C1', '2D4D61', '22394B', '7647CD', '1D9893', '9B09E5', '38515C', '2B8F4B', '93D432', 'B49939', 'BA7ED0', 'B32674', '0231A4', '7334F9']
['34E9FE', '82B105', '9330C0', '45CE10', '33ABEE', 'C96CD6', '316244', '5C016B', 'C2A74D', '026256', '0264AF', 'EB9D60', 'F85131', '1D39ED', '1FBE40', 'D9180C', '113E1F', '511040', 'BB9072', '6833E8']
['31B17E', 'DCB902', 'F545E1', '49EB71', '463E2C', '992AEE', '7F8E1D', '160ED4', 'B2A692', 'B2CB4D', 'B56D74', 'B8B01F', 'BA6187', '7FE1F2', '2B3DD7', '739ABF', 'B2C27D', 'A911EF', '3D830C', '78DB65']
['85CFC7', 'D363AB', '18D668', 'CD5322', 'DBDDB5', '1866E0', '5C0D69', '1600AD', '54C37C', '9C5DCF', '326662', '7848BA', '7AADBC', '7C730C', 'D883C0', '189812', '244528', '4BD8B1', 'F2B7FD', '0FC6EE']
['66547C', '5ADC6D', '4AE7C7', '6DCBC8', 'EB7E6A', 'AF83FA', 'BC38A8', '49EEB4', 'E492E0', '4BC7D0', '9D8AD8', 'A5F27A', '9DF876', '8254EB', '01E026', '2C02B7', 'C8F1A7', '035E05', '38EA17', '4BBAFA']
['1E0B30', '24A4D1', '206150', '15AA36', '43F505', 'D31361', '848C87', '1986A0', 'FBB00D', '3D4600', '833C34', '09944C', '364B78', '1B06C5', '468F31', '57FCD8', 'C60FE7', '605983', 'B4257C', '26DB4C']
['1D216B', 'B6ACFC', '3B6837', 'D98FB6', '861E09', '1656DC', '83752D', 'CC9A13', '0C4437', '66F8EA', '42EE34', '90E78E', '1C3933', '56B4C2', '76131B', 'D2BDB6', '846154', '72D023', '2F584A', 'FD1DAC']
['AAAF0B', '292CB3', '565E46', 'D50881', '177A03', '77EB41', '420711', 'C0A19A', 'F1DB81', '81E0FA', 'D8849E', 'F33ACF', 'E277CB', '3CB50A', 'E0044F', 'F4C13E', '3E7F60', '95F017', 'EED7BB', 'F448AE']
['A1D29E', '219F75', '601CA7', '3235BA', '9923B4', '14A3E7', '1350AD', '31C6A3', '187923', '1743CD', 'D2EB79', 'AC34B5', '8F75EC', 'B38307', 'C3678B', 'D8492F', '9C0B9D', '5AF312', 'EF37A6', '3FAE1E']
['DB6CBF', '6C1A62', '29267F', 'E9F19A', '82BD08', '92C42A', '5D4F2F', '0D6A28', 'FCB503', '7B325B', 'F3EDD7', '75002A', 'B00B7F', 'C1CAB9', '0AC7A0', 'E8C5B8', '5E4F6B', 'B78EF9', '4AC817', '4D74EB']
['CC08F5', '40C7FF', '52FB79', 'CBE0EA', '068D28', 'D049CD', '6EEE66', '04279E', '9C4CA5', '0A3E48', '2B8E0B', 'DDA295', '593840', '4EBF50', '718436', '7C8A3D', '29BFBC', '380FF7', '88FFF8', 'EFBA0C']
['037831', '7FADE3', '26C6B9', 'E8A38A', 'CED5FC', 'D2F8E5', 'FC75E7', 'D0E36A', 'FAB638', '94AED5', '1E571E', '69FD70', '73271F', '05F2DC', 'A4FCD1', '0C3AFF', '60B803', '923B8C', '273165', 'F13455']
['0E78AA', '58ED2B', '41AFC9', '4DBE20', '2E4B9D', '2BEC39', 'CC4384', '20C0D0', '18AEFC', '88E0AE', '3D046E', '3963FC', 'A89402', '5C5B8D', '1D4417', '7D4045', '09FFA6', '51197D', '882258', '75C017']
['415552', 'C07CCC', '052CC7', '8FF839', '5A681E', 'F9EB1F', '539972', 'C19610', '4C1D36', '4C0FCD', 'C9EF6D', '0AFD91', '4FCF52', '9C4F00', 'FECCAB', 'B85F11', '5BEDDF', '608F21', 'B6FA16', '628552']
['EDB261', '46371B', '3F75A9', '74ADA7', '19EFAF', '552199', '823C51', '5E2607', '6AFCAC', '47063A', 'FE7E47', '1DD8D0', 'FD33F7', 'E15D93', 'E46F9E', '1D528C', 'E33128', '7CC3A7', 'E77DD8', '6D4DDC']
['2D2248', 'ABE83F', '3A0D10', 'B0F05D', 'C54164', '52BFE5', '747199', '97D861', '81A0D3', '89A551', 'D83AF7', '77042F', '503A55', '5C91EE', 'E81232', 'C5416A', 'D0E5BE', 'AD6105', '6C3CD5', 'F7F9CB']
['6E7E64', '672145', 'F4EDF8', '8883AC', '55B952', 'F1B367', '34ACF3', 'B13536', '478A7C', '39CAB7', '1F4650', '03B42D', '28CCA5', 'E1A380', '593AF4', '30EA83', '81A856', '1A770B', 'BE3703', 'E2701A']
['66C38E', '8DF985', 'F32B0B', 'D6F426', '00C269', 'DE6241', '400D20', '865328', '5451FF', 'D324E7', 'EB90EE', '9ABAFB', 'C69699', '0525B9', 'D78522', 'C0EA59', '5A5DE8', 'E93252', '4430C2', '29D22B']
['118FE2', '8AC55C', 'FBF275', '5B4152', '8806E7', 'B166D1', '5D5C76', 'E191B0', 'A03FB7', '369765', '36FCBF', '3EF396', 'CD374A', '7B306C', 'C34593', '25B295', '5F88E7', 'AB96B9', '5C4F81', '98497D']
['8E8C76', 'D79D49', '2819EE', '893D61', '8BEC15', '2F46CD', '73F93C', '6E3DED', 'C4882F', '66B93A', '82F466', '1D0C35', '09CFE9', '5248A9', '35DA72', '414B77', 'EC35B5', '2E6B38', '87EE7F', '029563']
['8EC8D8', '80F9BC', '9CE56C', '2961DB', 'EE9200', '920715', '4E8355', '917501', 'B0C2D3', '770A4C', '6D4C8F', '31B801', 'B4BD91', 'CC66B0', 'F28C7F', 'D78532', 'DF5F9C', 'E4C3BA', 'EC2626', 'CB5EDA']
['DFE9C6', '0FE5DD', '943005', '8D43AD', '9FCB42', '255208', 'A4F4BB', '0B99EF', '935873', '0E6FA7', '1CAAAC', 'CA893B', '4A32EA', 'EEF23E', '71AE93', '81DA52', 'FCD63D', '10BBE1', '26B294', 'C748A2']
['940AC5', '78E144', 'E479C8', 'FB3B86', 'D6DD9E', '8ECA84', '2DE42A', '89372A', 'FF3177', 'E4F6EF', 'A0DDCD', 'F9011B', '3228BB', '696B37', 'F61AD7', '77B9A5', '5332A9', '05473A', '98B1CA', '929578']
['A4EAD9', 'A34095', 'F8B91A', '9D6554', '26DA83', 'E7EFA5', 'FFD642', 'BB986B', '398310', 'DF44F5', '1330B3', '94C20E', 'E3583F', '8963E1', 'D8A834', '6246E1', '5BC875', '99392B', 'F37211', '43FE78']
['3E6399', 'BCD2F5', 'BE5B1D', 'DDB7C8', 'E1B665', '71AC6D', '99E133', '2EDC82', '5A3E90', '30C157', 'B2C529', '099A40', '6C5208', 'DBF47C', '6BF4D3', '2215AE', '1F6554', 'EB3718', '00CD58', '0CFFC9']
