['119', '53', '110', '199', '71', '136', '143', '246', '148', '83', '232', '185', '51', '19', '220', '155', '65', '186', '85', '219', '118', '170', '184', '67', '130']
['86', '97', '61', '156', '18', '200', '152', '249', '197', '227', '165', '203', '149', '153', '75', '79', '141', '12', '208', '163', '167', '14', '133', '100', '56']
['161', '228', '125', '187', '247', '111', '55', '202', '13', '62', '135', '70', '127', '157', '159', '188', '73', '214', '36', '218', '173', '207', '30', '237', '113']
['91', '124', '129', '131', '201', '138', '204', '245', '10', '234', '98', '42', '215', '31', '101', '238', '104', '54', '177', '4', '216', '182', '45', '7', '28']
['16', '142', '99', '72', '46', '147', '145', '81', '171', '174', '68', '92', '181', '40', '15', '38', '93', '94', '117', '160', '195', '230', '116', '63', '77']
['52', '248', '35', '74', '183', '102', '20', '239', '120', '9', '178', '80', '209', '236', '32', '115', '128', '2', '114', '44', '180', '95', '0', '122', '109']
['210', '146', '193', '49', '241', '107', '8', '76', '244', '224', '82', '192', '144', '190', '223', '231', '87', '3', '221', '233', '108', '222', '168', '50', '27']
['189', '212', '39', '11', '158', '154', '206', '23', '96', '162', '225', '90', '213', '211', '243', '60', '69', '64', '226', '196', '191', '164', '47', '217', '235']
['179', '140', '78', '5', '84', '24', '21', '139', '66', '105', '121', '205', '41', '137', '17', '89', '34']
['166', '1', '172', '150', '240', '198', '175', '176']
['58']
['169']
['132', '26']
['126']
['103', '22', '123', '25', '6', '194', '37', '48', '59', '29', '106', '33', '112', '134', '229']
['88']
['57']
['43']
['242']
['151']
