['349', '133', '148', '122', '168', '266', '170', '412', '333', '411']
['143', '157', '457', '325', '391', '497', '494', '480', '313', '152']
['100', '213', '127', '301', '243', '366', '468', '248', '296', '409']
['99', '244', '66', '3', '39', '136', '246', '165', '73', '299']
['491', '29', '312', '106', '67', '393', '316', '110', '300', '421']
['459', '241', '392', '419', '187', '163', '227', '353', '253', '56']
['399', '302', '63', '358', '131', '331', '418', '420', '86', '318']
['294', '42', '151', '309', '166', '465', '322', '82', '196', '414']
['262', '448', '258', '236', '445', '117', '438', '43', '49', '422']
['194', '219', '18', '242', '434', '11', '277', '149', '69', '279']
['192', '160', '95', '51', '396', '282', '485', '232', '426', '493']
['186', '226', '272', '144', '260', '430', '139', '231', '451', '368']
['182', '30', '387', '348', '500', '25', '372', '191', '162', '175']
['171', '385', '35', '193', '4', '91', '378', '252', '425', '64']
['123', '17', '410', '46', '377', '202', '208', '345', '259', '16']
['109', '129', '120', '240', '2', '102', '237', '65', '159', '190']
['47', '179', '7', '5', '71', '369', '285', '473', '180', '356']
['9', '176', '261', '337', '212', '103', '347', '267', '483', '24']
['477', '155', '108', '311', '1', '105', '36', '488', '224', '305']
['464', '458', '57', '8', '233', '238', '201', '350', '88', '225']
['463', '265', '460', '474', '408', '48', '281', '270', '140', '221']
['461', '329', '111', '53', '475', '62', '295', '75', '84', '444']
['424', '291', '405', '490', '206', '283', '429', '389', '195', '453']
['401', '178', '222', '357', '107', '280', '10', '303', '228', '72']
['384', '27', '154', '484', '44', '161', '137', '85', '116', '216']
['383', '119', '210', '239', '278', '70', '431', '286', '181', '54']
['381', '416', '293', '466', '423', '177', '355', '450', '21', '80']
['376', '361', '254', '274', '128', '382', '287', '498', '164', '150']
['374', '185', '61', '442', '255', '249', '32', '158', '38']
['370', '229', '363', '147', '404', '364', '436', '205', '321', '113']
['344', '101', '443', '74', '462', '45', '304', '59', '479', '153']
['314', '245', '125', '118', '310', '203', '81', '204', '415', '121']
['297']
['234', '215', '289', '394', '220', '375', '141', '428', '481', '199']
['218', '19', '235', '290', '324', '390', '184', '467', '189', '271']
['211', '188', '371', '346', '52', '413', '441', '263', '132', '20']
['138', '58', '398', '338', '14', '487', '214', '440', '22', '173']
['135', '449', '169', '380', '78', '328', '41', '156', '34', '183']
['134', '257', '469', '247', '94', '476', '217']
['126']
['112', '96', '455', '326', '482', '298', '292', '264', '200', '379']
['76', '317', '452', '437', '223', '209', '336', '340', '284', '198']
['31', '454']
['26', '92', '12', '386', '334']
['499', '37', '68', '320']
['471']
['447', '146', '273', '343', '470', '388', '269', '341', '172', '486']
['435', '327', '174', '83', '268', '114', '446', '406', '360', '90']
['432', '306', '104', '50', '407', '456', '55']
['417']
['403', '307', '77', '319', '367', '276', '332', '397', '433', '28']
['402']
['400', '89', '207', '275', '342']
['395', '60']
['373', '427', '93', '23']
['365', '439', '130', '478', '308', '495', '6', '489', '13', '97']
['362', '288', '33']
['359', '251', '256', '250']
['354', '124', '472', '339']
['330', '492', '352', '79', '15', '98', '230', '197']
['323']
['315', '115', '335', '142', '87', '167', '40', '496', '145', '351']
