['Stefa', 'Desiri', 'Clemmie', 'Dominica', 'Aviva', 'Nicoli', 'Zenia', 'Roxane', 'Georgeanne', 'Agnese', 'Elvera', 'Danni', 'Leda', 'Ingunna', 'Tiffy']
['Teddi', 'Haley', 'Cristen', 'Madelena', 'Maddalena', 'Melloney', 'Austina', 'Bertie', 'Estella', 'Morena', 'Conchita', 'Agnes', 'Vinni', 'Doroteya', 'Kellie']
['Marlie', 'Eulalie', 'Josepha', 'Kaitlynn', 'Eolanda', 'Marris', 'Jessamyn', 'Kala', 'Monique', 'Vicky', 'Sadye', 'Joanna', 'Cassandra', 'Julie', 'Casi']
['Sheila', 'Babara', 'Jolie', 'Tim', 'Lydie', 'Lorain', 'Marlena', 'Erica', 'Xylina', 'Sandie', 'Rosene', 'Addi', 'Idelle', 'Oliy', 'Gavra']
['Tiphanie', 'Cristionna', 'Harriet', 'Andie', 'Livy', 'Alexandrina', 'Shoshana', 'Corly', 'Korney', 'Belle', 'Lynnet', 'Eran', 'Drusy', 'Gerry', 'Diahann']
['Gianina', 'Rosamond', 'Adiana', 'Georgiana', 'Oralee', 'Noreen', 'Catha', 'Charita', 'Leanora', 'Nissie', 'Latisha', 'Daphene', 'Allie', 'Mair', 'Collete']
['Rosana', 'Netty', 'Lyda', 'Bridgette', 'Clarissa', 'Fania', 'Vonni', 'Della', 'Doris', 'Ulrike', 'Shirl', 'Beatrice', 'Marcie', 'Bernice', 'Nancie']
['Noell', 'Gae', 'Nedda', 'Opal', 'Agneta', 'Demetria', 'Delly', 'Amalee', 'Mella', 'Athena', 'Lorie', 'Inga', 'Kellsie', 'Randie', 'Arlee']
['Myrtle', 'Patty', 'Sula', 'Dotti', 'Adriane', 'Stephannie', 'Ramonda', 'Corinne', 'Carri', 'Avivah', 'Lulu', 'Angelica', 'Yoshi', 'Kathryn', 'Charmine']
['Nelie', 'Jemie', 'Natalya', 'Selinda', 'Kaitlin', 'Tani', 'Orsa', 'Terese', 'Lira', 'Faythe', 'Cherilynn', 'Reggi', 'Quintana', 'Sada', 'Laverne']
['Flory', 'Tarra', 'Debora', 'Mariellen', 'Jesse', 'Dyane', 'Rowena', 'Ranice', 'Colline', 'Starlin', 'Edith', 'Lesly', 'Rhodia', 'Millisent', 'Mei']
['Dita', 'Melinde', 'Nanon', 'Vanni', 'Row', 'Andromache', 'Gale', 'Yovonnda', 'Katti', 'Bonita', 'Stesha', 'Tallie', 'Jorrie', 'Peg', 'Emelda']
['Frankie', 'Bekki', 'Missy', 'Rivkah', 'Alia', 'Claudie', 'Johanna', 'Rhody', 'Matilde', 'Britney', 'Brook', 'Clemence', 'Cheslie', 'Roslyn', 'Marisa']
['Cristabel', 'Nicki', 'Camala', 'Fawnia', 'Anette', 'Anabal', 'Dee', 'Rita', 'Sherrie', 'Stormi', 'Annice', 'Carroll', 'Marijo', 'Cindie', 'Marcella']
['Chelsy', 'Fernande', 'Brigitte', 'Anastassia', 'Brittan', 'Anabel', 'Yetta', 'Janice', 'Risa', 'Sonni', 'Eve', 'Britteny', 'Jacqui', 'Marabel', 'Mechelle']
['Willi', 'Helyn', 'Sofie', 'Ronnica', 'Erminia', 'Tanitansy', 'Yolanda', 'Brunhilda', 'Thia', 'Krissy', 'Moyna', 'Sile', 'Caryn', 'Ruperta', 'Hedwiga']
['Paulina', 'Dena', 'Winifred', 'Birgitta', 'Allene', 'Kara', 'Tiffany', 'Pammy', 'Agatha', 'Sileas', 'Hortense', 'Veradis', 'Fran', 'Tamara', 'Gwennie']
['Lisette', 'Shanie', 'Dorine', 'Gaby', 'Diane', 'Alyson', 'Lorena', 'Carla', 'Kania', 'Jaynell', 'Meggi', 'Valli', 'Kathleen', 'Karie', 'Else']
['Martina', 'Brear', 'Mufinella', 'Lani', 'Antonietta', 'Mirna', 'Estele', 'Paige', 'Silva', 'Euphemia', 'Zulema', 'Kathy', 'Anabelle', 'Cassondra', 'Gabbie']
['Maxie', 'Fredericka', 'Malva', 'Lotte', 'Jen', 'Kittie', 'Kiele', 'Briny', 'Idalina', 'Neile', 'Serena', 'Joelly', 'Cathryn', 'Tamra', 'Ansley']
