['471', '226', '10', '421', '483', '178', '293', '200', '496', '82', '476', '486', '194', '38', '30', '369', '20', '130']
['58', '148', '140', '460', '256', '259', '281', '355', '17', '146', '173', '242', '123', '35', '177', '280', '495', '354']
['258', '179', '346', '72', '151', '380', '445', '14', '308', '22', '470', '353', '94', '350', '127', '213', '118', '262']
['264', '87', '304', '263', '41', '282', '43', '63', '117', '413', '122', '64', '378', '109', '438', '132', '171', '219']
['100', '472', '240', '224', '241', '296', '393', '89', '61', '79', '75', '428', '249', '294', '328', '65', '116', '52']
['62', '440', '235', '3', '245', '431', '316', '333', '47', '50', '359', '205', '319', '396', '343', '271', '392', '192']
['386', '324', '25', '195', '473', '57', '6', '54', '111', '209', '418', '446', '104', '250', '312', '77', '407', '498']
['174', '409', '491', '398', '1', '376', '37', '336', '163', '71', '397', '68', '480', '425', '51', '120', '405', '403']
['317', '162', '443', '290', '78', '310', '26', '191', '466', '56', '337', '92', '237', '384', '106', '375', '197', '419']
['247', '408', '329', '311', '143', '203', '107', '357', '18', '15', '218', '497', '270', '126', '244', '229', '125', '325']
['298', '499', '113', '21', '97', '260', '189', '67', '32', '129', '156', '185', '161', '437', '374', '152', '366', '368']
['238', '70', '137', '114', '292', '454', '273', '168', '461', '172', '153', '383', '88', '468', '45', '309', '232', '183']
['434', '358', '36', '76', '193', '261', '255', '426', '416', '430', '176', '115', '481', '28', '423', '133', '493', '377']
['342', '433', '29', '13', '208', '180', '167', '217', '134', '394', '335', '230', '138', '149', '42', '332', '24', '187']
['367', '492', '387', '284', '112', '60', '8', '252', '12', '411', '465', '145', '254', '80', '362', '288', '455', '275']
['286', '356', '371', '267', '272', '291', '390', '98', '307', '412', '135', '239', '478', '456', '347', '158', '388', '5']
['214', '101', '349', '340', '469', '93', '327', '142', '268', '382', '424', '490', '370', '444', '334', '91', '96', '186']
['46', '313']
['475', '154', '435', '283']
['48', '251', '212', '406', '227', '216', '188', '233', '74', '467', '351', '302', '150', '457', '159', '175', '90', '102']
['330', '164', '243', '103', '220', '225', '81', '373', '27', '441', '141', '155', '432', '234', '169', '318', '190', '452']
['399', '265', '40', '303', '69', '274', '201', '228', '420', '198', '323', '86', '49', '352', '105', '300', '39', '269']
['339', '494', '479', '427', '372', '2', '379', '34', '277', '341', '322', '257', '365', '210', '53', '0', '459', '278']
['59']
['295', '136', '442', '391', '181', '331', '305', '11']
['196', '297', '85', '289', '400', '128', '222', '361', '321', '482', '182', '439', '489', '84', '287', '395', '248', '299']
['417']
['33', '131']
['410']
['385', '110', '73', '83', '266', '23', '389', '215', '404', '436', '165', '422', '95', '4', '124', '279', '364', '246']
['381']
['363']
['453']
['55', '206']
['458', '231']
['477']
['99']
['415', '484']
['462', '306', '7', '160', '285', '360', '429']
['402']
['451', '447', '144', '414', '314', '315', '202', '204', '344', '223', '121', '147', '320', '236', '170', '221', '487', '474']
['166', '16', '348']
['464', '326']
['485']
['448']
['449']
['338', '31', '211', '488', '401', '184', '199', '301', '9', '108', '157']
['463']
['66']
['44']
['450']
['276']
['345']
['19']
['139']
['253']
['207']
['119']
