['PPPPP', 'iiiiiiii', 'jjjjj', 'i', 'iiiiii', 'iiiii', 'j', 'ii', 'iiii', 'jjjjjj', 'jj', 'iii', 'jjjjjjj', 'iiiiiii', 'zzzzz', 'yyy', 'z', 'yyyyyy', 'yyyy', 'zzzz', 'yy', 'zz', 'zzzzzzz', 'y', 'yyyyyyy', 'yyyyyyyy', 'zzz', 'OOOO', 'PPPPPP', 'OOO', 'OOOOOOOO', 'PPPP', 'PP', 'PPPPPPPP', 'OO', 'OOOOOO', 'OOOOO', 'PPP', 'd', 'dd', 'ccccccc', 'ddddddd', 'dddd', 'c', 'cccccccc', 'dddddddd', 'dddddd', 'ccccc', 'ddddd', 'cc', 'ddd', 'cccccc', 'cccc', 'jjj', 'I', 'II', 'IIIIIIII', 'J', 'IIIII', 'JJJJJJ']
['O', 'JJJJJJJ', 'IIIIIII', 'IIII', 'JJJJJ', 'JJJ', 'III', 'Q', 'QQQQQ', 'QQQQ', 'R', 'QQQ', 'QQQQQQ', 'RRRR', 'QQQQQQQQ', 'RR', 'QQQQQQQ', 'QQ', 'RRRRRR', 'ccc', 'ggg', 'hhhhhhh', 'hhhh', 'gg', 'ggggggg', 'hhh', 'hh', 'gggggggg', 'ggggg', 'hhhhhhhh', 'hhhhh', 'hhhhhh', 'ppppp', 'pppppp', 'oooooo', 'o', 'oooo', 'ooooooo', 'p', 'pp', 'ooooo', 'ppppppp', 'ooo', 'rrr', 'r', 'rr', 'qq', 'qqqqq', 'qqqq', 'qqqqqqqq', 'rrrrrrrr', 'qqqqqq', 'rrrrrr', 'rrrrr', 'rrrr', 'rrrrrrr', 'qqqqqqq', 'tttttt', 's', 'tt']
['CC', 't', 'sssss', 'tttttttt', 'ssssss', 'sss', 'ttt', 'ssss', 'ttttttt', 'CCCCC', 'D', 'C', 'DDDDDDDD', 'CCCC', 'CCC', 'DD', 'CCCCCC', 'CCCCCCCC', 'DDDDDDD', 'DDDDD', 'DDDD', 'DDDDDD', 'CCCCCCC', 'P', 'PPPPPPP', 'TTT', 'SSSSSSSS', 'TTTTTT', 'SSSSSS', 'SSSSS', 'TT', 'SSSS', 'S', 'TTTTTTTT', 'TTTTT', 'SSSSSSS', 'TTTTTTT', 'SSS', 'XXXX', 'W', 'WWWW', 'WWWWWWWW', 'XXXXXXXX', 'XXXXX', 'XXXXXX', 'WWWWW', 'X', 'XXX', 'WWWWWW', 'WWWWWWW', 'XXXXXXX', 'XX', 'WW', '11', '11111', '222', '2222222', '111', '22222222', '11111111']
['A', '1', '1111111', '22222', '22', '111111', '2222', '222222', 'gggg', 'g', 'oooooooo', 'pppp', 'ppp', 'q', 'ssssssss', 'tttt', 'ttttt', 'zzzzzz', 'yyyyy', 'BBBBB', 'AAAAAA', 'BBBBBBB', 'AAAAAAA', 'BBBBBBBB', 'AAAAAAAA', 'BB', 'BBBB', 'BBBBBB', 'B', 'EEE', 'EE', 'EEEEEE', 'EEEEE', 'EEEEEEE', 'EEEE', 'FFFFFFFF', 'FFFF', 'FFFFFFF', 'F', 'FFFFFF', 'FF', 'E', 'FFF', 'EEEEEEEE', 'JJJJJJJJ', 'JJ', 'JJJJ', 'L', 'LLL', 'KK', 'LLLLLL', 'LLLLLLLL', 'KKKK', 'LL', 'KKKKK', 'LLLL', 'LLLLL', 'KKKKKKK', 'KKKKKK', 'LLLLLLL']
['nn', 'nnnnnn', 'n', 'mmmmmmm', 'nnnnn', 'nnnn', 'mmm', 'nnnnnnnn', 'nnnnnnn', 'mmmm', 'm', 'mmmmmmmm', 'mmmmm', 'nnn', 'mmmmmm', 'K', 'KKK', 'MMMMMM', 'MMM', 'NNNNN', 'MMMMMMM', 'NN', 'MM', 'NNNN', 'NNNNNNNN', 'M', 'NNNNNN', 'OOOOOOO', 'T', 'YYYYY', 'YYYY', 'YYYYYYY', 'ZZZZ', 'Z', 'ZZZZZZZZ', 'ZZZ', 'ZZZZZZZ', 'YY', 'YYY', '1111', '2', '44444444', '44', '3', '333333', '3333', '33333333', '33333', '4444444', '444444', '44444', 'AA', 'AAAAA', 'BBB', 'AAAA', 'AAA', 'FFFFF', 'KKKKKKKK', 'NNNNNNN', 'MMMMM']
['77777777', '8', '8888888', '888', '7', '8888', '777', '77', '88888', '7777', '88', '888888', '7777777', '777777', '88888888', 'NNN', 'N', 'MMMM', 'MMMMMMMM', 'SS', 'TTTT', 'WWW', 'ZZZZZZ', 'YYYYYY', 'ZZZZZ', 'Y', '33', '4', '3333333', '444', '333']
['4444']
['YYYYYYYY', 'ZZ']
['UUUUUUU', 'VVV', 'VVVVV', 'UUUUUUUU', 'U', 'VVVVVV', 'VVVVVVV', 'V', 'VV', 'UUU', 'VVVVVVVV', 'UU', 'UUUU', 'UUUUU', 'UUUUUU']
['VVVV']
['RRR', 'RRRRRRR', 'RRRRRRRR', 'RRRRR']
['IIIIII']
['GGG']
['HH', 'HHHHHHH', 'HHHHHH', 'HHH', 'G', 'GGGGGGG', 'GGGGGG', 'GGGGGGGG', 'GGGGG', 'HHHHHHHH', 'H', 'GG', 'HHHHH', 'GGGG', 'HHHH']
['DDD']
['zzzzzzzz']
['xxxx', 'x', 'wwwwwww', 'wwww', 'wwwwwwww', 'xxxxx', 'www', 'xxx', 'w', 'ww', 'xxxxxxxx', 'xxxxxx', 'wwwww', 'xxxxxxx', 'wwwwww', 'xx']
['vvvvv', 'vvvvvv', 'u', 'uu', 'uuu', 'vvvvvvv', 'vvvvvvvv', 'uuuuuu', 'v', 'vvv', 'vv', 'uuuuuuu', 'uuuuuuuu', 'vvvv', 'uuuuu', 'uuuu']
['sssssss', 'ss']
['qqq']
['pppppppp', 'oo']
['mm']
['llllllll', 'k', 'll', 'kkkkkkk', 'kk', 'llllll', 'lllll', 'lllllll', 'kkkk', 'llll', 'l', 'kkk', 'kkkkkk', 'lll', 'kkkkkkkk', 'kkkkk']
['jjjjjjjj', 'jjjj']
['h', 'gggggg']
['ffffff', 'eeeeeee', 'e']
['eeeeee', 'f', 'fffff', 'eeee', 'ff', 'fff', 'eeeee', 'eee', 'ee', 'fffffff', 'ffff', 'eeeeeeee', 'ffffffff']
['bbb', 'a', 'bb', 'bbbbbbbb', 'bbbbbbb', 'bbbb', 'bbbbbb', 'aaaaa', 'bbbbb', 'aaaaaaaa', 'aa', 'b', 'aaaa', 'aaaaaaa', 'aaaaaa', 'aaa']
['77777']
['6666666', '555', '5555', '666', '55555', '555555', '66666666', '55555555', '6666', '5', '55', '66', '6', '66666', '5555555', '666666']
