['246', '1', '350', '70', '328', '357', '183', '124', '48', '195', '107', '323', '332', '471', '420', '158', '342', '262', '483', '163', '82', '397', '250', '167', '244', '146', '288', '308', '12', '363', '438', '46', '121', '422', '41', '472', '199', '344', '436', '398', '458', '129', '68', '139', '157', '236', '327', '492', '165', '298', '283', '29', '289', '404', '28', '395', '475', '104', '59', '196', '489', '419', '384', '73', '192', '299', '212', '413', '74', '425', '494', '112', '300', '188', '65', '340', '186', '490', '334', '322', '399', '200', '117', '477', '276', '174', '314', '180', '409', '478', '89', '160', '351', '255', '401', '93', '382', '411', '285', '268', '245', '155', '60', '159', '40', '102', '197', '329', '115', '90', '333', '169', '415', '132', '85', '484', '392', '130', '56', '154', '177', '463', '376', '446', '136', '51', '145', '343', '201', '78', '61', '320', '211', '116', '133', '325', '108', '39', '485', '352', '407', '359', '21', '302', '184', '7', '100', '354', '57', '273', '257', '114', '256', '50', '18']
['249', '253', '498', '488']
['443', '444', '63', '445']
['461', '2']
['5', '11', '4', '284', '277', '279', '433', '437', '280', '271', '451', '265', '53', '71', '293', '432', '292']
['310', '467', '374', '426', '379', '341', '482', '427', '493', '360', '429', '416', '431', '459', '464', '391', '390', '383', '355', '406', '347', '423', '326', '375', '365', '435', '396', '373', '417', '418', '313', '439', '358', '348', '338', '410', '412', '259', '254', '345', '430', '386', '400', '424', '393', '369', '366', '312', '243', '318', '486', '324', '394', '372', '414', '330', '336', '378', '457', '368', '370', '389', '339', '278', '408', '335', '421', '319', '405', '356', '321', '367', '353', '387', '361', '346', '168', '440', '36', '309', '403', '54', '364', '388', '474', '248', '127', '468', '55', '315', '190', '497', '294', '377', '291', '191', '119', '97', '371', '172', '75', '311', '281', '337', '442', '205', '465', '264', '479', '286', '231', '487', '317', '331', '208', '269', '296', '166', '362', '247', '142', '109', '434', '316', '233', '101', '402', '173', '267', '242', '380', '381', '170', '25', '126', '105', '99', '26', '153', '16', '385', '301', '135', '349', '456', '62', '22', '428', '35']
['305', '274']
['306', '223', '224', '220', '227', '162', '13', '140', '125', '452', '229', '209', '226', '204', '94', '143', '88', '134', '95', '237', '9', '10', '206', '58', '181', '49', '263', '128', '150', '218', '156', '203', '113', '217', '66', '42', '175', '194', '87', '31', '91', '79', '481', '189', '118', '447', '52', '131', '120', '147', '123', '241', '37', '137', '103', '14', '282', '27', '187', '182', '30', '3', '81', '67', '239', '480', '23', '261', '202', '76', '473', '106', '161', '32', '222', '148', '83', '210', '43', '258', '228', '214', '238', '448', '270', '450', '252', '17', '466', '272', '34', '64', '92', '96', '235', '8', '476', '98', '219', '72', '47', '38', '215', '20', '6', '178', '86', '179', '69', '15', '24', '495', '110', '144', '33', '295', '304', '141', '297', '491', '198', '221', '0', '207', '499', '290', '232', '216', '453', '193', '151', '266', '275', '152', '19', '496', '122', '111', '225', '84', '213', '303', '287', '240', '234', '462', '185', '138', '44', '149', '164', '171', '45', '176', '230']
['260']
['251']
['460']
['455']
['454']
['307']
['77']
['470']
['449']
['469']
['80']
['441']
