['Erminia8', 'Walter3', 'Alessio7', 'Jelena1', 'Davide5', 'Gerlando9', 'Demi9', 'Cesidia8', 'Marzio5', 'Odino6', 'Rufo5', 'Filomena4', 'Carlo1', 'Luigi4', 'Karim1', 'Donatella7', 'Muzio8', 'Maika9', 'Amedeo6', 'Marino4']
['Bettino8', 'Fabio8', 'Carmela3', 'Ercole8', 'Eliziario6', 'Folco6', 'Zelida4', 'Lamberto6', 'Concetta1', 'Amedeo5', 'Gilda2', 'Giorgio6', 'Laura9', 'Leonardo1', 'Demis1', 'Lidia4', 'Nayade9', 'Trevis8', 'Ubaldo2', 'Giobbe6']
['Benedetta1', 'Michael4', 'Kris3', 'Liborio8', 'Isabel1', 'Noah6', 'Orfeo1', 'Max1', 'Armando5', 'Laerte0', 'Ermes4', 'Osea9', 'Ercole4', 'Sandro2', 'Gianantonio6', 'Noel4', 'Nico1', 'Luce6', 'Thea5', 'Gianriccardo3']
['Romeo2', 'Armando0', 'Matteo9', 'Gianantonio5', 'Davide8', 'Zaccaria2', 'Joshua0', 'Azue3', 'Giordano5', 'Cleros5', 'Jack2', 'Sue0', 'Nestore6', 'Elga8', 'Monia8', 'Furio5', 'Prisca2', 'Sesto8', 'Walter7', 'Elsa1']
['Cleopatra7', 'Marino8', 'Tristano8', 'Fatima0', 'Gioacchino7', 'Marzio7', 'Gaetano4', 'Sesto2', 'Michael9', 'Gaetano5', 'Marzio6', 'Prisca3', 'Xavier5', 'Santo9', 'Orfeo5', 'Carmela6', 'Enzo0', 'Tancredi6', 'Irene7', 'Oretta5']
['Ethan7', 'Ludovico9', 'Gilda5', 'Demis3', 'Mariano0', 'Ettore0', 'Albino1', 'Kayla9', 'Elda2', 'Sarita7', 'Orfeo7', 'Sasha7', 'Lidia6', 'Assia4', 'Nicoletta3', 'Sebastian2', 'Anselmo9', 'Costanzo6', 'Loredana6', 'Lisa0']
['Augusto8', 'Patrizio4', 'Odone4', 'Armando8', 'Fabio9', 'Pacifico0', 'Emanuel7', 'Tazio7', 'Marzio4', 'Marieva8', 'Mirko6', 'Rita6', 'Jarno1', 'Nathan3', 'Nestore5', 'Giovanna5', 'Terzo7', 'Raniero0', 'Ludovico2', 'Marianita7']
['Miriana7', 'Costantino7', 'Mariagiulia0', 'Odino9', 'Fatima9', 'Folco8', 'Trevis3', 'Alessandro3', 'Gregorio2', 'Lidia0', 'Mattia9', 'Giulio2', 'Sesto4', 'Carmelo4', 'Lauro3', 'Ferdinando0', 'Rosolino0', 'Michele7', 'Filomena3', 'Romeo4']
['Costanzo4', 'Ercole1', 'Nazzareno0', 'Leonardo0', 'Ariel9', 'Tolomeo0', 'Trevis2', 'Marianita8', 'Arcibaldo8', 'Clodovea2', 'Benedetta5', 'Giorgio2', 'Teseo4', 'Nathan9', 'Aroldo4', 'Ermes9', 'Fiorentino3', 'Bibiana4', 'Anselmo8', 'Tristano5']
['Manfredi5', 'Cleros2', 'Rebecca6', 'Mietta1', 'Soriana6', 'Cassiopea9', 'Piersilvio3', 'Luigi7', 'Brigitta5', 'Nabil5', 'Caio6', 'Enzo6', 'Guendalina3', 'Odone8', 'Modesto4', 'Orfeo4', 'Tommaso8', 'Antonio9', 'Erminio9', 'Rosalino2']
['Maika6', 'Erminio4', 'Secondo5', 'Oreste0', 'Fortunata0', 'Olimpia3', 'Sebastian4', 'Danuta0', 'Serse1', 'Umberto6', 'Italo5', 'Caio2', 'Radames1', 'Amerigo1', 'Rosalba1', 'Primo3', 'Maggiore2', 'Celeste4', 'Diamante4', 'Emanuel3']
['Marina4', 'Fabiano1', 'Deborah4', 'Jari0', 'Penelope5', 'Marcella4', 'Damiana2', 'Siro3', 'Isabel6', 'Maggiore3', 'Quarto3', 'Giorgio3', 'Elsa0', 'Penelope7', 'Rosita1', 'Giovanna3', 'Damiana9', 'Leonardo7', 'Claudia1', 'Laerte5']
['Amerigo5', 'Sarita4', 'Flaviana6', 'Fabiano3', 'Demis2', 'Dylan9', 'Sabino2', 'Alighiero7', 'Fiorenzo1', 'Edipo4', 'Renzo5', 'Erminia5', 'Caligola0', 'Miriana9', 'Elda4', 'Silvano4', 'Diamante6', 'Marina6', 'Giacinto6', 'Laura1']
['Marina7', 'Joseph7', 'Thea4', 'Anastasio3', 'Tancredi4', 'Enzo3', 'Elio8', 'Nestore8', 'Matilde9', 'Marvin0', 'Elga3', 'Pablo7', 'Rodolfo9', 'Cleros7', 'Fernando8', 'Pablo9', 'Gioacchino6', 'Fiorenzo7', 'Mecren9', 'Samira4']
['Rosaria8', 'Valdo9', 'Primo9', 'Radames4', 'Vania2', 'Renato5', 'Timoteo5', 'Marianita1', 'Jari2', 'Antonino6', 'Cleopatra5', 'Pierfrancesco0', 'Artes8', 'Eustachio2', 'Cassiopea8', 'Elio3', 'Iacopo2', 'Tancredi5', 'Siro9', 'Eustachio1']
['Cirino1', 'Lazzaro2', 'Hector0', 'Sasha9', 'Bortolo5', 'Mietta0', 'Osea1', 'Concetta5', 'Gelsomina6', 'Nestore4', 'Kris2', 'Marcella3', 'Akira3', 'Osvaldo5', 'Ausonio0', 'Enzo7', 'Maruska3', 'Mirko4', 'Giulietta7', 'Loretta4']
['Arduino5', 'Moreno5', 'Kayla3', 'Joannes5', 'Pacifico5', 'Cosetta2', 'Ferdinando6', 'Walter1', 'Mietta2', 'Guido1', 'Nathan2', 'Italo9', 'Eriberto9', 'Anselmo3', 'Gianleonardo6', 'Priamo8', 'Joseph3', 'Santo3', 'Siro0', 'Nestore7']
['Vinicio8', 'Sabatino1', 'Cleopatra8', 'Alessio3', 'Arturo8', 'Mauro7', 'Baldassarre3', 'Tolomeo6', 'Ethan9', 'Laerte9', 'Rosalino0', 'Guido6', 'Demi6', 'Jacopo4', 'Lino4', 'Ethan3', 'Miriam7', 'Doriana2', 'Amedeo1', 'Edilio5']
['Miriam8', 'Vania3', 'Brigitta8', 'Edilio6', 'Noah0', 'Tazio1', 'Gianmaria7', 'Timoteo9', 'Gianantonio3', 'Mariagiulia4', 'Secondo0', 'Nico6', 'Audenico0', 'Jacopo3', 'Mariagiulia9', 'Loredana0', 'Eusebio6', 'Radames7', 'Anastasio7', 'Erminia2']
['Marieva7', 'Raoul7', 'Siro8', 'Edilio2', 'Gianriccardo2', 'Mattia6', 'Celeste3', 'Marianita5', 'Valdo2', 'Emanuel1', 'Deborah2', 'Giacobbe7', 'Marcella0', 'Kai5', 'Ileana5', 'Priamo0', 'Umberto0', 'Violante6', 'Clodovea1', 'Liborio4']
['Loris4', 'Antimo9', 'Ursula5', 'Edipo5', 'Piersilvio0', 'Adriano1', 'Lorenzo9', 'Orfeo9', 'Miriana4', 'Nestore3', 'Bettino1', 'Benedetta4', 'Evangelista9', 'Odone9', 'Eusebio3', 'Ulrico6', 'Ian0', 'Lauro5', 'Cleros4', 'Mecren5']
['Fiorenzo8', 'Gavino8', 'Graziano0', 'Cira7', 'Primo1', 'Quirino1', 'Gregorio7', 'Jole3', 'Loretta1', 'Fatima2', 'Rebecca2', 'Ercole9', 'Rosalba8', 'Caligola7', 'Alighieri1', 'Rebecca5', 'Bortolo9', 'Ilario9', 'Dante0', 'Sibilla4']
['Ione9', 'Oretta9', 'Quasimodo0', 'Fortunata6', 'Bibiana6', 'Umberto9', 'Avide3', 'Sirio6', 'Samira6', 'Monia6', 'Davide1', 'Sirio1', 'Ian2', 'Siro2', 'Folco0', 'Mattia1', 'Gianmarco5', 'Karim8', 'Emidio9', 'Arduino8']
['Alberto5', 'Renzo6', 'Dante5', 'Danthon5', 'Egisto1', 'Cleopatra1', 'Ubaldo1', 'Ruth1', 'Cassiopea3', 'Enrico1', 'Joshua3', 'Domiziano7', 'Pietro1', 'Mariagiulia3', 'Vera2', 'Timoteo4', 'Deborah9', 'Ercole2', 'Ivano3', 'Iacopo1']
['Eriberto1', 'Eriberto7', 'Lia2', 'Adriano0', 'Folco3', 'Rocco9', 'Xavier7', 'Luce0', 'Alan9', 'Cleros6', 'Assia0', 'Claudia6', 'Battista3', 'Sue2', 'Folco4', 'Cira8', 'Genziana8', 'Osea0', 'Giancarlo3', 'Concetta9']
