['Kathlin', 'Ortensia', 'Ellie', 'Goldi', 'Joannes', 'Blake', 'Rasla', 'Elisabet', 'Elinor', 'Clari', 'Martguerita', 'Pollyanna', 'Dianna', 'Leora', 'Gwenette', 'Garland', 'Fayina', 'Minnnie', 'Mariette']
['Di', 'Vivia', 'Edi', 'Toma', 'Kora', 'Shelby', 'Lyn', 'Tammy', 'Chelsea', 'Tilda', 'Dulcia', 'Lorna', 'Deeann', 'Marcia', 'Tresa', 'Lauretta', 'Paula', 'Geralda', 'Elayne']
['Meris', 'Lynnett', 'Renae', 'Starr', 'Viva', 'Nadine', 'Arleyne', 'Rosina', 'Emelina', 'Lavinia', 'Nerta', 'Camilla', 'Honey', 'Jane', 'Trude', 'Callie', 'Danell', 'Lorinda', 'Jennica']
['Billy', 'Toni', 'Stefa', 'Gussy', 'Loria', 'Evvy', 'Maryl', 'Rachel', 'Kerstin', 'Emilee', 'Merline', 'Natala', 'Bonnee', 'Verina', 'Bell', 'Nelia', 'Leona', 'Eve', 'Charis']
['Corinna', 'Lori', 'Crystie', 'Kania', 'Melodie', 'Penny', 'Jessamyn', 'Cinnamon', 'Cordy', 'SheilaKathryn', 'Linette', 'Allsun', 'Vallie', 'Devinne', 'Erma', 'Constantia', 'Laverna', 'Jaime', 'Nomi']
['Ray', 'Saundra', 'Daisi', 'Carlye', 'Clemmy', 'Una', 'Cynde', 'Giselle', 'Christin', 'Ivie', 'Livia', 'Raye', 'Vanessa', 'Almeda', 'Deny', 'Natka', 'Robena', 'Lita', 'Dolores']
['Patience', 'Carree', 'Randene', 'Dulcea', 'Ashlen', 'Genni', 'Erna', 'Fredelia', 'Camille', 'Libby', 'Jeannie', 'Brenn', 'Winifred', 'Rosalind', 'Corey', 'Maryjo', 'Keri', 'Drucill', 'Marigold']
['Tybi', 'Jasmin', 'Therine', 'Flori', 'Rebbecca', 'Moyra', 'Vin', 'Janette', 'Karlotta', 'Kylen', 'Trista', 'Katleen', 'Natalina', 'Alvina', 'Tiffani', 'Prudi', 'Neilla', 'Tanya', 'Barbaraanne']
['Stepha', 'Merrielle', 'Katalin', 'Inna', 'Avivah', 'Dulcie', 'Kettie', 'Hyacinth', 'Gaynor', 'Sephira', 'Joly', 'Oliy', 'Caryn', 'Marley', 'Nicoli', 'Sara', 'Rosalinde', 'Leilah', 'Edeline']
['Jeralee', 'Phedra', 'Lisabeth', 'Tersina', 'Emmalynne', 'Sibylle', 'Lillis', 'Esmaria', 'Idell', 'Fayth', 'Ginger', 'Madonna', 'Lorraine', 'Brynne', 'Lisbeth', 'Pia', 'Joleen', 'Kiersten', 'Henrietta']
['Genna', 'Bria', 'Claudina', 'Siusan', 'Idalina', 'Cristina', 'Tanhya', 'Alyce', 'Lina', 'Aubrette', 'Christina', 'Laraine', 'Roseann', 'Wilow', 'Imogen', 'Anya', 'Delila', 'Ethelind', 'Hatty']
['Lettie', 'Pierrette', 'Licha', 'Kellen', 'Siobhan', 'Courtnay', 'Bessy', 'Karol', 'Sharla', 'Essa', 'Barbe', 'AnnaDiane', 'Katha', 'Amitie', 'Susi', 'Nora', 'Jess', 'Madalena', 'Rosene']
['Thalia', 'Annalee', 'Lona', 'Brynna', 'Valerie', 'Cordie', 'Corella', 'Carline', 'Lanni', 'Marice', 'Gabriell', 'Kaylyn', 'Gerianna', 'Riannon', 'Jsandye', 'Miquela', 'Myrilla', 'Laura', 'Ashely']
['Eadie', 'Romonda', 'Ardenia', 'Betteanne', 'Dana', 'Feliza', 'Kippy', 'Carmelia', 'Donella', 'Faith', 'Pippy', 'Meggy', 'Anthe', 'Lila', 'Ula', 'Koressa', 'Arliene', 'Mable', 'Kelcey']
['Marlyn', 'Silva', 'Uta', 'Henriette', 'Costanza', 'Kristin', 'Tamarra', 'Lorrin', 'Fawne', 'Maddalena', 'Pansie', 'Cherry', 'Jada', 'Philomena', 'Gigi', 'Freda', 'Matilda', 'Tatiana', 'Sue']
['Lorena', 'Lois', 'Coral', 'Nerissa', 'Noelyn', 'Willabella', 'Laverne', 'Serena', 'Thomasina', 'Jodi', 'Yalonda', 'Christabel', 'Susana', 'Laureen', 'Kay', 'Cecelia', 'Geri', 'Suellen', 'HelenElizabeth']
['Sheeree', 'Brigid', 'Pandora', 'Analise', 'Madelin', 'Tamarah', 'Frankie', 'Sherline', 'Annie', 'Cate', 'Mia', 'Helenka', 'Sallyanne', 'Magdaia', 'Kata', 'Wilone', 'Jolie', 'Sofia', 'Tobi']
['Madelyn', 'Karisa', 'Neila', 'Anjanette', 'Kassia', 'Ashli', 'Jenna', 'Andree', 'Coretta', 'Marjie', 'Hendrika', 'Cayla', 'Mina', 'Vonny', 'Heather', 'Raine', 'Debbie', 'Chrystel', 'Marla']
['Vickie', 'Tessy', 'Shaina', 'Jorey', 'Midge', 'Liz', 'Shayna', 'Paulette', 'Sharron', 'Emmy', 'Rozanna', 'Heidie', 'Bibbie', 'Catina', 'Darcee', 'Lacey', 'Goldina', 'Nevsa', 'Renelle']
['Pavla', 'Wendeline', 'Misti', 'Veronike', 'Grazia', 'Jeannine', 'Brandise', 'Chris', 'Ondrea', 'Zoe', 'Isabelle', 'Sayre', 'Tova', 'Gwendolen', 'Kial', 'Jobina', 'Ealasaid', 'Cammie', 'Phillis']
['Kacey', 'Vilma', 'Bobbie', 'Ardine', 'Shayne', 'Herminia', 'Patti', 'Zorana', 'Kinna', 'Amabel', 'Sheree', 'Reeva', 'Constantina', 'Shay', 'Mehetabel', 'Lindsy', 'Gerrilee', 'Eddi', 'Vi']
['Lia', 'Sophie', 'Phil', 'Nolana', 'Harrie', 'Melva', 'Dayle', 'Tressa', 'Johnette', 'Erinna', 'Reggi', 'Shani', 'Brandie', 'Jessika', 'Sheilah', 'Raven', 'Paulina', 'Mariejeanne', 'Zita']
['Marylou', 'Lilla', 'Valentine', 'Jaclyn', 'Eula', 'Denyse', 'Janey', 'Cory']
['Jeniffer', 'AnnaDiana', 'Mareah', 'Evangeline', 'Harriett', 'Gayle', 'Libbi', 'Andriette', 'Jacquenette', 'Clemmie', 'Kalindi', 'Debby', 'Shelli', 'Terra', 'Giralda', 'Megan', 'Laurice', 'Milena', 'Biddie']
['Reta', 'Jeannette', 'Sheena', 'Joycelin', 'Shelia']
