['Vertex308', 'Vertex412', 'Vertex64', 'Vertex171', 'Vertex153', 'Vertex46', 'Vertex41', 'Vertex269', 'Vertex44', 'Vertex148', 'Vertex400', 'Vertex114', 'Vertex334', 'Vertex155', 'Vertex80', 'Vertex120', 'Vertex365', 'Vertex91', 'Vertex257', 'Vertex266']
['Vertex306', 'Vertex249', 'Vertex72', 'Vertex206', 'Vertex85', 'Vertex352', 'Vertex230', 'Vertex137', 'Vertex371', 'Vertex112', 'Vertex288', 'Vertex423', 'Vertex49', 'Vertex369', 'Vertex76', 'Vertex188', 'Vertex342', 'Vertex362', 'Vertex69', 'Vertex426']
['Vertex129', 'Vertex56', 'Vertex381', 'Vertex285', 'Vertex102', 'Vertex99', 'Vertex317', 'Vertex42', 'Vertex333', 'Vertex260', 'Vertex236', 'Vertex225', 'Vertex119', 'Vertex358', 'Vertex67', 'Vertex149', 'Vertex340', 'Vertex265', 'Vertex364', 'Vertex433']
['Vertex123', 'Vertex372', 'Vertex434', 'Vertex258', 'Vertex254', 'Vertex315', 'Vertex228', 'Vertex270', 'Vertex90', 'Vertex193', 'Vertex208', 'Vertex427', 'Vertex229', 'Vertex134', 'Vertex100', 'Vertex399', 'Vertex323', 'Vertex255', 'Vertex205', 'Vertex88']
['Vertex370', 'Vertex261', 'Vertex349', 'Vertex140', 'Vertex151', 'Vertex84', 'Vertex418', 'Vertex66', 'Vertex345', 'Vertex413', 'Vertex174', 'Vertex390', 'Vertex179', 'Vertex183', 'Vertex406', 'Vertex392', 'Vertex417', 'Vertex131', 'Vertex201', 'Vertex393']
['Vertex330', 'Vertex181', 'Vertex277', 'Vertex166', 'Vertex221', 'Vertex115', 'Vertex438', 'Vertex429', 'Vertex396', 'Vertex177', 'Vertex98', 'Vertex50', 'Vertex237', 'Vertex287', 'Vertex101', 'Vertex113', 'Vertex234', 'Vertex432', 'Vertex359', 'Vertex251']
['Vertex128', 'Vertex421', 'Vertex190', 'Vertex430', 'Vertex394', 'Vertex407', 'Vertex191', 'Vertex209', 'Vertex243', 'Vertex295', 'Vertex289', 'Vertex313', 'Vertex294', 'Vertex146', 'Vertex297', 'Vertex339', 'Vertex109', 'Vertex79', 'Vertex200', 'Vertex301']
['Vertex360', 'Vertex307', 'Vertex273', 'Vertex52', 'Vertex53', 'Vertex160', 'Vertex187', 'Vertex314', 'Vertex144', 'Vertex343', 'Vertex259', 'Vertex298', 'Vertex232', 'Vertex65', 'Vertex424', 'Vertex366', 'Vertex420', 'Vertex212', 'Vertex404', 'Vertex271']
['Vertex203', 'Vertex388', 'Vertex415', 'Vertex350', 'Vertex363', 'Vertex111', 'Vertex312', 'Vertex78', 'Vertex248', 'Vertex275', 'Vertex268', 'Vertex142', 'Vertex143', 'Vertex239', 'Vertex250', 'Vertex162', 'Vertex398', 'Vertex262', 'Vertex296', 'Vertex293']
['Vertex173', 'Vertex93', 'Vertex374', 'Vertex302', 'Vertex198', 'Vertex83', 'Vertex235', 'Vertex354', 'Vertex217', 'Vertex154', 'Vertex416', 'Vertex337', 'Vertex233', 'Vertex276', 'Vertex341', 'Vertex158', 'Vertex207', 'Vertex389', 'Vertex136', 'Vertex197']
['Vertex132', 'Vertex246', 'Vertex380', 'Vertex86', 'Vertex387', 'Vertex40', 'Vertex401', 'Vertex320', 'Vertex214', 'Vertex368', 'Vertex125', 'Vertex435', 'Vertex299', 'Vertex106', 'Vertex332', 'Vertex182', 'Vertex58', 'Vertex376', 'Vertex347', 'Vertex97']
['Vertex47', 'Vertex139', 'Vertex431', 'Vertex124', 'Vertex210', 'Vertex290', 'Vertex213', 'Vertex218', 'Vertex282', 'Vertex328', 'Vertex291', 'Vertex318', 'Vertex224', 'Vertex54', 'Vertex244', 'Vertex61', 'Vertex215', 'Vertex60', 'Vertex219', 'Vertex375']
['Vertex199', 'Vertex94', 'Vertex344', 'Vertex305', 'Vertex353', 'Vertex241', 'Vertex122', 'Vertex310', 'Vertex43', 'Vertex77', 'Vertex351', 'Vertex384', 'Vertex92', 'Vertex403', 'Vertex75', 'Vertex378', 'Vertex279', 'Vertex319', 'Vertex172', 'Vertex107']
['Vertex194', 'Vertex338', 'Vertex223', 'Vertex321', 'Vertex110', 'Vertex126', 'Vertex138', 'Vertex373', 'Vertex121', 'Vertex379', 'Vertex281', 'Vertex170', 'Vertex383', 'Vertex331', 'Vertex168', 'Vertex184', 'Vertex59', 'Vertex252', 'Vertex284', 'Vertex292']
['Vertex161', 'Vertex356', 'Vertex165', 'Vertex439', 'Vertex377', 'Vertex428', 'Vertex327', 'Vertex96', 'Vertex105', 'Vertex303', 'Vertex164', 'Vertex280', 'Vertex414', 'Vertex81', 'Vertex348', 'Vertex286', 'Vertex395', 'Vertex185', 'Vertex57', 'Vertex272']
['Vertex157', 'Vertex245', 'Vertex175', 'Vertex135', 'Vertex382', 'Vertex108', 'Vertex196', 'Vertex216', 'Vertex48', 'Vertex263', 'Vertex357', 'Vertex133', 'Vertex329', 'Vertex226', 'Vertex127', 'Vertex186', 'Vertex300', 'Vertex256', 'Vertex159', 'Vertex104']
['Vertex103', 'Vertex70', 'Vertex55', 'Vertex117', 'Vertex336', 'Vertex355']
['Vertex82']
['Vertex71', 'Vertex189', 'Vertex419', 'Vertex386']
['Vertex361', 'Vertex335', 'Vertex211', 'Vertex231', 'Vertex437', 'Vertex397', 'Vertex425', 'Vertex74']
['Vertex240', 'Vertex167']
['Vertex195']
['Vertex176', 'Vertex410', 'Vertex63', 'Vertex178', 'Vertex150']
['Vertex118', 'Vertex62', 'Vertex152', 'Vertex87', 'Vertex274', 'Vertex346', 'Vertex325', 'Vertex311', 'Vertex51', 'Vertex130', 'Vertex141', 'Vertex253', 'Vertex222', 'Vertex192', 'Vertex45', 'Vertex367', 'Vertex405', 'Vertex309', 'Vertex247', 'Vertex409']
['Vertex95']
['Vertex326', 'Vertex89', 'Vertex304']
['Vertex267', 'Vertex242']
['Vertex238', 'Vertex316']
['Vertex220']
['Vertex169', 'Vertex422']
['Vertex156']
['Vertex402']
['Vertex391']
['Vertex324', 'Vertex180', 'Vertex145', 'Vertex408', 'Vertex202']
['Vertex322']
['Vertex278', 'Vertex116', 'Vertex385', 'Vertex411', 'Vertex283', 'Vertex147', 'Vertex73']
['Vertex264']
['Vertex227']
['Vertex204']
['Vertex163', 'Vertex436', 'Vertex68']
