['Emily', 'Cliff', 'Wally', 'Josie', 'Chang', 'Lauri', 'Fidel', 'Rhett', 'Margo', 'Helga', 'Leona', 'Daisy', 'Robin', 'Jared', 'Linda', 'Willy', 'Naomi', 'Tanya', 'Ellen', 'Jayne', 'Britt', 'Annie', 'Benny', 'Clyde', 'Julia', 'Clark', 'Elvin', 'Joann', 'Mikel', 'Adele', 'Monty', 'Malik', 'Tasha', 'Julio', 'Jonah', 'Louis', 'Tyron', 'Mason', 'Mable', 'April', 'Darin', 'Wyatt', 'Maura', 'Sonja', 'Gayle', 'Steve', 'Carly', 'Kevin', 'Corey', 'Melba']
['Debra', 'Erick', 'David', 'James', 'Karin', 'Janet', 'Tommy', 'Lydia', 'Verna', 'Cindy', 'Jamar', 'Betsy', 'Grant', 'Ilene', 'Ervin', 'Nancy', 'Clint', 'Dixie', 'Kayla', 'Wendi', 'Brian', 'Bette', 'Lanny', 'Alice', 'Staci', 'Robyn', 'Lucio', 'Cyrus', 'Teddy', 'Bobbi', 'Sandy', 'Arlen', 'Ruben', 'Issac', 'Devin', 'Clara', 'Ollie', 'Sally', 'Sheri', 'Freda', 'Lyman', 'Jaime', 'Craig', 'Alvin', 'Patti', 'Karen', 'Carla', 'Brock', 'Amado', 'Jamel']
['Tammi', 'Brady', 'Trent', 'Peter', 'Dwain', 'Candy', 'Shaun', 'Nelda', 'Dante', 'Pedro', 'Lacey', 'Donna', 'Aaron', 'Ronny', 'Merle', 'Elmer', 'Janis', 'Bryon', 'Ariel', 'Mitzi', 'Della', 'Terri', 'Bryce', 'Felix', 'Essie', 'Kelly', 'Brent', 'Doris', 'Cesar', 'Lorie', 'Mamie', 'Ebony', 'Ahmad', 'Tracy', 'Timmy', 'Micah', 'Maria', 'Elena', 'Sofia', 'Shane', 'Brant', 'Rusty', 'Katie', 'Maude', 'Chong', 'Billy', 'Wilma', 'Berta', 'Dario', 'Elsie']
['Wanda', 'Mario', 'Orval', 'Jacob', 'Garry', 'Tonya', 'Kathy', 'Leila', 'Zelma', 'Renee', 'Donny', 'Allan', 'Marty', 'Bruno', 'Pearl', 'Hilda', 'Quinn', 'Roger', 'Amber', 'Tonia', 'Leroy', 'Moshe', 'Leann', 'Audra', 'Dusty', 'Olive', 'Greta', 'Marcy', 'Rhoda', 'Casey', 'Flora', 'Mandy', 'Bryan', 'Sammy', 'Aline', 'Perry', 'Roman', 'Eddie', 'Hazel', 'Nikki', 'Danny', 'Fritz', 'Twila', 'Alton', 'Percy', 'Wendy', 'Randy', 'Elvia', 'Vilma', 'Emery']
['Mitch', 'Homer', 'Deann', 'Jason', 'Sonny', 'Kirby', 'Rufus', 'Moses', 'Laura', 'Misty', 'Becky', 'Queen', 'Nadia', 'Sadie', 'Daron', 'Effie', 'Major', 'Adela', 'Chase', 'Claud', 'Marla', 'Randi', 'Odell', 'Davis', 'Basil', 'Terry', 'Elias', 'Erica', 'Hyman', 'Pansy', 'Barry', 'Ernie', 'Myron', 'Vicky', 'Josef']
['Sybil']
['Roxie']
['Lorna']
['Tessa']
['Marci']
['Buddy']
['Joyce']
['Edwin']
['Paige']
['Avery']
['Chris']
['Holly']
['Viola']
['Irvin']
['Erika']
