['59', '93', '149', '231', '159', '35']
['225', '178', '57', '236', '72', '192']
['217', '37', '132', '73', '96', '234']
['177', '153', '194', '120', '145', '31']
['71', '139', '87', '223', '40', '70']
['43', '85', '214', '10', '108', '81']
['4', '190', '44', '221', '48', '38']
['224', '176', '49', '216', '12', '144']
['208', '170', '99', '1', '83', '237']
['184', '45', '54', '166', '160', '169']
['174', '240', '24', '213', '150', '41']
['95', '127', '187', '141', '47', '156']
['5', '13', '197', '244', '20', '16']
['182', '134', '62', '53', '74', '183']
['163', '229', '64', '158', '34', '9']
['148', '97', '227', '123', '243', '98']
['65', '210', '226', '27', '55', '230']
['42', '68', '248', '82', '26', '61']
['29', '105', '162', '157', '32', '212']
['11', '126', '75', '19', '21', '207']
['247', '46', '0', '23', '181', '94']
['242', '111', '76', '219', '51', '67']
['238', '58', '189', '235', '28', '220']
['218', '7', '195', '15', '200', '135']
['209', '84', '161', '196', '119', '179']
['206', '188', '18', '211', '14', '104']
['202', '171', '151', '147', '152', '100']
['172', '78', '173', '191', '22', '133']
['137', '122', '199', '180', '36', '138']
['117', '8', '56', '112', '77', '130']
['110', '185', '175', '167', '239', '101']
['88', '245', '246', '102', '136', '109']
['66', '63', '52', '146', '114', '33']
['60', '107', '103']
['50']
['25', '80', '89', '17', '6', '198']
['241', '30', '92', '118', '155', '215']
['233', '142', '106', '205', '115', '228']
['232', '204', '3', '168', '39']
['222', '249', '128', '203', '131', '165']
['201', '113', '143']
['164']
['154', '79', '90', '193']
['140', '69', '2', '186', '116']
['129']
['125']
['124']
['121', '250']
['91']
['86']
