['Arthur', 'Richard', 'Beckett', 'Leonardo', 'Cody', 'William', 'Dominic', 'Micah', 'Charles', 'Nathan']
['Antonio', 'Nathaniel', 'Jonah', 'Knox', 'am', 'Brody', 'Isaac', 'Colton', 'Paxton', 'Carlos']
['Tobias', 'Adam', 'George', 'Myles', 'Connor', 'Owen', 'Felix', 'Cayden', 'Waylon', 'River']
['Preston', 'Beau', 'Adriel', 'Caleb', 'Edward', 'Iker', 'Benjamin', 'Zion', 'Rafael', 'Mateo']
['Elliott', 'Declan', 'Erick', 'Diego', 'Enzo', 'Brooks', 'Jace', 'Andre', 'Thiago', 'Chance']
['Landon', 'Martin', 'Giovanni', 'Jonathan', 'Hudson', 'Brady', 'Carson', 'Ryder', 'Jayden', 'Weston']
['Josiah', 'Greyson', 'Aaron', 'Gunner', 'Derek', 'Amir', 'Elias', 'Eli', 'Wesley', 'Amari']
['Joseph', 'Kaleb', 'Judah', 'Theo', 'Eric', 'Jaxon', 'Bennett', 'Brantley', 'Graham', 'Abel']
['Mason', 'Lukas', 'Hayden', 'Daniel', 'Stephen', 'Karter', 'Juan', 'Dallas', 'Charlie', 'Reid']
['Leon', 'Nicholas', 'Mark', 'Ian', 'Grayson', 'Cameron', 'Tanner', 'Zane', 'Gael', 'Riley']
['Kyle', 'Zander', 'Matteo', 'Grant', 'Levi', 'Archer', 'Ashton', 'Cash', 'Abraham', 'Clayton']
['Kaden', 'Maddox', 'Aiden', 'Sean', 'Josue', 'Jasper', 'James', 'Holden', 'Calvin', 'Emmett']
['Kingston', 'Jesus', 'Corbin', 'Killian', 'Maverick', 'Avery', 'John', 'Damien', 'Jacob', 'Malachi']
['Gavin', 'Michael', 'Samuel', 'King', 'Karson', 'Dean', 'Ezekiel', 'Braxton', 'Tucker', 'Francisco']
['Jaxson', 'Kenneth', 'Jack', 'Kayden', 'Omar', 'Nolan', 'Robert', 'August', 'Alan', 'Griffin']
['Jordan', 'Aidan', 'Patrick', 'Finn', 'Jorge', 'Santiago', 'Carter', 'Andrew', 'Israel', 'Sebastian']
['Jackson', 'Timothy', 'Steven', 'Xander', 'Caden', 'Alex', 'Evan', 'Maximus', 'Rowan', 'Ivan']
['Phoenix', 'Finley', 'Kaiden', 'Elliot', 'Christopher', 'Nicolas', 'Remington', 'Dylan', 'Rylan', 'Emilio']
['Brian', 'Legend', 'Parker', 'Bradley', 'Isaiah', 'Jeremy', 'Joel', 'Bryan', 'Zayden', 'Gabriel']
['Emiliano', 'Logan', 'Jason', 'David', 'Victor', 'Elijah', 'Emerson', 'Emmanuel', 'Matthew', 'Ayden']
['Oscar', 'Jesse', 'Julian', 'Adrian', 'Miles', 'Ryker', 'Louis', 'Maxwell', 'Tyler', 'Alexander']
['Miguel', 'Angel', 'Ryan', 'Bryson', 'Jeremiah', 'Javier', 'Wyatt', 'Jaden', 'Ezra', 'Cooper']
['Luca', 'Anthony', 'Brayden', 'Barrett', 'Paul', 'Simon', 'Rhett', 'Lucas', 'Brandon', 'Asher']
['Max', 'Vincent', 'Cole', 'Kameron', 'Colt', 'Ace', 'Jude', 'Ethan', 'Lorenzo', 'Thomas']
['Chase', 'Messiah', 'Marcus', 'Harrison', 'Peter', 'Justin', 'Jake', 'Roman', 'Damian', 'Joshua']
['Xavier', 'Kevin', 'Tristan', 'Matias', 'Luke', 'Milo', 'Everett', 'Beckham', 'Luis', 'Andres']
['Easton', 'Kyrie', 'Alejandro', 'Walter', 'Christian', 'Axel', 'Jameson', 'Manuel']
['Hunter', 'Blake', 'Silas', 'Camden', 'Bentley', 'Henry', 'Austin', 'Dawson', 'Theodore', 'Noah']
['Lincoln', 'Oliver', 'Zachary']
['Eduardo', 'Kai', 'Sawyer', 'Jayce', 'Nash', 'Leo', 'Jose', 'Colin', 'Jax', 'Bryce']
