['256', '28', '371', '129', '160', '325', '5', '307', '260', '269', '249', '72']
['208', '326', '381', '32', '64', '323', '207', '96', '74', '99', '175', '379']
['230', '304', '153', '59', '195', '349', '253', '162', '85', '141', '20', '320']
['221', '280', '216', '268', '40', '81', '302', '179', '362', '213', '42', '172']
['215', '65', '106', '254', '241', '6', '267', '240', '355', '128', '11', '166']
['120', '238', '182', '91', '61', '2', '184', '140', '9', '137', '83', '314']
['113', '198', '0', '344', '180', '87', '112', '111', '200', '271', '227', '242']
['26', '220', '384', '1', '173', '88', '250', '277', '3', '231', '185', '69']
['383', '262', '353', '356', '352', '115', '158', '125', '121', '251', '400', '321']
['339', '148', '60', '270', '363', '174', '143', '259', '171', '43', '337', '386']
['336', '134', '324', '370', '354', '62', '218', '217', '328', '347', '210', '382']
['310', '279', '299', '49', '306', '159', '247', '58', '201', '161', '372', '192']
['303', '170', '366', '205', '358', '335', '225', '105', '287', '273', '70', '294']
['229', '15', '377', '311', '18', '246', '209', '133', '365', '167', '109', '190']
['224', '369', '340', '13', '265', '393', '67', '219', '281', '258', '14', '332']
['188', '368', '57', '395', '7', '396', '122', '151', '86', '24', '300', '315']
['124', '165', '110', '118', '150', '399', '343', '76', '56', '292', '301', '226']
['82', '135', '123', '387', '80', '263', '142', '193', '37', '283', '10', '38']
['41', '117', '228', '199', '79', '138', '308', '73', '322', '154', '373', '157']
['12', '291', '197', '55', '257', '35', '341', '47', '93', '146', '232', '22']
['8', '101', '305', '163', '94', '313', '23', '211', '126', '107', '361', '29']
['388', '95', '357', '394', '44', '272', '136', '177', '255', '243', '331', '144']
['376', '97', '346', '338', '351', '16', '350', '319', '77', '278', '187', '71']
['374', '50', '239', '348', '152', '295', '36', '222', '398', '51', '214', '296']
['334']
['329', '234', '116', '342', '34', '92', '48', '90', '21', '33', '252', '104']
['317', '274', '63', '147', '289', '53', '380', '235', '285', '78', '39', '264']
['298', '149', '178', '31', '236', '345', '266']
['284']
['248', '30', '245']
['237', '46']
['206', '316', '359', '75', '114', '244', '103', '17', '360', '132']
['203', '204', '194', '66', '297', '288', '156', '364', '286', '318', '223', '309']
['202', '68', '275', '102', '84', '139', '282', '392', '276', '378', '233', '391']
['191', '164', '397', '330', '290', '186', '390', '52', '25', '261', '183', '333']
['176', '89', '389', '130', '293', '385', '19']
['169']
['168', '196', '27', '119', '4']
['155', '45', '312', '54', '375', '131', '189', '98', '108', '367', '127']
['145', '100', '181', '212', '327']
