['292']
['93', '1', '56']
['89']
['272']
['102']
['38', '313']
['362', '26', '198', '302', '95']
['346', '158', '128', '303', '203']
['345', '55']
['318']
['258', '23', '41', '35', '153']
['250']
['209', '285', '50', '296', '255']
['204']
['202']
['191', '321', '142']
['82', '79', '280', '140', '214']
['310', '104', '324', '5', '311']
['309']
['301']
['284', '211', '353', '109', '28']
['217', '124']
['184']
['179', '137', '342', '307', '145']
['173', '14', '160']
['169']
['151']
['119', '259', '115', '150', '339']
['84', '251', '127', '288', '165']
['62']
['59']
['36']
['0', '13', '80', '161', '298']
['360']
['332', '96', '245']
['326']
['319', '100', '90', '315', '239']
['270', '71', '11', '189']
['261', '154']
['252', '237']
['244']
['219']
['195', '117']
['193']
['186']
['181']
['143']
['138']
['130']
['126']
['112']
['66']
['53']
['51']
['31']
['10']
['352']
['347']
['340']
['338', '240']
['316']
['314']
['305']
['304', '281']
['295']
['291', '99']
['228', '40']
['215']
['213']
['210']
['208']
['206']
['152', '331', '183']
['135']
['134']
['103', '185']
['67']
['45']
['39']
['22', '17']
['19']
['8']
['359']
['334']
['333']
['300']
['294']
['275', '188', '108']
['264']
['241']
['235']
['232']
['205']
['156']
['155']
['114']
['111']
['105']
['87', '21']
['81']
['75']
['60']
['29']
['24']
['7']
['361']
['358']
['356']
['351']
['349']
['344']
['335']
['308']
['297']
['286']
['277']
['273']
['249']
['248']
['225']
['218']
['190']
['187']
['144']
['141']
['133']
['118']
['113']
['98']
['92']
['86']
['77']
['72']
['65']
['64']
['63']
['58']
['57']
['54']
['47']
['27', '174']
['355']
['329']
['327']
['325']
['322']
['293']
['278']
['260']
['257']
['243']
['234']
['226']
['199']
['178']
['159']
['147']
['146']
['139']
['129']
['122']
['110']
['78']
['73']
['30']
['25']
['15']
['350']
['336']
['323']
['312']
['287']
['267']
['263']
['256']
['236']
['231']
['229']
['224']
['222']
['207']
['200']
['196']
['180']
['167']
['163']
['125']
['120']
['116']
['101']
['94']
['83']
['34']
['20']
['16']
['4']
['343']
['330']
['328']
['283']
['271']
['266']
['265']
['262']
['254']
['227']
['223']
['201']
['197']
['194']
['192']
['171']
['166']
['162']
['157']
['136']
['131']
['121']
['107']
['97']
['91']
['74']
['69']
['68']
['61']
['49']
['48']
['46']
['44']
['43']
['42']
['32']
['12']
['3']
['2']
['357']
['354']
['348']
['317']
['306']
['290']
['282']
['279']
['276']
['274']
['268']
['253']
['246']
['242']
['233']
['230']
['220']
['216']
['212']
['182']
['177']
['149']
['148']
['132']
['123']
['106']
['88']
['85']
['76']
['70']
['52']
['37']
['33']
['18']
['9']
['6']
['341']
['337']
['320']
['299']
['289']
['269']
['247']
['238']
['221']
['176']
['175']
['172']
['170']
['168']
['164']
