['Akasha', 'Oluwatobi', 'Leib', 'Tralaya', 'Jemiah', 'Hakop', 'Lamariah', 'Tacori', 'Lazaria', 'Rohil', 'Caliegh', 'Tobias', 'Hannelore', 'Asa', 'Shalonda', 'Jalyiah', 'Abhinav', 'Zackrey', 'Gwendolynn', 'Deidre', 'Fe', 'Jirah', 'Kaymi', 'Mikelle', 'Dea', 'Shanaiya', 'Natasia', 'Mylie', 'Samauri', 'Atika']
['Derionna', 'Kaeley', 'Miley', 'Tanyla', 'Lilyonna', 'Dusan', 'Marwan', 'Khalee', 'Azavier', 'Sayd', 'Vyncent', 'Halo', 'Kobe', 'Adeleine', 'Nitzia', 'Bow', 'Jailon', 'Abdulrehman', 'Farah', 'Kirubel', 'Lailani', 'Dairon', 'Mumin', 'Seiry', 'Kemily', 'Merlina', 'Guadalupe', 'Lealand', 'Keili', 'Aley']
['Suri', 'Antrone', 'Sincere', 'Jaimarie', 'Janine', 'Sussy', 'Thien', 'Juliano', 'Tam', 'Anadalay', 'Amonti', 'Dereck', 'Zamyah', 'Stafford', 'Chidi', 'Marialy', 'Vanesa', 'Bright', 'Yaire', 'Raeleigh', 'Haya', 'Andriy', 'Quintavious', 'Avigail', 'Zahriyah', 'Daxen', 'Mikea', 'Lilienne', 'Deliany', 'Larrissa']
['Sashya', 'Sihaam', 'Zinia', 'Makyra', 'Kaeleen', 'Soniah', 'Bailei', 'Jos', 'Dajana', 'Osmin', 'Coraline', 'Takia', 'Ahnaya', 'Adriene', 'Endi', 'Liat', 'Shamyia', 'Jandre', 'Jomary', 'Keni', 'Markise', 'Abaan', 'Marik', 'Tahir', 'Mikaelah', 'Quintasia', 'Kaira', 'Liann', 'Fox', 'Byron']
['Abdoulaziz', 'Denize', 'Jacob', 'Harlem', 'Deedra', 'Julia', 'Nakaya', 'Shanell', 'Eleah', 'Evia', 'Jaydah', 'Xaviel', 'Treyonna', 'Ancel', 'Aarohi', 'Serenety', 'Daxx', 'Margie', 'Delara', 'Jaquis', 'Aman', 'Milene', 'Jersi', 'Doyle', 'Elisah', 'Marnae', 'Aizik', 'Mircale', 'Jax', 'Laticia']
['Kaymarie', 'Alyze', 'Jerel', 'Ron', 'Jatziry', 'Jesus', 'Johnavan', 'Rock', 'Casandra', 'Aryeh', 'Jahred', 'Jebediah', 'Bailynn', 'Merissa', 'Maude', 'Soriya', 'Jarem', 'Joed', 'Fabrizzio', 'Estephanie', 'Bristol', 'Rosalio', 'Ailene', 'Shamiyah', 'Jamaine', 'Dorcas', 'Dainen', 'Noami', 'Nishta', 'Ellarie']
['Kayliann', 'Nayara', 'Zoiee', 'Shahid', 'Carine', 'Alainna', 'Seleen', 'Blaine', 'Lizmari', 'Jamear', 'Jarrell', 'Thadius', 'Sabastion', 'Devaun', 'Salif', 'Shy', 'Mylez', 'Kirrah', 'Cisco']
['Rey', 'Ingrid', 'Crystina', 'Nakari', 'Carena', 'Kenniyah', 'Feven', 'Detravion', 'Gracia', 'Montana', 'Abdulraheem', 'Dragon', 'Mckaylin', 'Jezzelle', 'Jamonte', 'Kairy', 'Keemya', 'Elysha', 'Nancy', 'Kensleigh', 'Thaddius', 'Taegan', 'Nidhi', 'Natsumi', 'Treyson', 'Shardae', 'Citlally', 'Delisha', 'Marcellius', 'Ramses']
['Ricky', 'Evangelyne', 'Brenya']
['Mailen', 'Monserath', 'Casondra', 'Dhalia', 'Elway', 'Keion', 'Carsten', 'Jaquan', 'Sameeha', 'Ameerah', 'Azeriah', 'Shakila', 'Yu', 'Ilyn', 'Quentyn', 'Camill', 'Ishmel', 'Deriyon', 'Veena', 'Khamil', 'Braeley', 'Zuzanna', 'Anouk', 'Mezmariah', 'Srinath', 'Vivica', 'Dashun', 'Avielle', 'Leilah', 'Yajahira']
['Trystian', 'Arsalan', 'Zayquan', 'Jahlen', 'Rayne', 'Colie', 'Adaisha', 'Charlize', 'Sydelle', 'Kenzo', 'Rexford', 'Sagan', 'Alison']
['Tasi', 'Nakeya', 'Basha', 'Kvaughn', 'Lakiyah', 'Rielly', 'Hesham', 'Adanna', 'Kenzlie', 'Sinia', 'Selena', 'Mariaelena', 'Sheniyah']
['Kyo', 'Coi', 'Timia', 'Trinitey', 'Sharlene', 'Merary', 'Raphael', 'Zaahir', 'Gertrude', 'Fidel', 'Jalilah', 'Trenise', 'Vinnie', 'Cicily', 'Lukis', 'Kinzie', 'Olive', 'Amr', 'Nohely', 'Terriona', 'Jaaziah', 'Meryl', 'Jaleesa', 'Taye', 'Lynia', 'Coulson', 'Sanae', 'Katalina', 'Danyca', 'Adysen']
['Anela']
['Cyris', 'Chyna', 'Aleiyah', 'Eeliyah', 'Alayasia', 'Jophy', 'Jeremias', 'Lauralynn', 'Michaell', 'Jaleena', 'Mikyla', 'Gor', 'Emmanuela', 'Jovey', 'Dhyan', 'Kariana', 'Mykaylah', 'Jema', 'Jerriah', 'Aylana', 'Khila', 'Jakelin', 'Giannie', 'Mykenna', 'Brinleigh', 'Marck', 'Dell', 'Isaak', 'Ally', 'Gunther']
['Armita']
['Helaman', 'Aibhilin', 'Jekeria', 'Eliziah', 'Ayahna', 'Analiah', 'Yavian', 'Dyami', 'Tralyn', 'Alieyah']
['Oviya']
['Kameryn']
['Orren', 'Inaki', 'Guy', 'Shiala', 'Antonin', 'Tayseer', 'Cordai', 'Hugo', 'Jayme', 'Kaleo', 'Serra', 'Katarina', 'Alyiana']
['Farha', 'Davidjr']
['Aayana', 'Salmaan', 'Charlett', 'Yonason', 'Jamaad', 'Saheim', 'Hayven', 'Cliff', 'Dessie', 'Asha', 'Satomi', 'Kellon', 'Zolin', 'Ori', 'Griffon', 'Brydan', 'Gauge', 'Stefanny', 'Jasahn', 'Larry', 'Khloee', 'Iris', 'Tyannah', 'Kitty', 'Marifer', 'Michai', 'Raymir', 'Gyzelle', 'Apollonia', 'Sevastian']
['Benito']
['Jazir']
['Shamaiya']
['Ryleeann', 'Reynaldo', 'Emmely']
['Yarithza']
['Jaeline']
['Litsy', 'Navia', 'Emree', 'Prakruti', 'Anagha', 'Kimball']
['Ettel']
['Vedika']
['Keyin']
['Jasiya']
['Sevren']
['Masud']
['Kyston']
['Artie', 'Desteni', 'Kaushik', 'Antwane', 'Leni', 'Jeru', 'Giankarlo', 'Nalaya', 'Emilie', 'Handsome', 'Tayyab', 'Shannel', 'Matt', 'Leighann', 'Abriyana', 'Tafari', 'Aanyah', 'Kenzington', 'Jabes', 'Azzareya', 'Anwesha']
['Renyah', 'Nethra', 'Amor', 'Dominika', 'Donnovan', 'Siena']
['Hallei']
['Anastacio']
['Alaija']
['Tajuan', 'Jameisha']
['Shelbee']
['Keyvin', 'Marcellino', 'Jamiyla', 'Eddieberto', 'Cylah', 'Aysenur', 'Cynae', 'Kapena', 'Britnee', 'Hashem', 'Zyeir', 'Marrius', 'Taigen', 'Artyom', 'Ebany', 'Mylani', 'Janesha', 'Jesalyn']
['Tobechi', 'Kamora']
['Yarisbel']
['Tashvi', 'Kay', 'Demetreus', 'Loni', 'Lada', 'Noha', 'Ganon', 'Malaja', 'Amritha', 'Kalum', 'Adaley', 'Venezia', 'Zykerria', 'Jdan', 'Niemah', 'Donnelle', 'Chanze', 'Spartan']
