['329', '499', '339', '190', '320', '22', '466', '174', '139', '361', '422', '367', '157', '443', '58', '324', '343', '474', '186', '161', '117', '105', '442', '257', '72', '172', '160', '246', '31', '426', '118', '470', '282', '408', '184', '173', '399', '155', '233', '235', '291', '110', '203', '469', '298', '455', '289', '141', '487', '349', '115', '477', '322', '201', '103']
['251']
['248']
['133']
['300']
['228']
['131']
['98']
['87']
['30']
['492', '415', '381', '459', '38', '236', '162', '388', '68', '24', '344', '405', '409', '83', '4', '385', '316', '231', '150', '221', '2', '419', '346', '457', '390', '66', '456', '296', '413', '62', '433', '19', '347', '382', '266', '107', '75', '495', '404', '237', '181', '124', '128', '223', '348', '187', '164', '267', '423', '69', '177', '67']
['475']
['446']
['392']
['363']
['323']
['239']
['132']
['97']
['65']
['46']
['20']
['483']
['303']
['293']
['285']
['277', '176', '365', '212', '491', '497', '252', '310', '165', '149', '418', '230', '209', '36', '414', '416', '73', '127', '350', '376', '86', '112', '216', '345', '29', '1', '454', '205', '156', '88', '318', '202', '401', '307', '240', '35', '140', '434', '389', '116', '99', '439', '137', '374', '15', '360', '312']
['265']
['262']
['178']
['147']
['59']
['55']
['3']
['449']
['395']
['341']
['338']
['315']
['268']
['264']
['249']
['227']
['226']
['210']
['179', '302', '286', '211', '57', '427', '396', '183', '403', '23', '28', '478', '56', '278', '14', '247', '52', '145', '424', '384', '304', '245', '458', '359', '125', '410', '254', '48', '273', '47', '146', '43', '275', '64', '488', '255', '224', '215', '332', '218', '372', '238', '299', '314', '74', '258', '407', '54', '244', '369', '220', '11', '40', '243', '192', '493', '61', '441', '49', '280', '198', '100', '342', '213', '447', '438', '371', '134', '6', '25', '106', '417', '171', '93', '185', '309', '284', '436', '168', '60', '496', '351', '292', '16', '331', '80', '263', '445', '122', '196', '5', '353', '256', '368', '234', '169', '393']
['123']
['108']
['101']
['70']
['366']
['356']
['129']
['27']
['480']
['451']
['430']
['412']
['380']
['378']
['375']
['340']
['319']
['290']
['269']
['199']
['189']
['92']
['37']
['8']
['464']
['406']
['400']
['311']
['253']
['242']
['180']
['91']
['41', '136', '440', '431', '472', '39', '326', '476', '94', '119', '337', '334', '89', '333', '0', '429', '295', '44', '152', '453', '17', '79', '306', '448', '197', '78', '465', '120', '398', '481', '308', '355', '437', '287', '271', '126', '26', '354', '386', '113', '53']
['18']
['471']
['402']
['394']
['362']
['313']
['288']
['276']
['170']
['142']
['109']
['82']
['12']
['9']
['357']
['484']
['435']
['383']
['373']
['259']
['204']
['166']
['138']
['96']
['90']
['51']
['21']
['468']
['460']
['425']
['421']
['411']
['328']
['327']
['217']
['214']
['207']
['194']
['188']
['175']
['121']
['111']
['77']
['50']
['32']
['81']
['486']
['485']
['482']
['452']
['420']
['358']
['352']
['321']
['305']
['283']
['281']
['279']
['274']
['250']
['232']
['195']
['182']
['153']
['143']
['95']
['71']
['42']
['13']
['151']
['494']
['479']
['473']
['467']
['463']
['462']
['428']
['397']
['387']
['379']
['330']
['325']
['317']
['294']
['270']
['225']
['208']
['206']
['191']
['163']
['158']
['144']
['114']
['102']
['63']
['45']
['34']
['33']
['135']
['498']
['490']
['461']
['450']
['444']
['432']
['391']
['377']
['370']
['364']
['336']
['335']
['301']
['297']
['272']
['261']
['241']
['229']
['222']
['219']
['200']
['193']
['167']
['159']
['154']
['148']
['130']
['104']
['85']
['84']
['76']
['10']
['7']
['260']
['489']
