['4', '6', '292', '223', '112', '64', '5', '411', '174', '321', '7', '151', '378', '30', '249', '21', '468', '93', '8', '381', '110', '80', '243', '116', '333', '188', '475', '145', '288', '11']
['23', '25', '211', '414', '28', '207', '119', '257', '53', '295', '469', '142', '31', '92', '369', '178', '328', '111', '324', '210', '287', '436', '380', '54', '152', '473', '37', '94', '181', '250']
['22', '9', '291', '382', '14', '258', '336', '478', '56', '147', '32', '180', '122', '81', '213', '415', '10', '238', '306', '270', '398', '40', '12', '107', '125', '205', '350', '463', '159', '13']
['2', '130', '278', '345', '66', '44', '157', '197', '101', '389', '226', '160', '199', '47', '349', '262', '102', '126', '67', '24', '417', '412', '432', '420', '486', '471', '477', '481', '480', '466']
['0', '75', '470', '482', '487', '97', '239', '264', '134', '98', '190', '302', '397', '348', '394', '387', '401', '392', '391', '386', '489', '121', '123', '113', '120', '118', '115', '251', '260', '248']
['492', '490', '488', '259', '254', '261', '307', '314', '311', '313', '303', '340', '330', '327', '331', '325', '362', '368', '374', '385', '379', '372', '437', '433', '39', '138', '425', '163', '191', '435']
['459', '99', '484', '70', '479', '467', '474', '109', '273', '354', '224', '195', '155', '141', '143', '237', '236', '231', '280', '276', '274', '269', '283', '282', '281', '78', '193', '404', '33', '83']
['426', '57', '461', '444', '200', '96', '265', '494', '52', '114', '117', '137', '158', '225', '240', '308', '358', '343', '356', '346', '347', '367', '202', '370', '363', '263', '100', '361', '167', '400']
['413', '424', '18', '26', '17', '427', '422', '423', '416', '434', '429', '419', '162', '71', '131', '95', '139', '128', '135', '428', '430', '48', '69', '431', '127', '132', '241', '144', '443', '186']
['373', '376', '364', '377', '371', '156', '105', '384', '375', '133', '242', '41', '289', '326', '185', '255', '15', '219', '59', '91', '89', '88', '165', '182', '179', '175', '187', '201', '196', '220']
['337', '221', '216', '218', '246', '247', '256', '253', '317', '316', '319', '334', '335', '338', '136', '383', '198', '108', '68', '103', '365', '271', '55', '61', '73', '244', '74', '217', '293', '209']
['284', '124', '150', '189', '173', '183', '184', '176', '245', '297', '299', '298', '318', '140', '357', '341', '84', '29', '63', '268', '275', '204', '353', '403', '252', '421', '19', '27', '35', '50']
['206', '46', '170', '351', '77', '129', '418', '222', '294', '355', '279', '149', '148', '192', '208', '214', '212', '230', '267', '266', '309', '323', '332', '329', '352', '342', '409', '104', '76', '106']
['172', '168', '166', '164', '161', '171', '169', '359', '153', '339', '322']
['79', '65', '72']
['62', '277']
['58', '60', '465', '388', '315', '234', '305', '441', '402', '410', '393', '304', '301', '154', '228', '235', '399', '405', '406', '407', '448', '460', '229', '232', '320', '312', '408', '395', '390', '396']
['51', '45', '49', '42', '286', '366', '296', '290', '43', '285']
['16', '20', '36', '86', '38', '85', '360']
['3']
['1']
['476', '493', '491', '485', '233', '344', '440', '34', '456', '90']
['472', '495', '483', '194', '203']
['458', '438', '446', '87', '442']
['455', '452', '445', '462', '464', '457', '453', '454', '146', '177', '227', '300', '82', '272', '215', '310']
['451']
['450']
['449']
['447', '439']
