['ANH', 'AGD', 'AHW', 'ACT', 'AMT', 'ABV', 'AHN', 'AJX', 'AQD', 'ANP', 'ANQ', 'AQK', 'AJJ', 'AHQ', 'AFC', 'AKA', 'AFQ', 'APO']
['AMJ', 'APU', 'AAU', 'AGA', 'AAF', 'AJY', 'AJA', 'AQW', 'AFH', 'ABB', 'AJO', 'ACM', 'AAX', 'AKW', 'ASA', 'AME', 'AHK', 'ABY']
['ALA', 'AOE', 'AFT', 'AFJ', 'AOH', 'ARI', 'ARN', 'AGV', 'AHB', 'AGW', 'AKR', 'ALW', 'AFG', 'ASL', 'AET', 'APV', 'AAP', 'ANM']
['AHI', 'AFN', 'ASN', 'APF', 'APC', 'AGH', 'AJG', 'ALQ', 'ABI', 'ARP', 'AQH', 'ALS', 'ADH', 'AGC', 'AEV', 'APA', 'AOQ', 'AMF']
['AGO', 'ACA', 'AJD', 'AIE', 'AES', 'AMG', 'AFK', 'AAQ', 'AJF', 'AMH', 'AAT', 'APR', 'AHS', 'ADR', 'ARD', 'ATE', 'AKJ', 'AMX']
['ADF', 'ALF', 'AMI', 'AMB', 'APW', 'ARG', 'API', 'AER', 'AND', 'ANI', 'ATK', 'ABF', 'ALD', 'ADK', 'APE', 'ABU', 'AJB', 'ACE']
['ATY', 'AIW', 'APK', 'AMR', 'ADO', 'AJQ', 'AMK', 'ACJ', 'ACI', 'ATA', 'AJK', 'ALT', 'ARB', 'AFD', 'ABT', 'AAY', 'ADE', 'AAC']
['ATX', 'APS', 'ADJ', 'AJE', 'APY', 'AIP', 'AGS', 'ABP', 'ALN', 'ANN', 'ALC', 'AEU', 'ACK', 'AKN', 'ACV', 'AQB', 'ADT', 'ABC']
['ATW', 'AKU', 'ABA', 'AQN', 'AQS', 'AKC', 'AQT', 'AEB', 'ASC', 'ADD', 'AOM', 'ASE', 'ARE', 'ARH', 'ACH', 'AQG', 'AEK', 'AIR']
['ATV', 'ALL', 'ARM', 'ADI', 'ADQ', 'AEA', 'AGR', 'ABO', 'AQQ', 'APP', 'ABK', 'ALV', 'AMO', 'ADV', 'ANR', 'ARA', 'ART', 'ARO']
['ATU', 'AOW', 'AAL', 'ABM', 'AEO', 'ARJ', 'AIV', 'AOJ', 'AKV', 'AOT', 'AID', 'ARX', 'ABW', 'AMU', 'AIO', 'ALO', 'ALE', 'AHD']
['ATT', 'AEM', 'ADA', 'APB', 'ACC', 'ACQ', 'APX', 'ASB', 'AGY', 'AMA', 'ARV', 'AMN', 'AEE', 'AEJ', 'AGL', 'AKP', 'AHE', 'AGQ']
['ATS', 'ANY', 'AKQ', 'AGX', 'ALM', 'AHR', 'AFP', 'AKF', 'AOF', 'AQA', 'AQE', 'ACP', 'AGG', 'ADN', 'AKT', 'AGF', 'ALJ', 'AFY']
['ATR', 'AMQ', 'AON', 'APN', 'AAH', 'ADP', 'AHO', 'ABN', 'AQU', 'AJT', 'AFL', 'AGU', 'ABJ', 'ABG', 'APT', 'ADW', 'AGB', 'AST']
['ATQ', 'AFE', 'AQF', 'AQV', 'ABL', 'AGP', 'AJV', 'AIT', 'AJW', 'AJS', 'ALI', 'ADS', 'AML', 'AHY', 'APD', 'AEH', 'AQJ', 'AGT']
['ATP', 'AHP', 'AAS', 'AOS', 'ACN', 'ARW', 'AQX', 'ACD', 'ANO', 'AAW', 'AAR', 'AJR', 'ACF', 'ABX', 'AJC', 'ANJ', 'AKO', 'ARQ']
['ATO', 'AAO', 'AOP', 'AIX', 'AMM', 'AKS', 'AIJ', 'AOX', 'AEG', 'AOO', 'ADM', 'ALP', 'AED', 'AJI', 'AHV', 'ARS', 'AOU', 'AIF']
['ATN', 'AEC', 'AIS', 'ACW', 'ADL', 'AMD', 'AFX', 'APL', 'ALY', 'AMY', 'AOK', 'AOC', 'AQC', 'ASX', 'ARL', 'AHX', 'AEQ', 'AFA']
['ATM', 'ACS', 'AEI', 'AAD', 'ACG', 'AQR', 'AHM', 'APG', 'AIN', 'ABD', 'ALR', 'ASQ', 'ASY', 'AKD', 'AIB', 'AHH', 'AIU', 'APH']
['ATL', 'AOB', 'AHU', 'ATB', 'AQM', 'AOL', 'AAI', 'AIL', 'AAM', 'ACY', 'AII', 'AAA', 'AQL', 'AHF', 'AKH', 'ADC', 'ANX', 'AEN']
['ATJ', 'ABE', 'AKI', 'ANB', 'AJP', 'AAN', 'AAK', 'AHJ', 'AEP', 'AEY', 'AIY', 'ALX', 'ANW', 'AIM', 'AOR', 'AAB', 'AMS', 'AHL']
['ATH', 'AJM', 'AKX', 'AAV', 'AGI', 'ARK', 'AOA', 'ANV', 'AOY', 'AKG', 'ACB', 'ASU', 'ANA', 'AFI', 'ALB', 'AGK', 'ALH', 'ADU']
['ATG', 'AAE', 'ADY', 'AKY', 'AMC']
['ATF', 'AEL', 'AKL', 'ALG', 'AHA', 'ADB', 'AGN', 'AIQ', 'ANK', 'AGE', 'AAJ', 'AQO']
['ATD', 'ALU', 'AOD', 'AQY', 'APQ', 'ANG', 'AMP', 'AFR', 'ANE', 'AOV']
['ATC', 'AJL', 'ADX', 'AFB', 'AQP', 'AOI', 'AJN', 'APM', 'ADG', 'ANS', 'ACR', 'AFW', 'ACU']
['ASW', 'AQI', 'ARR', 'AKM', 'ARY', 'AGM', 'APJ', 'AEF', 'ANL', 'AMW', 'ABR', 'AIK']
['ASV', 'AFV', 'AOG', 'AIG', 'ACL', 'AIC']
['ASS']
['ASR']
['ASP']
['ASO']
['ASM', 'AFS', 'AMV', 'AIA', 'ARF', 'ATI', 'AFF', 'AKE', 'ABQ', 'ACX', 'AGJ', 'AFO', 'AIH', 'ANU', 'AFU', 'ARC', 'ALK', 'ACO']
['ASK']
['ASJ']
['ASI']
['ASH', 'AJU', 'AJH', 'ANT', 'ARU', 'AKK', 'AEX', 'ABH']
['ASG', 'AKB', 'AAG', 'AEW', 'AFM', 'ANC', 'AHG', 'ABS', 'AHT', 'ANF', 'AHC']
['ASF']
['ASD']
