['466', '185', '222', '167', '206', '189', '160', '220', '161', '152', '209', '170', '158', '157', '199', '173', '175', '179', '202', '156', '153', '207', '223', '197', '164', '216', '192', '188', '195', '194']
['457', '221', '204', '198', '177', '182', '201', '151', '159', '162', '180', '172', '166', '211', '208', '191', '165', '200', '224', '217', '171', '213', '219', '193', '183', '168', '190', '214', '155', '184']
['485', '186', '203', '181', '225', '212', '176', '169', '196', '205', '174', '215', '210', '154', '218', '163', '178', '19', '44', '10', '8', '49', '65', '40', '37', '26', '33', '5', '16', '22']
['460', '41', '47', '59', '13', '43', '1', '32', '29', '46', '25', '53', '14', '17', '54', '66', '70', '23', '55', '63', '45', '51', '12', '58', '52', '72', '11', '15', '56', '38']
['459', '71', '9', '6', '31', '21', '18', '73', '39', '34', '4', '61', '48', '35', '67', '50', '75', '24', '60', '27', '62', '28', '30', '7', '187', '3', '68', '20', '2', '74']
['453', '69', '125', '132', '86', '121', '134', '76', '102', '118', '112', '106', '81', '148', '90', '147', '108', '100', '141', '92', '97', '140', '98', '80', '122', '124', '116', '143', '114', '138']
['441', '110', '117', '103', '128', '78', '82', '84', '36', '57', '64', '42', '105', '111', '94', '120', '123', '101', '109', '136', '130', '107', '144', '87', '129', '96', '115', '85', '89', '133']
['386', '142', '146', '145', '139', '83', '137', '79', '91', '150', '88', '104', '99', '113', '315', '322', '312', '298', '316', '294', '281', '308', '280', '309', '306', '317', '303', '311', '320', '314']
['490', '288', '319', '293', '321', '282', '278', '297', '291', '299', '302', '292', '304', '301', '318', '287', '131', '127', '119', '77', '95', '93', '149', '126', '284', '290', '325', '300', '313', '283']
['473', '305', '286', '307', '279', '276', '277', '324', '135', '323', '285', '310', '295', '289', '296', '271', '240', '235', '241', '248', '226', '243', '273', '234', '232', '228', '256', '244', '249', '269']
['439', '251', '270', '252', '245', '275', '231', '268', '229', '260', '227', '262', '258', '233', '254', '230', '267', '265', '237', '250', '255', '238', '242', '239', '274', '272', '236', '264', '259', '247']
['416', '331', '351', '344', '364', '328', '336', '334', '367', '339', '372', '347', '359', '369', '371', '349', '326', '368', '340', '361', '348', '357', '345', '370', '354', '266', '253', '246', '257', '261']
['390', '263', '329', '333', '366', '330', '374', '365', '350', '327', '338', '362', '346', '341', '337', '363', '352', '342', '332', '335', '343', '360', '373', '356', '355', '353', '375', '358', '421', '402']
['494', '397', '382', '376', '400', '391', '413', '385', '407', '377', '398', '424', '412', '403', '379', '409', '380', '414', '396', '384', '381', '392', '399', '388', '420', '393', '419', '394', '401', '423']
['481', '387', '415', '418', '411', '422', '404', '395', '389', '405', '406', '417', '378', '408', '383', '410', '425']
['476', '486', '489', '482', '479', '492', '496', '480', '477', '488', '487', '500', '478', '493', '484', '491', '495', '498', '497', '483', '499']
['470']
['469', '472', '464', '468']
['467', '452', '463', '475', '451', '455', '471', '474', '456', '462', '465']
['461']
['458']
['454']
['448']
['446', '432', '426', '433', '435', '429', '450', '444', '427', '428', '431', '438', '449', '445', '437', '434', '436', '443', '440', '447', '430']
['442']
