['Lucy', 'Roy', 'Harold', 'Nancy', 'Sylvia', 'Steven', 'Eugenia', 'Gerardo', 'Kim', 'Lisha', 'Irving', 'Annalee', 'Raymond', 'Louis', 'Ann', 'Olivia', 'Garrett', 'Leona', 'Glennie', 'Phyllis', 'Kaitlyn', 'Cecile', 'Lonnie', 'Craig', 'Pat', 'Fernando', 'Timothy', 'Chris', 'Rachel', 'Sarita', 'Matthew', 'Morgan', 'Marjorie', 'Don', 'Loraine', 'Kellie', 'Marie', 'Christian', 'Berta', 'Francisco', 'Fredda', 'Veronica', 'Mark', 'Joshua', 'Fredrick', 'Phillip', 'Imogene', 'Kisha', 'Dawna', 'Lana', 'Nola', 'Michael', 'Joann', 'Sam', 'Carl', 'Justin', 'Patricia', 'Karren', 'Catherine', 'Antonio', 'Molly', 'Alexander', 'Cory', 'Deanna', 'Kerrie', 'Derrick', 'Kenneth', 'Emily', 'Annette', 'Inez', 'Jessica', 'Beth', 'Cindy', 'Clyde', 'Bradley', 'Steve', 'Lyle', 'Monica', 'Douglas', 'Alex', 'Mireya', 'Elia', 'Rafael', 'Darlene', 'Kristine', 'Angela', 'Mike', 'Gary', 'Carole', 'Ronald', 'Quintin', 'Michelle', 'Gwen', 'Wayne', 'Clarence', 'Richard', 'Jeffrey', 'Willis', 'Lorraine', 'April', 'Daniel', 'Leanne', 'Virginia', 'Lloyd', 'Polly', 'Del', 'Lewis', 'Lillian', 'Kelly', 'Charlotte', 'Janene', 'Cheryl', 'Curtis', 'Ivonne', 'Derek', 'Bernard', 'Mario', 'Warren', 'Jeanine', 'Eric', 'Donald', 'Jacque', 'Bertha', 'Dennis', 'Alicia']
['Marilyn', 'Martin', 'Harvey', 'Gerald', 'Marco', 'Guy', 'Larry', 'Linda', 'Lilian', 'Arturo', 'Ricky', 'Brenda', 'Bessie', 'Selina', 'Thelma', 'Stacy', 'Lahoma', 'Eura', 'Andre', 'Randolph', 'Peggy', 'Rebecca', 'Carol', 'Nina', 'Dorothea', 'Clayton', 'Shirley', 'Robert', 'Susan', 'James', 'Jean', 'Mack', 'Joanne', 'Marlin', 'Willie', 'Thomas', 'Wilma', 'Stanley', 'Leticia', 'Stephen', 'Reuben', 'Shannon', 'Alison', 'Alfred', 'Booker', 'Anthony', 'Jodi', 'Burl', 'Ana', 'Toni', 'Deborah', 'Margert', 'Jesus', 'Gilda', 'Theresa', 'Amos', 'Jose', 'Jennifer', 'Selma', 'Belinda', 'Janet', 'Paula', 'Winifred', 'Keri', 'Marcelino', 'Ouida', 'Fred', 'Roberto', 'Frederick', 'Moses', 'Theodore', 'Donna', 'Jayme', 'Domingo', 'Dale', 'Gladys', 'Raul', 'Seth', 'Rhonda', 'Will', 'Roosevelt', 'Christopher', 'Patrick', 'Ashley', 'Brandon', 'Kerri']
['Robin']
['Susanna', 'Frank', 'Albert', 'Hedwig', 'Wesley', 'Lawrence', 'Beverly', 'Juan', 'Lynne', 'Maureen', 'Ryan', 'Ralph', 'Carmen', 'Melissa', 'Laura', 'Mabel', 'Reggie', 'Tuan', 'Wallace', 'Glenna', 'Laurie', 'Jo', 'Amy', 'Philip', 'Pamela', 'Marion', 'Bruce', 'Eugene', 'Lori', 'Priscilla', 'Ward', 'Adele', 'Joni', 'Hugh', 'Viola', 'David', 'Emery', 'Jonathan', 'Erik', 'Clarissa', 'Debra', 'Ernestine', 'Angelica', 'Betty', 'Eleanor', 'Marlene', 'Bonnie', 'Miles', 'Lucie', 'Travis', 'Judy', 'Kathryn', 'Eva', 'Tanya', 'Peter', 'Jane', 'Myriam', 'Jimmy', 'Roberta', 'Herbert', 'Charles', 'Natalie', 'Constance', 'Jason', 'Marcella', 'Kevin', 'Josephine', 'Glen', 'Jorge', 'Mary', 'Morris', 'Ellis', 'Edwin', 'Troy', 'Evelyn', 'Carlos', 'Tony', 'Elizabeth', 'Joseph', 'Ida', 'Bobby', 'Robyn', 'John', 'Jeremy', 'Alvin', 'Martha', 'Wanda', 'Wendy', 'Andrew', 'Sherri', 'Rolf', 'Maria', 'Barbara', 'Dorothy', 'Suzie', 'Tara', 'Ursula', 'Rosie', 'Elsie', 'Pete', 'Samuel', 'Kirk', 'Scot', 'Stephanie', 'Winnifred', 'Gail', 'Kristin', 'Sheryl', 'Ruby', 'Tracy', 'Raeann', 'Tim', 'Rosalee', 'Mildred', 'Raphael', 'Blair', 'Rosa', 'Jeff', 'Calvin', 'Andres', 'Edward', 'Tamika', 'Jeffery', 'Brian', 'Cornelius']
['Mable']
['Cecilia']
['Paul']
['Lydia']
['Krysten']
['Danny']
['Stephany']
['Esther']
['Michele', 'Maryann', 'Dawn']
['Rosalyn']
['Leigh']
['Pablo']
['Kylie']
['Georgette']
['Freda']
['Walter']
['Grant']
['Beulah']
['Cassie']
['Lessie']
['Helen']
['Christine']
['Lane']
['Gregory']
['Reginald']
['Juanita']
['Corey']
['Katherine']
['Stacie']
['Jacob']
['Reinaldo']
['Margarito']
['Teresa']
['Joe']
['Lucille']
['Gertrude']
['Danielle']
['Alice']
['Nelson']
['Diana']
['Latisha']
['George']
['Ernest']
['Ellen']
['Andrea']
['Cesar']
['Roger']
['Audrey']
['Terry']
['Sylvester']
['Marian']
['Gordon']
['Everett']
['Ronda']
['Miguel']
['Ray']
['Pamella']
['Caridad']
['Rick']
['Victor']
['Kathleen']
['Margaret']
['Adam']
['Cathy']
['Kimberly']
['Dean']
['Christina']
['Matt']
['William']
['Sally']
['Marquerite']
['Cassandra']
['Gloria']
['Irene']
['Therese']
['Darrell']
['Geraldine']
['Heather']
['Vella']
['Norman']
['Myron']
['Nicole']
['Sofia']
['Wilson']
['Carmelita']
['Doris']
['Melanie']
['Judith']
['Karen']
['Pauline']
['Bethany']
['Ingeborg']
['Tommy']
['Dana']
['Sharon']
['Ollie']
['Connie']
['Crystal']
['Lena']
['Ruth']
['Mae']
['Anna']
['Jesse']
['Norma']
['Emmie']
['Laurence']
['Lulu']
