['312', '311', '115', '26', '367', '163', '230', '229', '98', '40', '363', '236', '147', '194', '382', '143', '113', '356', '24', '377']
['371', '60', '107', '242', '313', '280', '235', '122', '4', '347', '324', '388', '144', '288', '185', '205', '338', '310', '321', '250']
['330', '326', '41', '399', '57', '332', '348', '110', '106', '134', '73', '137', '16', '224', '150', '56', '323', '97', '398', '226']
['272', '264', '130', '36', '131', '87', '243', '187', '238', '379', '336', '299', '80', '298', '355', '171', '133', '222', '89', '359']
['168', '360', '261', '380', '383', '55', '342', '357', '35', '173', '157', '19', '343', '123', '198', '66', '349', '305', '258', '244']
['79']
['22', '316', '201', '99', '111', '208', '151', '228', '61', '190', '354', '293', '259', '77', '278', '204', '101', '308', '21', '158']
['7']
['337', '209', '214', '381', '156', '385', '254', '13', '234', '140', '28', '70', '100', '12', '211', '159', '339', '124', '45', '71']
['335', '6', '108', '269', '219', '181', '154', '265', '245', '393']
['277', '11']
['276', '18', '266', '20', '215', '109', '30']
['267', '217']
['193', '220']
['176', '375', '103', '362', '221', '317', '351', '85', '93', '34', '9', '146', '304', '160', '145', '395', '83', '177', '112', '5']
['128', '231', '320', '53']
['38', '129', '78', '136']
['37', '284', '179', '279', '249', '301', '75', '48', '188', '166', '183', '139', '174', '273', '29', '352', '65', '386', '121', '138']
['25', '262', '358', '74']
['389']
['368']
['365', '162', '387', '285']
['350']
['300', '392']
['256', '192', '366', '39', '378', '294', '397', '76', '92', '43', '271']
['241']
['239']
['223']
['207', '82', '384', '165', '212', '148', '63', '227', '118', '289', '49', '84', '200', '374', '67', '81', '44', '184', '58', '206']
['203']
['189']
['170']
['161']
['153', '333', '91', '180']
['135']
['125']
['120', '15', '62']
['114', '373']
['64']
['52']
['10', '47', '191', '104']
['1', '164', '253', '86', '344', '237', '51']
['0']
['396', '149', '240', '102', '328', '281', '274', '260', '318', '195', '257', '287', '142', '369', '325', '178', '327', '251', '54', '390']
['372']
['353']
['346']
['345']
['329', '248', '175']
['322']
['314', '119']
['309']
['306']
['295']
['282', '33']
['275']
['270']
['268']
['225', '59']
['218']
['216']
['213', '286', '95']
['141', '252']
['132']
['127', '290', '90']
['126']
['116', '14']
['96']
['69']
['68']
['46']
['42', '197']
['27']
['23']
['17']
['394']
['370']
['364']
['341']
['334']
['331', '196', '31', '155', '186', '169', '340', '50', '2', '8', '376', '32', '210', '315', '3', '72', '246', '391', '291', '247']
['307']
['303']
['302', '319']
['297']
['296']
['292']
['283', '105']
['263']
['233']
['232']
['202']
['199']
['182', '361', '255']
['172']
['167']
['152']
['117']
['94']
['88']
