['61', '475', '301', '444', '69', '389', '170', '80', '276', '149', '317', '89', '148', '335', '32', '131', '426', '424', '388', '245', '285', '205', '5', '155', '315', '102', '0', '120', '39', '252']
['198', '48', '157', '147', '166', '435', '273', '164', '191', '334', '153', '457', '162', '12', '140', '14', '416', '113', '425', '199', '236', '478', '295', '477', '209', '440', '466', '132', '455', '55']
['66', '109', '222', '367', '328', '161', '365', '26', '62', '286', '260', '49', '21', '406', '216', '338', '445', '371', '470', '123', '403', '382', '168', '235', '294', '18', '460', '397', '346', '320']
['176', '118', '415', '145', '57', '341', '25', '43', '340', '399', '126', '9', '447', '257', '63', '139', '362', '2', '290', '321', '464', '306', '374', '463', '119', '92', '347', '90', '352', '349']
['116', '409', '258', '10', '408', '88', '398', '85', '280', '81', '277', '110', '458', '255', '304', '150', '200', '188', '353', '172', '122', '193', '230', '368', '327', '275', '144', '204', '414', '101']
['361', '91', '272', '454', '67', '82', '136', '239', '31', '207', '309', '401', '1', '138', '214', '83', '73', '325', '438', '292', '474', '160', '78', '427', '96', '267', '129', '419', '418', '152']
['439', '86', '240', '423', '411', '330', '11', '303', '400', '372', '184', '333', '41', '253', '233', '421', '79', '217', '307', '87', '462', '394', '189', '318', '224', '195', '396', '313', '232', '305']
['248', '20', '342', '229', '380', '405', '7', '29', '93', '407', '446', '265', '369', '246', '105', '44', '322', '173', '36', '264', '282', '108', '202', '364', '278', '183', '219', '228', '433', '472']
['112', '392', '54', '287', '201', '370', '473', '357', '326', '461', '74', '316', '211', '72', '451', '329', '38', '350', '476', '33', '22', '226', '308', '114', '185', '16', '354', '77', '156', '314']
['15', '381', '40', '100', '310', '238', '133', '141', '345', '359', '337', '75', '70', '339', '332', '171', '53', '289', '288', '221', '244', '262', '293', '412', '395', '298', '413', '312', '124', '3']
['237', '19', '143', '247', '225', '256', '386', '98', '254', '376', '103', '324', '106', '180', '17', '223', '97', '363', '436', '165', '42', '234', '181', '296', '375', '404', '52', '251', '366', '227']
['266', '13']
['45', '187', '471', '384', '302', '417', '128', '125', '348', '215', '263', '250', '261', '177', '8', '46', '452', '274', '117', '331', '449', '137', '467', '194', '175', '135', '344', '456', '383', '151']
['311', '68', '58', '208', '212', '283', '429', '468', '104', '259', '60', '30']
['355', '336', '197', '107', '218', '448', '323', '431', '422', '56', '410', '146', '159', '343', '115', '281', '158', '241', '242', '76', '111', '450', '169', '300', '465', '23', '182', '441', '47', '402']
['231', '453', '203', '220', '27', '213', '134', '443', '163', '50', '190', '299', '37', '6', '196', '210', '4', '377', '378', '130', '154', '291', '35', '59', '127', '356', '279', '379', '167', '94']
['206', '351', '393', '390', '34', '391', '360', '95']
['434', '420', '432', '387', '373', '65', '142', '71', '51', '385', '249', '469', '271', '430', '319', '179', '269', '84', '121', '186', '243', '284', '297', '437', '358', '28', '178', '442', '428', '174']
['270']
['479']
['24']
['459']
['64', '192', '99']
['268']
