['Juliet', 'Nicole', 'Sharlene', 'Yevette', 'Carson', 'Zoraida', 'Chan', 'Hilario', 'Kurtis', 'Marvin', 'Piedad', 'Tarah', 'Ok', 'Byron', 'Kristopher', 'Tressa', 'Annabel', 'Jeremy', 'Clinton', 'Kristi', 'Deana', 'Angeline', 'Marci', 'Clarence', 'Darnell', 'Princess', 'Mariette', 'Saul', 'Olevia', 'Dorene']
['Susannah', 'Horace', 'Darwin', 'Eugene', 'Pinkie', 'Rachel', 'Tiffani', 'Zena', 'Kendall', 'Felix', 'Alexa', 'Millicent', 'Cortney', 'Marquitta', 'Refugio', 'Claudie', 'Whitney', 'Dong', 'Carmon', 'Tina', 'Madison', 'Xuan', 'Clifton', 'Inga', 'Xavier', 'Clarissa', 'Jan', 'Gerardo', 'Beverley', 'Ryann']
['Pa', 'Toya', 'Lucas', 'Heide', 'Ema', 'Hiroko', 'Elena', 'Loura', 'Sharell', 'Eve', 'Helene', 'Lamonica', 'Oneida', 'Earnest', 'Ron', 'Cassie', 'An', 'Danita', 'Kay', 'Dusti', 'Sherwood', 'Bonnie', 'Garret', 'Jade', 'Louella', 'Rima', 'Lilly', 'Savanna', 'Lue', 'Lorelei']
['Milissa', 'Laticia', 'Alton', 'Winford', 'Son', 'Lasonya', 'Caitlyn', 'Doyle', 'Shonda', 'Gisela', 'Destiny', 'Reita', 'Phylis', 'Margart', 'Antoinette', 'Latia', 'Odell', 'Roxane', 'Dewitt', 'Shelton', 'Aaron', 'Kylie', 'Claretha', 'Laraine', 'Amada', 'Arcelia', 'Retta', 'Kimbra', 'Randa', 'Irma']
['Jeanette', 'Alethia', 'Elvia', 'Martin', 'Kitty', 'Rachael', 'Chun', 'Kasey', 'Garland', 'Naida', 'Ocie', 'Marquis', 'Emmanuel', 'Eustolia', 'Tamisha', 'Stephani', 'Carolee', 'Marvis', 'Rolando', 'Elicia', 'Joan', 'Valorie', 'Raul', 'Charisse', 'Robert', 'Alicia', 'Dewayne', 'Honey', 'Jefferey', 'Raleigh']
['Stanford', 'Alvera', 'Hillary', 'Tracie', 'Debora', 'Marcella', 'Treena', 'Miranda', 'Oscar', 'Marlo', 'Leila', 'Jeffrey', 'Joelle', 'Alane', 'Irena', 'Adah', 'Glenda', 'Delmar', 'Flavia', 'Rodrigo', 'Glenna', 'Vernia', 'Chas', 'Trena', 'Jina', 'Charmaine', 'Meagan', 'Alex', 'Orval', 'Eloisa']
['Leonard', 'Lezlie', 'Annamarie', 'Kim', 'Aretha', 'Vivien', 'Rosalee', 'Rosalba', 'Theo', 'Grant', 'Travis', 'Wes', 'Ella', 'Jami', 'Michaela', 'German', 'Bertha', 'Nieves', 'Hassan', 'Leilani', 'Alvin', 'Logan', 'Verona', 'Lauren', 'Marilynn', 'Chang', 'Clara', 'Hayden', 'Porter', 'Riley']
['Herlinda', 'Gerard', 'Lola', 'Griselda', 'Kelly', 'Johnny', 'Jacque', 'Kris', 'Lizabeth', 'Altagracia', 'Sharilyn', 'Renetta', 'Imogene', 'Pearlie', 'Jay', 'Edmond', 'Oswaldo', 'Sharan', 'Nadia', 'Nathalie', 'Hortense', 'Lucia', 'Florencio', 'Elfrieda', 'Tameika', 'Dagmar', 'Hershel', 'Lashay', 'Chester', 'Sheldon']
['Leonida', 'Camelia', 'Fanny', 'Eufemia', 'Enola', 'Cleotilde', 'Marcie', 'Audie', 'Kareem', 'Florinda', 'Russell', 'Jesus', 'Lyn', 'Marion', 'Stanley', 'Alexandra', 'Freddie', 'Percy', 'Sharla', 'Hui', 'Merrill', 'Alfred', 'Naomi', 'Vincenzo', 'In', 'Dora', 'June', 'Leontine', 'Artie', 'Latoya']
['Vada', 'Osvaldo', 'Loren', 'Joye', 'Elenora', 'Chance', 'Louise', 'Clarinda', 'Darrel', 'Janetta', 'Loria', 'Isabel', 'Nickolas', 'Mariah', 'Tanisha', 'Neida', 'Jama', 'Clarice', 'Cristi', 'Terry', 'Harvey', 'Jennie', 'Selma', 'Kirstin', 'Murray', 'Frederic', 'Renea', 'Vernon', 'Lyndon', 'Tai']
['Dorthea', 'Tamala', 'Mariano', 'Taneka', 'Antonette', 'Almeta', 'Spencer', 'Dion', 'Houston', 'Lisa', 'Antonina', 'Junior', 'Trey', 'Christiane', 'Jae', 'Deirdre', 'Esperanza', 'Tammi']
['Easter']
['Nohemi']
['Susan']
['Rita']
['Randall']
['Anabel', 'Joanne']
['Marcos']
['Shaun']
['Hyun']
['Clyde', 'Kyung', 'Lana']
['Angella']
['Elvie']
['Danial']
['Shavon']
['Ambrose']
['Elliott']
['Oma']
['Allena']
['Brendon', 'Tyisha']
