['480', '2', '196', '361', '147', '453', '449', '254', '344', '1', '468', '364', '27', '234', '348', '291', '325', '133', '142', '33', '3', '28', '26', '32', '34', '132', '134', '141', '148', '146', '195', '197', '233', '235', '253', '292', '290', '324', '345', '343', '347', '349', '362', '363', '365', '450', '448', '452', '454', '469']
['446', '15', '14', '473', '75', '476', '16', '400', '398', '127', '18', '367', '107', '304', '371', '329', '48', '17', '19', '47', '49', '74', '76', '106', '108', '128', '126', '149', '198', '303', '305', '330', '328', '366', '368', '372', '370', '399', '397', '401', '474', '477', '9', '209', '55', '182', '130', '54', '320', '350']
['441', '155', '8', '10', '333', '39', '120', '38', '31', '227', '442', '310', '50', '264', '383', '411', '13', '181', '102', '119', '121', '131', '129', '144', '156', '154', '164', '180', '210', '208', '228', '265', '263', '311', '309', '321', '334', '332', '341', '384', '382', '412', '417', '443', '451', '4', '189', '493', '316', '295']
['431', '5', '177', '406', '429', '260', '261', '297', '369', '296', '7', '12', '30', '354', '67', '176', '378', '315', '276', '252', '112', '150', '51', '37', '52', '53', '68', '66', '111', '113', '175', '178', '188', '229', '245', '277', '275', '314', '317', '355', '353', '386', '394', '407', '430', '428', '494', '73', '485', '496']
['422', '61', '45', '169', '60', '62', '421', '171', '444', '271', '136', '437', '116', '299', '139', '447', '117', '356', '436', '251', '478', '212', '135', '137', '170', '172', '191', '193', '211', '213', '219', '230', '250', '270', '272', '282', '298', '300', '312', '318', '357', '380', '403', '408', '420', '435', '439', '445', '479', '486']
['326', '11', '29', '35', '414', '206', '391', '376', '46', '81', '98', '125', '163', '192', '205', '214', '302', '307', '339', '385', '413', '427', '404', '458', '202', '482', '471', '286', '203', '460', '94', '204', '158', '95', '24', '90', '87', '462', '419', '86', '88', '157', '173', '174', '186', '199', '338', '459', '463', '470']
['239', '313', '238']
['185', '184', '388', '110', '89', '322', '58', '224', '269']
['78', '77', '352', '425', '247', '97', '83', '82', '340', '215', '456', '426', '187', '123', '96', '124', '248', '424', '457', '79', '242', '240', '301', '80', '241', '418', '481', '0', '358', '152', '283', '409', '85', '100', '284', '359', '464', '423', '63', '59', '268']
['70', '71']
['64', '65']
['22', '21', '266', '433', '306', '489', '20', '231', '232', '236', '434', '432', '455', '488', '23', '308', '483', '465', '99', '249', '237', '220']
['495']
['395', '396']
['335']
['323']
['288']
['267']
['262']
['255', '256', '217', '161', '103', '92', '165', '280', '145', '167', '183', '498', '416', '342', '226', '93', '91', '104', '162', '160', '166', '168', '218', '216', '225', '257', '279', '281', '319', '346', '351', '402', '497', '499', '42', '101', '105', '153', '190', '373', '379', '405', '43', '194', '118', '109', '115', '44', '289', '440']
['201', '200']
['151']
['143']
['140']
['138']
['84']
['57', '56']
['381']
['293', '294', '393', '374', '387', '244', '41', '40', '243', '375', '492', '179', '259', '327', '222', '122', '487', '336', '223', '337', '490', '491', '159', '278', '25']
['274', '273']
['258']
['207']
['69']
['484']
['475']
['472', '6', '221']
['466', '467']
['461']
['438', '72', '114', '36']
['415']
['410']
['392']
['390']
['389']
['377']
['360']
['331']
['287']
['285']
['246']
