['AAA', 'AKB', 'ANO', 'ALA', 'ANN', 'AKE', 'ANT', 'AMM', 'AJN', 'ANZ', 'AJI', 'ANI', 'AMV', 'AKO', 'AJP', 'ALB', 'AMU', 'AMH', 'AJG']
['AAB', 'AJS', 'AIZ', 'AJT', 'ANE', 'AMG', 'AJW', 'AMK', 'AOD', 'ALZ', 'ALY', 'ALU', 'AKW', 'AOL', 'ALX', 'ALV', 'AMB', 'ALT', 'ANA']
['AAC', 'AKL', 'ALE', 'AOH', 'ALF', 'AJY', 'AMS', 'ALS', 'ALO', 'AOB', 'AMC', 'ANY', 'ANM', 'AOG', 'AMR', 'ALQ', 'ALW', 'AMJ', 'AJK']
['AAE', 'ALM', 'AJX', 'AKT', 'AKZ', 'ALP', 'AJV', 'AJB', 'AKF', 'AOJ', 'AKS', 'ANP', 'AKP', 'AOF', 'AME', 'ALG', 'AJD', 'AKQ', 'AMX']
['AAD', 'AJL', 'ALR', 'AJH', 'ANQ', 'AMT', 'ALJ', 'ANG', 'AJQ', 'AMD', 'AMP', 'ANC', 'AJF', 'AJJ', 'ALH', 'AND', 'AKD', 'ANL', 'ALD']
['AAF', 'AJC', 'AKK', 'AJO', 'ANJ', 'AKH', 'AKJ', 'AOA', 'ANV', 'ALI', 'AOK', 'AMY', 'AKC', 'AOM', 'AKI', 'AOE', 'AML', 'AOI', 'AKV']
['AAH', 'ANF', 'AJE', 'AJZ', 'ANK', 'ANR', 'AMF', 'ANW', 'AKN', 'AKG', 'AKR', 'ALK', 'AKA', 'AKX', 'AMA', 'AMO', 'AMQ', 'ANX', 'ANB']
['AAG', 'ALL', 'AMZ', 'AOC', 'AKM', 'AJM', 'ALC', 'AJR', 'AMW', 'ANH', 'AJA', 'AKY', 'AMN', 'AMI', 'AJU', 'ANS', 'ALN', 'ANU', 'AKU']
['AAL', 'AGE', 'AGA', 'AGC', 'AHH', 'AIK', 'AGV', 'AHU', 'AHW', 'AIW', 'AGY', 'AIV', 'AHI', 'AHJ', 'AFW', 'AFQ', 'AII', 'AHP', 'AIU']
['AAI', 'AGN', 'AGO', 'AGD', 'AHL', 'AIG', 'AGQ', 'AIP', 'AHX', 'AGK', 'AHN', 'AIC', 'AIE', 'AHQ', 'AFY', 'AHE', 'AGH', 'AHT', 'AIM']
['AAM', 'AIA', 'AIN', 'AGM', 'AGW', 'AFP', 'AFS', 'AFU', 'AHM', 'AFT', 'AGZ', 'AHK', 'AIH', 'AHD', 'AGX', 'AGU', 'AHG', 'AGR', 'AGP']
['AAJ', 'AHA', 'AIL', 'AHF', 'AIB', 'AGL', 'AHZ', 'AIO', 'AHC', 'AIQ', 'AIS', 'AGI', 'AIF', 'AFV', 'AHY', 'AIX', 'AFR', 'AID', 'AGS']
['AAK', 'AIJ', 'AHO', 'AFX', 'AHS', 'AHV', 'AGG', 'AHR', 'AIR', 'AGT', 'AIY', 'AGB', 'AIT', 'AFZ', 'AGJ', 'AGF', 'AFO', 'AHB', 'ADP']
['AAP', 'ADV', 'AFD', 'AFJ', 'AEE', 'AEN', 'ADZ', 'AFF', 'AFA', 'AEC', 'AFB', 'AFH', 'ADL', 'AFK', 'ADO', 'AEQ', 'ADR', 'ADY', 'AEJ']
['AAQ', 'ADS', 'AEZ', 'ADW', 'ADU', 'AEX', 'ADN', 'AEI', 'AFC', 'AFE', 'AEA', 'AEG', 'AEF', 'AEO', 'AEP', 'AFM', 'AEK', 'AFN', 'AEL']
['AAU', 'ADQ', 'AFG', 'AEY', 'AEV', 'ADM', 'AES', 'ADX', 'AFL', 'AEH', 'AER', 'AET', 'ADT', 'AEU', 'AEW', 'AEB', 'AEM', 'AFI', 'AED']
['AAO', 'APD', 'APX', 'AOO', 'APS', 'AQM', 'APA', 'AQD', 'AOQ', 'APO', 'APE', 'APM', 'APU', 'APN', 'AQF', 'APK', 'AOV', 'APW', 'APG']
['AAN', 'AQL', 'APH', 'APY', 'AQH', 'AQO', 'APF', 'AOP', 'APJ', 'APZ', 'AOT', 'AOW', 'AOY', 'AOS', 'API', 'AOZ', 'APQ', 'AOU', 'APP']
['AAT', 'AOX', 'AQK', 'AQA', 'AQG', 'AQC', 'AON', 'APR', 'AOR', 'APC', 'AQN', 'APL', 'AQE', 'AQJ', 'APV', 'AQI', 'APT', 'AQB', 'APB']
['AAR', 'ACP', 'ACE', 'ACG', 'ADF', 'ACY', 'ADJ', 'ACT', 'ADB', 'ACF', 'ACH', 'ACJ', 'ACM', 'ACO', 'ADG', 'ACW', 'ACX', 'ACK', 'ADD']
['AAS', 'ACD', 'ADH', 'ADA', 'ADE', 'ACN', 'ACR', 'ACL', 'ACV', 'ADK', 'ACI', 'ACS', 'ACU', 'ADI', 'ACQ', 'ACZ', 'ADC', 'ABZ', 'ABM']
['ABD', 'ABP', 'ABW', 'ABQ', 'ABN', 'ACA', 'ABU', 'ABO', 'ABR', 'ABV', 'ABI', 'ACB', 'ABX', 'ABT', 'ABJ', 'ABY', 'ACC', 'ABK', 'ABL']
['ABG', 'ABS', 'AAW', 'AAY', 'ABA', 'ABF', 'AAX', 'ABE', 'AAZ', 'AAV', 'ABB', 'ABC', 'ABH']
