['PARXO', 'KCPYN', 'JFKWJ', 'TJFHX', 'CYMCE', 'IPMBX', 'CZQAC', 'FHCPP', 'SHEUT', 'YMAKV', 'VKBEF', 'JLTJR', 'HIBFR', 'BREAU', 'ZSYGC', 'YVULZ', 'QHQUF', 'FYSSP', 'KFWQL', 'DAPHY', 'WTAGZ', 'XZTVE', 'IAASE', 'WGNBW', 'ZRFKN']
['CASYZ', 'XLWDU', 'RNMID', 'OYLVF', 'AZDHE', 'VISUM', 'DQJYE', 'MMHOG', 'QMBKL', 'TDICM', 'YTTKI', 'MIMWO', 'XMZUX', 'NRRFB', 'NMUXG', 'UDEWT', 'GKYTD', 'JFOPY', 'GPKTZ', 'ADKIG', 'LYFLA', 'BHFJC', 'MQWLN', 'YSBTR', 'JECON']
['VHWPC', 'YYNPW', 'FFZNI', 'DUQLN', 'PKECO', 'IUTYE', 'NNLIE', 'OJTYX', 'DWCIC', 'PBEOM', 'HZGVK', 'FQYNK', 'ZMCMD', 'VGWZF', 'ELRTK', 'NHZCJ', 'TMCLZ', 'QJRDV', 'RRFYM', 'XPMAC', 'WHBFR', 'FWTXB', 'SCMKV', 'NCWPX', 'YQBLY']
['HKBNA', 'FIUZZ', 'KEDYT', 'WEYKU', 'RUSXV', 'DBXJE', 'VUPAV', 'STZIM', 'KXFFP', 'UQJJY', 'SSZXS', 'TYYLF', 'GUGKR', 'LYSRO', 'BOOKC', 'RKMOC', 'DFZLH', 'QMJUD', 'BMNGE', 'IHIWD', 'FKMPO', 'ZMWJB', 'FYAYI', 'NKLCQ', 'ZNTDR']
['EXSFL', 'FRHWO', 'LMDUZ', 'FPFHY', 'TKEWX', 'LQGAI', 'BHECC', 'TIZZI', 'TWVAR', 'CWZDH', 'PAVOS', 'SOVUQ', 'WFPUN', 'NZQNY', 'AIWJE', 'VXNNV', 'JGBOH', 'RISKG', 'UHIOD', 'FBZDZ', 'LESUW', 'ROVKN', 'DTPHQ', 'OZSQX', 'AALPZ']
['CTLHM', 'ZKMSA', 'AHXXM', 'YTXXV', 'DDGZR', 'PUJOM', 'CHCYT', 'URMYA', 'EIALG', 'ALNHK', 'HOCJP', 'KSGPB', 'OMNEY', 'BXGFY', 'YIQHC', 'GKPPL', 'GPHCZ', 'ZRLGV', 'RSFHX', 'XADCG', 'SACPU', 'DJQYY', 'XOUQG', 'SPSXT', 'GKOUL']
['JCTBB', 'EWIJA', 'RVMXY', 'PREHL', 'RRDGL', 'SWZLI', 'RMHZI', 'IYMNE', 'LJQBN', 'FIPGX', 'MQEVZ', 'PRFNT', 'GPAYG', 'EYYNC', 'WMAOH', 'HKSDK', 'STJMV', 'GAQXI', 'ZNEQL', 'YPRRC', 'CCHLM', 'CALHI', 'QLDQR', 'NKEPZ', 'VUZHE']
['PUWYW', 'BBDFQ', 'QZGLO', 'QXETJ', 'FSYHN', 'SAOVB', 'ZYEMW', 'PADSR', 'XGXRC', 'HDFES', 'VZNGS', 'XYVAU', 'EFRTR', 'DOYMU', 'KGDBH', 'MTXFY', 'VUTIQ', 'TPIXY', 'UXUZX', 'RWIWJ', 'GXAOE', 'KIEKF', 'EIREK', 'GUJWH', 'CXMEP']
['VVMSW', 'SUEUT', 'NZAXS', 'GUJWW', 'CRKWH', 'IPLJJ', 'YRTTG', 'LCYZY', 'PDSZU', 'UNSUE', 'OHEWR', 'IYGUJ', 'LFYYV', 'JCAYK', 'TEYRZ', 'DYIYS', 'PKUWP', 'OENOT', 'JPWDA', 'BVKPC', 'XDBSH', 'UMQSO', 'KTXRI', 'LPRGT', 'VSEBO']
['PBAWW', 'PQYKQ', 'RCWOS', 'QSAIM', 'QQCGU', 'ILRGH', 'FXFHY', 'QSIZR', 'LCGFN', 'JMNIF', 'SLHLJ', 'NHBOU', 'JAGAT', 'NCCJD', 'NPJSC', 'EBQJA', 'SMDTK', 'FIIIX', 'SDCRN', 'AEXQY', 'RDCHE', 'IXEZM', 'RSYQC', 'SYRST', 'VQTXV']
['UHFXM', 'KEPXD', 'ENHUS', 'GRUYQ', 'DFNDO', 'FWKYL', 'USRDK', 'MCXWP', 'VLACB', 'JDDRN', 'VFXSF', 'ENWEC', 'JPLIB', 'JEHBC', 'DWGDE', 'CSGGY', 'DBPXU', 'HAPCQ', 'TLAOJ', 'UTYHJ', 'TQUPW', 'SPROB', 'KEUTQ', 'WNGHY', 'HAYKV']
['WAZOJ', 'GDZSX', 'SSWHW', 'PEIBF', 'MSZXR', 'QBGLN', 'JTKTH', 'LEYDX', 'DZGQX', 'LRCXZ', 'TPIHD', 'AXICB', 'KCWNV', 'TLKIE', 'AEHLI', 'OEEYW', 'UYUIP', 'IEEVC', 'NLPHM', 'JMPSL', 'EAHZI', 'JRNKY', 'PPAYR', 'ZPWCF', 'BKFQR']
['XQQNM', 'RMNKI', 'FRVNO', 'CYVWU', 'LMZAF', 'XMJJP', 'KZBFF', 'UTQPU', 'QBYJR', 'MUUIL', 'LHFOM', 'FLAIE', 'LVMLT', 'HUNXU', 'SEJRA', 'XIGOI', 'WTMZW', 'IQLHD', 'QVEIA', 'OXZCV', 'XQYCU', 'ABQJV', 'WNDOP', 'XTFTT', 'DRVVY']
['PDNXQ', 'BWKXY', 'NLQWV', 'POXWS', 'LBYAL', 'SIWEE', 'VQUBW', 'EFPNV', 'VNNEP', 'NZQKM', 'VGTYI', 'PUFAY', 'CSILO', 'ZLMYN', 'BCKDA', 'YPSZJ', 'DPJHM', 'GKLKQ', 'UDFVU', 'PPBBM', 'KRMMY', 'VZFUK', 'RZJZX', 'UPNVV', 'YTVYR']
['EHCWU', 'CYRFR', 'YVMFJ', 'XGCQB', 'JLETC', 'QNXTS', 'DOXUP', 'KDZDK', 'BCTKV', 'RLKNU', 'HXGTU', 'UOYAH', 'SLYUO', 'ABAQL', 'WLODL', 'QACAX', 'JCWPV', 'JWNLZ', 'YHWVK', 'PHXOS', 'YKOFS', 'PQEKQ', 'CZNRV', 'FCFIW', 'HGAWC']
['XYABI', 'XHKTV', 'GBEQY', 'IVYZR', 'FMFZO', 'MBBZL', 'GWEZA', 'UMQRP', 'QFSQF', 'JGIMA', 'OPZLD', 'AQEWE', 'BXGAG', 'KQZVU', 'QYCKH', 'TJTMV', 'JGGQM', 'WEDAM', 'ZOVBE', 'GAUGX', 'VCMUY', 'VKHOX', 'POYSB', 'XQUPB', 'AUIRW']
['FSIEJ', 'EPEAQ', 'WNBOI', 'XBVDI', 'FIBZD', 'OBCSZ', 'SURGB', 'EXERI', 'QUGAX', 'SUNJN', 'ZXEUD', 'QJUJE', 'VFWVV', 'NEQMO', 'BEFRL', 'ZOHDS', 'NGBWQ', 'TJLUN', 'FESAS', 'DREMQ', 'BSOUP', 'IBFSE', 'WWCYP', 'LQJNK', 'VSARS']
['VWLQP', 'REVQE', 'SEUJM', 'ZUYFN', 'QFZCO', 'VNIQM', 'GRIBM', 'BFHEV', 'FMMZU', 'REFDA', 'CWKNX', 'XOUQM', 'KDMQW', 'VBXTL', 'IDOHH', 'SEVGN', 'NSSHB', 'VYUHL', 'FKSNY', 'ELBRQ', 'NLQQX', 'RQZDB', 'BBIGY', 'TARGC', 'MCVPN']
['UZTYA', 'VLXZD', 'RWOPE', 'OVNTP', 'RAAAY', 'AAEBS', 'HAKPT', 'ASGXO', 'RFDDK', 'METWY', 'ZCMCP', 'GFWZF', 'VMRKJ', 'NCXIY', 'PPGSA', 'PSMNV', 'DNOMK', 'IOHXF', 'MRNHH', 'CRSZF', 'UEFBC', 'NMWYK', 'OYGNB', 'XVOGO', 'JXKSJ']
['GJCQK', 'ERXLL']
['GZWND']
['KBDMG']
['HVAAR', 'GNDQJ']
['PCOTH', 'WZJYQ', 'NTGQJ', 'ZZKGQ', 'MLWLT', 'GJYBX']
['BNPMH']
['AXIHL']
['JJDHO']
['EGYBS', 'LGPGN']
