['478', '180', '194', '71', '484', '205', '288', '475', '337', '110', '298', '239', '407', '498', '227', '116', '38', '250', '119', '101', '148', '161', '201', '470', '197', '381', '149', '370', '430', '311', '317', '411', '497', '408', '390', '16', '363', '480']
['79', '11', '155', '55', '262', '135', '418', '371', '54', '168', '85', '402', '360', '140', '95', '213', '465', '297', '439', '420', '429', '264', '207', '167', '301', '310', '105', '169', '216', '32', '304', '247', '104', '289', '320', '277', '376', '210']
['437', '457', '187', '25', '406', '47', '391', '472', '492', '375', '17', '198', '96', '206', '279', '234', '156', '422', '340', '468', '253', '447', '52', '343', '27', '165', '69', '460', '42', '86', '217', '265', '183', '88', '107', '351', '415', '254']
['440', '326', '233', '141', '4', '266', '338', '175', '348', '377', '243', '184', '139', '118', '456', '177', '446', '321', '117', '319', '59', '269', '46', '444', '412', '94', '397', '113', '383', '353', '66', '214', '30', '192', '286', '9', '445', '449']
['153', '392', '385', '114', '345', '414', '270', '44', '159', '436', '244', '329', '398', '354', '455', '386', '263', '318', '448', '459', '400', '380', '404', '112', '352', '413', '129', '63', '230', '421', '18', '308', '315', '133', '108', '72', '281', '424']
['238', '74', '202', '37', '33', '296', '374', '56', '14', '334', '22', '134', '240', '299', '307', '328', '471', '494', '394', '490', '195', '174', '109', '431', '335', '485', '346', '325', '462', '124', '300', '236', '423', '208', '67', '121', '60', '185']
['463', '486', '261', '76', '426', '36', '290', '23', '242', '191', '469', '382', '496', '260', '344', '1', '179', '144', '232', '274', '75', '366', '50', '87', '359', '361', '190', '143', '99', '365', '223', '132', '323', '215', '369', '388', '3', '111']
['487', '146', '467', '127', '482', '138', '453', '442', '90', '481', '49', '125', '160', '316', '393', '182', '294', '273', '283', '158', '355', '122']
['349', '483', '477', '499', '255', '358', '417', '164', '126', '41', '327', '45', '357', '433', '367', '188', '488', '100', '347', '145', '237', '176', '489', '364', '120', '451', '476', '405', '285', '68', '28', '241', '12', '491', '93', '399', '8', '189']
['212', '416', '314', '332', '211', '292', '40', '282', '173', '65', '77', '336', '425', '58', '313', '162', '131', '493', '350', '97', '441', '466', '0', '229', '464', '31', '428', '342', '245', '62', '410', '268', '396', '389', '226', '51', '384', '61']
['256']
['259', '172', '302', '123', '106', '267', '147', '452', '137', '19', '305', '82', '401', '43', '331', '379', '80', '252', '130', '341', '178', '473', '53', '13', '48', '34', '26', '6', '98', '356', '368', '128', '495', '39', '248', '306', '84', '5']
['231', '151', '10', '333', '70', '78', '7', '157', '458', '461', '35', '221', '225', '81', '387', '152', '196', '271', '427', '57', '204', '163', '219', '409', '330', '64', '339', '450', '142', '275']
['280', '186', '171', '193', '454', '224', '257', '181', '209', '83', '102', '419', '20', '284', '150', '222', '432', '73', '29', '249', '378', '324', '91', '312', '395', '251', '278', '199', '89', '203', '287', '291', '403', '435', '154', '136', '2', '295']
['322', '235', '479', '218']
['309', '246', '276', '474', '228', '438', '303', '24', '200', '293', '166', '272', '362', '103', '220', '115', '373']
['434']
['92', '21']
['258']
['170']
['372', '443']
['15']
