['Emelia', 'Tuttle', 'Crean', 'Vesta', 'Hanway', 'Cristoforo', 'Puklich', 'Wistrup', 'Shea', 'Dearman', 'Marilou', 'Malo', 'Clea', 'Schreck', 'Arel', 'Lynnelle', 'Jason', 'Toh', 'Janerich', 'Stephenson', 'Jori', 'Clere', 'Raul', 'Willetta', 'Livingston', 'Akeyla', 'Moyers', 'Nanette', 'Caines', 'Krystalle', 'Prebo', 'Pryce', 'Grimona', 'Sheeran', 'Jenness']
['Won', 'Klapp', 'Masterson', 'Fruin', 'Lamson', 'Buxton', 'Felise', 'Maye', 'Dulcea', 'Utas', 'Holofernes', 'Girovard', 'Selma', 'Hillegass', 'Karlise', 'Plantagenet', 'Sinnard', 'Fokos', 'Cerracchio', 'Hamlin', 'Manaker', 'Holey', 'Hadleigh', 'Rue', 'Mushro', 'Ace', 'Neille', 'Reste', 'Starinsky', 'Melda', 'Mauchi', 'Arianna', 'Chemush', 'Tessy', 'Merth']
['Donn', 'Freddy', 'Yarvis', 'Cardwell', 'Jobyna', 'Gombosi', 'Katzir', 'Antonetta', 'Nannette', 'Agosto', 'Janenna', 'Pontius', 'Newton', 'Candyce', 'Dietrich', 'Costin', 'Brazee', 'Leiser', 'Davidde', 'Tristam', 'Les', 'Ottinger', 'Bui', 'Cavallaro', 'Damon', 'Lenes', 'Ng', 'Paulita', 'Hatch', 'Leanna', 'McCoy', 'Firman', 'Mikol', 'Saxen', 'Mansoor']
['Hong', 'Converse', 'Oscar', 'Fidelio', 'Ashling', 'McIntosh', 'Cloots', 'Balling', 'Utica', 'Eleni', 'Ted', 'Carlick', 'Knute', 'Farro', 'Hako', 'Glenn', 'Earlene', 'Mitchiner', 'Lindell', 'Celestyn', 'Brittnee', 'Volkan', 'Edrick', 'Marina', 'Coh', 'Gwenette', 'Wendye', 'Jehiel', 'Hardej', 'Japeth', 'Virginia', 'Micheal', 'Feinstein', 'Ursola', 'Baldridge']
['Augustina', 'Pinto', 'Gowrie', 'Blasius', 'Dole', 'Nath', 'Buckler', 'Hermon', 'McKinney', 'Shannah', 'Eudocia', 'Blondell', 'Ursi', 'Bevon', 'Hawger', 'Pappas', 'Danna', 'Debera', 'Gloriana', 'Kinzer', 'Schnabel', 'Love', 'Tavy', 'Lorilyn', 'Ches', 'Bello', 'Smukler', 'McClimans', 'Franek', 'Astto', 'Oakes', 'Wight', 'Gibun', 'Hett', 'Letta']
['Leod', 'Harland', 'Pippo', 'Adriane', 'Milore', 'Watson', 'Cristiona', 'Bruns', 'Cutty', 'Merola', 'Dumas', 'Halimeda', 'Odin', 'Dowlen', 'Summons', 'Ber', 'Gillian', 'Hayyim', 'Balliett', 'Lou', 'Gunn', 'Carter', 'Fausta', 'Jestude', 'Cyd', 'Beebe', 'Willis', 'Delinda', 'Larson', 'Flemming', 'Thorman', 'Worlock', 'Kronick', 'Kerianne', 'Fast']
['Bran', 'Proudfoot', 'Ultun', 'Ardehs', 'Karie', 'Wing', 'Billy', 'Demetria', 'Coumas', 'Saudra', 'Genie', 'Towne', 'Ashman', 'Fillender', 'Tine', 'Mathur', 'Charin', 'Harmony', 'Danais', 'Udell', 'Florentia', 'Till', 'Lacy', 'Hankins', 'Ruhnke', 'Joed', 'Zobe', 'Dela', 'Elberta', 'Vaish', 'Bernj', 'Quitt', 'Nestor', 'Sumer', 'Deni']
['Kylah', 'Barsky', 'Nisse', 'Polish', 'Lombardi', 'Dare', 'Lentha', 'Woodhead', 'Lyle', 'Australia', 'Felicie', 'Tonya', 'Ragland', 'Maribel', 'Sandstrom', 'Ratcliffe', 'Sosanna', 'Vevay', 'Montagna', 'Bluhm', 'Minda', 'Flieger', 'Vonni', 'Clovah', 'Corkhill', 'Sievert', 'Padget', 'Crompton', 'Derinna', 'Eldwen', 'Kassi', 'Groos', 'Hotze', 'Flo', 'Lenhart']
['Safire', 'Osrick', 'Yasu', 'Winer', 'Morville', 'Neveda', 'Darrow', 'Griswold', 'Meingolda', 'Berner', 'Lux', 'Rhonda', 'Galligan', 'Adolphus', 'Adaurd', 'Ferullo', 'Binette', 'Neva', 'Girardo', 'Ainslee', 'Durante', 'Winebaum', 'Verras', 'Robbin', 'Jenkel', 'Stearns', 'Danita', 'Margeaux', 'Hakim', 'Desi', 'Tay', 'Mokas', 'Matthaeus', 'Tennes', 'Shelbi']
['Fadiman', 'Catherin', 'Rik', 'Bhayani', 'Ashford', 'Maude', 'Biggs', 'Jillana', 'Hillel', 'Birck', 'Clymer', 'Holms', 'Rooke', 'Grochow', 'Prince', 'Alvinia', 'Weirick', 'Marijn', 'Monahan', 'Shelby', 'Griffin', 'Nessy', 'Jeniece', 'Lauree', 'Busey', 'Vikky', 'Dedric', 'Scherman', 'Barnett', 'Rocray', 'Formenti', 'Tutankhamen', 'Shanly', 'Sigsmond', 'Nance']
['Ciapas', 'Foulk', 'Koetke', 'Renick', 'Erlewine', 'Tarkany', 'Meras', 'Melisa', 'Risteau', 'Kerwon', 'Dott', 'Lotus', 'Perloff', 'Jimmy', 'Doroteya', 'Dett', 'Enid', 'Yerxa', 'Barby', 'Dimitry', 'Ubana', 'Elihu', 'Lamb', 'Gerianne', 'Anuska', 'Acacia', 'Sandeep', 'Cal', 'Kimon', 'Kile', 'Avril', 'Kudva', 'Henrique', 'Uta', 'Ardys']
['Basso', 'Shepp', 'Behlau', 'Derril', 'Nafis', 'Klute', 'Mackenzie', 'Evangeline', 'Javler', 'Benilda', 'Holton', 'Emmer', 'Ammadis', 'Aviv', 'Elburr', 'Lawler', 'Zandt', 'Salomi', 'Sachi', 'Lon', 'Eilis', 'Ebba', 'Cheria', 'Tillford', 'Myrvyn', 'Carrillo', 'Hittel', 'Epstein', 'Kanya', 'Zelma', 'Latimer', 'Nari', 'Ludovico', 'Woo', 'Yim']
['Jessalin', 'Chae', 'Druce', 'Fitz', 'Haldane', 'Lynett', 'Ginzburg', 'Eno', 'Ferro', 'Janaya', 'Matthew', 'Placido', 'Melburn', 'Dotson', 'Favian', 'Midian', 'Rani', 'Fredkin', 'Saville', 'Noyes', 'Rombert', 'Burkhart', 'Kaufmann', 'Nicolis', 'Karon', 'Auroora', 'Turrell', 'Elmira', 'Larry', 'Marijo', 'Rodolphe', 'Swanhilda', 'Hannover', 'Ruyle', 'Roanna']
['Fifine', 'Tiphane', 'Grath', 'Minier', 'Berneta', 'Delila', 'Cherry', 'Cicely', 'Everick', 'Serafine', 'Norean', 'Velda', 'Moonier', 'Uzzia', 'Atkins', 'Beaver', 'Harriet', 'Saylor', 'Higgs', 'Lunetta', 'Chancellor', 'McCullough', 'Halstead', 'Ebneter', 'Faunia', 'Darsie', 'Balcer', 'Raynor', 'Alf', 'Antonino', 'Uchida', 'Jorgenson', 'Questa', 'Cataldo', 'Wunder']
['Groh']
['Emelita', 'Hudis', 'Danuloff', 'Bounds']
['Fairfax']
['Colly', 'Chaddie']
['Hook']
['Fabrice']
