['243', '396', '335', '370', '284', '37', '163', '298', '317', '385', '184', '131', '221', '148', '177', '289', '393', '30', '300', '144', '313', '54', '61', '80', '110']
['7', '83', '151', '50', '273', '308', '247', '329', '334', '85', '135', '46', '267', '198', '253', '336', '167', '331', '175', '142', '176', '382', '229', '268', '179']
['225', '84', '166', '150', '349', '282', '230', '297', '108', '109', '399', '187', '390', '42', '41', '95', '69', '15', '194', '272', '23', '117', '381', '124', '202']
['182', '31', '19', '233', '378', '360', '129', '34', '51', '100', '158', '357', '60', '101', '192', '269', '391', '68', '377', '384', '220', '87', '242', '296', '261']
['97', '281', '280', '88', '6', '328', '219', '155', '199', '40', '369', '248', '346', '395', '67', '274', '227', '251', '119', '35', '386', '44', '372', '38', '82']
['279', '290', '56', '246', '294', '49', '306', '105', '351', '157', '161', '292', '344', '376', '347', '115', '323', '156', '77', '250', '103', '159', '218', '325', '125']
['147', '21', '314', '226', '8', '264', '169', '332', '318', '352', '89', '244', '107', '238', '81', '209', '216', '1', '283', '315', '188', '45', '287', '379', '106']
['234', '47', '375', '43', '217', '276', '143', '11', '208', '14', '39', '74', '205', '359', '59', '180', '340', '66', '316', '138', '134', '36', '203', '213', '231']
['277', '193', '380', '122', '190', '239', '249', '104', '207', '22', '255', '149', '111', '397', '206', '263', '256', '75', '171', '3', '355', '266', '99', '200', '94']
['324', '178', '186', '309', '173', '288', '368', '321', '137', '165', '17', '326', '215', '139', '48', '275', '303', '354', '70', '327', '26', '140', '183', '126', '339']
['320', '293', '0', '25', '319', '373', '128', '322', '24', '278', '311', '343', '189', '93', '257', '362', '302', '191', '58', '333', '28', '172', '228', '121', '342']
['153', '86', '132', '241', '299', '312', '345', '2', '265', '389', '350', '146', '358', '53', '341', '310', '57', '365', '113', '363', '12', '52', '98', '114', '366']
['127', '394', '197', '295', '170', '141', '118', '224', '4', '338', '195', '196', '79', '353', '145', '374', '76', '245', '262', '301', '304', '18', '152', '392', '120']
['9', '367', '271', '72', '96', '236', '160', '130', '10', '222', '258', '102', '174', '259', '78', '398', '348', '285', '201', '32', '116', '240', '388', '181', '305']
['16', '64', '254', '62', '168', '291', '5', '361', '232', '371', '260', '133', '364']
['387', '204', '63', '383', '29', '73', '154', '27', '136', '91', '13', '162']
['252']
['330', '164', '211', '356', '65', '210', '112', '307', '185', '214', '123', '71', '223', '20', '55', '270', '237', '33', '90', '337', '235', '212']
['286']
['92']
