['771', '618', '863', '59', '690', '856', '732', '999', '394', '466', '977', '562', '658']
['291', '437', '141', '900', '235', '497', '592', '138', '653', '356', '89', '776', '595']
['652', '893', '643', '800', '329', '877', '848', '793', '354', '843', '717', '307', '579']
['422', '911', '268', '656', '200', '553', '91', '158', '323', '504', '338', '570', '176']
['563', '681', '151', '983', '946', '71', '462', '549', '362', '166', '384', '610', '669']
['619', '272', '46', '114', '60', '336', '956', '87', '177', '378', '119', '255', '730']
['406', '858', '572', '425', '966', '93', '468', '628', '252', '20', '172', '215', '72']
['316', '296', '890', '478', '868', '63', '416', '247', '368', '439', '721', '189', '773']
['327', '528', '15', '16', '238', '705', '799', '992', '854', '262', '279', '642', '5']
['853', '12', '52', '821', '165', '210', '791', '403', '857', '396', '130', '280', '451']
['54', '505', '22', '686', '861', '290', '25', '487', '930', '178', '881', '463', '809']
['976', '408', '564', '156', '218', '321', '233', '897', '603', '841', '42', '477', '832']
['434', '738', '132', '225', '875', '117', '909', '35', '490', '263', '819', '374', '818']
['48', '30', '230', '96', '240', '386', '742', '222', '763', '243', '474', '7', '780']
['221', '328', '83', '161', '211', '997', '828', '536', '749', '939', '271', '737', '601']
['21', '261', '160', '298', '194', '594', '891', '522', '767', '608', '958', '495', '80']
['496', '286', '319', '334', '492', '530', '581', '786', '794', '302', '43', '957', '171']
['825', '687', '405', '967', '523', '845', '392', '440', '509', '515', '862', '485', '195']
['239', '760', '101', '45', '654', '187', '391', '0', '555', '784', '146', '689', '982']
['303', '77', '955', '383', '641', '729', '278', '715', '508', '987', '149', '318', '789']
['479', '756', '140', '777', '308', '326', '576', '840', '196', '969', '539', '889', '724']
['972', '99', '860', '226', '757', '23', '288', '289', '2', '100', '683', '467', '147']
['806', '634', '419', '275', '506', '66', '988', '831', '311', '883', '646', '399', '846']
['335', '674', '295', '98', '807', '935', '814', '204', '499', '835', '142', '86', '569']
['941', '85', '377', '39', '666', '872', '720', '719', '170', '483', '675', '886', '758']
['339', '815', '533', '637', '838', '70', '167', '19', '649', '950', '607', '306', '711']
['162', '370', '237', '795', '143', '979', '410', '589', '460', '345', '995', '199', '309']
['461', '229', '429', '428', '629', '839', '829', '797', '4', '365', '616', '494', '518']
['400', '174', '358', '421', '471', '945', '64', '68', '446', '677', '998', '896', '726']
['277', '922', '770', '435', '154', '284', '188', '212', '810', '401', '18', '361', '150']
['73', '752', '764', '473', '56', '834', '560', '556', '783', '305', '582', '660', '113']
['260', '765', '198', '379', '169', '459', '667', '626', '133', '699', '292', '647', '827']
['389', '366', '804', '82', '287', '469', '566', '633', '709', '671', '599', '76', '6']
['513', '431', '29', '920', '960', '864', '427', '11', '136', '740', '968', '802', '916']
['214', '395', '488', '251', '849', '766', '535', '47', '640', '744', '993', '276', '991']
['397', '137', '609', '768', '986', '332', '636', '750', '258', '951', '901', '246', '673']
['887', '751', '44', '37', '55', '661', '971', '342', '736', '989', '380', '274', '739']
['965', '163', '208', '223', '990', '115', '413', '264', '921', '769', '207', '731', '424']
['74', '745', '371', '519', '824', '503', '696', '310', '376', '393', '417', '713', '267']
['407', '24', '937', '111', '62', '796', '489', '880', '40', '781', '748', '349', '694']
['67', '402', '75', '498', '884', '926', '882', '716', '418', '51', '712', '110', '651']
['940', '216', '879', '324', '537', '936', '265', '94', '353', '679', '375', '812', '743']
['152', '173', '259', '623', '558', '105', '337', '92', '668', '842', '676', '734', '927']
['847', '294', '918', '625', '959', '820', '182', '954', '352', '970', '913', '928', '611']
['438', '447', '541', '644', '859', '256', '775', '181', '733', '330', '493', '615', '1']
['123', '514', '186', '507', '404', '602', '961', '13', '420', '540', '980', '412', '320']
['33', '193', '680', '224', '695', '444', '727', '129', '476', '168', '942', '787', '244']
['964', '974', '448', '898', '710', '903', '778', '38', '381', '531', '947', '932', '550']
['805', '81', '250', '908', '125', '28', '929', '31', '502', '753', '981', '792', '180']
['826', '761', '873', '500', '109', '575', '184', '432', '121', '624', '544', '209', '596']
['598', '650', '157', '657', '782', '722', '532', '876', '112', '26', '538', '973', '865']
['728', '179', '61', '517', '708', '90', '49', '159', '426', '664', '219', '698', '297']
['304', '118', '703', '943', '102', '590', '914', '588', '501', '436', '346', '228', '785']
['415', '510', '850', '512', '565', '577', '697', '524', '663', '912', '741', '79', '155']
['135', '855', '164', '312', '706', '725', '568', '443', '822', '36', '201', '779', '351']
['700', '254', '614', '584', '202', '388', '227', '851', '746', '888', '655', '583', '803']
['14', '107', '340', '144', '458', '949', '952', '772', '213', '704', '934', '97', '153']
['833', '580', '285', '638', '919', '978', '253', '382', '837', '823', '301', '270', '723']
['445', '885', '257', '917', '816', '249', '543', '586', '985', '511', '693', '867', '387']
['948', '718', '41', '484', '866', '551', '685', '923', '612', '452', '433', '639', '938']
['907', '206', '567', '293', '645', '50', '830', '613', '701', '248', '455', '364', '347']
['620', '874', '665', '8', '648', '457', '486', '688', '453', '547', '88', '106', '542']
['355', '622', '58', '844', '108', '299', '895', '491', '944', '924', '597', '662', '904']
['3', '344', '774', '762', '197', '759', '269', '205', '65', '203', '456', '953', '385']
['470', '217', '322', '808', '632', '32', '672', '631', '557', '933', '145', '635', '266']
['357', '869', '116', '527', '481', '57', '9', '605', '409', '798', '516', '120', '585']
['678', '69', '450', '245', '10', '915', '684', '593', '574', '788', '963', '53', '735']
['122', '811', '910', '899', '430', '232', '836', '691', '754', '348', '905', '604', '906']
['367', '813', '363', '591', '975', '360', '925', '962', '520', '621', '465', '571', '314']
['273', '103', '714', '630', '627', '878', '692', '317', '442', '472', '755', '190', '104']
['128', '390', '84', '600', '482', '464', '242', '870', '241', '996', '134', '561', '373']
['852', '300', '526', '34', '573', '350', '747', '282', '892', '341', '78', '984', '192']
['994', '359', '702', '707']
['131', '480', '281', '548', '670', '148', '871', '817', '617', '372', '423', '414', '139']
['534', '902', '554', '552', '398', '578', '343', '529', '931', '333', '411', '236', '283']
['659']
['127', '95', '17']
['546', '331', '315', '559', '441']
['369', '475']
['220']
['521']
['234']
['185', '449']
['124']
['325', '545']
['894']
['231']
['790']
['525']
['587']
['126']
['682']
['191']
['801']
['175']
['606']
['313']
['183']
['27']
['454']
