['481', '998', '815', '527', '759', '183', '525', '369', '782', '619', '945', '177', '352', '543', '736', '528', '179', '896', '92', '705', '797', '893', '652', '126', '677', '171', '661', '296', '377', '439', '55', '217', '730', '930', '326', '749', '67', '779', '338', '545']
['284', '301', '105', '586', '662', '355', '957', '412', '416', '422', '457', '279', '709', '499', '257', '18', '704', '993', '465', '810', '14', '135', '107', '13', '947', '288', '763', '555', '785', '519', '469', '693', '560', '134', '318', '863', '290', '655', '827', '665']
['438', '185', '684', '33', '108', '985', '529', '848', '423', '145', '678', '839', '676', '728', '908', '415', '384', '671', '362', '167', '273', '720', '430', '972', '150', '407', '6', '777', '454', '636', '44', '228', '928', '267', '450', '906', '351', '225', '992', '333']
['825', '209', '650', '925', '869', '590', '169', '522', '513', '367', '542', '604', '514', '926', '175', '948', '341', '786', '32', '878', '394', '509', '668', '649', '258', '511', '356', '93', '5', '119', '391', '238', '657', '402', '120', '890', '292', '867', '304', '329']
['927', '743', '68', '793', '903', '479', '965', '750', '247', '725', '700', '956', '115', '601', '306', '151', '97', '229', '937', '977', '886', '379', '504', '400', '976', '10', '130', '411', '472', '845', '227', '244', '166', '741', '986', '773', '95', '712', '637', '602']
['971', '681', '429', '960', '344', '858', '685', '25', '460', '51', '281', '490', '752', '305', '801', '204', '125', '766', '214', '698', '88', '345', '458', '395', '133', '311', '180', '220', '50', '506', '768', '552', '538', '399', '973', '710', '997', '62', '155', '826']
['94', '106', '791', '880', '808', '192', '359', '929', '200', '954', '280', '498', '277', '462', '259', '551', '69', '679', '963', '622', '706', '877', '12', '35', '201', '442', '285', '431', '950', '614', '361', '317', '802', '82', '148', '675', '313', '276', '3', '354']
['212', '818', '289', '139', '870', '934', '248', '159', '632', '496', '420', '28', '436', '651', '470', '701', '558', '537', '999', '334', '539', '66', '523', '654', '206', '15', '607', '919', '667', '882', '328', '336', '114', '940', '955', '694', '103', '493', '78', '89']
['735', '85', '213', '804', '778', '417', '230', '660', '485', '433', '347', '510', '448', '340', '316', '686', '994', '648', '534', '625', '224', '901', '515', '767', '924', '216', '168', '756', '418', '569', '691', '73', '19', '380', '111', '208', '240', '59', '719', '897']
['616', '475', '172', '974', '914', '682', '467', '383', '452', '850', '80', '913', '755', '38', '163', '872', '453', '466', '193', '592', '319', '187', '754', '308', '79', '732', '101', '952', '990', '634', '256', '357', '635', '9', '142', '47', '203', '264', '444', '249']
['783', '553', '672', '477', '857', '570', '911', '884', '764', '403', '370', '37', '959', '451', '640', '987', '221', '595', '603', '86', '343', '738', '699', '615', '365', '784', '942', '99', '757', '446', '43', '866', '967', '425', '862', '811', '989', '533', '578', '1']
['210', '900', '132', '112', '207', '435', '39', '581', '745', '246', '372', '761', '307', '102', '91', '717', '770', '123', '629', '656', '771', '760', '24', '644', '742', '410', '831', '593', '774', '879', '263', '846', '302', '262', '968', '894', '824', '739', '630', '188']
['556', '832', '127', '563', '787', '535', '780', '647', '574', '966', '146', '147', '708', '695', '463', '406', '599', '371', '309', '480', '624', '189', '576', '917', '731', '2', '236', '758', '486', '936', '608', '583', '724', '199', '809', '744', '981', '938', '478', '152']
['837', '638', '250', '8', '255', '117', '565', '823', '541', '178', '641', '659', '223', '842', '27', '42', '489', '393', '140', '713', '434', '164', '77', '859', '324', '129', '722', '751', '799', '219', '835', '330', '141', '988', '844', '775', '397', '441', '396', '920']
['160', '265', '254', '0', '98', '154', '702', '531', '933', '875', '54', '796', '408', '723', '428', '473', '673', '63', '861', '269', '283', '398', '881', '266', '70', '789', '232', '935', '885', '518', '443', '559', '31', '87', '580', '729', '703', '471', '788', '136']
['234', '464', '165']
['65', '358', '524']
['174', '910', '740', '474', '90', '64', '437', '852', '405', '320', '887', '726', '29', '81', '190', '532', '483', '769', '544', '585', '401', '817', '348', '34', '520', '666', '912', '643', '149', '931', '571', '482', '494', '195', '714', '939', '851', '829', '364', '696']
['572', '503', '360', '803', '497', '156', '540', '547', '888', '241', '633', '860', '776', '868', '23', '610', '549', '404', '124', '550', '932', '118', '500', '459', '843', '688', '233', '76', '969', '871', '291', '75', '854', '587', '287', '984', '727', '131', '748', '293']
['191', '222', '812', '339', '961', '512', '56', '918', '96', '197', '323', '575', '495', '375', '612', '30', '468', '346', '849', '170', '621', '386', '60', '331', '491', '946', '546', '274', '953', '617', '664', '226', '162', '245', '680', '631', '176', '669', '45', '440']
['507', '49', '562', '687', '427', '922', '211', '332', '944', '983', '41', '613', '242', '61', '337', '449', '805', '389', '833', '683', '772', '820', '447', '456', '915', '116', '847', '907', '432', '253', '363', '697', '814', '342', '297', '138', '865', '548', '72', '822']
['899', '594', '198', '573', '898', '153', '7', '798', '349', '734', '611', '476', '272', '517', '286', '312', '413', '325', '792', '388', '795', '721', '239', '996', '623', '690', '409', '627', '765', '692', '455', '314', '382', '419', '855', '205', '268', '561', '674', '173']
['943', '645', '20', '718', '883', '589']
['923', '392', '800', '670', '121', '598', '716', '295', '218', '618', '828', '161', '794', '4', '487', '762', '52', '600', '856', '620', '110', '609', '385', '588', '895', '663', '733', '836', '596', '294', '502', '853', '252', '978', '196', '781', '816', '71', '658', '508']
['689', '530', '892', '707', '48', '378', '711', '366', '567', '841', '327', '646', '261', '426', '628', '964', '982', '484', '16', '975', '536', '181', '653', '299', '260', '501', '715', '376', '807', '17', '584', '282', '909', '838', '980', '605', '577', '557', '113', '492']
['158', '834', '83', '424', '445', '335', '128', '746']
['11', '461', '58', '949', '564', '53', '737', '368', '991', '310', '521', '184', '905', '941', '387', '639', '806', '821', '554', '350', '202', '889', '57', '84', '830', '962', '626', '864', '813', '122', '46', '958', '790', '243', '979', '874', '104', '876', '22', '891']
['182']
['74', '321', '568']
['579']
['921', '970', '381', '374', '137', '186', '21', '237', '995', '951', '109', '143']
['902']
['390', '819', '753', '526', '251', '916', '516', '40', '322', '144', '298', '488', '505', '421', '904', '606', '353', '303', '591', '275', '840', '582', '36', '597', '100', '270', '747', '215', '300', '194', '235', '315', '873', '414', '642', '26', '373', '566', '231', '278']
['271']
['157']
