['837', '223', '955', '502', '853', '188', '875', '741', '925', '4', '518', '848', '945', '461', '416', '653', '229', '962', '665', '831', '761', '513', '201', '444', '902', '61', '44', '991', '261', '467', '124', '419', '202', '111', '880', '453', '988', '313', '852', '329']
['91', '484', '480', '932', '177', '946', '24', '425', '207', '435', '441', '901', '900', '519', '476', '986', '145', '679', '888', '731', '567', '757', '630', '305', '88', '129', '274', '540', '746', '744', '268', '121', '740', '43', '85', '231', '971', '179', '344', '221']
['218', '866', '332', '947', '270', '683', '584', '856', '393', '115', '808', '353', '849', '827', '914', '83', '222', '379', '336', '11', '16', '844', '910', '392', '726', '172', '282', '469', '530', '799', '472', '860', '821', '725', '997', '586', '235', '420', '251', '370']
['981', '603', '685', '637', '931', '977', '534', '500', '176', '668', '624', '398', '436', '828', '264', '809', '384', '499', '53', '602', '308', '227', '628', '752', '175', '982', '389', '873', '497', '592', '594', '194', '359', '477', '980', '446', '56', '571', '560', '376']
['59', '606', '21', '168', '915', '33', '638', '701', '590', '296', '494', '93', '919', '691', '838', '903', '189', '49', '813', '527', '993', '615', '613', '334', '967', '348', '777', '331', '46', '253', '861', '819', '54', '558', '295', '140', '463', '440', '10', '265']
['240', '627', '36', '60', '119', '716', '728', '458', '802', '538', '287', '572', '358', '139', '789', '450', '133', '987', '82', '803', '79', '280', '782', '149', '934', '155', '259', '650', '445', '471', '354', '430', '514', '81', '674', '104', '297', '275', '618', '943']
['232', '405', '256', '20', '498', '400', '621', '948', '47', '300', '699', '132', '705', '818', '487', '291', '213', '442', '870', '953', '942', '610', '373', '843', '78', '908', '72', '106', '160', '64', '647', '424', '869', '707', '380', '346', '427', '19', '272', '644']
['969', '452', '151', '840', '881', '664', '490', '2', '956', '71', '816', '963', '936', '250', '600', '992', '587', '800', '69', '216', '135', '886', '564', '878', '727', '413', '55', '112', '371', '973', '623', '966', '174', '57', '456', '787', '340', '439', '883', '697']
['75', '737', '780', '391', '342', '764', '118', '765', '640', '646', '709', '228', '940', '330', '495', '410', '382', '970', '845', '976', '326', '783', '778', '234', '141', '97', '324', '670', '220', '31', '654', '974', '652', '511', '38', '284', '211', '832', '429', '641']
['806', '483', '77', '226', '193', '578', '260', '645', '719', '669', '895', '27', '42', '532', '605', '661', '776', '730', '66', '703', '559', '772', '63', '633', '702', '196', '378', '146', '134', '774', '283', '25', '369', '788', '76', '911', '935', '269', '5', '996']
['105', '503', '985', '99', '995', '671', '290', '473', '32', '565', '40', '349', '790', '181', '998', '756', '74', '930', '52', '884', '123', '454', '965', '414', '693', '387', '390', '898', '350', '801', '86', '738', '159', '785', '580', '273', '575', '18', '372', '552']
['254', '285', '651', '916', '851', '267', '161', '451', '214', '73', '710', '804', '905', '544', '417', '734', '178', '92', '820', '617', '431', '868', '768', '921', '611', '810', '696', '748', '588', '742', '833', '835', '896', '197', '656', '625', '539', '183', '989', '857']
['492', '684', '680', '361', '154', '983', '958', '749', '593', '708', '224', '23', '959', '459', '929', '928', '402', '241', '294', '793', '98', '122', '596', '574', '328', '979', '479', '488', '957', '815', '208', '347', '566', '244', '142', '769', '681', '507', '462', '667']
['103', '846', '433', '239', '890', '22', '855', '952', '238', '750', '814', '120', '263', '984', '595', '686', '276', '262', '68', '364', '927', '243', '876', '616', '242', '583', '904', '698', '711', '323', '721', '186', '116', '822', '926', '885', '184', '421', '506', '939']
['949', '443', '847', '817', '187', '604', '289', '535', '173', '531', '279', '383', '879', '292', '6', '386', '798', '841', '395', '407', '422', '468', '760', '357', '863', '913', '536', '657', '994', '662', '906', '143', '144', '713', '489', '825', '363', '964', '394', '556']
['634', '762', '278', '854', '298', '582', '690', '599', '388', '525', '576', '700', '859', '277', '299', '830', '626', '70', '824', '795', '660', '217', '723', '839', '944', '335', '466', '508', '7', '892', '438', '45', '524', '666', '470', '191', '481', '551', '920', '35']
['258', '842', '309', '317', '475', '171', '745', '829', '573', '345', '1', '689', '493', '569', '894', '249', '67', '520', '775', '743', '233', '352', '101', '418', '773', '333', '770', '447', '805', '13', '301', '302', '784', '128', '148', '862', '307', '999', '631', '754']
['562', '792', '537', '882', '368', '512', '219', '12', '533', '523', '339', '581', '771', '557', '355', '406', '182', '614', '917', '612', '138', '327', '682', '65', '94', '423', '237', '889', '192', '152', '156', '314', '796', '199', '601', '672', '51', '14', '549', '807']
['922', '529', '96', '675', '655', '811', '649', '381', '127', '918', '632', '732', '102', '255', '474', '84', '781', '899', '548', '663', '164', '341', '90', '126', '751', '759', '162', '486', '950', '337', '673', '401', '619', '545', '163', '636', '836', '496', '293', '409']
['695', '972', '3', '954', '245', '362', '505', '412', '365', '528', '374', '396', '385', '510', '766', '432', '779', '694', '320', '635', '41', '555', '449', '39', '874', '688', '50', '597', '415', '426', '763', '608', '319', '48', '912', '526', '658', '543', '677', '850']
['747', '504', '767', '826', '131', '659', '26', '455', '722', '941', '158', '325', '648', '937', '58', '812', '165', '252', '167', '153', '864', '205', '563', '923', '718', '786', '676', '316', '230', '867', '457', '166', '739', '198', '271', '687', '568', '212', '195', '236']
['108', '206', '893', '733', '428', '169', '720', '408', '315', '541', '858', '522', '247', '113', '30', '288', '607', '170', '706', '8', '975', '304', '753', '147', '542', '951', '248']
['561']
['87', '758', '404', '570', '29', '310', '343', '933', '281', '553', '516', '482', '639', '150', '303', '204', '521', '80', '34', '729', '366', '360', '448', '678', '117', '791']
['107', '125', '210', '28', '609', '95', '579', '960', '9', '338', '180', '89', '891', '322', '460', '190', '897', '312', '620', '715', '589', '978', '399', '865', '877', '100', '712', '215', '311', '735', '397', '909', '110', '961', '209', '356', '351', '554', '257', '246']
['185', '577', '872', '203', '938', '286', '109', '62', '924', '411', '200', '157', '591', '794', '437', '517', '136', '692', '871', '478', '0', '403', '546', '17', '367', '704', '714', '130', '114', '724', '755', '887', '598', '642', '321', '717', '491', '968', '485', '797']
['509']
['318', '823', '375', '37', '434', '306', '464', '377', '515', '622', '137', '643', '15', '907', '225', '585', '736', '990', '629', '465', '501', '550']
['547']
['266']
['834']
