['261', '884', '831', '81', '633', '263', '585', '734', '634', '908']
['338', '495', '68', '324', '419', '920', '752', '140', '11', '273']
['176', '499', '108', '304', '741', '451', '557', '936', '288', '40']
['383', '586', '279', '475', '25', '970', '267', '275', '656', '537']
['619', '228', '683', '395', '429', '200', '406', '778', '300', '543']
['204', '260', '608', '658', '405', '919', '454', '253', '857', '381']
['609', '258', '889', '193', '806', '931', '456', '808', '921', '195']
['994', '574', '189', '848', '851', '781', '768', '430', '766', '951']
['722', '870', '29', '342', '793', '102', '712', '935', '522', '211']
['812', '893', '924', '555', '763', '64', '997', '423', '169', '909']
['716', '386', '42', '109', '622', '483', '284', '602', '984', '677']
['877', '164', '428', '287', '259', '845', '13', '501', '915', '875']
['394', '63', '24', '865', '697', '463', '648', '640', '289', '319']
['212', '693', '626', '36', '361', '559', '460', '139', '331', '130']
['583', '216', '569', '547', '659', '441', '322', '706', '581', '366']
['490', '519', '532', '571', '864', '69', '596', '714', '134', '133']
['597', '310', '377', '912', '452', '710', '92', '295', '184', '813']
['290', '611', '540', '514', '303', '38', '797', '988', '136', '974']
['910', '779', '372', '804', '847', '616', '647', '296', '871', '14']
['855', '233', '774', '551', '119', '427', '187', '676', '591', '878']
['345', '266', '448', '8', '367', '168', '725', '759', '416', '859']
['858', '720', '506', '230', '715', '30', '307', '639', '735', '270']
['364', '27', '479', '929', '76', '914', '885', '546', '185', '792']
['711', '188', '128', '205', '794', '100', '299', '529', '371', '705']
['511', '898', '798', '642', '665', '662', '421', '379', '888', '399']
['820', '744', '298', '669', '192', '738', '688', '437', '93', '954']
['521', '618', '285', '198', '444', '621', '365', '895', '707', '971']
['474', '757', '942', '577', '146', '503', '681', '517', '844', '66']
['283', '944', '110', '294', '54', '222', '391', '643', '359', '627']
['207', '98', '610', '545', '190', '124', '883', '985', '238', '248']
['157', '520', '564', '434', '334', '231', '135', '641', '61', '836']
['225', '33', '645', '49', '869', '962', '26', '968', '756', '67']
['817', '584', '765', '881', '240', '370', '43', '388', '424', '897']
['397', '308', '775', '905', '563', '530', '777', '502', '455', '360']
['541', '101', '265', '992', '115', '271', '153', '762', '833', '239']
['525', '206', '880', '48', '723', '321', '749', '12', '937', '415']
['278', '755', '671', '426', '565', '535', '973', '0', '142', '323']
['467', '807', '972', '425', '380', '339', '998', '753', '59', '986']
['594', '464', '841', '443', '989', '356', '717', '995', '822', '890']
['631', '605', '486', '651', '313', '508', '708', '852', '613', '301']
['513', '657', '320', '389', '679', '246', '311', '120', '22', '661']
['227', '842', '773', '219', '507', '524', '197', '751', '843', '177']
['663', '147', '468', '458', '719', '993', '733', '180', '816', '652']
['703', '447', '481', '436', '214', '412', '879', '229', '560', '538']
['487', '991', '243', '730', '599', '922', '509', '420', '28', '46']
['948', '689', '943', '917', '601', '533', '297', '849', '237', '860']
['75', '329', '497', '89', '489', '866', '21', '494', '933', '226']
['127', '713', '251', '787', '39', '23', '654', '461', '980', '86']
['696', '85', '465', '121', '99', '977', '282', '4', '116', '896']
['745', '446', '83', '960', '422', '292', '939', '956', '373', '95']
['314', '143', '482', '378', '769', '417', '340', '221', '244', '144']
['736', '628', '58', '235', '675', '344', '692', '630', '552', '629']
['636', '78', '965', '952', '850', '349', '796', '332', '404', '892']
['234', '758', '123', '771', '987', '1', '182', '2', '690', '853']
['328', '357', '186', '750', '171', '767', '113', '887', '351', '891']
['471', '814', '484', '788', '721', '156', '45']
['50', '685', '158']
['431', '440', '664', '614', '632', '553', '732', '209', '175', '874']
['122', '170', '71', '6', '281', '84', '821', '302', '315', '358']
['615', '203', '418', '799', '280', '316', '927', '839', '516', '327']
['402', '432', '223', '593', '902', '825', '317', '117', '131', '523']
['668', '667', '684', '252', '558', '578', '165', '588', '453', '789']
['784', '835', '3', '623']
['125', '512', '983', '174', '790', '625', '129', '801', '103', '606']
['901', '34', '945', '362', '70', '410', '199', '566', '727', '900']
['148', '938', '196', '160', '51', '325', '392', '646', '208', '306']
['554', '173', '934', '272', '913', '10', '255', '35', '162', '385']
['346', '442', '932', '274', '183', '363', '5', '742', '44', '336']
['178', '976', '709', '480', '531', '549', '137', '600', '375', '202']
['151', '805', '829', '107', '152', '141', '718', '384', '580', '256']
['575']
['964', '172', '638', '439', '579', '612', '450', '94', '704', '818']
['826', '562', '686', '80', '673', '882', '837', '811', '886', '760']
['800', '462', '698']
['838', '691']
['959', '827', '215', '772', '400']
['570', '542', '18', '438', '257', '350', '500', '411', '699', '981']
['352', '782', '194']
['761', '472']
['854', '382', '179', '492', '876', '702', '37', '802', '966', '672']
['740', '65', '582', '746', '963', '236', '868', '700', '77', '312']
['526', '159', '191']
['967', '603']
['655']
['918', '832', '969', '232', '780', '785', '590', '815', '41', '666']
['387', '398', '114', '911']
['249']
['873', '961', '247', '624', '958', '861', '396', '118', '587', '485']
['903', '491', '374', '82', '906', '217', '680', '347', '97', '341']
['536', '607', '990', '598', '493', '561', '408', '15']
['975', '950', '90', '353', '687']
['112', '224', '678', '828', '568', '335', '747', '726', '407', '907']
['213', '343', '682', '166', '55', '904', '770', '674', '393', '649']
['748', '91', '163', '650', '867', '293', '592', '791', '754', '470']
['305']
['79']
['940', '262']
['445', '268', '476', '401', '201', '505', '276', '729', '17', '617']
['286', '595', '856', '528', '264', '62', '776', '145', '604', '245']
['435', '567', '220', '348', '369', '670', '862']
['786', '504', '923', '330', '309', '724', '337', '955', '354', '132']
['433', '834', '87', '573', '403']
['473', '242', '9', '515', '539', '824', '254', '181', '32', '999']
['803', '60', '291', '830']
['957', '449', '928', '548', '31', '644']
['16', '978', '637', '946', '823', '390', '53', '326', '459', '72']
['534', '126', '949', '469', '863', '795', '635', '810', '982', '899']
['52', '88', '872', '653', '701', '161', '737', '47', '496', '149']
['413']
['694', '376', '695', '138', '466']
['979', '73', '477', '556', '105', '250', '269', '576', '550']
['518']
['925', '56', '996', '930', '7', '809', '544', '728', '916', '846']
['368', '953', '19', '106']
['318', '20', '527']
['941']
['210', '660', '355', '57', '277', '154', '840']
['218']
['457']
['74', '333']
['783', '409', '764', '731', '589', '96', '488', '894', '150', '155']
['111', '478', '572', '926', '819', '104', '510']
['947']
['167', '620', '241']
['414', '498', '743', '739']
