['731', '787', '468', '644', '659', '234', '79', '924', '664', '473', '253', '165', '866', '269', '693', '6', '141', '511', '490', '592', '954', '214', '508', '620', '204']
['171', '211', '505', '76', '913', '90', '561', '205', '578', '625', '534', '677', '863', '27', '832', '405', '811', '568', '58', '783', '556', '255', '662', '764', '212']
['513', '654', '146', '704', '35', '433', '421', '498', '130', '366', '551', '97', '192', '709', '950', '474', '32', '246', '424', '114', '880', '113', '632', '514', '161']
['588', '725', '230', '408', '706', '961', '585', '624', '126', '157', '73', '172', '195', '992', '713', '446', '243', '47', '685', '740', '38', '244', '975', '833', '802']
['177', '22', '62', '921', '605', '396', '642', '646', '803', '133', '107', '306', '69', '525', '756', '729', '870', '7', '567', '258', '941', '477', '859', '862', '572']
['135', '720', '388', '304', '673', '380', '814', '789', '871', '137', '53', '526', '916', '252', '162', '52', '128', '371', '250', '825', '571', '856', '465', '393', '232']
['467', '266', '147', '431', '44', '169', '512', '766', '587', '251', '186', '981', '138', '145', '737', '328', '293', '952', '178', '283', '295', '409', '712', '839', '155']
['726', '749', '610', '990', '287', '494', '988', '680', '384', '9', '16', '351', '197', '923', '497', '324', '919', '49', '334', '78', '450', '790', '444', '977', '774']
['92', '383', '795', '21', '688', '775', '86', '890', '937', '667', '459', '641', '817', '701', '392', '385', '599', '29', '13', '472', '517', '752', '300', '242', '350']
['727', '776', '278', '233', '50', '460', '56', '336', '248', '48', '539', '280', '194', '17', '643', '976', '373', '127', '310', '574', '390', '168', '690', '398', '457']
['638', '983', '818', '427', '728', '417', '603', '438', '181', '652', '614', '103', '229', '102', '105', '362', '936', '769', '182', '59', '51', '43', '191', '261', '708']
['247', '619', '125', '338', '586', '257', '173', '934', '864', '978', '484', '972', '738', '873', '798', '322', '758', '354', '554', '611', '926', '263', '57', '827', '684']
['765', '865', '719', '899', '545', '317', '993', '277', '115', '822', '969', '631', '170', '523', '894', '747', '70', '428', '501', '67', '945', '696', '742', '591', '98']
['96', '112', '858', '175', '649', '846', '200', '458', '648', '249', '302', '666', '746', '812', '352', '779', '142', '437', '88', '516', '270', '148', '262', '922', '340']
['236', '144', '482', '209', '108', '821', '456', '318', '439', '843', '60', '275', '518', '933', '751', '974', '400', '528', '861', '860', '122', '895', '506', '61', '792']
['762', '878', '363', '661', '973', '493', '557', '784', '515', '626', '463', '479', '15', '909', '260', '492', '971', '487', '828', '167', '271', '842', '682', '694', '876']
['132', '486', '577', '222', '478', '994', '407', '837', '464', '955', '852', '887', '915', '55', '908', '687', '77', '314', '12', '949', '606', '399', '639', '580', '319']
['292', '956', '320', '75', '94', '124', '607', '254', '397', '346', '41', '717', '535', '820', '429', '911', '387', '241', '621', '23', '18', '109', '967', '882', '935']
['364', '119', '123', '401', '962', '298', '101', '206', '520', '129', '847', '356', '120', '830', '542', '702', '630', '849', '560', '522', '807', '332', '504', '294', '753']
['267', '623', '455', '163', '786', '700', '519', '540', '627', '932', '968', '226', '544', '722', '0', '489', '110', '857', '315', '445', '156', '176', '143', '326', '63']
['40', '914', '104', '569', '575', '443', '943', '2', '485', '558', '854', '891', '896', '529', '231', '683', '510', '307', '844', '590', '732', '868', '635', '218', '547']
['441', '311', '481', '527', '748', '414', '957', '741', '462', '136', '948', '850', '584', '189', '739', '488', '430', '826', '658', '349', '8', '499', '794', '841', '85']
['678', '360', '357', '601', '989', '877', '754', '633', '650', '199', '987', '886', '187', '410', '291', '565', '855', '361', '743', '412', '906', '808', '541', '321', '942']
['284', '672', '681', '469', '622', '734', '151', '628', '323', '312', '395', '867', '337', '411', '767', '845', '341', '353', '840', '434', '442', '5', '435', '213', '763']
['72', '773', '629', '333', '797', '308', '760', '657', '196', '10', '152', '447', '946', '660', '793', '835', '986', '581', '710', '210', '327', '91', '771', '823', '692']
['724', '670', '454', '420', '796', '220', '984', '902', '425', '707', '755', '84', '299', '303', '19', '158', '530', '608', '228', '382', '268', '884', '476', '576', '208']
['296', '963', '938', '931', '674', '733', '37', '440', '939', '965', '853', '669', '834', '286', '927', '24', '879', '721', '471', '703', '676', '537', '289', '598', '416']
['600', '831', '869', '785']
['183']
['54']
['154', '80', '121', '30', '480', '778', '386', '809', '240', '903', '997', '28', '579', '634', '89', '848', '174', '285', '912', '761', '549']
['25']
['238']
['543']
['768', '256', '449', '716', '26', '221', '475', '960', '188', '45', '150', '562', '564', '33', '907', '609', '553', '81', '134', '374', '885', '224', '671', '538', '552']
['415', '647', '782', '451', '82', '391', '559', '495', '930', '888', '999', '653', '566', '503', '668', '918', '819', '223', '215', '723', '714', '36', '368', '347', '617']
['573']
['546', '331', '297', '20', '1', '369', '507', '959', '750', '164', '423', '64', '68', '900', '686', '358', '500']
['117']
['432']
['31', '288', '996', '335', '448', '816', '697', '329', '344', '418', '958', '531', '65', '436', '991', '655', '330', '273', '980', '905', '305', '491', '995', '339', '235']
['613', '413', '198', '203', '11', '4', '810', '461', '829', '910', '555', '502', '770', '691', '745', '316', '665', '940', '355', '365']
['651', '227', '563', '419', '824', '87', '39', '281', '550', '583', '193', '695', '618', '483', '207', '403', '345', '897', '140', '201', '947', '264', '791', '806', '604']
['889', '376', '426', '367', '928', '735', '730', '640', '781', '893', '290', '272', '372', '470', '892', '118', '799', '83', '998', '616', '780', '718', '309', '663', '951']
['715', '979', '788', '757', '805', '966', '111', '612', '898', '597', '166', '180', '532', '615', '533', '970', '689', '282', '524', '711', '920', '313', '279', '359', '394']
['225', '875', '237', '325', '375', '3', '71', '851', '595', '370', '944', '46', '759', '379', '736', '982', '95', '570', '453', '42']
['496', '159', '838', '99', '699', '93', '265', '343', '881', '744', '184', '239', '389', '874', '813', '74', '381', '953', '149', '675', '777', '698', '917', '116', '593']
['929', '800', '772', '179', '153', '536', '190', '804', '274', '656', '452', '636', '925', '705', '100', '596', '185', '160', '377', '106']
['276', '594', '964', '139', '404', '216', '815', '985', '582', '202', '301', '904', '245', '836', '872', '509', '637', '131', '406', '14']
['219', '378', '34', '217', '402', '342', '422', '645', '602', '348', '466', '259', '521', '883', '901', '548', '66', '801', '679', '589']
