['557', '479', '481', '455', '595', '206', '494', '439', '531', '630', '262', '242', '388', '480', '501', '779', '27', '283', '29', '12', '843', '661', '953', '852', '316', '510', '528', '282', '237', '736', '86', '6', '52', '742', '789', '253', '540', '342', '544', '317', '214', '941', '31', '803', '634', '704', '908', '410', '162', '38', '928', '212', '633', '195', '559', '176', '310', '901', '829', '617', '796']
['146', '287', '264', '261', '250', '319', '298', '154', '773', '607', '244', '811', '167', '230', '434', '645', '179', '689', '278', '85', '583', '367', '942', '760', '350', '840', '674', '113', '871', '18', '120', '881', '134', '644', '296', '505', '826', '20', '727', '598', '252', '360', '222', '145', '932', '72', '931', '549', '33', '205', '344', '909', '41', '787', '812', '351', '128', '106', '517', '700', '315']
['358', '373', '867', '957', '568', '453', '747', '599', '806', '83', '565', '36', '198', '202', '738', '155', '506', '452', '641', '618', '139', '297', '801', '740', '514', '681', '101', '841', '352', '343', '49', '245', '906', '124', '170', '882', '68', '751', '855', '279', '89', '428', '576', '63', '442', '427', '690', '573', '629', '58', '468', '229', '137']
['362', '728', '286', '667', '111', '88', '846', '2', '561', '135', '173', '130', '465', '578', '127', '627', '338', '119', '425', '354', '707', '19', '435', '677', '369', '534', '457', '152', '830', '883', '55', '375', '884', '382', '188', '848', '471', '389', '246', '636', '236', '71', '913', '529', '937', '295', '653', '498', '449', '832', '663', '886', '194', '496', '15', '224', '590', '958', '741', '98', '722']
['475', '116', '324', '889', '390', '39', '484', '70', '320', '363', '770', '461', '575', '582', '493', '538', '635', '788', '180', '100', '430', '920', '894', '450', '666', '327', '522', '108', '654', '593', '664', '940', '328', '334', '308', '326', '939', '140', '631', '672', '17', '934', '133', '211', '171', '371', '604', '581', '123', '523', '24', '444', '293', '899', '377', '515', '421', '103', '833', '782', '303']
['784', '445', '616', '136', '448', '443', '459', '933', '288', '729', '189', '201', '259', '662', '546', '619', '398', '79', '687', '482', '395', '868', '862', '924', '174', '808', '95', '655', '891', '731', '462', '178', '16', '734', '714', '527', '874', '721', '652', '163', '5', '44', '474', '9', '323', '257', '13', '781', '269', '625', '160', '292', '903', '746', '209', '93', '863', '923', '197', '402', '265']
['35', '656', '626', '400', '274', '67', '280', '854', '231', '225', '956', '794', '456', '436', '768', '215', '148', '670', '84', '185', '790', '467', '880', '955', '952', '684', '519', '686', '424', '954']
['754', '132', '764', '757', '464', '596', '537', '702', '92', '318', '355', '408', '948', '951', '341', '407', '844', '332', '53', '277', '545', '745', '688', '640', '32', '767', '639', '910', '902', '440', '541', '238', '285', '659', '216', '247', '589', '551', '860', '851', '203', '692', '223', '752', '340', '935', '693', '487', '271', '57', '504', '28', '260', '562', '720', '564', '518', '912', '460', '217', '620']
['817', '391', '142', '823', '61', '51', '213', '798', '248', '91', '612', '669', '69', '394', '585', '405', '289', '857', '330', '947', '255', '711', '709', '492', '550', '580', '431', '374', '476', '791', '719', '307', '74', '241', '859', '960', '276', '603', '774', '97', '792', '597', '601', '485', '403', '818', '420', '112', '490', '138', '294', '441', '478', '668', '339', '451', '30', '810', '109', '218', '712']
['191']
['387', '725', '413', '507', '502', '503', '384', '594', '233', '64', '911', '184', '122', '258', '936', '10', '710', '675', '166', '535', '682', '463', '114', '406', '272', '896', '885', '691', '182', '869', '110', '512', '356', '769', '875', '404', '232', '878', '647', '361', '349', '766', '530', '609', '75', '263', '500', '907', '87', '605', '520', '732', '187', '472', '156', '470', '47', '50', '699', '301', '930']
['516', '799', '526', '153', '129', '761', '586', '392', '845', '839', '921', '809', '861', '554', '944', '650', '592', '665', '161', '239', '331', '396', '73', '254', '660', '417', '600', '299', '743', '348', '621', '365', '870', '438', '66', '513', '378', '718']
['429']
['26', '758', '786', '1', '150', '466', '94', '488', '614', '313', '778', '43', '698', '210', '489', '414', '306', '703', '149', '447', '866', '525', '895', '563', '793', '23', '900', '701', '46', '735', '926', '312', '329', '275', '380', '748', '379', '164', '385', '346', '158', '524', '853', '196', '364', '266', '849', '477', '723', '683', '325', '959', '7', '914', '643', '143', '22', '8', '96', '716', '588']
['547']
['813', '393', '77', '226', '552', '305', '708', '898', '281', '234', '587', '615', '401', '125', '657', '437', '227', '151', '872', '511', '204', '422', '190', '509', '397', '59', '192', '821', '679', '419', '929', '221', '776', '888', '611', '919', '220', '717', '165', '824', '412', '856', '876', '560', '353', '491', '807', '4', '291', '763', '99', '3', '759', '831', '270', '623', '542', '423', '359', '345', '772']
['159', '169', '290', '750', '304', '819', '887', '877', '694', '917', '553', '157', '76', '432', '495', '416', '532', '680', '945', '256', '556', '834', '446', '415', '521', '372', '739', '804', '486', '637', '131', '858', '105', '368', '613', '90', '34', '673', '181', '300', '458', '219', '78', '347', '671', '37', '602', '386', '566', '558', '141', '426', '333', '126', '228', '268', '816', '311', '658', '949', '469']
['186']
['577', '199', '756', '925', '177', '539', '783', '753', '473', '765', '80', '879', '771', '927', '946', '40', '144', '775', '251', '543', '60', '696', '200', '938', '915', '865', '555', '411', '172', '873', '273']
['267']
['409']
['115', '828', '381', '533', '399', '733', '695', '608', '649', '567', '207', '737', '755', '795', '762', '82', '249', '193', '820', '42', '54', '418', '685', '571', '842', '591', '904', '825', '569', '574', '678', '168', '147']
['548', '838', '321', '336', '918', '102', '897', '584', '864', '802', '922', '56', '508', '715', '705', '836', '536', '284', '366', '433', '606', '208', '646', '48', '642', '309', '335', '850', '62', '726', '730']
['905']
['676']
['697']
['651']
['890', '892', '175', '0', '25', '65', '118', '648', '610', '943', '499', '376', '835', '822', '21', '117', '814', '243', '749', '579', '622', '483', '837', '797', '322', '916', '11', '624', '572', '632']
['706']
['724', '713', '357', '893', '104', '800', '777', '780', '107', '570', '370', '337', '847', '785', '638', '45', '314', '81', '815', '628', '240', '121', '950', '302', '454', '14', '183', '497', '827', '235', '805', '744']
['383']
