['81', '860', '478', '37', '129', '380', '888', '616', '547', '235', '764', '209', '406', '635', '193']
['195', '273', '38', '719', '303', '837', '376', '516', '144', '824', '930', '485', '75', '946', '334']
['945', '585', '884', '575', '670', '911', '939', '3', '109', '410', '921', '523', '995', '666', '133']
['855', '679', '631', '18', '310', '578', '960', '563', '748', '640', '784', '951', '135', '733', '927']
['948', '97', '663', '455', '394', '323', '306', '472', '970', '833', '355', '627', '121', '426', '727']
['149', '287', '322', '740', '119', '972', '177', '86', '367', '677', '636', '910', '98', '471', '23']
['873', '244', '267', '182', '826', '831', '728', '997', '593', '21', '672', '435', '411', '773', '619']
['811', '128', '570', '148', '389', '546', '197', '469', '465', '143', '993', '446', '474', '327', '443']
['896', '402', '883', '609', '278', '270', '594', '528', '142', '302', '877', '377', '271', '866', '210']
['573', '179', '542', '433', '536', '803', '905', '89', '383', '500', '830', '856', '599', '527', '353']
['219', '657', '579', '4', '790', '647', '421', '229', '14', '116', '329', '256', '561', '35', '8']
['260', '451', '205', '802', '247', '522', '571', '806', '243', '872', '164', '67', '364', '118', '540']
['238', '408', '454', '628', '863', '295', '45', '962', '30', '57', '49', '541', '412', '917', '935']
['908', '312', '849', '620', '936', '553', '473', '467', '396', '227', '16', '772', '418', '163', '158']
['867', '65', '667', '914', '501', '228', '736', '889', '757', '281', '138', '416', '409', '385', '459']
['279', '723', '638', '492', '729', '490', '253', '59', '954', '300', '91', '612', '720', '744', '304']
['191', '815', '62', '347', '693', '63', '513', '268', '645', '689', '508', '175', '979', '217', '543']
['989', '765', '103', '848', '72', '676', '414', '558', '754', '425', '269', '759', '991', '687', '211']
['82', '583', '525', '730', '632', '606', '607', '678', '841', '763', '292', '843', '596', '510', '96']
['847', '419', '507', '297', '499', '622', '50', '961', '430', '580', '931', '569', '230', '715', '125']
['566', '475', '46', '87', '874', '706', '74', '814', '797', '58', '983', '755', '85', '447', '314']
['88', '452', '604', '829', '673', '898', '747', '456', '651', '203', '865', '336', '994', '738', '692']
['332', '846', '0', '812', '918', '990', '71', '810', '743', '734', '761', '912', '909', '969', '674']
['136', '943', '809', '891', '398', '878', '514', '5', '699', '315', '479', '77', '22', '110', '444']
['481', '56', '236', '959', '887', '76', '254', '980', '592', '282', '982', '906', '509', '515', '93']
['928', '80', '232', '24', '966', '326', '808', '605', '165', '178', '977', '534', '393', '318', '545']
['47', '559', '360', '988', '551', '174', '61', '919', '572', '448', '28', '184', '180', '382', '639']
['470', '403', '630', '234', '350', '190', '717', '958', '102', '781', '477', '700', '208', '893', '132']
['967', '168', '944', '920', '875', '836', '705', '785', '633', '340', '850', '359', '938', '131', '973']
['895', '550', '261', '922', '643', '817', '27', '106', '68', '201', '929', '123', '602', '857', '220']
['695', '51', '735', '53', '104', '902', '188', '40', '881', '34', '665', '664', '750', '955', '115']
['313', '589', '758', '186', '587', '798', '952', '530', '694', '668', '308', '629', '725', '886', '535']
['405', '422', '354', '150', '820', '41', '36', '420', '868', '265', '320', '484', '140', '431', '852']
['498', '368', '957', '440', '915', '504', '832', '697', '669', '127', '722', '371', '171', '79', '611']
['618', '226', '241', '904', '212', '827', '871', '283', '264', '213', '858', '659', '94', '378', '567']
['597', '564', '932', '626', '145', '233', '804', '880', '439', '413', '916', '634', '301', '29', '486']
['907', '709', '156', '517', '461', '964', '259', '968', '445', '621', '774', '284', '819', '658', '816']
['787', '1', '78', '949', '576', '766', '656', '776', '31', '159', '923', '319', '204', '289', '321']
['222', '483', '986', '374', '216', '976', '44', '505', '617', '608', '741', '555', '147', '770', '343']
['718', '568', '491', '940', '574', '595', '100', '762', '83', '482', '369', '25', '760', '263', '239']
['650', '818', '853', '813', '424', '731', '981', '641', '624', '588', '317', '387', '476', '52', '262']
['691', '330', '466', '637', '152', '488', '258', '384', '162', '257', '581', '625', '844', '839', '560']
['395', '221', '780', '737', '924']
['520']
['176', '415', '120', '702', '192', '900', '684', '101', '724', '890', '707', '897', '497', '32', '137']
['544', '926', '358', '346', '134', '644', '407', '807', '316', '710', '794', '153', '73', '339', '20']
['365', '688', '237', '682', '370', '15', '493', '861', '701', '577', '335']
['549']
['745', '345', '291', '207', '937', '791', '840', '280', '43', '531', '363', '276', '713', '749', '305']
['739', '198', '769', '189', '859', '390', '442', '584', '392', '756', '453', '361', '838', '299', '341']
['984', '19', '524', '950', '333', '598', '777', '869', '427', '654', '272', '225', '681', '274', '48']
['506', '788', '793', '496', '885', '113', '716', '978', '154', '450', '554', '696', '519', '801', '92']
['974', '66', '248', '337', '375', '366', '372', '400', '64', '60', '998', '381', '726', '169', '166']
['963', '386', '200', '783', '511', '614', '468', '800', '173', '449', '538', '107', '652', '834', '423']
['823']
['223', '155', '565']
['767', '429', '157', '391']
['712', '290', '537', '862', '879', '218', '586', '864', '17', '436', '215', '680']
['708', '532', '240', '489', '779']
['388', '828', '615', '502', '503', '999', '683', '266', '69', '521']
['778', '277', '11', '349', '539', '603', '39', '610', '457', '296']
['711', '685', '704', '956', '771', '714', '338', '288', '892']
['768', '690', '146', '494', '428', '417', '646', '108', '161']
['307', '526', '548', '894', '870', '285', '242', '42', '825', '854', '556']
['432', '356', '126', '899', '9', '613', '141', '660']
['95', '600']
['953']
['255']
['206', '309', '251', '224', '293', '591', '458', '401', '642', '10', '796', '397', '373', '214', '992']
['342', '518', '311', '805', '533', '789', '84', '821', '111', '331', '196']
['675', '985', '529', '882']
['275', '160', '231', '183', '252', '901', '661', '124', '903', '671', '117', '344', '362', '298', '799']
['438', '795', '623', '13', '782', '512', '112', '786', '437', '245', '487', '139', '99', '26', '835']
['351', '495', '732', '250', '170', '54', '913', '6', '582', '775']
['746']
['480', '590']
['286']
['294', '441', '90', '249', '655', '934', '662', '703', '975', '933', '601', '357', '742', '324', '202']
['845']
['851']
['114', '552', '55', '925']
['822', '462']
['721', '947']
['698']
['105', '199']
['752']
['460', '187', '348', '404']
['352', '942']
['751']
['328']
['434']
['399', '792', '12', '987', '648', '185', '172', '167', '941', '649', '876', '965', '2', '325', '464']
['181', '379']
['246']
['686']
['971', '996', '842', '653', '194', '122', '130', '557']
['151']
['562', '463']
['33']
['7', '753', '70']
