['183', '565', '167', '279', '631', '799', '629', '910', '770', '856', '408', '230', '927', '906', '945', '937', '517', '879', '615', '168', '481', '764']
['496', '934', '914', '335', '779', '686', '756', '693', '911', '377', '396', '331', '43', '321', '69', '738', '610', '700', '468', '306', '272', '558']
['890', '833', '762', '654', '325', '638', '954', '622', '124', '717', '729', '595', '53', '322', '155', '72', '701', '126', '552', '165', '338', '817']
['542', '639', '387', '102', '632', '103', '74', '404', '824', '958', '600', '314', '734', '379', '296', '425', '495', '766', '491', '342', '994', '349']
['891', '202', '439', '459', '234', '460', '343', '421', '203', '449', '329', '826', '5', '714', '90', '207', '777', '27', '108', '298', '604', '308']
['669', '71', '409', '392', '550', '774', '283', '9', '84', '360', '706', '177', '220', '461', '176', '969', '670', '909', '538', '419', '570', '248']
['617', '573', '290', '362', '235', '643', '292', '139', '96', '23', '185', '841', '138', '673', '105', '499', '271', '487', '983', '447', '284', '246']
['820', '307', '19', '572', '17', '672', '356', '888', '993', '261', '640', '951', '939', '822', '984', '691', '855', '869', '26', '599', '136', '25']
['944', '896', '371', '429', '831', '135', '919', '980', '971', '417', '716', '364', '725', '546', '867', '21', '198', '776', '976', '792', '128', '900']
['611', '466', '391', '85', '652', '562', '881', '506', '285', '35', '137', '428', '245', '473', '848', '255', '847', '920', '436', '925', '793', '68']
['260', '918', '350', '703', '269', '534', '24', '581', '295', '723', '426', '796', '170', '259', '908', '677', '524', '818', '800', '682', '865', '454']
['614', '974', '121', '492', '118', '86', '52', '1', '378', '551', '588', '666', '992', '6', '574', '389', '286', '365', '193', '191', '998', '578']
['142', '618', '676', '11', '961', '649', '327', '164', '846', '205', '384', '301', '319', '438', '254', '941', '36', '215', '844', '547', '274', '912']
['445', '834', '665', '82', '851', '637', '898', '431', '212', '351', '858', '195', '713', '405', '803', '150', '651', '948', '472', '758', '866', '832']
['520', '884', '999', '963', '146', '806', '120', '548', '148', '56', '22', '201', '32', '489', '446', '759', '383', '825', '959', '415', '486', '737']
['979', '367', '65', '876', '471', '311', '587', '106', '664', '962', '543', '621', '835', '181', '435', '681', '988', '680', '859', '526', '698', '87']
['757', '402', '115', '93', '745', '357', '374', '432', '871', '804', '403', '144', '875', '240', '678', '186', '444', '568', '612', '989', '763', '529']
['442', '525', '14', '226', '50', '434', '450', '316', '111', '222', '484', '960', '721', '368', '276', '748', '107', '624', '430', '607', '180', '223']
['163', '519', '225', '231', '381', '736', '443', '437', '345', '333', '302', '300', '606', '31', '601', '400', '940', '422', '933', '926', '727', '854']
['754', '985', '221', '358', '585', '972', '258', '930', '771', '659', '127', '312', '54', '214', '12', '563', '608', '266', '291', '579', '250', '557']
['628', '813', '375', '810', '267', '510', '482', '812', '843', '839', '160', '720', '293', '567', '663', '645', '765', '870', '89', '711', '251', '521']
['602', '386', '336', '708', '208', '674', '370', '197', '596', '730', '658', '277', '328', '341', '424', '116', '158', '76', '174', '410', '134', '147']
['702', '264', '964', '206', '117', '512', '726', '710', '915', '348', '752', '584', '597', '369', '816', '500', '317', '199', '938', '931', '741', '967']
['179', '699', '503', '613', '305', '862', '536', '287', '236', '965', '916', '970', '480', '467', '790', '882', '566', '522', '508', '488', '667', '537']
['634', '373', '901', '289', '705', '119', '243', '635', '899', '791', '688', '62', '477', '418', '627', '857', '13', '746', '490', '100', '966', '690']
['917', '852', '294', '57', '149', '819', '123', '660', '393', '411', '808', '769', '252', '172', '592', '45', '894', '718', '997', '190', '475', '953']
['394', '946', '40', '498', '516', '153', '462', '885', '238', '647', '929', '657', '2', '590', '821', '860', '750', '113', '679', '77', '441', '783']
['751', '772', '722', '504', '239', '209', '166', '73', '270', '788', '318', '950', '735', '483', '29', '485', '780', '798', '79', '532', '297', '709']
['942', '51', '129', '398', '755', '877', '982', '874', '853', '554', '797', '540', '97', '501', '809', '694', '794', '268', '210', '253', '282', '949']
['868', '692', '37', '3', '671', '204', '505', '80', '154', '923', '244', '326', '463', '560', '753', '299', '773', '273', '968', '192', '323', '241']
['131', '39', '515', '233', '470', '641', '662', '683', '224', '895', '372', '42', '893', '768', '28', '81', '815', '684', '133', '162', '288', '872']
['646', '807', '733', '653', '696', '580', '661', '184', '778', '249', '4', '731', '15', '406', '609', '494', '650', '278', '140', '211', '464', '178']
['453', '217', '330', '786', '668', '413', '533', '842', '416', '586', '157', '67', '973', '603', '814', '171', '575', '625', '354', '397', '497', '880']
['304', '474', '509', '905', '78', '561', '724', '784', '407', '187', '986', '44', '66', '242', '593', '897', '761', '689', '412', '152', '928', '303']
['376', '827', '715', '987', '469', '216', '145', '465', '59', '141', '476', '782', '760', '907', '232', '353', '63', '75', '523', '582', '559', '687']
['265', '513', '395', '218', '33', '553', '739', '544', '744', '837', '545', '363', '366', '707', '414', '675', '313', '156', '275', '98', '861', '836']
['10', '92', '935', '902', '175', '952', '332', '990', '324', '749', '452', '228', '541', '712', '94', '88', '112', '655', '922', '518', '957', '630']
['528', '83', '838', '619', '556', '840', '767', '310', '64', '194', '781', '795', '886', '200', '549', '114', '977', '636', '883', '530', '947', '219']
['20', '189', '61', '775', '732', '828', '996', '390', '644', '502', '802', '913', '507', '527', '704', '623', '564', '805', '591', '388', '740', '337']
['995', '320', '493', '70', '747', '344', '263', '380', '109', '458', '743', '262', '8', '0', '188', '955', '978', '7', '455', '539', '576', '95']
['130', '457', '46', '555', '830', '981', '41', '878', '642', '514', '589', '309', '943', '151', '427', '849', '616', '159', '433', '256', '399', '873']
['346', '315', '903', '440', '361', '583', '511', '829', '143', '448', '49', '173', '101', '104', '237', '742', '340', '58', '932', '823', '845', '401']
['887', '281', '535', '99', '352', '91', '280', '889', '789', '904', '626', '169', '339', '633', '863', '697', '921', '60', '594', '648', '811', '956']
['132', '347', '30', '695', '864', '787', '355', '382', '359', '125', '55', '257', '110', '227', '229', '991', '924', '801', '531', '577', '850', '122']
['423', '975', '213', '196', '456', '18', '656']
['728']
['385']
['161']
['479']
['785']
['451']
['620', '685']
['571', '334', '38', '16', '182', '892', '247', '420', '47', '478', '569', '605', '719', '48', '936', '598', '34']
