['9', '191', '210', '92', '844', '662', '82', '816', '400', '624', '192', '380', '898', '676', '832', '649', '308', '217', '231', '61', '472', '497', '3', '230', '256', '561', '582', '2', '983']
['512', '492', '643', '275', '73', '332', '972', '808', '652', '805', '863', '22', '602', '950', '281', '742', '840', '850', '650', '424', '412', '38', '430', '730', '226', '441', '176', '130', '386']
['787', '980', '914', '150', '882', '583', '389', '251', '304', '122', '784', '480', '17', '248', '127', '579', '342', '448', '593', '63', '157', '760', '405', '30', '51', '53', '125', '182', '229']
['6', '540', '94', '376', '657', '178', '974', '570', '670', '801', '668', '103', '163', '594', '215', '922', '951', '535', '859', '154', '279', '796', '864', '661', '239', '296', '306', '740', '857']
['233', '516', '395', '771', '468', '947', '567', '75', '502', '143', '343', '486', '71', '429', '772', '568', '8', '146', '710', '289', '665', '622', '966', '758', '477', '756', '632', '490', '381']
['106', '867', '732', '220', '917', '688', '761', '530', '426', '257', '911', '29', '871', '620', '431', '757', '111', '311', '953', '264', '199', '360', '423', '57', '236', '908', '484', '5', '35']
['62', '637', '446', '358', '90', '16', '228', '982', '854', '708', '855', '108', '397', '903', '846', '305', '407', '167', '162', '265', '664', '180', '159', '187', '11', '685', '890', '762', '49']
['558', '651', '509', '288', '356', '54', '904', '113', '905', '506', '562', '786', '45', '189', '118', '243', '79', '269', '597', '391', '792', '944', '828', '654', '671', '290', '398', '147', '195']
['768', '19', '76', '488', '221', '355', '548', '408', '576', '648', '31', '26', '411', '283', '452', '394', '610', '522', '314', '811', '691', '697', '677', '348', '481', '152', '609', '734', '724']
['817', '605', '287', '428', '188', '693', '168', '114', '889', '464', '409', '985', '942', '803', '117', '619', '179', '589', '291', '174', '208', '14', '458', '680', '255', '357', '365', '659', '336']
['494', '25', '513', '842', '478', '781', '463', '770', '461', '615', '699', '703', '782', '755', '606', '936', '350', '252', '36', '436', '521', '175', '554', '253', '112', '744', '737', '645', '925']
['445', '137', '824', '415', '943', '888', '933', '329', '537', '34', '766', '557', '325', '133', '962', '315', '927', '526', '544', '482', '70', '203', '471', '50', '975', '751', '963', '155', '455']
['510', '60', '847', '960', '72', '449', '531', '346', '822', '669', '790', '212', '618', '853', '581', '536', '729', '466', '613', '69', '309', '238', '736', '675', '891', '686', '748', '876', '741']
['971', '507', '694', '474', '369', '437', '798', '495', '149', '40', '83', '200', '830', '523', '23', '797', '700', '403', '721', '81', '447', '897', '20', '276', '525', '316', '894', '532', '85']
['330', '870', '973', '399', '555', '483', '920', '720', '573', '814', '87', '280', '413', '333', '658', '941', '18', '272', '374', '171', '719', '425', '319', '939', '986', '56', '335', '899', '969']
['43', '101', '263', '451', '682', '833', '145', '902', '433', '538', '74', '752', '33', '948', '627', '293', '102', '417', '450', '194', '418', '884', '777', '823', '821', '713', '580', '434', '298']
['134', '893', '552', '630', '173', '778', '475', '24', '216', '363', '10', '46', '616', '422', '780', '716', '383', '362', '249', '717', '485', '59', '912', '529', '132', '592', '628', '783', '7']
['110', '806', '794', '809', '421', '142', '508', '860', '621', '528', '959', '910', '384', '476', '795', '274', '285', '672', '916', '856', '109', '270', '926', '542', '807', '585', '934', '105', '945']
['469', '785', '177', '197', '901', '416', '696', '66', '705', '504', '646', '487', '93', '574', '462', '201', '607', '55', '359', '954', '564', '608', '375', '812', '27', '392', '553', '763', '514']
['144', '387', '773', '571', '385', '928', '559', '577', '843', '321', '427', '932', '679', '640', '338', '193', '444', '246', '872', '735', '549', '371', '224', '123', '673', '634', '223', '86', '301']
['402', '687', '831', '743', '354', '825', '185', '976', '341', '313', '958', '747', '460', '663', '858', '322', '587']
['457', '396', '968', '164', '938', '572', '961', '813', '172', '626', '499', '382', '635', '595', '489', '115', '604', '299', '295', '878', '15', '625', '753', '880', '214', '815', '851', '28', '539']
['820', '443', '367', '644', '520', '689', '453', '37', '310', '556', '865', '964', '377', '284', '868', '99', '641', '119', '946', '378', '467', '788', '885', '848', '541', '493', '151', '750', '623']
['97', '706', '84', '435', '949', '207', '835', '419', '470', '107', '401', '323', '921', '818', '196', '779', '683', '952', '218', '800', '166', '98', '702', '13', '135', '765', '294', '169', '709']
['268']
['312', '302', '956', '465', '819', '266', '12', '764', '596', '913', '647', '990', '326', '534', '245', '340', '681', '202', '65', '839', '297', '984', '515', '546', '655', '496', '970', '420', '793']
['205', '791', '373', '826', '331', '666', '232', '977', '282', '126', '929', '745', '21', '862', '414', '930', '138', '837', '611', '139', '77', '874', '584', '244', '501', '653', '213', '517', '234']
['678', '718', '524', '937', '361', '569', '78', '170', '337', '241', '206', '379', '104', '991', '339', '767', '432', '368', '631', '829', '4', '656', '712', '128', '547', '148', '219', '505', '271']
['614', '58', '153', '591', '292', '931', '845', '459', '861', '989', '181', '250', '254', '733', '728', '892', '629', '303', '907', '273', '852', '473', '500', '746', '498', '738', '393', '351', '715']
['184', '165', '347', '80', '334', '804', '834', '267', '140', '987', '44', '550', '690', '327']
['739', '701', '924', '599', '156', '320', '41', '247']
['129']
['674']
['698', '789', '100']
['511', '277', '714', '578', '598', '518', '560', '725', '353', '260', '603', '366', '877', '186', '91', '586', '940', '915', '52', '827', '183', '198', '211', '769', '519', '67', '551', '307', '667']
['545', '141', '324', '992', '136', '64', '638', '617', '345', '533', '543', '754', '965', '89', '957', '692', '967', '328', '209', '588', '68', '190', '300', '979', '923', '726', '841', '575', '317']
['95', '836', '601', '612', '566', '642', '388', '454', '120', '981', '124', '590', '242', '886', '935']
['978', '684', '240', '887', '600', '227', '873', '881', '259', '955', '919', '456', '352', '158', '639', '879', '131', '372', '404', '160', '866', '438', '503', '286', '161', '918', '491', '121', '390']
['875', '258', '810', '906', '660', '88', '406', '116', '237', '759', '42', '636', '849', '909', '440', '722', '370', '47', '222', '410', '364', '565', '799', '704', '723', '695', '895', '439', '838']
['563', '261', '442', '1', '262', '633', '344', '235', '278', '32', '225', '802', '0', '349', '731', '749', '774', '869', '48', '775', '896', '318', '883', '707', '776', '527', '479', '900', '988']
['96']
['727', '39']
['204']
['711']
