['39', '420', '724', '198', '775', '203', '322', '460', '73', '959', '37', '355', '777', '393', '904', '106', '102', '167', '318', '672', '529', '651', '87', '827', '454', '650', '699', '26', '900', '718', '506', '77', '869', '110', '720', '800', '412', '603', '189', '257']
['248', '455', '747', '879', '695', '821', '706', '745', '567', '952', '824', '531', '253', '305', '196', '363', '714', '928', '375', '130', '295', '660', '353', '264', '586', '753', '515', '872', '247', '488', '116', '365', '324', '270', '731', '604', '279', '723', '581', '181']
['939', '873', '519', '686', '735', '23', '142', '313', '687', '986', '700', '999', '236', '856', '430', '898', '508', '813', '341', '749', '712', '836', '244', '205', '516', '705', '310', '127', '16', '877', '188', '161', '717', '162', '530', '763', '115', '622', '908', '752']
['866', '136', '850', '931', '286', '391', '996', '969', '83', '151', '974', '497', '924', '328', '383', '744', '722', '308', '208', '32', '601', '95', '359', '557', '572', '57', '675', '973', '667', '362', '532', '117', '762', '785', '20', '145', '251', '903', '510', '896']
['711', '990', '579', '12', '594', '451', '291', '826', '469', '435', '906', '541', '194', '118', '867', '320', '916', '33', '466', '55', '574', '893', '61', '881', '473', '580', '535', '864', '592', '633', '564', '940', '447', '639', '909', '467', '99', '230', '593', '411']
['170', '927', '53', '379', '483', '220', '352', '638', '74', '290', '152', '528', '746', '56', '232', '852', '861', '547', '825', '35', '978', '629', '213', '82', '892', '293', '249', '48', '461', '212', '670', '19', '913', '635', '193', '796', '335', '46', '202', '764']
['276', '993', '677', '421', '708', '78', '774', '526', '387', '269', '533', '632', '474', '576', '812', '582', '972', '25', '122', '339', '481', '282', '38', '384', '658', '472', '417', '844', '424', '17', '131', '987', '337', '805', '214', '69', '730', '588', '133', '141']
['463', '570', '395', '758', '522', '349', '799', '839', '833', '989', '343', '245', '372', '345', '835', '292', '427', '558', '880', '169', '739', '585', '484', '627', '859', '662', '217', '689', '742', '902', '382', '390', '697', '394', '456', '773', '608', '29', '494', '250']
['698', '40', '513', '768', '793', '27', '789', '769', '848', '871', '175', '915', '490', '171', '277', '228', '388', '617', '441', '266', '846', '206', '416', '855', '471', '767', '156', '653', '134', '548', '832', '155', '938', '552', '260', '943', '381', '611', '787', '76']
['523', '392', '741', '810', '729', '146', '439', '357', '465', '554', '830', '51', '504', '630', '24', '817', '333', '442', '599', '948', '829', '11', '287', '819', '517', '559', '888', '226', '923', '234', '771', '91', '954', '410', '182', '886', '897', '261', '840', '607']
['647', '605', '185', '499', '157', '960', '933', '52', '434', '2', '186', '834', '450', '50', '937', '88', '252', '153', '822', '70', '511', '158', '671', '446', '238', '847', '732', '81', '314', '42', '743', '970', '851', '172', '661', '971', '112', '975', '389', '643']
['680', '794', '121', '737', '929', '315', '385', '828', '192', '618', '858', '681', '525', '776', '378', '779', '225', '209', '885', '738', '634', '690', '183', '10', '640', '5', '489', '229', '947', '930', '798', '426', '237', '163', '227', '477', '22', '538', '536', '733']
['428', '65', '275', '59', '922', '443', '505', '143', '862', '578', '283', '693', '621', '457', '983', '348', '655', '493', '437', '120', '294', '910', '595', '784', '204', '942', '104', '876', '925', '620', '673', '361', '624', '961', '149', '889', '964', '216', '623', '495']
['338', '936', '509', '985', '563', '187', '962', '271', '85', '272', '806', '278', '781', '80', '573', '254', '725', '612', '669', '340', '912', '398', '991', '878', '235', '397', '782', '408', '438', '298', '304', '403', '626', '797', '75', '562', '646', '560', '668', '674']
['696', '911', '692', '309', '164', '520', '587', '429', '246', '223', '281', '449', '425', '894', '665', '49', '190', '34', '728', '770', '701', '849', '920', '36', '955', '267', '401', '358', '545', '30', '418', '778', '480', '18', '60', '710', '901', '944', '414', '780']
['577', '685', '637', '432', '644', '107', '386', '139', '444', '899', '219', '344', '740', '191', '256', '159', '524', '765', '199', '368', '222', '452', '816', '231', '377', '317', '21', '868', '67', '464', '976', '306', '656', '482', '814', '479', '791', '288', '44', '918']
['968', '128', '177', '215', '138', '917', '319', '792', '476', '512', '503', '895', '135', '956', '179', '111', '750', '808', '210', '94', '445', '645', '6', '334', '977', '303', '935', '178', '166', '809', '997', '934', '553', '71', '54', '86', '932', '97', '43', '498']
['555', '274', '296', '327', '58', '979', '28', '373', '487', '761', '311', '41', '953', '453', '967', '598', '790', '518', '694', '951', '682', '93', '713', '853', '233', '614', '514', '945', '342', '841', '173', '301', '101', '66', '613', '0', '280', '610', '285', '628']
['478', '802', '703', '875', '354', '360', '883', '370', '502', '356', '854', '312', '949', '919', '92', '754', '459', '678', '404', '757', '458', '654', '150', '350', '336', '47', '727', '413', '804', '221', '415', '963', '402', '176', '748', '330', '201', '843', '751', '988']
['168', '475', '845', '831', '715', '124', '684', '766', '195', '966', '688', '224', '409', '72', '659', '788', '625', '347', '649', '542', '351', '307', '331', '891', '546', '144', '905', '521', '707', '262', '575', '100', '263', '534', '507', '998', '68', '860', '606', '243']
['114', '448', '9', '98', '423', '921', '218', '371', '485', '884', '105', '823', '174', '132', '431', '982', '89', '602', '7', '631', '716', '865', '569', '664', '719', '619', '926', '556', '462', '571', '537', '984', '540', '679', '914', '113', '137', '550', '496', '103']
['468', '207', '366', '755', '396', '90', '470', '165', '297', '811', '600', '63', '405', '96', '721', '399', '325', '652', '79', '241', '965', '726', '803', '882', '160', '240', '566', '820', '140', '486', '666', '783', '857', '407', '273', '683', '590', '786', '4', '147']
['400', '500', '380', '616', '838', '759', '491', '795', '691', '239', '539', '129', '302', '119', '958', '992', '981', '549', '736', '3', '45', '589', '818', '109', '419', '197', '1', '316', '663', '815', '422', '364']
['376', '84', '842', '807', '126', '544', '596', '636', '704', '551', '332', '436', '772', '709', '374', '591', '300', '676', '284', '568', '440', '641', '154', '994', '890', '527', '946', '323', '321', '148', '597', '543', '406', '642', '863', '289', '13', '657', '62', '874']
['907', '255', '561']
['211']
['565', '648', '15', '756', '995', '369', '108', '734', '258', '941', '801', '326', '760', '950', '265', '980', '14', '492', '367', '299', '583', '329', '957', '268', '584', '8', '702', '31', '837', '180', '501', '64', '259', '887', '433', '184', '346', '123', '870', '125']
['615', '200']
['609']
['242']
