['38', '288', '567', '123', '75']
['385']
['433']
['30']
['209']
['408']
['446']
['167']
['524']
['229']
['304']
['532']
['253']
['128']
['157']
['159']
['531']
['491']
['541']
['96']
['222']
['476']
['504']
['371']
['439']
['177']
['505']
['214']
['419']
['173']
['507']
['104']
['595']
['528']
['475']
['313']
['311']
['162']
['170']
['555']
['316']
['521']
['12']
['391']
['483']
['132']
['283']
['135']
['347']
['140']
['453']
['593']
['560']
['280']
['411']
['443']
['236']
['324']
['240']
['126']
['58']
['183']
['342']
['138']
['462']
['355']
['557', '394', '464', '312', '441', '153', '206', '414', '139', '281', '384', '154', '261', '506', '360', '260', '197', '208', '3', '82', '428', '203', '409', '468', '503', '99', '181', '108', '50', '164', '497', '243', '266', '404', '116', '100', '95', '495', '357', '325', '346', '591', '279', '27', '482', '370', '308', '196', '508', '575', '141', '118', '43', '92', '114', '296', '349', '300', '317', '137', '459', '517', '338', '432', '115', '286', '166', '121', '194', '310', '390', '66', '147', '179', '273', '258', '351', '356', '571', '55', '303', '570', '377', '10', '548', '31', '552', '376', '577', '469', '5', '187', '500', '395', '13', '150', '269', '477', '25', '369']
['343']
['40']
['53']
['255']
['510']
['345']
['328']
['535']
['402']
['537']
['568']
['525']
['182']
['450']
['219']
['149']
['163']
['512']
['148']
['490']
['207']
['489']
['134']
['583']
['60']
['276']
['254']
['249']
['499']
['238']
['215']
['456', '427', '282', '365', '400', '74', '375', '39', '539', '287', '397', '160', '520', '533', '112', '259', '227', '45', '366', '449', '262', '101', '113', '354', '388', '549', '578', '19', '28', '120', '302', '457']
['129']
['124']
['136']
['35']
['192']
['54']
['226']
['513']
['306']
['363']
['151']
['234']
['478']
['435']
['204']
['37']
['48']
['106']
['248']
['340']
['195']
['230']
['401']
['339']
['486']
['558']
['199', '278', '470', '188', '24', '561', '536', '32', '36', '387', '426', '158', '62', '93', '515', '2', '21', '396', '6', '596', '534', '11', '543', '155', '429', '193', '315', '554', '251', '180', '319', '4', '580', '309', '271', '322', '176', '298', '145', '359', '331', '144', '44', '542', '592', '67', '189', '250', '480', '445', '72', '438', '274', '90', '122', '444', '422', '61', '77', '434', '425', '341', '213', '198', '420', '33', '272', '353', '333']
['374']
['599']
['202']
['314']
['80']
['242']
['573']
['372']
['221']
['597']
['190']
['334']
['551']
['588']
['471']
['452']
['529']
['20']
['379']
['509']
['161']
['466']
['29']
['268']
['413']
['474']
['117']
['301']
['440']
['217']
['290']
['105', '107', '526', '417', '216', '94', '389', '329', '392', '523', '364', '23', '323', '22', '15', '559', '284', '275', '156', '109', '73', '368', '327', '297', '18', '382', '546', '264', '579', '473', '98', '47', '451', '56', '225', '511', '467', '220', '81', '424', '84', '65', '41', '455', '336', '256', '57', '175', '178', '88', '544', '235', '572', '403', '320', '516', '131', '110', '299', '241', '550', '174', '407', '86', '231', '246', '263', '34', '350', '78', '244', '51', '393', '522', '410', '418', '295', '373', '165', '582', '130', '574', '383', '527', '64', '564', '335', '447', '358', '292', '70', '545', '294', '224', '85', '448', '321', '63', '348', '237']
['332']
['344']
['52']
['430']
['562']
['184']
['326']
['89']
['460']
['87']
['83']
['463']
['102']
['576']
['218']
['71']
['485']
['285']
['501']
['267']
['556']
['566']
['589']
['479']
['436']
['68']
['143']
['169']
['172']
['127']
['46', '458', '454', '76', '49', '79', '270', '245', '26', '488', '386', '406', '563', '337', '587', '146', '565', '119', '437', '594', '585', '133', '42', '318', '265', '530', '581', '421', '586', '59', '330', '8', '502', '412', '405', '519', '569', '305', '228', '415', '69', '307', '398', '9', '223', '257', '380', '381', '16', '239', '200', '378', '431', '518', '17', '361', '492', '7', '97', '168', '125', '103', '171', '465', '494', '590', '277', '472', '201', '540', '212', '247', '584', '514', '111', '498', '493', '211', '1', '191', '210', '538', '416', '399', '233', '553', '91', '484', '547', '252', '293', '598', '205', '367', '186', '496', '352', '423', '232', '185']
['14']
['487']
['291']
['481']
['442']
['362']
['461']
['152']
['289']
['0']
['142']
