['457', '196', '255', '534', '50', '383', '725', '170', '579', '915', '717', '235', '600', '682', '584', '566', '646', '834', '478', '845']
['578', '621', '760', '694', '311', '442', '576', '588', '183', '756', '905', '42', '456', '112', '254', '525', '655', '919', '535', '882']
['407', '536', '613', '278', '125', '353', '423', '580', '826', '379', '13', '300', '426', '433', '444', '879', '406', '983', '782', '552']
['981', '561', '115', '308', '720', '689', '269', '648', '243', '871', '625', '658', '139', '846', '978', '452', '123', '723', '737', '22']
['467', '532', '68', '363', '214', '633', '31', '441', '83', '256', '843', '39', '505', '749', '178', '98', '731', '670', '397', '194']
['470', '939', '706', '618', '447', '63', '565', '138', '157', '218', '776', '875', '899', '941', '829', '252', '484', '642', '653', '562']
['150', '187', '331', '859', '891', '94', '564', '893', '8', '216', '354', '57', '630', '393', '711', '411', '400', '612', '521', '656']
['345', '748', '858', '154', '508', '224', '685', '515', '894', '485', '757', '231', '128', '236', '903', '713', '72', '956', '298', '417']
['106', '43', '998', '779', '207', '876', '886', '336', '408', '499', '351', '945', '623', '740', '933', '10', '761', '388', '100', '261']
['726', '189', '338', '847', '818', '404', '473', '991', '273', '724', '849', '399', '232', '922', '862', '26', '951', '679', '1', '491']
['597', '684', '673', '64', '377', '14', '250', '591', '934', '544', '99', '778', '793', '678', '692', '583', '842', '285', '709', '747']
['140', '691', '626', '228', '506', '322', '958', '917', '979', '247', '23', '828', '751', '501', '887', '116', '937', '966', '281', '81']
['71', '772', '171', '909', '32', '158']
['767', '204']
['451', '357', '570', '472', '462', '475', '801', '145', '324', '866', '533', '9', '856', '371', '102', '419', '266', '962', '295', '547']
['455', '603', '137', '825', '0', '174', '511', '37', '999', '652', '596']
['195']
['479', '839']
['537', '368', '12']
['144']
['124', '155']
['262', '889', '560', '563', '238', '497', '514', '381', '277', '734', '921', '286', '650', '500', '200', '431', '806', '902', '384', '486']
['422', '604', '284', '453', '700', '148', '79', '88', '342', '367', '302', '459', '327', '559', '631', '643', '476', '762', '89', '805']
['982']
['365']
['750', '487']
['811']
['928', '624', '188', '741', '305', '819', '548', '401', '680', '35', '184', '229', '61', '85', '28', '312', '215', '516', '788', '366']
['372']
['526', '69', '306', '448', '253', '164', '20', '977', '758', '766', '996', '923']
['531', '38', '970', '321', '469', '522', '517']
['539']
['799', '461', '585', '348', '629', '644', '313', '482', '293', '898', '610', '714', '925', '809', '346', '152', '744', '167']
['332']
['344']
['369', '108', '54', '967', '594', '601', '110', '910', '130', '465', '180', '572', '868', '303', '675', '755', '445', '246', '872', '674']
['927', '156', '786', '955', '326', '994', '662', '394', '628', '885', '854', '634', '391', '193', '460', '878', '645', '931', '553', '226']
['265', '557', '510', '288', '382']
['109', '316', '545', '225']
['824', '736', '987']
['392', '147', '287']
['488', '480']
['375', '67', '446', '319', '34', '134', '395', '926', '283', '790', '823', '75', '424']
['7', '260', '239', '234', '219', '92', '851']
['121', '943', '181', '237']
['992']
['620', '390', '870', '129']
['730', '775', '690', '622', '87', '471', '615', '637', '712', '176', '47', '136', '55', '244', '647', '797', '632', '166', '29', '370']
['179', '649', '556', '358', '172', '773', '131', '292', '733']
['803', '185', '657']
['143']
['230', '307', '759', '976', '813', '794', '389']
['73', '716', '323', '62', '432', '715', '376']
['436', '118', '387']
['86', '481']
['60', '378']
['781']
['707', '443', '574', '719', '334', '659', '528', '665', '4']
['160']
['935']
['494', '959', '328', '573', '427', '608', '598', '635', '753', '804', '916', '301', '182', '66', '289', '860', '808', '6', '402', '103']
['296', '718', '838', '575', '832', '142', '857', '869', '541', '827', '703', '114', '503', '122', '728', '972', '221', '437', '294', '27']
['310', '840']
['848']
['914', '639', '428', '333']
['119', '463', '233', '97', '192', '752', '162', '17']
['349', '595', '897', '727', '276', '77']
['227', '270']
['946', '175', '415', '409', '667', '789', '76', '785', '513']
['918', '58', '555', '350', '698', '49', '812', '627', '410']
['113', '439', '126']
['995', '936']
['361']
['901', '605', '498', '495', '329', '161', '493', '863', '550', '65', '906', '710', '51', '551', '602', '337', '746', '953', '599', '279']
['512', '592', '841', '989', '867', '414', '163', '314', '91', '80']
['949']
['783', '614', '538', '169', '398', '201', '352', '421', '844', '518', '774', '507', '93', '3', '78', '929', '496', '590', '687', '249']
['405']
['913', '315', '676', '274', '586']
['997', '743', '217', '619']
['974']
['696']
['911', '554']
['297']
['666']
['864', '641', '636', '810', '780', '127', '347', '975', '385', '669', '704', '985', '325', '248', '606', '520', '107', '558', '11', '418']
['271', '587', '90', '739', '609', '948', '984', '567', '732', '132', '524', '940', '971', '640', '18', '742']
['705', '509', '416', '240', '688']
['607']
['777', '454', '95', '198']
['59']
['764', '355', '364', '386']
['577']
['36']
['242']
['291']
['993', '434', '203']
['527']
['84', '435', '430', '683', '41', '104', '259', '944', '874', '988', '153', '173', '969', '883', '947', '990', '814', '25', '616', '837']
['796', '282', '504', '24', '44', '671', '540', '702']
['267']
['895', '220']
['186']
['466']
['798']
['343']
['151', '861', '360', '464', '275', '212', '117', '30', '900', '120', '458', '46', '339', '309', '581']
['450']
['210']
['241', '268']
['836']
['490', '589', '965']
['272']
['568', '16', '880']
['852', '593', '396', '611', '873', '754', '708', '197', '330']
['165', '374', '341']
['105', '571', '735', '492', '335', '52', '907', '317', '693', '769', '932', '299', '70']
['942']
['651']
['74', '96']
['202', '938']
['973']
['817']
['663']
['53', '765']
['908']
['855', '135', '920', '519', '815']
['771']
['362']
['48']
['380', '468', '356', '660', '190', '677']
['831']
['211']
['582', '701']
['209']
['191']
['258']
['980', '986']
['290']
['251', '474']
['429']
['807']
['961', '159', '835', '892', '304']
['549', '721']
['672', '168']
['795']
['833']
['222']
['146']
['40']
['816', '263', '853', '888', '890']
['412']
['19']
['617', '15', '264', '697', '664', '802']
['141']
['661']
['912']
['213']
['881', '850', '638']
['413']
['529']
['784', '257', '340', '205']
['763']
['177']
['2']
['960']
['318']
['101']
['877']
['695', '865', '489', '45']
['787', '820', '420', '968', '111']
['722']
['668']
['33']
['56', '699']
['199']
['924', '542', '82', '963', '483', '800', '21', '791', '681', '133', '884', '440', '821', '502', '745']
['530']
['149', '245']
['822']
['438']
['523']
['952', '686', '569', '208', '477']
['729']
['373', '950', '770', '954']
['403']
['5']
['830']
['768', '738']
['964']
['930']
['449']
['223', '654', '957']
['359']
['280']
['792', '206', '904']
['546', '425']
['543']
['320']
['896']
