['523', '471', '54', '975', '166', '221', '979', '883', '762', '205', '664', '926', '168', '564', '502', '51', '327', '596']
['38', '64', '455', '292', '128', '702', '49', '638', '247', '887', '209', '414', '751', '417', '688', '452', '174', '526']
['613', '393', '444', '422', '143', '689', '948', '418', '232', '163', '665', '352', '733', '645', '585', '272', '823', '985']
['68', '966', '409', '61', '950', '690', '306', '356', '964', '39', '342', '216', '991', '35', '353', '326', '167', '590']
['696', '22', '374', '551', '713', '953', '246', '120', '330', '274', '718', '100', '981', '907', '573', '819', '657', '599']
['433', '965', '977', '852', '383', '871', '736', '615', '76', '395', '635', '846', '701', '436', '317', '942', '693', '956']
['44', '971', '817', '493', '195', '739', '760', '496', '224', '543', '544', '85', '386', '695', '94', '527', '390', '972']
['946', '116', '264', '884', '350', '494', '712', '511', '650', '361', '90', '240', '765', '837', '276', '347', '864', '593']
['351', '7', '880', '932', '176', '150', '542', '908', '208', '82', '740', '17', '469', '495', '634', '721', '285', '939']
['706', '294', '253', '978', '89', '67', '445', '949', '165', '920', '859', '670', '821', '47', '860', '416', '91', '533']
['610', '705', '598', '324', '227', '609', '55', '836', '921', '499', '816', '138', '980', '235', '902', '512', '518', '370']
['572', '800', '437', '899', '69', '443', '33', '146', '337', '761', '685', '582', '360', '776', '485', '561', '112', '8']
['655', '105', '729', '484', '602', '489', '297', '843', '604', '126', '59', '310', '709', '129', '840', '633', '122', '559']
['181', '401', '159', '284', '303', '682', '811', '588', '427', '549', '332', '215', '359', '113', '338', '476', '961', '919']
['15', '594', '318', '31', '560', '619', '30', '110', '562', '131', '36', '204', '656', '373', '667', '118', '180', '595']
['225', '580', '928', '162', '826', '404', '857', '447', '856', '0', '106', '969', '531', '766', '891', '158', '74', '937']
['256', '789', '914', '412', '805', '566', '262', '774', '943', '711', '53', '845', '442', '653', '990', '236', '910', '780']
['652', '625', '999', '974', '290', '807', '835', '468', '490', '535', '759', '830', '173', '563', '855', '336', '426', '642']
['992', '568', '833', '993', '5', '795', '56', '792', '989', '553', '349', '683', '755', '164', '831', '197', '574', '354']
['893', '976', '808', '958', '539', '783', '273', '407', '372', '268', '730', '728', '581', '144', '149', '853', '488', '848']
['947', '678', '448', '1', '58', '666', '988', '368', '325', '139', '403', '557', '960', '93', '869', '28', '42', '432']
['924', '888', '333', '716', '387', '154', '528', '169', '726', '83', '801', '597', '18', '618', '385', '320', '747', '217']
['155', '525', '226', '576', '275', '849', '508', '617', '249', '271', '52', '413', '34', '472', '475', '392', '321', '996']
['654', '462', '806', '738', '505', '431', '439', '435', '239', '854', '862', '600', '951', '312', '517', '214', '982', '46']
['624', '323', '130', '839', '228', '510', '680', '968', '440', '668', '675', '454', '941', '107', '411', '266', '400', '81']
['793', '558', '355', '115', '722', '842', '237', '744', '771', '72', '648', '280', '156', '219', '24', '547', '687', '410']
['183', '708', '389', '809', '142', '955', '189', '608', '257', '192', '791', '366', '963', '70', '521', '612', '936', '570']
['579', '997', '614', '923', '500', '95', '797', '148', '405', '10', '243', '467', '778', '623', '727', '952', '278', '724']
['694', '522', '516', '514', '651', '97', '420', '73', '200', '640', '912', '16', '984', '423', '121', '269', '611', '4']
['601', '147', '171', '577', '875', '676', '244', '754', '245', '286', '151', '587', '137', '160', '672', '140', '207', '277']
['125', '822', '446', '23', '293', '211', '186', '673', '681', '234', '307', '487', '646', '719', '331', '341', '545', '785']
['357', '876', '191', '763', '77', '177', '813', '172', '415', '750', '152', '565', '339', '329', '641', '743', '584', '592']
['343', '308', '229', '382', '153', '43', '945', '872', '944', '741', '567', '509', '818', '786', '222', '99', '927', '873']
['621', '103', '363', '767', '748', '513', '998', '631', '986', '878', '19', '810', '903', '473', '459', '479', '134', '6']
['906', '644', '507', '703', '161', '364', '536', '478', '48', '933', '198', '540', '938', '769', '504', '803', '109', '764']
['745', '825', '202', '25', '529', '223', '335', '41', '628', '84', '578', '497', '863', '248', '316', '252', '704', '441']
['798', '37', '658', '970', '424', '457', '98', '258', '340', '802', '233', '114', '827', '301', '630', '157', '170', '406']
['834', '768', '66', '127', '647', '79', '456', '784', '75', '828', '309', '777', '881', '92', '367', '40', '380', '261']
['530', '311', '425', '874', '674', '178', '238', '141', '344', '782', '379', '917', '270', '556', '753', '684', '686', '287']
['305', '267', '289', '60', '583', '474', '632', '117', '461', '636', '707', '362', '188', '230', '255', '663', '449', '841']
['470', '481', '699', '548', '546', '254', '302', '196', '396', '27', '466', '735', '20', '283', '715', '692', '32', '328']
['319', '994', '534', '915', '78', '723', '384', '868', '870', '213', '847', '925', '538', '900', '21', '14', '717', '348']
['959', '775', '896', '123', '679', '720', '571', '909', '552', '136', '203', '218', '463', '12', '889', '554', '867', '850']
['844', '220', '251', '606', '698', '911', '637', '732', '71', '501', '2', '483', '796', '575', '190', '133', '477', '358']
['851', '725', '322', '419', '300', '987', '758', '199', '179', '80', '434', '111', '298', '532', '408', '86', '201', '861']
['428', '922', '832', '934', '983', '520', '486', '465', '104', '313', '346', '643', '398', '503', '13', '9', '967', '345']
['50', '506', '757', '892', '291', '187', '913', '282', '897', '858', '700', '57', '145', '421', '866', '482', '206', '541']
['671', '263', '591', '369', '210', '904', '397', '930', '710', '790', '87', '63', '734', '185', '182', '458', '119', '299']
['288', '279', '742', '627', '820', '935', '749', '772', '773', '918', '879', '492', '295', '184', '259', '29', '135', '779']
['402', '799', '756', '752', '88']
['898', '957', '714', '895', '376', '296', '649', '962', '973', '250', '954', '616', '901', '731', '193', '814', '315', '394']
['399', '304', '480', '132', '586', '550', '885', '3', '905', '429', '430', '464', '334', '886', '524', '438', '365', '691']
['555', '65']
['388', '622']
['890', '877']
['605']
['537', '377', '314', '787', '677', '231', '894', '589', '519']
['62', '697', '829']
['746']
['882']
['26', '11']
['607', '812']
['659', '639', '498']
['916', '569']
['260']
['770']
['101', '669', '381', '815', '124', '838', '391', '371']
['451', '995', '450', '737']
['175']
['662']
['453']
['603']
['620']
['788']
['865']
['940']
['794']
['929']
['931']
['460']
['45']
['212']
['194']
['102']
['626']
['375']
['660']
['108']
['378']
['281']
['661']
['265']
['96']
['242']
['804', '241', '824', '781']
['629']
['491']
['515']
