['421', '244', '443', '898', '164', '699', '761', '96', '783', '120', '162', '31', '50', '420', '717', '385', '734', '850', '941', '433', '243', '844', '18', '648', '688', '3', '26', '507', '1', '784', '7', '465', '988', '749', '402', '287', '756', '70', '258', '322']
['352', '10', '791', '923', '986', '561', '781', '754', '584', '289', '480', '154', '995', '144', '356', '964', '530', '908', '62', '409', '484', '832', '517', '328', '414', '771', '185', '435', '463', '914', '199', '343', '870', '233', '454', '190', '213', '344', '318', '282']
['748', '737', '817', '728', '665', '553', '218', '556', '587', '512', '57', '952', '41', '893', '362', '585', '419', '486', '249', '153', '254', '387', '261', '619', '148', '229', '711', '843', '401', '704', '342', '100', '521', '24', '174', '743', '741', '673', '171', '603']
['712', '515', '299', '332', '627', '786', '277', '575', '15', '897', '799', '6', '279', '956', '889', '263', '32', '746', '305', '519', '439', '701', '969', '222', '192', '346', '294', '970', '472', '459', '457', '265', '930', '962', '580', '828', '645', '9', '874', '989']
['451', '333', '108', '543', '297', '672', '765', '562', '319', '691', '915', '538', '609', '82', '608', '118', '248', '581', '165', '904', '814', '391', '731', '123', '920', '616', '693', '116', '386', '840', '661', '349', '293', '19', '329', '246', '509', '812', '940', '518']
['944', '524', '141', '662', '256', '859', '5', '831', '698', '412', '180', '772', '539', '577', '594', '987', '807', '810', '37', '369', '723', '745', '510', '226', '495', '730', '639', '931', '350', '228', '727', '365', '93', '405', '668', '498', '487', '726', '887', '262']
['903', '40', '884', '819', '373', '882', '167', '794', '250', '473', '984', '663', '284', '163', '960', '231', '341', '159', '853', '220', '134', '655', '136', '795', '313', '377', '951', '429', '554', '181', '104', '690', '488', '440', '504', '212', '203', '68', '33', '140']
['578', '788', '790', '28', '166', '798', '815', '379', '14', '640', '58', '21', '260', '364', '590', '94', '985', '336', '482', '574', '980', '916', '631', '85', '938', '91', '934', '428', '308', '865', '937', '800', '176', '240', '478', '295', '105', '948', '434', '833']
['947', '393', '110', '360', '686', '965', '340', '411', '983', '182', '918', '513', '99', '481', '278', '685', '541', '735', '963', '744', '618', '593', '378', '389', '933', '547', '946', '623', '568', '917', '503', '399', '449', '155', '881', '224', '945', '777', '973', '839']
['29', '974', '458', '193', '280', '820', '560', '779', '413', '416', '621', '25', '422', '426', '300', '124', '48', '997', '999', '113', '591', '697', '283', '127', '755', '316', '72', '59', '537', '55', '112', '196', '195', '205', '722', '466', '499', '670', '961', '129']
['139', '957', '271', '766', '643', '225', '469', '653', '363', '658', '245', '955', '150', '489', '813', '485', '629', '942', '354', '88', '557', '161', '718', '13', '767', '867', '586', '135', '978', '101', '588', '327', '785', '709', '811', '760', '147', '396', '644', '438']
['873', '924', '829', '400', '821', '353', '773', '622', '125', '991', '425', '268', '876', '759', '695', '103', '179', '555', '692', '936', '23', '705', '298', '370', '928', '895', '490', '733', '646', '935', '204', '523', '464', '351', '981', '846', '776', '582', '334', '109']
['151', '566', '612', '708', '660', '778', '875', '122', '925', '652', '388', '232', '977', '442', '467', '620', '954', '97', '431', '476', '880', '971', '274', '491', '625', '763', '548', '654', '827', '456', '483', '191', '296', '310', '11', '288', '49', '715', '855', '492']
['131', '732', '39', '651', '514', '824', '682', '64', '496', '899', '793', '20', '450', '729', '605', '866', '281', '600', '567', '529', '564', '680', '317', '982', '508', '675', '700', '315', '394', '286', '854', '117', '302', '237', '384', '35', '390', '80', '470', '953']
['902', '52', '710', '770', '266', '633', '493', '168', '309', '589', '752', '809', '408', '175', '905', '725', '404', '355', '247', '707', '137', '95', '368', '546', '292', '183', '65', '764', '403', '628', '823', '687', '66', '801', '142', '74', '922', '684', '46', '92']
['796', '780', '613', '520', '121', '210', '525', '60', '542', '683', '888', '636', '325', '604', '51', '172', '437', '536', '436', '657', '126', '845', '834', '656', '637', '158', '736', '775', '16', '415', '447', '602', '219', '681', '879', '949', '270', '579', '864', '679']
['816', '77', '565', '950', '808', '822', '417', '649', '900', '826', '610', '2', '366', '943', '324', '838', '460', '170', '751', '996', '976', '851', '156', '912', '634', '44', '716', '236', '738', '423', '115', '382', '326', '856', '462', '90', '527', '410', '913', '264']
['626', '818', '757', '269', '211', '611', '12', '223', '750', '145', '598', '307', '83', '753', '209', '740', '972', '119', '251', '257', '998', '22', '597', '592', '475', '531', '395', '56', '878', '227', '347', '959', '632', '549', '206', '849', '73', '638', '221', '187']
['178', '267', '792', '86', '453', '869', '114', '128', '8', '901', '252', '461', '966', '883', '335', '197', '669', '720', '858', '441', '306', '968', '494', '215', '234', '255', '975', '877', '361', '921', '200', '4', '528', '671', '38', '406', '132', '719', '724', '107']
['615', '583', '303', '235', '75', '706', '189', '534', '926', '774', '285', '320', '502', '758', '599', '133', '596', '689', '558', '242', '958', '703', '239', '311', '860', '857', '516', '852', '357', '448', '535', '78', '666', '910', '345', '381', '906', '380', '522', '836']
['835', '149', '202', '650', '863', '198', '36', '617', '802', '885', '664', '896', '253', '635', '111', '848', '143', '576', '321', '397', '677', '563', '89', '468', '992', '739', '694', '217', '606', '714', '551', '825', '526', '130', '550', '216', '762', '169', '338', '186']
['383', '500', '967', '230', '188', '392', '890', '375', '76', '272', '87', '45', '43', '47', '160', '721', '152', '702', '323', '789', '54', '769', '797', '932', '259', '787', '805', '506', '841', '304', '540', '471', '312', '30', '911', '432', '71', '207', '359', '806']
['367', '886', '830', '505', '330', '208', '106', '570', '862', '742']
['184', '872', '455', '398', '747', '275', '927', '533', '427', '497', '446', '803', '34', '53', '892', '768', '273', '477', '61', '659', '27', '291', '667', '358', '861', '314', '573', '624', '871', '474', '501', '79', '407', '552', '337', '842', '194', '177', '371', '157']
['678', '545', '511', '642', '979', '837', '276', '424', '676', '919', '804', '569', '376', '241', '301', '479', '939']
['907', '430', '372', '641', '559', '290', '81', '994', '713', '647', '868', '418', '173', '532', '238', '993', '146', '339', '891', '674', '595', '571', '0', '42', '17', '847', '909', '696', '614', '444', '445', '331', '84', '374', '452', '201', '572', '98', '67', '214']
['630', '63']
['348', '990', '929']
['102']
['607']
['69']
['138']
['544', '782']
['894']
['601']
