['699', '67', '37', '103', '385', '367', '222', '523', '229', '285']
['250', '452', '404', '835', '258', '820', '569', '416', '827', '664']
['370', '92', '46', '750', '298', '746', '761', '596', '79', '805']
['576', '153', '162', '410', '363', '407', '550', '83', '502', '295']
['273', '247', '722', '228', '90', '204', '572', '796', '205', '771']
['544', '834', '605', '445', '187', '355', '419', '788', '62', '833']
['733', '387', '493', '773', '146', '256', '52', '754', '142', '822']
['332', '245', '383', '665', '60', '803', '301', '208', '188', '43']
['739', '195', '636', '214', '3', '843', '619', '217', '705', '243']
['112', '530', '223', '374', '274', '133', '561', '628', '527', '776']
['317', '716', '330', '785', '381', '377', '670', '149', '179', '402']
['821', '190', '511', '439', '131', '2', '226', '599', '755', '551']
['192', '731', '564', '28', '598', '390', '632', '174', '292', '840']
['82', '357', '33', '477', '730', '66', '455', '5', '378', '344']
['346', '610', '571', '558', '312', '700', '737', '593', '615', '421']
['152', '552', '18', '185', '798', '376', '265', '672', '539', '430']
['98', '671', '220', '215', '525', '643', '517', '506', '280', '624']
['774', '10', '202', '34', '709', '406', '281', '401', '651', '68']
['526', '126', '16', '39', '124', '661', '520', '130', '780', '522']
['135', '314', '231', '266', '431', '310', '459', '356', '646', '7']
['333', '811', '403', '272', '408', '85', '729', '339', '224', '1']
['791', '675', '234', '260', '212', '482', '782', '712', '577', '395']
['140', '56', '784', '165', '488', '568', '694', '839', '510', '673']
['11', '72', '609', '257', '495', '770', '566', '460', '841', '650']
['299', '524', '8', '630', '306', '6', '325', '704', '762', '368']
['159', '707', '216', '587', '57', '565', '786', '471', '740', '59']
['466', '51', '328', '157', '652', '614', '118', '180', '475', '492']
['362', '283', '586', '119', '747', '433', '289', '592', '456', '622']
['711', '473', '353', '63', '290', '794', '801', '573', '337', '832']
['240', '191', '483', '575', '627', '365', '641', '659', '77', '81']
['73', '547', '426', '48', '287', '54', '71', '253', '777', '462']
['626', '724', '164', '772', '96', '720', '484', '20', '148', '764']
['322', '512', '347', '89', '542', '595', '496', '751', '116', '655']
['65', '129', '341', '22', '101', '812', '78', '26', '160', '269']
['329', '457', '642', '197', '448', '836', '686', '580', '676', '267']
['463', '689', '763', '701', '359', '810', '654', '656', '608', '293']
['703', '809', '409', '369', '515', '418', '625', '366', '698', '237']
['719', '398', '743', '792', '155', '823', '423', '239', '486', '388']
['783', '432', '181', '649', '666', '350', '453', '736', '35', '95']
['662', '557', '633', '145', '478', '543', '768', '765', '405', '182']
['612', '19', '233', '499', '752', '429', '236', '616', '778', '315']
['74', '487', '825', '134', '745', '447', '480', '331', '726', '127']
['232', '621', '323', '307', '696', '613', '508', '635', '715', '631']
['417', '767', '438', '436', '579', '826', '451', '70', '637', '503']
['620', '319', '24', '472', '296', '584', '31', '562', '144', '270']
['685', '9', '412', '461', '161', '201', '207', '585', '738', '248']
['230', '489', '15', '449', '518', '800', '156', '386', '494', '682']
['505', '645', '476', '814', '793', '42', '775', '375', '769', '4']
['824', '262', '679', '683', '284', '97', '40', '807', '123', '17']
['414', '789', '829', '291', '219', '338', '84', '12', '537', '114']
['760', '279', '49', '128', '21', '691', '141', '238', '93', '38']
['391', '681', '261', '351', '227', '546', '693', '467', '302', '717']
['808', '441', '684', '509', '758', '446', '710', '687', '804', '688']
['714', '111', '371', '316', '744', '380', '690', '589', '163', '541']
['680', '86', '251', '303', '249', '50', '382', '394', '458', '529']
['470', '830', '324', '597', '531', '415', '617', '170', '732', '725']
['514', '397', '309', '450', '151', '166', '297', '501', '305', '41']
['225', '178', '427', '94', '255', '392', '464', '221', '440', '578']
['816', '695', '194', '199', '211', '36', '106', '606', '364', '519']
['113', '702', '781', '653', '399', '602', '321', '818', '198', '184']
['87', '342', '308', '548', '567', '507', '117', '692', '639', '582']
['583', '838']
['623', '604', '30']
['844', '372', '749', '420', '411', '32', '99', '76', '787', '468']
['553', '532', '25', '259', '600', '275', '560']
['320']
['354']
['574']
['136', '756']
['465', '120', '413', '790', '513', '218', '102', '252', '528', '286']
['697']
['373']
['521', '644', '806', '799', '175']
['759']
['122']
['677', '168']
['88']
['348']
['742', '570', '115', '590']
['485']
['173', '437', '53']
['667']
['554']
['559']
['734']
['58']
['29']
['254']
['110']
['100']
['500']
['379']
['125']
['660']
['288']
['278']
['428']
['601']
['668']
['516']
['167']
['611']
['91']
['545']
['138']
['837']
['360']
['300']
['481']
['563']
['27']
['246']
['271']
['158']
['206']
['634']
['766']
['727']
['318']
['588']
['14']
['813']
['277']
['276']
['497']
['831']
['753']
['718']
['55']
['343']
['268']
['424']
['311']
['706']
['607']
['263']
['244']
['193']
['723']
['708']
['139']
['176']
['327']
['107']
['618']
['326']
['264']
['396']
['209']
['358']
['154']
['504']
['47']
['721']
['213']
['104']
['728']
['556']
['640']
['189']
['282']
['779']
['294']
['491']
['177']
['200']
['669']
['819']
['442']
['817']
['242']
['171']
['603']
['334']
['741']
['594']
['479']
['533']
['196']
['384']
['422']
['538']
['549']
['340']
['361']
['658']
['121']
['828']
['23']
['735']
['69']
['345']
['400']
['235']
['137']
['389']
['203']
['349']
['498']
['108']
['581']
['45']
['638']
['352']
['629']
['534']
['304']
['647']
['713']
['210']
['147']
['490']
['815']
['435']
['444']
['802']
['44']
['454']
['555']
['842']
['80']
['0']
['132']
['757']
['469']
['393']
['797']
['241']
['657']
['678']
['313']
['748']
['172']
['143']
['425']
['536']
['109']
['795']
['186']
['474']
['13']
['75']
['183']
['535']
['64']
['443']
['674']
['336']
['648']
['105']
['540']
['663']
['150']
['61']
['335']
['434']
['591']
['169']
