['633', '728', '57', '168', '680', '54', '922', '819', '777', '962', '663', '462', '484', '267', '516', '577', '352', '907', '951', '101', '317', '128', '78', '232', '758', '124', '117', '692', '97', '319', '743', '43', '830', '284', '37', '207']
['91', '629', '321', '641', '10', '497', '770', '191', '329', '888', '546', '230', '851', '991', '508', '977', '552', '215', '506', '279', '914', '660', '460', '82', '254', '272', '571', '876', '874', '944', '33', '258', '613', '697', '386', '194']
['463', '842', '969', '998', '902', '990', '137', '518', '204', '404', '240', '765', '382', '102', '5', '736', '820', '796', '784', '457', '112', '398', '126', '555', '500', '575', '993', '631', '840', '299', '464', '788', '703', '985', '667', '992']
['896', '983', '316', '996', '971', '634', '903', '440', '559', '39', '940', '878', '385', '453', '139', '221', '548', '431', '734', '150', '803', '950', '949', '140', '388', '27', '345', '602', '622', '952', '458', '955', '825', '81', '391', '70']
['981', '879', '805', '66', '934', '270', '426', '854', '959', '115', '958', '477', '256', '937', '693', '138', '63', '710', '437', '698', '459', '771', '144', '346', '517', '447', '650', '757', '503', '553', '768', '988', '423', '672', '401', '161']
['125', '704', '773', '48', '325', '790', '180', '384', '562', '348', '685', '891', '744', '645', '75', '898', '211', '16', '750', '147', '266', '181', '653', '433', '4', '187', '868', '14', '499', '263', '36', '283', '662', '930', '657', '305']
['642', '120', '668', '498', '507', '583', '627', '606', '538', '973', '963', '797', '110', '377', '880', '156', '802', '212', '824', '143', '534', '658', '624', '450', '286', '488', '550', '948', '800', '649', '787', '511', '306', '748', '155', '489']
['732', '482', '778', '223', '233', '375', '55', '945', '753', '664', '811', '935', '960', '208', '618', '867', '313', '619', '838', '813', '320', '780', '13', '585', '717', '44', '594', '519', '103', '469', '52', '60', '412', '220', '62', '691']
['711', '545', '566', '357', '169', '654', '605', '520', '821', '831', '556', '877', '381', '776', '485', '573', '135', '449', '50', '188', '438', '202', '599', '427', '897', '29', '923', '473', '725', '38', '364', '598', '789', '367', '315', '69']
['406', '927', '483', '376', '109', '422', '341', '640', '918', '533', '864', '673', '783', '246', '630', '812', '311', '731', '531', '257', '702', '236', '843', '362', '68', '399', '749', '655', '510', '979', '893', '775', '730', '277', '159', '268']
['682', '924', '229', '916', '408', '369', '591', '921', '297', '901', '707', '547', '243', '153', '823', '610', '539', '527', '409', '186', '989', '647', '51', '928', '414', '549', '129', '936', '227', '621', '281', '565', '40', '970', '56', '589']
['496', '492', '185', '490', '271', '182', '809', '162', '30', '601', '80', '368', '216', '523', '639', '855', '455', '307', '179', '766', '448', '468', '205', '193', '818', '738', '982', '210', '752', '620', '530', '241', '338', '203', '251', '107']
['344', '669', '537', '742', '848', '151', '911', '568', '701', '696', '908', '870', '779', '687', '560', '127', '289', '65', '495', '416', '781', '690', '961', '480', '899', '810', '402', '264', '625', '451', '882', '597', '172', '359', '735', '651']
['17', '108', '148', '612', '528', '365', '18', '817', '798', '850', '913', '133', '968', '73', '132', '86', '347', '322', '679', '292', '491', '887', '296', '721', '636', '807', '199', '699', '705', '456', '330', '551', '615', '285', '93', '628']
['219', '141', '806', '835', '611', '782', '786', '403', '722', '304', '228', '793', '832', '794', '929', '954', '442', '912', '308', '987', '309', '89', '479', '113', '122', '513', '209', '158', '529', '123', '171', '957', '176', '167', '250', '192']
['816', '686', '200', '561', '761', '966', '238', '435', '719', '3', '501', '351', '956', '881', '764', '792', '314', '248', '373', '225', '335', '134', '397', '421', '146', '567', '41', '584', '443', '21', '28', '318', '859', '276', '291', '607']
['885', '590', '579', '670', '145', '265', '76', '588', '706', '826', '925', '298', '785', '356', '894', '349', '255', '475', '772', '476', '846', '889', '866', '154', '332', '861', '886', '372', '931', '323', '46', '677', '900', '678', '718', '947']
['363', '581', '74', '244', '865', '939', '374', '174', '324', '407', '9', '222', '665', '795', '604', '892', '6', '804', '926', '751', '638', '157', '632', '417', '910', '841', '326', '976', '512', '540', '262', '353', '608', '884', '648', '396']
['769', '558', '582', '239', '852', '845', '532', '274', '676', '350', '799', '603', '808', '67', '119', '637', '0', '425', '999', '170', '514', '564', '847', '394', '213', '919', '195', '190', '395', '740', '827', '978', '410', '614', '278', '904']
['994', '839', '34', '88', '487', '184', '671', '739', '165', '733', '206', '727', '261', '675', '392', '857', '333', '541', '358', '361', '269', '502', '430', '282', '452', '643', '524', '623', '218', '659', '872', '434', '995', '173', '302', '933']
['521', '815', '755', '791', '92', '741', '111', '15', '863', '626', '22', '713', '23', '337', '342', '525', '72', '873', '833', '616', '542', '327', '231', '8', '371', '946', '466', '444', '121', '915', '801', '656', '439', '20', '661', '249']
['24', '198', '164', '104', '71', '370', '762', '114', '106', '334', '646', '967', '943', '720', '858', '515', '189', '411', '467', '953', '98', '592', '767', '871', '355', '965', '234', '975', '12', '331', '822', '177', '366', '118', '644', '470']
['312', '505', '860', '596', '600', '536', '415', '196', '974', '1', '849', '237', '175', '774', '652', '224', '593', '424', '535', '83', '160', '339', '53', '131', '178', '481', '42', '890', '836', '253', '387', '100', '688', '149', '997', '379']
['635', '429', '906', '486', '142', '35', '428', '905', '85', '972', '77', '570', '419', '828', '578', '759', '61', '617', '746', '31', '572', '747', '681', '856', '79', '214', '509', '96', '446', '814', '829', '418', '90', '984', '413', '310']
['689', '116', '47', '26', '760', '290', '436', '95', '853', '941', '763', '543', '94', '432', '723', '259', '58', '683', '715', '478', '493', '295', '986', '695', '472', '754', '471', '920', '684', '461', '45', '522', '301', '712', '247', '756']
['586', '932', '580', '7', '454', '474', '87', '11', '130', '360', '275', '59', '343', '708', '574', '494', '441', '393', '288', '226', '163', '336', '136', '837', '19', '587', '2', '354', '300', '105', '293', '390', '917', '714', '724', '183']
['609', '834', '554']
['844', '595', '245', '569', '197', '405', '303', '745', '875', '389', '378', '383', '980', '49', '526', '694', '64', '380', '563', '666', '235', '465', '709', '883', '504', '420', '287', '400', '273', '862', '942', '25', '964', '32', '201', '252']
['280', '166', '340', '726', '869', '557', '674', '716', '737', '445', '84']
['700']
['242', '294', '576', '260']
['99']
['895']
['544']
['909']
['729']
['217']
['152']
['938']
['328']
