['95', '563', '275', '424', '314', '255', '193', '583', '664', '612', '495', '405', '144', '81', '621', '683', '536', '362', '130', '337', '437', '147', '394', '470', '382', '559', '512', '276', '646', '528']
['341', '661', '579', '16', '63', '120', '206', '79', '211', '92', '451', '155', '410', '404', '335', '503', '444', '13', '61', '191', '257', '390', '142', '131', '357', '660', '375', '20', '94', '481']
['657', '543', '679', '195', '364', '378', '622', '325', '221', '235', '545', '290', '605', '479', '508', '82', '186', '208', '228', '450', '161', '502', '319', '4', '320', '666', '166', '565', '259', '501']
['434', '452', '644', '159', '97', '373', '213', '457', '317', '287', '387', '551', '194', '354', '400', '472', '148', '478', '145', '73', '74', '229', '223', '459', '411', '111', '230', '607', '446', '9']
['48', '170', '412', '569', '564', '200', '473', '217', '582', '310', '429', '454', '626', '332', '135', '119', '544', '8', '348', '475', '474', '53', '56', '464', '260', '591', '78', '104', '456', '205']
['29', '392', '688', '198', '426', '271', '575', '309', '321', '397', '54', '511', '537', '560', '38', '462', '530', '505', '463', '291', '692', '356', '158', '650', '87', '311', '680', '209', '541', '618']
['699', '152', '327', '89', '181', '227', '534', '465', '306', '485', '689', '172', '40', '83', '10', '315', '141', '419', '606', '27', '443', '234', '220', '174', '619', '442', '106', '690', '91', '509']
['179', '598', '546', '233', '360', '676', '611', '696', '371', '377', '521', '2', '677', '367', '630', '691', '304', '670', '46', '413', '659', '274', '553', '549', '491', '522', '572', '555', '122', '556']
['301', '212', '614', '401', '300', '253', '482', '510', '504', '674', '467', '533', '423', '498', '331', '365', '305', '137', '116', '698', '202', '432', '6', '313', '323', '587', '577', '586', '447', '339']
['535', '254', '363', '675', '416', '468', '406', '45', '101', '669', '370', '269', '421', '603', '282', '685', '639', '636', '589', '388', '55', '343', '297', '75', '318', '345', '597', '640', '672', '115']
['415', '601', '288', '476', '682', '609', '684', '407', '562', '566', '1', '308', '616', '280', '678', '267', '448', '346', '574', '550', '17', '634', '237', '588', '590', '652', '278', '298', '494', '58']
['143', '15', '207', '107', '175', '85', '366', '76', '242', '403', '368', '19', '334', '665', '3', '241', '420', '109', '203', '557', '658', '43', '372', '615', '393', '177', '12', '552', '283', '374']
['281', '164', '32', '686', '526', '399', '84', '542', '409', '637', '261', '187', '581', '264', '289', '243', '190', '23', '265', '524', '570', '132', '328', '608', '673', '25', '64', '134', '139', '610']
['11', '114', '539', '247', '26', '425', '540', '594', '486', '627', '22', '178', '28', '515', '294', '296', '262', '617', '121', '499', '224', '558', '244', '384', '5', '613', '201', '361', '165', '60']
['183', '518', '396', '635', '112', '350', '41', '128', '146', '596', '292', '593', '355', '330', '649', '7', '72', '523', '312', '525', '578', '668', '441', '483', '595', '662', '417', '105', '623', '231']
['279', '222', '218', '108', '471', '647', '169', '585', '68', '445', '514', '654', '215', '51', '655', '293', '216', '497', '620', '123', '77', '642', '239', '250', '102', '385', '663', '246', '42', '295']
['197', '98', '173', '648', '57', '347', '258', '232', '391', '349', '70', '30', '124', '516', '299', '214', '59', '584', '256', '567', '307', '380', '466', '340', '440', '455', '71', '632', '436', '263']
['433', '353', '484', '480', '414', '561', '125', '168', '285', '136', '599', '160', '196', '520', '694', '488', '453', '500', '398', '86', '31', '171', '517', '580', '624', '389', '547', '333', '50', '238']
['592', '359', '477', '36', '458', '430', '150', '100', '695', '338', '352', '44', '156', '182', '408', '604', '251', '99', '69', '344', '270', '225', '90', '188', '529', '302', '189', '651', '154', '236']
['180', '329', '14', '538', '358', '248', '34', '428', '638', '693', '219', '336', '126', '80', '633', '507', '402', '671', '210', '153', '88', '65', '157', '386', '628', '151', '656', '303', '266', '277']
['138', '667', '351', '532', '252', '21', '35', '687', '438', '133', '554', '697', '492', '103', '316', '140', '460', '324', '489', '631', '129', '548', '531', '641', '37']
['322']
['52', '383', '342', '268', '326', '272', '418', '625', '127', '493', '286', '163', '576', '449', '381', '0', '113', '273', '602', '573', '519', '369', '33', '379']
['487', '376', '184']
['176', '192', '422', '204', '513', '427']
['110', '643']
['66', '67', '645', '395', '24', '439']
['629', '62', '162', '461', '18', '39', '149', '496', '96', '681', '49', '600', '653', '284', '571', '93', '47', '226', '240', '527', '185', '117', '118', '249', '199', '245', '167', '431', '490', '469']
['435', '506']
['568']
